<?xml version="1.0" encoding="UTF-8"?>
<coverage generated="1641204373014" clover="3.2.0">
  <project timestamp="1641204373014" name="All files">
    <metrics statements="2255" coveredstatements="2044" conditionals="1201" coveredconditionals="1047" methods="619" coveredmethods="546" elements="4075" coveredelements="3637" complexity="0" loc="2255" ncloc="2255" packages="20" files="62" classes="62"/>
    <package name="Routes">
      <metrics statements="6" coveredstatements="6" conditionals="8" coveredconditionals="8" methods="4" coveredmethods="3"/>
      <file name="routes.js" path="C:\Users\u1072234\Desktop\Coding Space\pd-ui\src\Routes\routes.js">
        <metrics statements="6" coveredstatements="6" conditionals="8" coveredconditionals="8" methods="4" coveredmethods="3"/>
        <line num="4" count="2" type="stmt"/>
        <line num="5" count="1" type="stmt"/>
        <line num="17" count="2" type="stmt"/>
        <line num="18" count="2" type="stmt"/>
        <line num="20" count="2" type="stmt"/>
        <line num="21" count="4" type="stmt"/>
      </file>
    </package>
    <package name="features.Components">
      <metrics statements="3" coveredstatements="3" conditionals="0" coveredconditionals="0" methods="1" coveredmethods="1"/>
      <file name="NoResultFound.js" path="C:\Users\u1072234\Desktop\Coding Space\pd-ui\src\features\Components\NoResultFound.js">
        <metrics statements="3" coveredstatements="3" conditionals="0" coveredconditionals="0" methods="1" coveredmethods="1"/>
        <line num="3" count="6" type="stmt"/>
        <line num="4" count="41" type="stmt"/>
        <line num="13" count="41" type="stmt"/>
      </file>
    </package>
    <package name="features.Components.CustomDropdown">
      <metrics statements="67" coveredstatements="58" conditionals="36" coveredconditionals="30" methods="18" coveredmethods="15"/>
      <file name="CustomDropdown.js" path="C:\Users\u1072234\Desktop\Coding Space\pd-ui\src\features\Components\CustomDropdown\CustomDropdown.js">
        <metrics statements="67" coveredstatements="58" conditionals="36" coveredconditionals="30" methods="18" coveredmethods="15"/>
        <line num="5" count="4" type="stmt"/>
        <line num="21" count="84" type="stmt"/>
        <line num="24" count="84" type="stmt"/>
        <line num="25" count="84" type="stmt"/>
        <line num="26" count="84" type="stmt"/>
        <line num="27" count="84" type="stmt"/>
        <line num="28" count="84" type="stmt"/>
        <line num="29" count="84" type="stmt"/>
        <line num="31" count="84" type="stmt"/>
        <line num="32" count="32" type="cond" truecount="2" falsecount="0"/>
        <line num="33" count="1" type="cond" truecount="1" falsecount="1"/>
        <line num="38" count="0" type="stmt"/>
        <line num="39" count="0" type="stmt"/>
        <line num="41" count="1" type="cond" truecount="3" falsecount="1"/>
        <line num="42" count="0" type="stmt"/>
        <line num="44" count="1" type="stmt"/>
        <line num="48" count="32" type="stmt"/>
        <line num="52" count="84" type="stmt"/>
        <line num="53" count="30" type="stmt"/>
        <line num="56" count="84" type="stmt"/>
        <line num="57" count="8" type="stmt"/>
        <line num="58" count="8" type="stmt"/>
        <line num="61" count="10" type="cond" truecount="2" falsecount="0"/>
        <line num="62" count="1" type="stmt"/>
        <line num="64" count="9" type="stmt"/>
        <line num="69" count="84" type="stmt"/>
        <line num="70" count="8" type="stmt"/>
        <line num="71" count="8" type="stmt"/>
        <line num="72" count="8" type="stmt"/>
        <line num="73" count="8" type="stmt"/>
        <line num="74" count="12" type="stmt"/>
        <line num="75" count="12" type="stmt"/>
        <line num="77" count="8" type="stmt"/>
        <line num="78" count="12" type="stmt"/>
        <line num="80" count="8" type="cond" truecount="2" falsecount="0"/>
        <line num="81" count="7" type="stmt"/>
        <line num="83" count="1" type="stmt"/>
        <line num="85" count="8" type="stmt"/>
        <line num="88" count="8" type="stmt"/>
        <line num="89" count="8" type="stmt"/>
        <line num="90" count="8" type="cond" truecount="2" falsecount="0"/>
        <line num="92" count="1" type="stmt"/>
        <line num="93" count="1" type="stmt"/>
        <line num="94" count="1" type="stmt"/>
        <line num="98" count="84" type="stmt"/>
        <line num="99" count="1" type="cond" truecount="1" falsecount="1"/>
        <line num="105" count="0" type="stmt"/>
        <line num="107" count="1" type="stmt"/>
        <line num="108" count="1" type="stmt"/>
        <line num="112" count="84" type="stmt"/>
        <line num="113" count="1" type="stmt"/>
        <line num="114" count="1" type="stmt"/>
        <line num="117" count="84" type="stmt"/>
        <line num="118" count="0" type="stmt"/>
        <line num="122" count="0" type="stmt"/>
        <line num="123" count="0" type="stmt"/>
        <line num="125" count="84" type="stmt"/>
        <line num="126" count="1" type="stmt"/>
        <line num="127" count="1" type="stmt"/>
        <line num="128" count="1" type="stmt"/>
        <line num="130" count="84" type="stmt"/>
        <line num="147" count="8" type="stmt"/>
        <line num="148" count="1" type="stmt"/>
        <line num="158" count="0" type="stmt"/>
        <line num="166" count="90" type="stmt"/>
        <line num="169" count="1" type="stmt"/>
        <line num="181" count="0" type="stmt"/>
      </file>
    </package>
    <package name="features.Components.Dashboard">
      <metrics statements="196" coveredstatements="168" conditionals="209" coveredconditionals="190" methods="63" coveredmethods="54"/>
      <file name="DashboardSearch.js" path="C:\Users\u1072234\Desktop\Coding Space\pd-ui\src\features\Components\Dashboard\DashboardSearch.js">
        <metrics statements="11" coveredstatements="11" conditionals="25" coveredconditionals="25" methods="5" coveredmethods="4"/>
        <line num="11" count="4" type="stmt"/>
        <line num="12" count="4" type="stmt"/>
        <line num="13" count="4" type="stmt"/>
        <line num="14" count="4" type="stmt"/>
        <line num="48" count="32" type="cond" truecount="5" falsecount="0"/>
        <line num="49" count="21" type="stmt"/>
        <line num="57" count="11" type="stmt"/>
        <line num="69" count="1" type="stmt"/>
        <line num="96" count="2" type="cond" truecount="2" falsecount="0"/>
        <line num="97" count="1" type="stmt"/>
        <line num="105" count="1" type="stmt"/>
      </file>
      <file name="ProtocolTable.js" path="C:\Users\u1072234\Desktop\Coding Space\pd-ui\src\features\Components\Dashboard\ProtocolTable.js">
        <metrics statements="93" coveredstatements="82" conditionals="92" coveredconditionals="84" methods="29" coveredmethods="26"/>
        <line num="33" count="4" type="stmt"/>
        <line num="35" count="4" type="stmt"/>
        <line num="47" count="64" type="stmt"/>
        <line num="54" count="3" type="stmt"/>
        <line num="72" count="5" type="stmt"/>
        <line num="82" count="6" type="stmt"/>
        <line num="90" count="4" type="stmt"/>
        <line num="91" count="64" type="cond" truecount="2" falsecount="0"/>
        <line num="92" count="4" type="stmt"/>
        <line num="117" count="60" type="stmt"/>
        <line num="138" count="4" type="stmt"/>
        <line num="139" count="128" type="cond" truecount="3" falsecount="1"/>
        <line num="140" count="0" type="stmt"/>
        <line num="147" count="128" type="cond" truecount="4" falsecount="0"/>
        <line num="148" count="22" type="stmt"/>
        <line num="156" count="106" type="stmt"/>
        <line num="160" count="4" type="stmt"/>
        <line num="161" count="64" type="cond" truecount="5" falsecount="0"/>
        <line num="162" count="12" type="cond" truecount="4" falsecount="0"/>
        <line num="164" count="6" type="stmt"/>
        <line num="170" count="0" type="stmt"/>
        <line num="179" count="6" type="stmt"/>
        <line num="184" count="1" type="stmt"/>
        <line num="189" count="52" type="cond" truecount="5" falsecount="0"/>
        <line num="190" count="2" type="cond" truecount="3" falsecount="1"/>
        <line num="191" count="0" type="stmt"/>
        <line num="197" count="2" type="stmt"/>
        <line num="199" count="50" type="cond" truecount="4" falsecount="0"/>
        <line num="200" count="14" type="stmt"/>
        <line num="208" count="36" type="stmt"/>
        <line num="212" count="4" type="stmt"/>
        <line num="213" count="52" type="cond" truecount="4" falsecount="0"/>
        <line num="215" count="36" type="stmt"/>
        <line num="217" count="4" type="stmt"/>
        <line num="219" count="2" type="stmt"/>
        <line num="221" count="10" type="stmt"/>
        <line num="224" count="4" type="stmt"/>
        <line num="225" count="64" type="cond" truecount="8" falsecount="0"/>
        <line num="227" count="6" type="stmt"/>
        <line num="229" count="10" type="stmt"/>
        <line num="231" count="10" type="stmt"/>
        <line num="233" count="6" type="stmt"/>
        <line num="235" count="4" type="stmt"/>
        <line num="237" count="12" type="stmt"/>
        <line num="239" count="6" type="stmt"/>
        <line num="241" count="10" type="stmt"/>
        <line num="245" count="4" type="stmt"/>
        <line num="246" count="64" type="stmt"/>
        <line num="247" count="64" type="stmt"/>
        <line num="256" count="4" type="stmt"/>
        <line num="257" count="52" type="stmt"/>
        <line num="258" count="52" type="stmt"/>
        <line num="268" count="30" type="stmt"/>
        <line num="323" count="30" type="stmt"/>
        <line num="326" count="4" type="stmt"/>
        <line num="327" count="11" type="stmt"/>
        <line num="328" count="11" type="stmt"/>
        <line num="330" count="11" type="stmt"/>
        <line num="331" count="1" type="stmt"/>
        <line num="333" count="1" type="stmt"/>
        <line num="334" count="1" type="stmt"/>
        <line num="336" count="1" type="stmt"/>
        <line num="344" count="1" type="stmt"/>
        <line num="345" count="0" type="cond" truecount="0" falsecount="2"/>
        <line num="346" count="0" type="stmt"/>
        <line num="348" count="0" type="cond" truecount="0" falsecount="2"/>
        <line num="349" count="0" type="stmt"/>
        <line num="351" count="0" type="stmt"/>
        <line num="354" count="0" type="stmt"/>
        <line num="356" count="11" type="stmt"/>
        <line num="444" count="1" type="stmt"/>
        <line num="454" count="0" type="stmt"/>
        <line num="475" count="4" type="stmt"/>
        <line num="484" count="30" type="stmt"/>
        <line num="485" count="30" type="stmt"/>
        <line num="486" count="30" type="stmt"/>
        <line num="488" count="30" type="stmt"/>
        <line num="489" count="25" type="stmt"/>
        <line num="491" count="30" type="stmt"/>
        <line num="492" count="3" type="stmt"/>
        <line num="493" count="3" type="cond" truecount="1" falsecount="1"/>
        <line num="494" count="0" type="stmt"/>
        <line num="499" count="30" type="stmt"/>
        <line num="500" count="5" type="stmt"/>
        <line num="501" count="5" type="cond" truecount="2" falsecount="0"/>
        <line num="502" count="1" type="stmt"/>
        <line num="506" count="30" type="stmt"/>
        <line num="507" count="1" type="stmt"/>
        <line num="513" count="30" type="stmt"/>
        <line num="520" count="32" type="stmt"/>
        <line num="521" count="32" type="stmt"/>
        <line num="531" count="32" type="stmt"/>
        <line num="541" count="60" type="stmt"/>
      </file>
      <file name="QCTable.js" path="C:\Users\u1072234\Desktop\Coding Space\pd-ui\src\features\Components\Dashboard\QCTable.js">
        <metrics statements="92" coveredstatements="75" conditionals="92" coveredconditionals="81" methods="29" coveredmethods="24"/>
        <line num="34" count="4" type="stmt"/>
        <line num="46" count="60" type="stmt"/>
        <line num="53" count="1" type="stmt"/>
        <line num="71" count="5" type="stmt"/>
        <line num="81" count="2" type="stmt"/>
        <line num="88" count="4" type="stmt"/>
        <line num="89" count="60" type="cond" truecount="2" falsecount="0"/>
        <line num="90" count="2" type="stmt"/>
        <line num="115" count="58" type="stmt"/>
        <line num="136" count="4" type="stmt"/>
        <line num="137" count="120" type="cond" truecount="3" falsecount="1"/>
        <line num="138" count="0" type="stmt"/>
        <line num="145" count="120" type="cond" truecount="4" falsecount="0"/>
        <line num="146" count="12" type="stmt"/>
        <line num="154" count="108" type="stmt"/>
        <line num="158" count="4" type="stmt"/>
        <line num="159" count="60" type="cond" truecount="5" falsecount="0"/>
        <line num="160" count="22" type="cond" truecount="4" falsecount="0"/>
        <line num="162" count="4" type="stmt"/>
        <line num="168" count="0" type="stmt"/>
        <line num="177" count="18" type="stmt"/>
        <line num="182" count="3" type="stmt"/>
        <line num="187" count="38" type="cond" truecount="5" falsecount="0"/>
        <line num="188" count="2" type="cond" truecount="3" falsecount="1"/>
        <line num="189" count="0" type="stmt"/>
        <line num="195" count="2" type="stmt"/>
        <line num="197" count="36" type="cond" truecount="4" falsecount="0"/>
        <line num="198" count="12" type="stmt"/>
        <line num="206" count="24" type="stmt"/>
        <line num="210" count="4" type="stmt"/>
        <line num="211" count="38" type="cond" truecount="4" falsecount="0"/>
        <line num="213" count="6" type="stmt"/>
        <line num="215" count="4" type="stmt"/>
        <line num="217" count="2" type="stmt"/>
        <line num="219" count="26" type="stmt"/>
        <line num="222" count="4" type="stmt"/>
        <line num="223" count="60" type="cond" truecount="8" falsecount="0"/>
        <line num="225" count="4" type="stmt"/>
        <line num="227" count="10" type="stmt"/>
        <line num="229" count="10" type="stmt"/>
        <line num="231" count="8" type="stmt"/>
        <line num="233" count="4" type="stmt"/>
        <line num="235" count="12" type="stmt"/>
        <line num="237" count="6" type="stmt"/>
        <line num="239" count="6" type="stmt"/>
        <line num="243" count="4" type="stmt"/>
        <line num="244" count="60" type="stmt"/>
        <line num="245" count="60" type="stmt"/>
        <line num="254" count="4" type="stmt"/>
        <line num="255" count="38" type="stmt"/>
        <line num="256" count="38" type="stmt"/>
        <line num="266" count="28" type="stmt"/>
        <line num="321" count="28" type="stmt"/>
        <line num="324" count="4" type="stmt"/>
        <line num="325" count="10" type="stmt"/>
        <line num="326" count="10" type="stmt"/>
        <line num="328" count="10" type="stmt"/>
        <line num="329" count="0" type="stmt"/>
        <line num="331" count="0" type="stmt"/>
        <line num="332" count="0" type="stmt"/>
        <line num="334" count="0" type="stmt"/>
        <line num="342" count="0" type="stmt"/>
        <line num="343" count="0" type="cond" truecount="0" falsecount="2"/>
        <line num="344" count="0" type="stmt"/>
        <line num="346" count="0" type="cond" truecount="0" falsecount="2"/>
        <line num="347" count="0" type="stmt"/>
        <line num="349" count="0" type="stmt"/>
        <line num="352" count="0" type="stmt"/>
        <line num="354" count="10" type="stmt"/>
        <line num="442" count="0" type="stmt"/>
        <line num="452" count="0" type="stmt"/>
        <line num="473" count="4" type="stmt"/>
        <line num="482" count="28" type="stmt"/>
        <line num="483" count="28" type="stmt"/>
        <line num="484" count="28" type="stmt"/>
        <line num="486" count="28" type="stmt"/>
        <line num="487" count="23" type="stmt"/>
        <line num="489" count="28" type="stmt"/>
        <line num="490" count="1" type="stmt"/>
        <line num="491" count="1" type="cond" truecount="1" falsecount="1"/>
        <line num="492" count="0" type="stmt"/>
        <line num="497" count="28" type="stmt"/>
        <line num="498" count="5" type="stmt"/>
        <line num="499" count="5" type="cond" truecount="2" falsecount="0"/>
        <line num="500" count="1" type="stmt"/>
        <line num="504" count="28" type="stmt"/>
        <line num="505" count="3" type="stmt"/>
        <line num="511" count="28" type="stmt"/>
        <line num="518" count="30" type="stmt"/>
        <line num="519" count="30" type="stmt"/>
        <line num="529" count="30" type="stmt"/>
        <line num="539" count="56" type="stmt"/>
      </file>
    </package>
    <package name="features.Components.DocumentsTable">
      <metrics statements="72" coveredstatements="64" conditionals="36" coveredconditionals="29" methods="22" coveredmethods="19"/>
      <file name="AssociateDocumentsTable.js" path="C:\Users\u1072234\Desktop\Coding Space\pd-ui\src\features\Components\DocumentsTable\AssociateDocumentsTable.js">
        <metrics statements="52" coveredstatements="45" conditionals="34" coveredconditionals="27" methods="17" coveredmethods="14"/>
        <line num="19" count="3" type="stmt"/>
        <line num="20" count="108" type="cond" truecount="4" falsecount="0"/>
        <line num="21" count="18" type="stmt"/>
        <line num="27" count="10" type="stmt"/>
        <line num="33" count="90" type="cond" truecount="4" falsecount="0"/>
        <line num="34" count="33" type="stmt"/>
        <line num="45" count="4" type="stmt"/>
        <line num="51" count="57" type="stmt"/>
        <line num="60" count="10" type="stmt"/>
        <line num="67" count="3" type="stmt"/>
        <line num="68" count="115" type="stmt"/>
        <line num="69" count="115" type="stmt"/>
        <line num="70" count="115" type="stmt"/>
        <line num="71" count="115" type="stmt"/>
        <line num="72" count="1" type="stmt"/>
        <line num="73" count="1" type="stmt"/>
        <line num="74" count="1" type="stmt"/>
        <line num="75" count="1" type="stmt"/>
        <line num="76" count="1" type="stmt"/>
        <line num="83" count="1" type="stmt"/>
        <line num="94" count="0" type="stmt"/>
        <line num="96" count="115" type="stmt"/>
        <line num="99" count="1" type="stmt"/>
        <line num="106" count="3" type="stmt"/>
        <line num="107" count="114" type="stmt"/>
        <line num="108" count="114" type="stmt"/>
        <line num="109" count="0" type="stmt"/>
        <line num="110" count="0" type="stmt"/>
        <line num="112" count="114" type="cond" truecount="1" falsecount="1"/>
        <line num="113" count="0" type="stmt"/>
        <line num="119" count="0" type="stmt"/>
        <line num="130" count="114" type="cond" truecount="1" falsecount="1"/>
        <line num="131" count="0" type="stmt"/>
        <line num="137" count="0" type="stmt"/>
        <line num="148" count="114" type="stmt"/>
        <line num="155" count="3" type="stmt"/>
        <line num="156" count="114" type="cond" truecount="2" falsecount="0"/>
        <line num="159" count="3" type="stmt"/>
        <line num="160" count="228" type="stmt"/>
        <line num="161" count="228" type="cond" truecount="2" falsecount="0"/>
        <line num="162" count="188" type="stmt"/>
        <line num="170" count="40" type="stmt"/>
        <line num="173" count="3" type="stmt"/>
        <line num="174" count="114" type="stmt"/>
        <line num="177" count="3" type="stmt"/>
        <line num="218" count="3" type="stmt"/>
        <line num="256" count="3" type="stmt"/>
        <line num="264" count="39" type="stmt"/>
        <line num="272" count="109" type="stmt"/>
        <line num="273" count="109" type="stmt"/>
        <line num="279" count="109" type="stmt"/>
        <line num="285" count="42" type="stmt"/>
      </file>
      <file name="DocumentsTable.js" path="C:\Users\u1072234\Desktop\Coding Space\pd-ui\src\features\Components\DocumentsTable\DocumentsTable.js">
        <metrics statements="20" coveredstatements="19" conditionals="2" coveredconditionals="2" methods="5" coveredmethods="5"/>
        <line num="10" count="3" type="stmt"/>
        <line num="11" count="7" type="stmt"/>
        <line num="12" count="7" type="stmt"/>
        <line num="13" count="7" type="stmt"/>
        <line num="14" count="7" type="stmt"/>
        <line num="15" count="1" type="stmt"/>
        <line num="16" count="1" type="stmt"/>
        <line num="17" count="1" type="stmt"/>
        <line num="18" count="1" type="stmt"/>
        <line num="19" count="1" type="stmt"/>
        <line num="26" count="1" type="stmt"/>
        <line num="37" count="0" type="stmt"/>
        <line num="39" count="7" type="stmt"/>
        <line num="45" count="1" type="stmt"/>
        <line num="52" count="3" type="stmt"/>
        <line num="53" count="6" type="stmt"/>
        <line num="54" count="6" type="stmt"/>
        <line num="63" count="3" type="stmt"/>
        <line num="80" count="3" type="stmt"/>
        <line num="81" count="6" type="stmt"/>
      </file>
    </package>
    <package name="features.Components.Loader">
      <metrics statements="2" coveredstatements="2" conditionals="0" coveredconditionals="0" methods="1" coveredmethods="1"/>
      <file name="Loader.js" path="C:\Users\u1072234\Desktop\Coding Space\pd-ui\src\features\Components\Loader\Loader.js">
        <metrics statements="2" coveredstatements="2" conditionals="0" coveredconditionals="0" methods="1" coveredmethods="1"/>
        <line num="4" count="17" type="stmt"/>
        <line num="5" count="56" type="stmt"/>
      </file>
    </package>
    <package name="features.Container.Admin">
      <metrics statements="376" coveredstatements="351" conditionals="174" coveredconditionals="146" methods="110" coveredmethods="101"/>
      <file name="AddNewMapping.js" path="C:\Users\u1072234\Desktop\Coding Space\pd-ui\src\features\Container\Admin\AddNewMapping.js">
        <metrics statements="77" coveredstatements="71" conditionals="40" coveredconditionals="37" methods="18" coveredmethods="15"/>
        <line num="22" count="4" type="stmt"/>
        <line num="29" count="4" type="stmt"/>
        <line num="35" count="4" type="stmt"/>
        <line num="38" count="51" type="stmt"/>
        <line num="39" count="51" type="stmt"/>
        <line num="40" count="51" type="stmt"/>
        <line num="41" count="51" type="stmt"/>
        <line num="42" count="51" type="stmt"/>
        <line num="43" count="51" type="stmt"/>
        <line num="44" count="51" type="stmt"/>
        <line num="45" count="51" type="stmt"/>
        <line num="47" count="51" type="stmt"/>
        <line num="48" count="26" type="cond" truecount="2" falsecount="0"/>
        <line num="49" count="8" type="stmt"/>
        <line num="55" count="8" type="stmt"/>
        <line num="56" count="8" type="stmt"/>
        <line num="57" count="8" type="stmt"/>
        <line num="58" count="8" type="stmt"/>
        <line num="59" count="8" type="stmt"/>
        <line num="65" count="51" type="stmt"/>
        <line num="66" count="2" type="stmt"/>
        <line num="67" count="2" type="cond" truecount="2" falsecount="0"/>
        <line num="68" count="1" type="stmt"/>
        <line num="69" count="1" type="stmt"/>
        <line num="71" count="2" type="cond" truecount="2" falsecount="0"/>
        <line num="72" count="1" type="stmt"/>
        <line num="73" count="1" type="stmt"/>
        <line num="75" count="2" type="cond" truecount="2" falsecount="0"/>
        <line num="76" count="1" type="stmt"/>
        <line num="77" count="1" type="stmt"/>
        <line num="79" count="2" type="cond" truecount="2" falsecount="0"/>
        <line num="80" count="1" type="stmt"/>
        <line num="81" count="1" type="stmt"/>
        <line num="84" count="2" type="stmt"/>
        <line num="85" count="2" type="cond" truecount="2" falsecount="0"/>
        <line num="92" count="1" type="stmt"/>
        <line num="96" count="51" type="stmt"/>
        <line num="97" count="11" type="stmt"/>
        <line num="98" count="11" type="stmt"/>
        <line num="99" count="11" type="cond" truecount="4" falsecount="0"/>
        <line num="100" count="2" type="stmt"/>
        <line num="101" count="2" type="stmt"/>
        <line num="102" count="9" type="cond" truecount="4" falsecount="0"/>
        <line num="103" count="1" type="stmt"/>
        <line num="104" count="1" type="stmt"/>
        <line num="106" count="11" type="stmt"/>
        <line num="108" count="51" type="stmt"/>
        <line num="109" count="4" type="stmt"/>
        <line num="110" count="4" type="stmt"/>
        <line num="111" count="4" type="cond" truecount="5" falsecount="0"/>
        <line num="112" count="1" type="stmt"/>
        <line num="113" count="1" type="stmt"/>
        <line num="114" count="3" type="cond" truecount="2" falsecount="0"/>
        <line num="115" count="1" type="stmt"/>
        <line num="116" count="1" type="stmt"/>
        <line num="118" count="2" type="stmt"/>
        <line num="119" count="2" type="stmt"/>
        <line num="121" count="4" type="cond" truecount="2" falsecount="2"/>
        <line num="122" count="0" type="stmt"/>
        <line num="123" count="0" type="stmt"/>
        <line num="125" count="4" type="stmt"/>
        <line num="128" count="51" type="stmt"/>
        <line num="133" count="1" type="stmt"/>
        <line num="141" count="1" type="stmt"/>
        <line num="158" count="3" type="stmt"/>
        <line num="159" count="2" type="stmt"/>
        <line num="171" count="3" type="stmt"/>
        <line num="172" count="2" type="stmt"/>
        <line num="181" count="0" type="stmt"/>
        <line num="187" count="3" type="stmt"/>
        <line num="188" count="3" type="stmt"/>
        <line num="194" count="74" type="stmt"/>
        <line num="205" count="0" type="stmt"/>
        <line num="211" count="0" type="stmt"/>
        <line num="212" count="0" type="stmt"/>
        <line num="218" count="102" type="cond" truecount="2" falsecount="0"/>
        <line num="229" count="2" type="stmt"/>
      </file>
      <file name="Admin.js" path="C:\Users\u1072234\Desktop\Coding Space\pd-ui\src\features\Container\Admin\Admin.js">
        <metrics statements="16" coveredstatements="13" conditionals="13" coveredconditionals="8" methods="4" coveredmethods="3"/>
        <line num="22" count="1" type="stmt"/>
        <line num="23" count="1" type="stmt"/>
        <line num="24" count="1" type="stmt"/>
        <line num="25" count="1" type="stmt"/>
        <line num="26" count="1" type="stmt"/>
        <line num="27" count="1" type="stmt"/>
        <line num="28" count="1" type="stmt"/>
        <line num="30" count="1" type="stmt"/>
        <line num="31" count="1" type="cond" truecount="3" falsecount="1"/>
        <line num="32" count="0" type="stmt"/>
        <line num="33" count="0" type="stmt"/>
        <line num="37" count="1" type="stmt"/>
        <line num="38" count="1" type="stmt"/>
        <line num="41" count="1" type="stmt"/>
        <line num="42" count="0" type="stmt"/>
        <line num="44" count="1" type="stmt"/>
      </file>
      <file name="BulkMap.js" path="C:\Users\u1072234\Desktop\Coding Space\pd-ui\src\features\Container\Admin\BulkMap.js">
        <metrics statements="26" coveredstatements="20" conditionals="10" coveredconditionals="5" methods="8" coveredmethods="6"/>
        <line num="22" count="30" type="stmt"/>
        <line num="23" count="30" type="stmt"/>
        <line num="24" count="30" type="stmt"/>
        <line num="25" count="30" type="stmt"/>
        <line num="26" count="30" type="stmt"/>
        <line num="27" count="30" type="stmt"/>
        <line num="28" count="30" type="stmt"/>
        <line num="29" count="3" type="cond" truecount="1" falsecount="1"/>
        <line num="30" count="3" type="stmt"/>
        <line num="32" count="0" type="stmt"/>
        <line num="39" count="30" type="stmt"/>
        <line num="40" count="0" type="cond" truecount="0" falsecount="2"/>
        <line num="44" count="0" type="stmt"/>
        <line num="46" count="0" type="stmt"/>
        <line num="54" count="30" type="stmt"/>
        <line num="55" count="1" type="stmt"/>
        <line num="56" count="1" type="stmt"/>
        <line num="57" count="1" type="stmt"/>
        <line num="60" count="30" type="stmt"/>
        <line num="61" count="30" type="cond" truecount="1" falsecount="1"/>
        <line num="62" count="0" type="stmt"/>
        <line num="69" count="0" type="stmt"/>
        <line num="79" count="30" type="stmt"/>
        <line num="84" count="6" type="stmt"/>
        <line num="92" count="1" type="stmt"/>
        <line num="93" count="1" type="stmt"/>
      </file>
      <file name="MappingSearch.js" path="C:\Users\u1072234\Desktop\Coding Space\pd-ui\src\features\Container\Admin\MappingSearch.js">
        <metrics statements="30" coveredstatements="30" conditionals="18" coveredconditionals="17" methods="10" coveredmethods="10"/>
        <line num="14" count="15" type="stmt"/>
        <line num="15" count="14" type="stmt"/>
        <line num="16" count="14" type="stmt"/>
        <line num="17" count="14" type="stmt"/>
        <line num="18" count="14" type="stmt"/>
        <line num="21" count="14" type="stmt"/>
        <line num="22" count="9" type="stmt"/>
        <line num="23" count="9" type="stmt"/>
        <line num="26" count="14" type="stmt"/>
        <line num="27" count="4" type="cond" truecount="2" falsecount="0"/>
        <line num="28" count="2" type="stmt"/>
        <line num="29" count="2" type="cond" truecount="1" falsecount="1"/>
        <line num="30" count="2" type="stmt"/>
        <line num="34" count="14" type="stmt"/>
        <line num="35" count="4" type="stmt"/>
        <line num="36" count="4" type="cond" truecount="5" falsecount="0"/>
        <line num="37" count="1" type="stmt"/>
        <line num="38" count="3" type="cond" truecount="2" falsecount="0"/>
        <line num="39" count="1" type="stmt"/>
        <line num="43" count="14" type="stmt"/>
        <line num="44" count="2" type="cond" truecount="5" falsecount="0"/>
        <line num="45" count="1" type="stmt"/>
        <line num="47" count="1" type="stmt"/>
        <line num="51" count="1" type="stmt"/>
        <line num="54" count="14" type="stmt"/>
        <line num="65" count="2" type="stmt"/>
        <line num="66" count="2" type="stmt"/>
        <line num="77" count="2" type="stmt"/>
        <line num="78" count="2" type="stmt"/>
        <line num="87" count="2" type="stmt"/>
      </file>
      <file name="MappingTable.js" path="C:\Users\u1072234\Desktop\Coding Space\pd-ui\src\features\Container\Admin\MappingTable.js">
        <metrics statements="16" coveredstatements="15" conditionals="4" coveredconditionals="3" methods="7" coveredmethods="7"/>
        <line num="15" count="3" type="stmt"/>
        <line num="16" count="16" type="stmt"/>
        <line num="18" count="3" type="stmt"/>
        <line num="19" count="8" type="stmt"/>
        <line num="25" count="1" type="stmt"/>
        <line num="36" count="3" type="stmt"/>
        <line num="77" count="3" type="stmt"/>
        <line num="78" count="6" type="stmt"/>
        <line num="80" count="6" type="stmt"/>
        <line num="82" count="6" type="stmt"/>
        <line num="83" count="1" type="stmt"/>
        <line num="86" count="1" type="cond" truecount="1" falsecount="1"/>
        <line num="87" count="0" type="stmt"/>
        <line num="94" count="6" type="stmt"/>
        <line num="101" count="4" type="stmt"/>
        <line num="111" count="10" type="stmt"/>
      </file>
      <file name="NewUser.js" path="C:\Users\u1072234\Desktop\Coding Space\pd-ui\src\features\Container\Admin\NewUser.js">
        <metrics statements="108" coveredstatements="107" conditionals="57" coveredconditionals="51" methods="20" coveredmethods="19"/>
        <line num="26" count="3" type="stmt"/>
        <line num="37" count="3" type="stmt"/>
        <line num="40" count="77" type="stmt"/>
        <line num="41" count="77" type="stmt"/>
        <line num="42" count="77" type="stmt"/>
        <line num="43" count="77" type="stmt"/>
        <line num="44" count="77" type="stmt"/>
        <line num="45" count="77" type="stmt"/>
        <line num="46" count="77" type="stmt"/>
        <line num="47" count="77" type="stmt"/>
        <line num="48" count="77" type="stmt"/>
        <line num="49" count="77" type="stmt"/>
        <line num="51" count="77" type="stmt"/>
        <line num="52" count="9" type="stmt"/>
        <line num="53" count="9" type="cond" truecount="2" falsecount="0"/>
        <line num="54" count="8" type="stmt"/>
        <line num="55" count="8" type="stmt"/>
        <line num="57" count="1" type="stmt"/>
        <line num="58" count="1" type="stmt"/>
        <line num="60" count="9" type="cond" truecount="2" falsecount="0"/>
        <line num="61" count="8" type="stmt"/>
        <line num="62" count="8" type="stmt"/>
        <line num="64" count="1" type="stmt"/>
        <line num="65" count="1" type="stmt"/>
        <line num="67" count="9" type="cond" truecount="2" falsecount="0"/>
        <line num="68" count="7" type="stmt"/>
        <line num="69" count="7" type="stmt"/>
        <line num="70" count="2" type="cond" truecount="2" falsecount="0"/>
        <line num="71" count="1" type="stmt"/>
        <line num="72" count="1" type="stmt"/>
        <line num="74" count="1" type="stmt"/>
        <line num="75" count="1" type="stmt"/>
        <line num="77" count="9" type="cond" truecount="2" falsecount="0"/>
        <line num="78" count="8" type="stmt"/>
        <line num="79" count="8" type="stmt"/>
        <line num="81" count="1" type="stmt"/>
        <line num="82" count="1" type="stmt"/>
        <line num="84" count="9" type="cond" truecount="2" falsecount="0"/>
        <line num="85" count="7" type="stmt"/>
        <line num="86" count="7" type="stmt"/>
        <line num="87" count="2" type="cond" truecount="4" falsecount="0"/>
        <line num="88" count="1" type="stmt"/>
        <line num="89" count="1" type="stmt"/>
        <line num="91" count="1" type="stmt"/>
        <line num="92" count="1" type="stmt"/>
        <line num="94" count="9" type="cond" truecount="2" falsecount="0"/>
        <line num="95" count="8" type="stmt"/>
        <line num="96" count="8" type="stmt"/>
        <line num="98" count="1" type="stmt"/>
        <line num="99" count="1" type="stmt"/>
        <line num="102" count="9" type="stmt"/>
        <line num="103" count="9" type="cond" truecount="2" falsecount="0"/>
        <line num="112" count="1" type="stmt"/>
        <line num="116" count="77" type="stmt"/>
        <line num="117" count="11" type="stmt"/>
        <line num="119" count="11" type="stmt"/>
        <line num="120" count="11" type="stmt"/>
        <line num="122" count="77" type="stmt"/>
        <line num="123" count="5" type="stmt"/>
        <line num="124" count="5" type="cond" truecount="4" falsecount="0"/>
        <line num="125" count="3" type="stmt"/>
        <line num="126" count="3" type="stmt"/>
        <line num="127" count="2" type="cond" truecount="2" falsecount="0"/>
        <line num="128" count="1" type="stmt"/>
        <line num="129" count="1" type="stmt"/>
        <line num="130" count="1" type="stmt"/>
        <line num="132" count="1" type="stmt"/>
        <line num="133" count="1" type="stmt"/>
        <line num="135" count="5" type="stmt"/>
        <line num="137" count="77" type="stmt"/>
        <line num="138" count="9" type="stmt"/>
        <line num="139" count="9" type="stmt"/>
        <line num="141" count="9" type="cond" truecount="5" falsecount="0"/>
        <line num="142" count="2" type="stmt"/>
        <line num="143" count="2" type="stmt"/>
        <line num="144" count="7" type="cond" truecount="5" falsecount="0"/>
        <line num="145" count="1" type="stmt"/>
        <line num="146" count="1" type="stmt"/>
        <line num="147" count="6" type="cond" truecount="2" falsecount="0"/>
        <line num="148" count="1" type="stmt"/>
        <line num="149" count="1" type="stmt"/>
        <line num="151" count="5" type="stmt"/>
        <line num="152" count="5" type="stmt"/>
        <line num="154" count="9" type="stmt"/>
        <line num="156" count="77" type="stmt"/>
        <line num="161" count="1" type="stmt"/>
        <line num="169" count="1" type="stmt"/>
        <line num="170" count="1" type="stmt"/>
        <line num="171" count="1" type="stmt"/>
        <line num="172" count="1" type="stmt"/>
        <line num="173" count="1" type="stmt"/>
        <line num="174" count="1" type="stmt"/>
        <line num="175" count="1" type="stmt"/>
        <line num="194" count="6" type="stmt"/>
        <line num="195" count="4" type="stmt"/>
        <line num="209" count="5" type="stmt"/>
        <line num="219" count="0" type="stmt"/>
        <line num="225" count="2" type="stmt"/>
        <line num="226" count="2" type="stmt"/>
        <line num="232" count="244" type="stmt"/>
        <line num="256" count="2" type="stmt"/>
        <line num="257" count="1" type="stmt"/>
        <line num="272" count="2" type="stmt"/>
        <line num="273" count="1" type="stmt"/>
        <line num="288" count="3" type="stmt"/>
        <line num="289" count="2" type="stmt"/>
        <line num="304" count="2" type="stmt"/>
        <line num="305" count="1" type="stmt"/>
      </file>
      <file name="ProtocolMap.js" path="C:\Users\u1072234\Desktop\Coding Space\pd-ui\src\features\Container\Admin\ProtocolMap.js">
        <metrics statements="2" coveredstatements="2" conditionals="0" coveredconditionals="0" methods="1" coveredmethods="1"/>
        <line num="7" count="3" type="stmt"/>
        <line num="8" count="2" type="stmt"/>
      </file>
      <file name="UsersRole.js" path="C:\Users\u1072234\Desktop\Coding Space\pd-ui\src\features\Container\Admin\UsersRole.js">
        <metrics statements="48" coveredstatements="44" conditionals="14" coveredconditionals="11" methods="13" coveredmethods="12"/>
        <line num="22" count="2" type="stmt"/>
        <line num="27" count="2" type="stmt"/>
        <line num="40" count="2" type="stmt"/>
        <line num="41" count="13" type="stmt"/>
        <line num="46" count="0" type="stmt"/>
        <line num="54" count="2" type="stmt"/>
        <line num="55" count="13" type="stmt"/>
        <line num="56" count="13" type="stmt"/>
        <line num="57" count="13" type="stmt"/>
        <line num="58" count="13" type="stmt"/>
        <line num="59" count="13" type="stmt"/>
        <line num="60" count="13" type="stmt"/>
        <line num="61" count="1" type="stmt"/>
        <line num="63" count="13" type="stmt"/>
        <line num="64" count="3" type="stmt"/>
        <line num="65" count="3" type="cond" truecount="2" falsecount="0"/>
        <line num="66" count="2" type="stmt"/>
        <line num="67" count="2" type="stmt"/>
        <line num="69" count="3" type="cond" truecount="2" falsecount="0"/>
        <line num="70" count="2" type="stmt"/>
        <line num="71" count="2" type="stmt"/>
        <line num="73" count="3" type="stmt"/>
        <line num="74" count="3" type="cond" truecount="4" falsecount="0"/>
        <line num="75" count="1" type="stmt"/>
        <line num="76" count="1" type="cond" truecount="1" falsecount="1"/>
        <line num="77" count="0" type="stmt"/>
        <line num="81" count="13" type="stmt"/>
        <line num="82" count="2" type="stmt"/>
        <line num="83" count="2" type="stmt"/>
        <line num="84" count="2" type="stmt"/>
        <line num="86" count="13" type="stmt"/>
        <line num="87" count="2" type="stmt"/>
        <line num="88" count="2" type="cond" truecount="1" falsecount="1"/>
        <line num="89" count="0" type="stmt"/>
        <line num="90" count="0" type="stmt"/>
        <line num="92" count="2" type="stmt"/>
        <line num="93" count="2" type="stmt"/>
        <line num="95" count="2" type="stmt"/>
        <line num="98" count="13" type="stmt"/>
        <line num="107" count="13" type="stmt"/>
        <line num="114" count="1" type="stmt"/>
        <line num="115" count="1" type="stmt"/>
        <line num="116" count="1" type="stmt"/>
        <line num="117" count="1" type="stmt"/>
        <line num="134" count="1" type="stmt"/>
        <line num="135" count="1" type="stmt"/>
        <line num="148" count="1" type="stmt"/>
        <line num="149" count="1" type="stmt"/>
      </file>
      <file name="UsersTable.js" path="C:\Users\u1072234\Desktop\Coding Space\pd-ui\src\features\Container\Admin\UsersTable.js">
        <metrics statements="28" coveredstatements="25" conditionals="6" coveredconditionals="4" methods="13" coveredmethods="13"/>
        <line num="11" count="2" type="stmt"/>
        <line num="12" count="25" type="stmt"/>
        <line num="17" count="1" type="stmt"/>
        <line num="33" count="2" type="stmt"/>
        <line num="34" count="15" type="stmt"/>
        <line num="35" count="15" type="stmt"/>
        <line num="37" count="15" type="stmt"/>
        <line num="38" count="3" type="stmt"/>
        <line num="41" count="15" type="stmt"/>
        <line num="42" count="1" type="stmt"/>
        <line num="44" count="15" type="stmt"/>
        <line num="45" count="1" type="stmt"/>
        <line num="48" count="1" type="cond" truecount="1" falsecount="1"/>
        <line num="49" count="0" type="stmt"/>
        <line num="50" count="0" type="stmt"/>
        <line num="52" count="1" type="stmt"/>
        <line num="56" count="15" type="stmt"/>
        <line num="57" count="1" type="stmt"/>
        <line num="60" count="15" type="stmt"/>
        <line num="61" count="1" type="stmt"/>
        <line num="64" count="15" type="stmt"/>
        <line num="65" count="1" type="stmt"/>
        <line num="66" count="1" type="cond" truecount="1" falsecount="1"/>
        <line num="67" count="0" type="stmt"/>
        <line num="71" count="15" type="stmt"/>
        <line num="75" count="26" type="stmt"/>
        <line num="91" count="25" type="cond" truecount="2" falsecount="0"/>
        <line num="95" count="25" type="stmt"/>
      </file>
      <file name="columns.data.js" path="C:\Users\u1072234\Desktop\Coding Space\pd-ui\src\features\Container\Admin\columns.data.js">
        <metrics statements="25" coveredstatements="24" conditionals="12" coveredconditionals="10" methods="16" coveredmethods="15"/>
        <line num="20" count="2" type="stmt"/>
        <line num="27" count="2" type="stmt"/>
        <line num="28" count="42" type="stmt"/>
        <line num="30" count="2" type="stmt"/>
        <line num="39" count="42" type="stmt"/>
        <line num="40" count="42" type="cond" truecount="2" falsecount="0"/>
        <line num="56" count="28" type="cond" truecount="3" falsecount="0"/>
        <line num="58" count="28" type="stmt"/>
        <line num="70" count="3" type="stmt"/>
        <line num="83" count="1" type="stmt"/>
        <line num="94" count="2" type="stmt"/>
        <line num="95" count="5" type="stmt"/>
        <line num="108" count="9" type="stmt"/>
        <line num="109" count="42" type="cond" truecount="1" falsecount="2"/>
        <line num="112" count="0" type="stmt"/>
        <line num="117" count="2" type="stmt"/>
        <line num="118" count="9" type="stmt"/>
        <line num="119" count="42" type="cond" truecount="2" falsecount="0"/>
        <line num="126" count="1" type="stmt"/>
        <line num="130" count="16" type="stmt"/>
        <line num="139" count="2" type="stmt"/>
        <line num="140" count="210" type="cond" truecount="2" falsecount="0"/>
        <line num="145" count="2" type="stmt"/>
        <line num="146" count="9" type="stmt"/>
        <line num="147" count="9" type="stmt"/>
      </file>
    </package>
    <package name="features.Container.Dashboard">
      <metrics statements="296" coveredstatements="277" conditionals="95" coveredconditionals="87" methods="68" coveredmethods="60"/>
      <file name="ActionButtons.js" path="C:\Users\u1072234\Desktop\Coding Space\pd-ui\src\features\Container\Dashboard\ActionButtons.js">
        <metrics statements="6" coveredstatements="6" conditionals="4" coveredconditionals="4" methods="2" coveredmethods="2"/>
        <line num="9" count="13" type="stmt"/>
        <line num="10" count="12" type="stmt"/>
        <line num="11" count="12" type="stmt"/>
        <line num="12" count="12" type="stmt"/>
        <line num="13" count="1" type="stmt"/>
        <line num="15" count="12" type="stmt"/>
      </file>
      <file name="Dashboard.js" path="C:\Users\u1072234\Desktop\Coding Space\pd-ui\src\features\Container\Dashboard\Dashboard.js">
        <metrics statements="7" coveredstatements="7" conditionals="5" coveredconditionals="3" methods="2" coveredmethods="2"/>
        <line num="10" count="2" type="stmt"/>
        <line num="11" count="2" type="stmt"/>
        <line num="22" count="2" type="stmt"/>
        <line num="23" count="6" type="stmt"/>
        <line num="24" count="5" type="stmt"/>
        <line num="25" count="5" type="stmt"/>
        <line num="26" count="5" type="stmt"/>
      </file>
      <file name="DashboardSearch.js" path="C:\Users\u1072234\Desktop\Coding Space\pd-ui\src\features\Container\Dashboard\DashboardSearch.js">
        <metrics statements="7" coveredstatements="7" conditionals="0" coveredconditionals="0" methods="2" coveredmethods="2"/>
        <line num="6" count="1" type="stmt"/>
        <line num="7" count="1" type="stmt"/>
        <line num="8" count="1" type="stmt"/>
        <line num="9" count="1" type="stmt"/>
        <line num="10" count="1" type="stmt"/>
        <line num="11" count="1" type="stmt"/>
        <line num="14" count="1" type="stmt"/>
      </file>
      <file name="FollowedProtocols.js" path="C:\Users\u1072234\Desktop\Coding Space\pd-ui\src\features\Container\Dashboard\FollowedProtocols.js">
        <metrics statements="21" coveredstatements="20" conditionals="10" coveredconditionals="10" methods="5" coveredmethods="4"/>
        <line num="15" count="7" type="stmt"/>
        <line num="16" count="7" type="stmt"/>
        <line num="17" count="7" type="stmt"/>
        <line num="19" count="7" type="stmt"/>
        <line num="20" count="1" type="stmt"/>
        <line num="25" count="7" type="stmt"/>
        <line num="26" count="0" type="stmt"/>
        <line num="31" count="7" type="stmt"/>
        <line num="32" count="4" type="cond" truecount="2" falsecount="0"/>
        <line num="33" count="3" type="stmt"/>
        <line num="34" count="3" type="stmt"/>
        <line num="35" count="3" type="stmt"/>
        <line num="36" count="3" type="stmt"/>
        <line num="37" count="3" type="stmt"/>
        <line num="39" count="3" type="stmt"/>
        <line num="40" count="3" type="stmt"/>
        <line num="41" count="6" type="stmt"/>
        <line num="42" count="6" type="stmt"/>
        <line num="44" count="3" type="stmt"/>
        <line num="45" count="3" type="stmt"/>
        <line num="48" count="7" type="stmt"/>
      </file>
      <file name="MyProtocols.js" path="C:\Users\u1072234\Desktop\Coding Space\pd-ui\src\features\Container\Dashboard\MyProtocols.js">
        <metrics statements="2" coveredstatements="2" conditionals="8" coveredconditionals="8" methods="1" coveredmethods="1"/>
        <line num="8" count="7" type="stmt"/>
        <line num="10" count="7" type="stmt"/>
      </file>
      <file name="ProtocolTable.js" path="C:\Users\u1072234\Desktop\Coding Space\pd-ui\src\features\Container\Dashboard\ProtocolTable.js">
        <metrics statements="15" coveredstatements="12" conditionals="8" coveredconditionals="5" methods="4" coveredmethods="3"/>
        <line num="18" count="7" type="stmt"/>
        <line num="19" count="7" type="stmt"/>
        <line num="20" count="7" type="stmt"/>
        <line num="21" count="7" type="stmt"/>
        <line num="22" count="7" type="stmt"/>
        <line num="23" count="0" type="stmt"/>
        <line num="25" count="7" type="stmt"/>
        <line num="26" count="7" type="stmt"/>
        <line num="28" count="7" type="stmt"/>
        <line num="29" count="7" type="cond" truecount="1" falsecount="1"/>
        <line num="30" count="7" type="stmt"/>
        <line num="32" count="0" type="stmt"/>
        <line num="35" count="7" type="cond" truecount="1" falsecount="1"/>
        <line num="36" count="0" type="stmt"/>
        <line num="49" count="7" type="stmt"/>
      </file>
      <file name="dashboardSlice.js" path="C:\Users\u1072234\Desktop\Coding Space\pd-ui\src\features\Container\Dashboard\dashboardSlice.js">
        <metrics statements="33" coveredstatements="28" conditionals="0" coveredconditionals="0" methods="28" coveredmethods="23"/>
        <line num="3" count="43" type="stmt"/>
        <line num="27" count="2" type="stmt"/>
        <line num="30" count="1" type="stmt"/>
        <line num="33" count="1" type="stmt"/>
        <line num="36" count="1" type="stmt"/>
        <line num="39" count="1" type="stmt"/>
        <line num="42" count="1" type="stmt"/>
        <line num="45" count="1" type="stmt"/>
        <line num="48" count="1" type="stmt"/>
        <line num="51" count="1" type="stmt"/>
        <line num="54" count="1" type="stmt"/>
        <line num="57" count="3" type="stmt"/>
        <line num="60" count="46" type="stmt"/>
        <line num="63" count="5" type="stmt"/>
        <line num="66" count="0" type="stmt"/>
        <line num="69" count="0" type="stmt"/>
        <line num="72" count="0" type="stmt"/>
        <line num="75" count="0" type="stmt"/>
        <line num="99" count="43" type="stmt"/>
        <line num="104" count="43" type="stmt"/>
        <line num="105" count="43" type="stmt"/>
        <line num="106" count="43" type="stmt"/>
        <line num="107" count="43" type="stmt"/>
        <line num="108" count="43" type="stmt"/>
        <line num="109" count="43" type="stmt"/>
        <line num="110" count="22" type="stmt"/>
        <line num="111" count="43" type="stmt"/>
        <line num="112" count="7" type="stmt"/>
        <line num="113" count="43" type="stmt"/>
        <line num="114" count="43" type="stmt"/>
        <line num="115" count="43" type="stmt"/>
        <line num="116" count="43" type="stmt"/>
        <line num="117" count="0" type="stmt"/>
      </file>
      <file name="saga.js" path="C:\Users\u1072234\Desktop\Coding Space\pd-ui\src\features\Container\Dashboard\saga.js">
        <metrics statements="205" coveredstatements="195" conditionals="60" coveredconditionals="57" methods="24" coveredmethods="23"/>
        <line num="36" count="22" type="stmt"/>
        <line num="37" count="22" type="stmt"/>
        <line num="38" count="22" type="stmt"/>
        <line num="42" count="5" type="cond" truecount="4" falsecount="0"/>
        <line num="43" count="1" type="stmt"/>
        <line num="45" count="4" type="stmt"/>
        <line num="46" count="4" type="stmt"/>
        <line num="47" count="4" type="stmt"/>
        <line num="48" count="4" type="stmt"/>
        <line num="50" count="4" type="stmt"/>
        <line num="54" count="4" type="stmt"/>
        <line num="55" count="4" type="stmt"/>
        <line num="57" count="4" type="cond" truecount="2" falsecount="0"/>
        <line num="58" count="2" type="stmt"/>
        <line num="59" count="2" type="stmt"/>
        <line num="60" count="2" type="stmt"/>
        <line num="61" count="3" type="cond" truecount="2" falsecount="0"/>
        <line num="62" count="3" type="cond" truecount="2" falsecount="0"/>
        <line num="63" count="3" type="cond" truecount="2" falsecount="0"/>
        <line num="64" count="3" type="cond" truecount="2" falsecount="0"/>
        <line num="65" count="3" type="cond" truecount="2" falsecount="0"/>
        <line num="66" count="3" type="stmt"/>
        <line num="67" count="3" type="stmt"/>
        <line num="68" count="3" type="cond" truecount="4" falsecount="0"/>
        <line num="69" count="1" type="stmt"/>
        <line num="71" count="3" type="cond" truecount="2" falsecount="0"/>
        <line num="72" count="1" type="stmt"/>
        <line num="74" count="3" type="stmt"/>
        <line num="77" count="2" type="stmt"/>
        <line num="78" count="2" type="stmt"/>
        <line num="79" count="2" type="stmt"/>
        <line num="81" count="2" type="stmt"/>
        <line num="82" count="2" type="stmt"/>
        <line num="85" count="1" type="stmt"/>
        <line num="86" count="1" type="stmt"/>
        <line num="92" count="2" type="stmt"/>
        <line num="93" count="1" type="stmt"/>
        <line num="98" count="3" type="stmt"/>
        <line num="99" count="3" type="stmt"/>
        <line num="100" count="3" type="stmt"/>
        <line num="104" count="3" type="stmt"/>
        <line num="105" count="3" type="stmt"/>
        <line num="106" count="3" type="cond" truecount="2" falsecount="0"/>
        <line num="107" count="1" type="stmt"/>
        <line num="109" count="2" type="stmt"/>
        <line num="112" count="1" type="stmt"/>
        <line num="117" count="2" type="stmt"/>
        <line num="118" count="2" type="stmt"/>
        <line num="119" count="2" type="stmt"/>
        <line num="123" count="2" type="stmt"/>
        <line num="124" count="2" type="stmt"/>
        <line num="125" count="2" type="cond" truecount="2" falsecount="0"/>
        <line num="126" count="1" type="stmt"/>
        <line num="128" count="1" type="stmt"/>
        <line num="131" count="1" type="stmt"/>
        <line num="136" count="3" type="stmt"/>
        <line num="137" count="3" type="stmt"/>
        <line num="139" count="3" type="stmt"/>
        <line num="140" count="3" type="stmt"/>
        <line num="144" count="3" type="cond" truecount="2" falsecount="0"/>
        <line num="145" count="1" type="stmt"/>
        <line num="146" count="1" type="stmt"/>
        <line num="147" count="1" type="stmt"/>
        <line num="148" count="1" type="stmt"/>
        <line num="150" count="1" type="stmt"/>
        <line num="151" count="1" type="stmt"/>
        <line num="153" count="2" type="stmt"/>
        <line num="154" count="1" type="stmt"/>
        <line num="155" count="1" type="stmt"/>
        <line num="158" count="1" type="stmt"/>
        <line num="159" count="1" type="stmt"/>
        <line num="160" count="1" type="stmt"/>
        <line num="164" count="3" type="stmt"/>
        <line num="165" count="3" type="stmt"/>
        <line num="166" count="3" type="stmt"/>
        <line num="167" count="3" type="stmt"/>
        <line num="171" count="3" type="cond" truecount="2" falsecount="0"/>
        <line num="172" count="2" type="stmt"/>
        <line num="173" count="2" type="stmt"/>
        <line num="174" count="2" type="stmt"/>
        <line num="175" count="2" type="stmt"/>
        <line num="177" count="1" type="stmt"/>
        <line num="179" count="1" type="stmt"/>
        <line num="180" count="1" type="stmt"/>
        <line num="182" count="2" type="stmt"/>
        <line num="184" count="1" type="stmt"/>
        <line num="185" count="1" type="stmt"/>
        <line num="186" count="1" type="stmt"/>
        <line num="190" count="6" type="stmt"/>
        <line num="191" count="6" type="stmt"/>
        <line num="192" count="6" type="stmt"/>
        <line num="193" count="6" type="stmt"/>
        <line num="194" count="6" type="stmt"/>
        <line num="195" count="6" type="stmt"/>
        <line num="196" count="6" type="stmt"/>
        <line num="197" count="6" type="stmt"/>
        <line num="198" count="6" type="stmt"/>
        <line num="202" count="6" type="cond" truecount="4" falsecount="0"/>
        <line num="203" count="3" type="stmt"/>
        <line num="210" count="3" type="cond" truecount="2" falsecount="0"/>
        <line num="211" count="1" type="stmt"/>
        <line num="213" count="2" type="stmt"/>
        <line num="214" count="2" type="stmt"/>
        <line num="217" count="3" type="stmt"/>
        <line num="218" count="3" type="stmt"/>
        <line num="227" count="5" type="stmt"/>
        <line num="228" count="5" type="stmt"/>
        <line num="230" count="1" type="stmt"/>
        <line num="231" count="1" type="stmt"/>
        <line num="232" count="1" type="stmt"/>
        <line num="237" count="1" type="stmt"/>
        <line num="240" count="1" type="stmt"/>
        <line num="244" count="4" type="cond" truecount="2" falsecount="0"/>
        <line num="245" count="3" type="stmt"/>
        <line num="246" count="3" type="stmt"/>
        <line num="247" count="3" type="stmt"/>
        <line num="257" count="3" type="stmt"/>
        <line num="258" count="3" type="stmt"/>
        <line num="260" count="1" type="stmt"/>
        <line num="265" count="2" type="stmt"/>
        <line num="266" count="2" type="stmt"/>
        <line num="267" count="2" type="stmt"/>
        <line num="271" count="2" type="stmt"/>
        <line num="272" count="2" type="stmt"/>
        <line num="277" count="2" type="stmt"/>
        <line num="278" count="2" type="stmt"/>
        <line num="279" count="2" type="stmt"/>
        <line num="280" count="2" type="stmt"/>
        <line num="281" count="2" type="stmt"/>
        <line num="282" count="2" type="stmt"/>
        <line num="283" count="3" type="cond" truecount="4" falsecount="0"/>
        <line num="284" count="1" type="stmt"/>
        <line num="286" count="1" type="stmt"/>
        <line num="288" count="2" type="stmt"/>
        <line num="291" count="1" type="stmt"/>
        <line num="292" count="1" type="cond" truecount="1" falsecount="1"/>
        <line num="293" count="1" type="stmt"/>
        <line num="295" count="1" type="cond" truecount="1" falsecount="1"/>
        <line num="296" count="1" type="stmt"/>
        <line num="299" count="1" type="stmt"/>
        <line num="300" count="1" type="stmt"/>
        <line num="305" count="0" type="stmt"/>
        <line num="306" count="0" type="stmt"/>
        <line num="313" count="0" type="stmt"/>
        <line num="315" count="0" type="stmt"/>
        <line num="316" count="0" type="stmt"/>
        <line num="317" count="0" type="stmt"/>
        <line num="318" count="0" type="stmt"/>
        <line num="322" count="0" type="stmt"/>
        <line num="323" count="0" type="stmt"/>
        <line num="328" count="2" type="stmt"/>
        <line num="329" count="2" type="stmt"/>
        <line num="330" count="2" type="stmt"/>
        <line num="331" count="2" type="stmt"/>
        <line num="332" count="2" type="stmt"/>
        <line num="333" count="2" type="stmt"/>
        <line num="334" count="2" type="stmt"/>
        <line num="335" count="2" type="stmt"/>
        <line num="337" count="1" type="stmt"/>
        <line num="347" count="1" type="stmt"/>
        <line num="348" count="1" type="cond" truecount="3" falsecount="1"/>
        <line num="349" count="1" type="stmt"/>
        <line num="350" count="1" type="stmt"/>
        <line num="351" count="1" type="stmt"/>
        <line num="353" count="1" type="stmt"/>
        <line num="356" count="1" type="stmt"/>
        <line num="357" count="1" type="stmt"/>
        <line num="362" count="2" type="stmt"/>
        <line num="363" count="2" type="stmt"/>
        <line num="364" count="2" type="stmt"/>
        <line num="365" count="2" type="stmt"/>
        <line num="366" count="2" type="stmt"/>
        <line num="367" count="2" type="stmt"/>
        <line num="371" count="2" type="stmt"/>
        <line num="372" count="2" type="stmt"/>
        <line num="373" count="2" type="stmt"/>
        <line num="374" count="1" type="stmt"/>
        <line num="376" count="2" type="cond" truecount="2" falsecount="0"/>
        <line num="377" count="1" type="stmt"/>
        <line num="378" count="1" type="stmt"/>
        <line num="379" count="2" type="cond" truecount="2" falsecount="0"/>
        <line num="380" count="1" type="stmt"/>
        <line num="381" count="1" type="stmt"/>
        <line num="384" count="1" type="stmt"/>
        <line num="386" count="1" type="stmt"/>
        <line num="387" count="1" type="stmt"/>
        <line num="388" count="2" type="cond" truecount="2" falsecount="0"/>
        <line num="389" count="1" type="stmt"/>
        <line num="392" count="1" type="stmt"/>
        <line num="393" count="1" type="stmt"/>
        <line num="398" count="0" type="stmt"/>
        <line num="403" count="2" type="stmt"/>
        <line num="404" count="2" type="stmt"/>
        <line num="405" count="2" type="stmt"/>
        <line num="406" count="2" type="stmt"/>
        <line num="407" count="2" type="stmt"/>
        <line num="408" count="2" type="stmt"/>
        <line num="409" count="2" type="stmt"/>
        <line num="410" count="2" type="stmt"/>
        <line num="411" count="2" type="stmt"/>
        <line num="412" count="2" type="stmt"/>
        <line num="413" count="2" type="stmt"/>
        <line num="414" count="2" type="stmt"/>
        <line num="415" count="2" type="stmt"/>
        <line num="419" count="2" type="stmt"/>
      </file>
    </package>
    <package name="features.Container.Dashboard.AddProtocol">
      <metrics statements="158" coveredstatements="145" conditionals="100" coveredconditionals="83" methods="33" coveredmethods="31"/>
      <file name="AddProtocol.js" path="C:\Users\u1072234\Desktop\Coding Space\pd-ui\src\features\Container\Dashboard\AddProtocol\AddProtocol.js">
        <metrics statements="134" coveredstatements="121" conditionals="96" coveredconditionals="79" methods="26" coveredmethods="25"/>
        <line num="28" count="3" type="stmt"/>
        <line num="29" count="3" type="stmt"/>
        <line num="30" count="3" type="stmt"/>
        <line num="31" count="45" type="stmt"/>
        <line num="32" count="45" type="stmt"/>
        <line num="33" count="43" type="stmt"/>
        <line num="34" count="43" type="stmt"/>
        <line num="35" count="43" type="stmt"/>
        <line num="36" count="43" type="stmt"/>
        <line num="37" count="43" type="stmt"/>
        <line num="41" count="43" type="stmt"/>
        <line num="45" count="43" type="stmt"/>
        <line num="49" count="43" type="stmt"/>
        <line num="50" count="2" type="cond" truecount="2" falsecount="0"/>
        <line num="54" count="1" type="stmt"/>
        <line num="55" count="1" type="stmt"/>
        <line num="57" count="2" type="stmt"/>
        <line num="60" count="43" type="stmt"/>
        <line num="61" count="1" type="stmt"/>
        <line num="63" count="43" type="stmt"/>
        <line num="64" count="1" type="stmt"/>
        <line num="65" count="1" type="stmt"/>
        <line num="66" count="1" type="stmt"/>
        <line num="68" count="43" type="stmt"/>
        <line num="69" count="2" type="stmt"/>
        <line num="70" count="2" type="stmt"/>
        <line num="71" count="2" type="stmt"/>
        <line num="72" count="2" type="stmt"/>
        <line num="73" count="2" type="stmt"/>
        <line num="75" count="43" type="stmt"/>
        <line num="76" count="10" type="stmt"/>
        <line num="77" count="10" type="stmt"/>
        <line num="79" count="10" type="cond" truecount="2" falsecount="0"/>
        <line num="80" count="7" type="cond" truecount="2" falsecount="0"/>
        <line num="84" count="1" type="stmt"/>
        <line num="85" count="1" type="stmt"/>
        <line num="87" count="6" type="stmt"/>
        <line num="88" count="6" type="stmt"/>
        <line num="90" count="7" type="cond" truecount="4" falsecount="0"/>
        <line num="91" count="2" type="stmt"/>
        <line num="94" count="2" type="stmt"/>
        <line num="95" count="2" type="cond" truecount="3" falsecount="1"/>
        <line num="96" count="2" type="stmt"/>
        <line num="97" count="2" type="stmt"/>
        <line num="98" count="2" type="stmt"/>
        <line num="100" count="0" type="stmt"/>
        <line num="101" count="0" type="stmt"/>
        <line num="102" count="0" type="stmt"/>
        <line num="105" count="5" type="stmt"/>
        <line num="107" count="7" type="cond" truecount="2" falsecount="0"/>
        <line num="111" count="3" type="stmt"/>
        <line num="112" count="3" type="stmt"/>
        <line num="113" count="3" type="stmt"/>
        <line num="114" count="3" type="stmt"/>
        <line num="116" count="7" type="stmt"/>
        <line num="117" count="7" type="stmt"/>
        <line num="136" count="10" type="cond" truecount="2" falsecount="0"/>
        <line num="137" count="3" type="cond" truecount="2" falsecount="0"/>
        <line num="138" count="1" type="stmt"/>
        <line num="140" count="1" type="stmt"/>
        <line num="141" count="1" type="stmt"/>
        <line num="142" count="1" type="stmt"/>
        <line num="144" count="1" type="stmt"/>
        <line num="145" count="1" type="stmt"/>
        <line num="146" count="1" type="cond" truecount="1" falsecount="1"/>
        <line num="148" count="1" type="stmt"/>
        <line num="150" count="1" type="stmt"/>
        <line num="152" count="2" type="cond" truecount="1" falsecount="1"/>
        <line num="156" count="2" type="stmt"/>
        <line num="160" count="3" type="stmt"/>
        <line num="164" count="43" type="stmt"/>
        <line num="165" count="8" type="stmt"/>
        <line num="166" count="8" type="stmt"/>
        <line num="167" count="8" type="cond" truecount="2" falsecount="0"/>
        <line num="168" count="5" type="cond" truecount="2" falsecount="0"/>
        <line num="172" count="1" type="stmt"/>
        <line num="173" count="1" type="stmt"/>
        <line num="175" count="4" type="cond" truecount="1" falsecount="1"/>
        <line num="176" count="4" type="stmt"/>
        <line num="177" count="4" type="stmt"/>
        <line num="180" count="5" type="cond" truecount="2" falsecount="0"/>
        <line num="185" count="1" type="stmt"/>
        <line num="188" count="1" type="stmt"/>
        <line num="189" count="1" type="cond" truecount="3" falsecount="1"/>
        <line num="190" count="1" type="stmt"/>
        <line num="191" count="1" type="stmt"/>
        <line num="193" count="0" type="stmt"/>
        <line num="196" count="0" type="stmt"/>
        <line num="199" count="5" type="stmt"/>
        <line num="201" count="8" type="cond" truecount="2" falsecount="0"/>
        <line num="203" count="3" type="cond" truecount="3" falsecount="0"/>
        <line num="204" count="3" type="cond" truecount="2" falsecount="0"/>
        <line num="205" count="2" type="stmt"/>
        <line num="206" count="2" type="stmt"/>
        <line num="208" count="3" type="stmt"/>
        <line num="209" count="3" type="stmt"/>
        <line num="211" count="3" type="cond" truecount="4" falsecount="0"/>
        <line num="212" count="1" type="stmt"/>
        <line num="213" count="1" type="stmt"/>
        <line num="220" count="3" type="stmt"/>
        <line num="221" count="3" type="stmt"/>
        <line num="223" count="8" type="cond" truecount="1" falsecount="1"/>
        <line num="224" count="0" type="cond" truecount="0" falsecount="4"/>
        <line num="225" count="0" type="stmt"/>
        <line num="226" count="0" type="stmt"/>
        <line num="228" count="0" type="stmt"/>
        <line num="229" count="0" type="stmt"/>
        <line num="231" count="0" type="stmt"/>
        <line num="232" count="0" type="stmt"/>
        <line num="235" count="43" type="stmt"/>
        <line num="237" count="4" type="stmt"/>
        <line num="238" count="4" type="stmt"/>
        <line num="239" count="4" type="stmt"/>
        <line num="240" count="4" type="stmt"/>
        <line num="361" count="43" type="stmt"/>
        <line num="362" count="43" type="stmt"/>
        <line num="365" count="258" type="stmt"/>
        <line num="370" count="43" type="stmt"/>
        <line num="376" count="2" type="stmt"/>
        <line num="386" count="1" type="stmt"/>
        <line num="412" count="2" type="stmt"/>
        <line num="414" count="1" type="stmt"/>
        <line num="430" count="2" type="stmt"/>
        <line num="432" count="3" type="stmt"/>
        <line num="441" count="3" type="stmt"/>
        <line num="458" count="1" type="stmt"/>
        <line num="459" count="1" type="stmt"/>
        <line num="491" count="3" type="stmt"/>
        <line num="493" count="2" type="stmt"/>
        <line num="556" count="1" type="stmt"/>
        <line num="559" count="0" type="stmt"/>
        <line num="568" count="1" type="stmt"/>
        <line num="618" count="1" type="stmt"/>
        <line num="620" count="1" type="stmt"/>
      </file>
      <file name="CustomFileUpload.js" path="C:\Users\u1072234\Desktop\Coding Space\pd-ui\src\features\Container\Dashboard\AddProtocol\CustomFileUpload.js">
        <metrics statements="18" coveredstatements="18" conditionals="4" coveredconditionals="4" methods="7" coveredmethods="6"/>
        <line num="4" count="4" type="stmt"/>
        <line num="14" count="15" type="stmt"/>
        <line num="15" count="14" type="stmt"/>
        <line num="20" count="14" type="stmt"/>
        <line num="21" count="5" type="stmt"/>
        <line num="22" count="5" type="stmt"/>
        <line num="24" count="5" type="stmt"/>
        <line num="29" count="5" type="stmt"/>
        <line num="30" count="5" type="stmt"/>
        <line num="64" count="14" type="stmt"/>
        <line num="65" count="1" type="stmt"/>
        <line num="66" count="1" type="stmt"/>
        <line num="67" count="1" type="stmt"/>
        <line num="69" count="1" type="stmt"/>
        <line num="70" count="1" type="stmt"/>
        <line num="75" count="41" type="stmt"/>
        <line num="76" count="41" type="stmt"/>
        <line num="77" count="41" type="stmt"/>
      </file>
      <file name="constants.js" path="C:\Users\u1072234\Desktop\Coding Space\pd-ui\src\features\Container\Dashboard\AddProtocol\constants.js">
        <metrics statements="6" coveredstatements="6" conditionals="0" coveredconditionals="0" methods="0" coveredmethods="0"/>
        <line num="1" count="3" type="stmt"/>
        <line num="2" count="3" type="stmt"/>
        <line num="20" count="3" type="stmt"/>
        <line num="84" count="3" type="stmt"/>
        <line num="95" count="3" type="stmt"/>
        <line num="105" count="3" type="stmt"/>
      </file>
    </package>
    <package name="features.Container.Navbar">
      <metrics statements="97" coveredstatements="94" conditionals="46" coveredconditionals="43" methods="38" coveredmethods="35"/>
      <file name="Alerts.js" path="C:\Users\u1072234\Desktop\Coding Space\pd-ui\src\features\Container\Navbar\Alerts.js">
        <metrics statements="24" coveredstatements="22" conditionals="24" coveredconditionals="22" methods="10" coveredmethods="8"/>
        <line num="16" count="2" type="stmt"/>
        <line num="19" count="148" type="cond" truecount="2" falsecount="0"/>
        <line num="20" count="60" type="stmt"/>
        <line num="28" count="88" type="stmt"/>
        <line num="35" count="21" type="stmt"/>
        <line num="36" count="20" type="stmt"/>
        <line num="37" count="20" type="stmt"/>
        <line num="38" count="20" type="cond" truecount="2" falsecount="0"/>
        <line num="39" count="3" type="stmt"/>
        <line num="43" count="0" type="stmt"/>
        <line num="51" count="17" type="stmt"/>
        <line num="52" count="1" type="stmt"/>
        <line num="62" count="17" type="stmt"/>
        <line num="63" count="74" type="stmt"/>
        <line num="65" count="17" type="stmt"/>
        <line num="66" count="47" type="cond" truecount="2" falsecount="0"/>
        <line num="72" count="17" type="stmt"/>
        <line num="77" count="3" type="stmt"/>
        <line num="86" count="0" type="stmt"/>
        <line num="112" count="74" type="stmt"/>
        <line num="113" count="74" type="cond" truecount="2" falsecount="0"/>
        <line num="120" count="47" type="stmt"/>
        <line num="122" count="74" type="stmt"/>
        <line num="142" count="1" type="stmt"/>
      </file>
      <file name="Navbar.js" path="C:\Users\u1072234\Desktop\Coding Space\pd-ui\src\features\Container\Navbar\Navbar.js">
        <metrics statements="38" coveredstatements="37" conditionals="18" coveredconditionals="17" methods="15" coveredmethods="14"/>
        <line num="14" count="2" type="stmt"/>
        <line num="15" count="21" type="cond" truecount="5" falsecount="0"/>
        <line num="17" count="9" type="stmt"/>
        <line num="19" count="1" type="stmt"/>
        <line num="21" count="9" type="stmt"/>
        <line num="23" count="1" type="stmt"/>
        <line num="25" count="1" type="stmt"/>
        <line num="29" count="2" type="stmt"/>
        <line num="30" count="1" type="stmt"/>
        <line num="34" count="35" type="stmt"/>
        <line num="35" count="34" type="stmt"/>
        <line num="36" count="34" type="stmt"/>
        <line num="38" count="34" type="stmt"/>
        <line num="39" count="34" type="stmt"/>
        <line num="40" count="34" type="stmt"/>
        <line num="41" count="34" type="stmt"/>
        <line num="42" count="26" type="cond" truecount="2" falsecount="0"/>
        <line num="43" count="13" type="stmt"/>
        <line num="44" count="13" type="stmt"/>
        <line num="47" count="34" type="stmt"/>
        <line num="48" count="13" type="stmt"/>
        <line num="51" count="34" type="stmt"/>
        <line num="52" count="17" type="cond" truecount="3" falsecount="1"/>
        <line num="53" count="17" type="stmt"/>
        <line num="57" count="34" type="stmt"/>
        <line num="58" count="3" type="cond" truecount="2" falsecount="0"/>
        <line num="59" count="2" type="stmt"/>
        <line num="60" count="2" type="stmt"/>
        <line num="64" count="34" type="stmt"/>
        <line num="65" count="71" type="cond" truecount="2" falsecount="0"/>
        <line num="67" count="0" type="stmt"/>
        <line num="70" count="34" type="stmt"/>
        <line num="75" count="1" type="stmt"/>
        <line num="80" count="34" type="stmt"/>
        <line num="86" count="17" type="stmt"/>
        <line num="95" count="2" type="stmt"/>
        <line num="102" count="3" type="stmt"/>
        <line num="103" count="71" type="stmt"/>
      </file>
      <file name="navbarSlice.js" path="C:\Users\u1072234\Desktop\Coding Space\pd-ui\src\features\Container\Navbar\navbarSlice.js">
        <metrics statements="9" coveredstatements="9" conditionals="0" coveredconditionals="0" methods="7" coveredmethods="7"/>
        <line num="3" count="43" type="stmt"/>
        <line num="12" count="1" type="stmt"/>
        <line num="15" count="1" type="stmt"/>
        <line num="18" count="1" type="stmt"/>
        <line num="23" count="43" type="stmt"/>
        <line num="28" count="43" type="stmt"/>
        <line num="29" count="43" type="stmt"/>
        <line num="30" count="43" type="stmt"/>
        <line num="31" count="43" type="stmt"/>
      </file>
      <file name="saga.js" path="C:\Users\u1072234\Desktop\Coding Space\pd-ui\src\features\Container\Navbar\saga.js">
        <metrics statements="26" coveredstatements="26" conditionals="4" coveredconditionals="4" methods="6" coveredmethods="6"/>
        <line num="7" count="2" type="stmt"/>
        <line num="8" count="2" type="stmt"/>
        <line num="12" count="2" type="stmt"/>
        <line num="13" count="2" type="stmt"/>
        <line num="15" count="2" type="cond" truecount="2" falsecount="0"/>
        <line num="16" count="1" type="stmt"/>
        <line num="17" count="2" type="stmt"/>
        <line num="18" count="2" type="stmt"/>
        <line num="19" count="2" type="stmt"/>
        <line num="20" count="2" type="stmt"/>
        <line num="21" count="2" type="stmt"/>
        <line num="22" count="2" type="stmt"/>
        <line num="24" count="1" type="stmt"/>
        <line num="25" count="1" type="stmt"/>
        <line num="28" count="1" type="stmt"/>
        <line num="30" count="1" type="stmt"/>
        <line num="33" count="1" type="stmt"/>
        <line num="38" count="2" type="stmt"/>
        <line num="39" count="2" type="stmt"/>
        <line num="49" count="2" type="stmt"/>
        <line num="50" count="2" type="stmt"/>
        <line num="51" count="2" type="cond" truecount="2" falsecount="0"/>
        <line num="52" count="1" type="stmt"/>
        <line num="81" count="2" type="stmt"/>
        <line num="82" count="2" type="stmt"/>
        <line num="86" count="2" type="stmt"/>
      </file>
    </package>
    <package name="features.Container.Navbar.__test__">
      <metrics statements="1" coveredstatements="1" conditionals="0" coveredconditionals="0" methods="0" coveredmethods="0"/>
      <file name="data.js" path="C:\Users\u1072234\Desktop\Coding Space\pd-ui\src\features\Container\Navbar\__test__\data.js">
        <metrics statements="1" coveredstatements="1" conditionals="0" coveredconditionals="0" methods="0" coveredmethods="0"/>
        <line num="1" count="1" type="stmt"/>
      </file>
    </package>
    <package name="features.Container.PageNotFound">
      <metrics statements="2" coveredstatements="2" conditionals="0" coveredconditionals="0" methods="1" coveredmethods="1"/>
      <file name="PageNotFound.js" path="C:\Users\u1072234\Desktop\Coding Space\pd-ui\src\features\Container\PageNotFound\PageNotFound.js">
        <metrics statements="2" coveredstatements="2" conditionals="0" coveredconditionals="0" methods="1" coveredmethods="1"/>
        <line num="4" count="2" type="stmt"/>
        <line num="5" count="2" type="stmt"/>
      </file>
    </package>
    <package name="features.Container.Protocols">
      <metrics statements="333" coveredstatements="311" conditionals="202" coveredconditionals="178" methods="83" coveredmethods="74"/>
      <file name="AmendmentCompare.js" path="C:\Users\u1072234\Desktop\Coding Space\pd-ui\src\features\Container\Protocols\AmendmentCompare.js">
        <metrics statements="30" coveredstatements="28" conditionals="33" coveredconditionals="33" methods="9" coveredmethods="7"/>
        <line num="18" count="1" type="stmt"/>
        <line num="19" count="17" type="stmt"/>
        <line num="20" count="17" type="stmt"/>
        <line num="21" count="17" type="stmt"/>
        <line num="22" count="17" type="stmt"/>
        <line num="24" count="17" type="stmt"/>
        <line num="27" count="17" type="stmt"/>
        <line num="28" count="17" type="stmt"/>
        <line num="29" count="9" type="stmt"/>
        <line num="30" count="9" type="stmt"/>
        <line num="32" count="17" type="stmt"/>
        <line num="33" count="9" type="stmt"/>
        <line num="34" count="9" type="stmt"/>
        <line num="35" count="9" type="stmt"/>
        <line num="39" count="9" type="cond" truecount="4" falsecount="0"/>
        <line num="40" count="3" type="stmt"/>
        <line num="44" count="17" type="stmt"/>
        <line num="45" count="5" type="cond" truecount="4" falsecount="0"/>
        <line num="46" count="3" type="cond" truecount="2" falsecount="0"/>
        <line num="47" count="1" type="stmt"/>
        <line num="49" count="2" type="stmt"/>
        <line num="54" count="2" type="stmt"/>
        <line num="57" count="2" type="stmt"/>
        <line num="84" count="17" type="cond" truecount="2" falsecount="0"/>
        <line num="85" count="17" type="stmt"/>
        <line num="103" count="0" type="stmt"/>
        <line num="112" count="30" type="stmt"/>
        <line num="132" count="0" type="stmt"/>
[...]
        <line num="142" count="34" type="stmt"/>
        <line num="149" count="23" type="stmt"/>
        <line num="159" count="1" type="stmt"/>
        <line num="169" count="7" type="stmt"/>
        <line num="180" count="1" type="stmt"/>
        <line num="191" count="7" type="stmt"/>
        <line num="202" count="1" type="stmt"/>
        <line num="213" count="19" type="stmt"/>
        <line num="223" count="1" type="stmt"/>
        <line num="233" count="15" type="stmt"/>
        <line num="244" count="1" type="stmt"/>
        <line num="259" count="11" type="stmt"/>
        <line num="270" count="1" type="stmt"/>
        <line num="285" count="18" type="stmt"/>
      </file>
      <file name="Search.js" path="C:\Users\u1072234\Desktop\Coding Space\pd-ui\src\features\Container\Search\Search.js">
        <metrics statements="159" coveredstatements="150" conditionals="71" coveredconditionals="66" methods="31" coveredmethods="27"/>
        <line num="41" count="2" type="stmt"/>
        <line num="42" count="49" type="stmt"/>
        <line num="43" count="47" type="stmt"/>
        <line num="44" count="47" type="stmt"/>
        <line num="45" count="47" type="stmt"/>
        <line num="46" count="47" type="stmt"/>
        <line num="47" count="47" type="stmt"/>
        <line num="48" count="47" type="stmt"/>
        <line num="49" count="47" type="stmt"/>
        <line num="50" count="47" type="stmt"/>
        <line num="51" count="47" type="stmt"/>
        <line num="52" count="47" type="stmt"/>
        <line num="53" count="47" type="stmt"/>
        <line num="54" count="47" type="stmt"/>
        <line num="56" count="47" type="stmt"/>
        <line num="57" count="47" type="stmt"/>
        <line num="68" count="47" type="stmt"/>
        <line num="79" count="47" type="stmt"/>
        <line num="80" count="47" type="stmt"/>
        <line num="82" count="47" type="stmt"/>
        <line num="83" count="47" type="stmt"/>
        <line num="84" count="47" type="stmt"/>
        <line num="85" count="47" type="stmt"/>
        <line num="86" count="47" type="stmt"/>
        <line num="90" count="47" type="stmt"/>
        <line num="92" count="7" type="stmt"/>
        <line num="93" count="7" type="stmt"/>
        <line num="94" count="7" type="stmt"/>
        <line num="95" count="7" type="stmt"/>
        <line num="96" count="6" type="stmt"/>
        <line num="99" count="47" type="stmt"/>
        <line num="100" count="7" type="stmt"/>
        <line num="102" count="7" type="stmt"/>
        <line num="103" count="7" type="stmt"/>
        <line num="115" count="7" type="cond" truecount="1" falsecount="0"/>
        <line num="116" count="7" type="stmt"/>
        <line num="119" count="74" type="cond" truecount="2" falsecount="0"/>
        <line num="122" count="7" type="stmt"/>
        <line num="124" count="7" type="cond" truecount="1" falsecount="0"/>
        <line num="125" count="7" type="stmt"/>
        <line num="126" count="7" type="stmt"/>
        <line num="127" count="7" type="stmt"/>
        <line num="130" count="7" type="cond" truecount="3" falsecount="0"/>
        <line num="131" count="6" type="stmt"/>
        <line num="132" count="72" type="stmt"/>
        <line num="134" count="6" type="stmt"/>
        <line num="135" count="6" type="cond" truecount="2" falsecount="0"/>
        <line num="136" count="6" type="stmt"/>
        <line num="139" count="7" type="cond" truecount="1" falsecount="0"/>
        <line num="140" count="6" type="stmt"/>
        <line num="143" count="7" type="cond" truecount="1" falsecount="0"/>
        <line num="144" count="6" type="stmt"/>
        <line num="147" count="7" type="cond" truecount="1" falsecount="0"/>
        <line num="148" count="6" type="stmt"/>
        <line num="149" count="60" type="stmt"/>
        <line num="151" count="6" type="stmt"/>
        <line num="152" count="5" type="cond" truecount="2" falsecount="0"/>
        <line num="153" count="6" type="stmt"/>
        <line num="156" count="7" type="cond" truecount="1" falsecount="0"/>
        <line num="157" count="6" type="stmt"/>
        <line num="158" count="12" type="stmt"/>
        <line num="160" count="6" type="stmt"/>
        <line num="161" count="6" type="cond" truecount="2" falsecount="0"/>
        <line num="162" count="6" type="stmt"/>
        <line num="164" count="7" type="cond" truecount="2" falsecount="0"/>
        <line num="165" count="6" type="stmt"/>
        <line num="166" count="18" type="stmt"/>
        <line num="168" count="6" type="stmt"/>
        <line num="169" count="6" type="cond" truecount="2" falsecount="0"/>
        <line num="171" count="6" type="stmt"/>
        <line num="172" count="6" type="stmt"/>
        <line num="173" count="6" type="cond" truecount="1" falsecount="1"/>
        <line num="174" count="0" type="stmt"/>
        <line num="175" count="0" type="stmt"/>
        <line num="177" count="0" type="cond" truecount="0" falsecount="2"/>
        <line num="178" count="0" type="stmt"/>
        <line num="180" count="0" type="stmt"/>
        <line num="183" count="6" type="stmt"/>
        <line num="185" count="6" type="stmt"/>
        <line num="188" count="7" type="cond" truecount="3" falsecount="0"/>
        <line num="189" count="6" type="stmt"/>
        <line num="190" count="6" type="stmt"/>
        <line num="194" count="7" type="cond" truecount="1" falsecount="0"/>
        <line num="195" count="6" type="stmt"/>
        <line num="196" count="12" type="stmt"/>
        <line num="198" count="6" type="stmt"/>
        <line num="199" count="6" type="cond" truecount="2" falsecount="0"/>
        <line num="200" count="6" type="stmt"/>
        <line num="203" count="7" type="cond" truecount="1" falsecount="0"/>
        <line num="204" count="6" type="stmt"/>
        <line num="205" count="24" type="stmt"/>
        <line num="207" count="6" type="stmt"/>
        <line num="208" count="6" type="cond" truecount="2" falsecount="0"/>
        <line num="209" count="6" type="stmt"/>
        <line num="211" count="7" type="stmt"/>
        <line num="212" count="7" type="stmt"/>
        <line num="213" count="7" type="stmt"/>
        <line num="237" count="47" type="stmt"/>
        <line num="238" count="7" type="stmt"/>
        <line num="239" count="7" type="stmt"/>
        <line num="241" count="7" type="cond" truecount="1" falsecount="0"/>
        <line num="247" count="6" type="stmt"/>
        <line num="250" count="62" type="cond" truecount="2" falsecount="0"/>
        <line num="253" count="6" type="stmt"/>
        <line num="255" count="6" type="cond" truecount="3" falsecount="0"/>
        <line num="256" count="5" type="stmt"/>
        <line num="257" count="35" type="stmt"/>
        <line num="259" count="5" type="stmt"/>
        <line num="260" count="0" type="cond" truecount="2" falsecount="0"/>
        <line num="263" count="6" type="cond" truecount="3" falsecount="0"/>
        <line num="264" count="5" type="stmt"/>
        <line num="265" count="50" type="stmt"/>
        <line num="267" count="5" type="stmt"/>
        <line num="268" count="5" type="cond" truecount="2" falsecount="0"/>
        <line num="270" count="6" type="cond" truecount="4" falsecount="0"/>
        <line num="271" count="5" type="stmt"/>
        <line num="272" count="60" type="stmt"/>
        <line num="274" count="5" type="stmt"/>
        <line num="275" count="5" type="cond" truecount="2" falsecount="0"/>
        <line num="277" count="6" type="stmt"/>
        <line num="285" count="47" type="stmt"/>
        <line num="296" count="47" type="stmt"/>
        <line num="297" count="4" type="cond" truecount="2" falsecount="0"/>
        <line num="298" count="3" type="stmt"/>
        <line num="299" count="3" type="stmt"/>
        <line num="300" count="3" type="stmt"/>
        <line num="301" count="3" type="stmt"/>
        <line num="302" count="3" type="stmt"/>
        <line num="303" count="3" type="stmt"/>
        <line num="304" count="3" type="stmt"/>
        <line num="305" count="3" type="stmt"/>
        <line num="306" count="3" type="stmt"/>
        <line num="317" count="3" type="stmt"/>
        <line num="321" count="3" type="stmt"/>
        <line num="322" count="3" type="stmt"/>
        <line num="323" count="3" type="stmt"/>
        <line num="324" count="3" type="stmt"/>
        <line num="326" count="3" type="stmt"/>
        <line num="327" count="3" type="cond" truecount="1" falsecount="1"/>
        <line num="328" count="0" type="stmt"/>
        <line num="330" count="3" type="cond" truecount="1" falsecount="1"/>
        <line num="331" count="0" type="stmt"/>
        <line num="333" count="3" type="stmt"/>
        <line num="334" count="3" type="stmt"/>
        <line num="339" count="1" type="stmt"/>
        <line num="478" count="47" type="stmt"/>
        <line num="479" count="26" type="cond" truecount="2" falsecount="0"/>
        <line num="480" count="15" type="stmt"/>
        <line num="482" count="11" type="stmt"/>
        <line num="833" count="47" type="stmt"/>
        <line num="869" count="47" type="stmt"/>
        <line num="870" count="2" type="stmt"/>
        <line num="871" count="2" type="stmt"/>
        <line num="872" count="2" type="stmt"/>
        <line num="873" count="2" type="stmt"/>
        <line num="874" count="2" type="stmt"/>
        <line num="875" count="2" type="stmt"/>
        <line num="1043" count="47" type="stmt"/>
        <line num="1047" count="0" type="stmt"/>
      </file>
      <file name="SearchResultSection.js" path="C:\Users\u1072234\Desktop\Coding Space\pd-ui\src\features\Container\Search\SearchResultSection.js">
        <metrics statements="93" coveredstatements="55" conditionals="68" coveredconditionals="47" methods="28" coveredmethods="17"/>
        <line num="26" count="13" type="stmt"/>
        <line num="27" count="9" type="stmt"/>
        <line num="37" count="49" type="cond" truecount="2" falsecount="0"/>
        <line num="42" count="43" type="stmt"/>
        <line num="44" count="43" type="cond" truecount="1" falsecount="1"/>
        <line num="51" count="0" type="stmt"/>
        <line num="52" count="0" type="cond" truecount="0" falsecount="2"/>
        <line num="54" count="0" type="cond" truecount="0" falsecount="2"/>
        <line num="55" count="0" type="stmt"/>
        <line num="57" count="0" type="stmt"/>
        <line num="61" count="43" type="cond" truecount="5" falsecount="0"/>
        <line num="64" count="43" type="stmt"/>
        <line num="65" count="43" type="stmt"/>
        <line num="66" count="8" type="stmt"/>
        <line num="67" count="8" type="cond" truecount="1" falsecount="1"/>
        <line num="68" count="8" type="stmt"/>
        <line num="74" count="8" type="stmt"/>
        <line num="76" count="43" type="stmt"/>
        <line num="82" count="6" type="stmt"/>
        <line num="85" count="9" type="stmt"/>
        <line num="86" count="2" type="stmt"/>
        <line num="88" count="2" type="stmt"/>
        <line num="89" count="2" type="stmt"/>
        <line num="90" count="2" type="stmt"/>
        <line num="91" count="2" type="cond" truecount="1" falsecount="1"/>
        <line num="92" count="0" type="stmt"/>
        <line num="94" count="2" type="stmt"/>
        <line num="97" count="9" type="stmt"/>
        <line num="98" count="0" type="stmt"/>
        <line num="99" count="0" type="stmt"/>
        <line num="100" count="0" type="stmt"/>
        <line num="103" count="9" type="stmt"/>
        <line num="104" count="5" type="stmt"/>
        <line num="105" count="15" type="stmt"/>
        <line num="106" count="5" type="cond" truecount="2" falsecount="0"/>
        <line num="109" count="9" type="stmt"/>
        <line num="110" count="0" type="stmt"/>
        <line num="111" count="0" type="stmt"/>
        <line num="112" count="0" type="stmt"/>
        <line num="113" count="0" type="cond" truecount="0" falsecount="2"/>
        <line num="114" count="0" type="stmt"/>
        <line num="116" count="0" type="stmt"/>
        <line num="118" count="0" type="stmt"/>
        <line num="119" count="0" type="stmt"/>
        <line num="120" count="0" type="stmt"/>
        <line num="121" count="0" type="cond" truecount="0" falsecount="2"/>
        <line num="122" count="0" type="stmt"/>
        <line num="124" count="0" type="stmt"/>
        <line num="128" count="0" type="stmt"/>
        <line num="137" count="0" type="stmt"/>
        <line num="140" count="9" type="stmt"/>
        <line num="141" count="8" type="stmt"/>
        <line num="143" count="8" type="stmt"/>
        <line num="145" count="9" type="stmt"/>
        <line num="148" count="0" type="cond" truecount="0" falsecount="2"/>
        <line num="149" count="0" type="stmt"/>
        <line num="152" count="0" type="stmt"/>
        <line num="162" count="9" type="stmt"/>
        <line num="163" count="0" type="stmt"/>
        <line num="164" count="0" type="stmt"/>
        <line num="166" count="9" type="stmt"/>
        <line num="167" count="2" type="stmt"/>
        <line num="168" count="2" type="stmt"/>
        <line num="169" count="2" type="stmt"/>
        <line num="170" count="2" type="stmt"/>
        <line num="171" count="2" type="stmt"/>
        <line num="172" count="4" type="cond" truecount="2" falsecount="0"/>
        <line num="178" count="2" type="stmt"/>
        <line num="180" count="2" type="stmt"/>
        <line num="183" count="2" type="stmt"/>
        <line num="193" count="2" type="stmt"/>
        <line num="194" count="2" type="stmt"/>
        <line num="195" count="0" type="cond" truecount="0" falsecount="2"/>
        <line num="197" count="0" type="stmt"/>
        <line num="198" count="0" type="stmt"/>
        <line num="199" count="0" type="stmt"/>
        <line num="202" count="0" type="stmt"/>
        <line num="223" count="49" type="stmt"/>
        <line num="224" count="49" type="stmt"/>
        <line num="235" count="49" type="stmt"/>
        <line num="258" count="2" type="stmt"/>
        <line num="388" count="5" type="stmt"/>
        <line num="391" count="30" type="stmt"/>
        <line num="403" count="0" type="stmt"/>
        <line num="419" count="0" type="stmt"/>
        <line num="431" count="20" type="stmt"/>
        <line num="495" count="4" type="stmt"/>
        <line num="496" count="9" type="stmt"/>
        <line num="500" count="4" type="stmt"/>
        <line num="501" count="9" type="stmt"/>
        <line num="503" count="0" type="stmt"/>
        <line num="508" count="0" type="stmt"/>
        <line num="510" count="0" type="stmt"/>
      </file>
      <file name="SearchSection.js" path="C:\Users\u1072234\Desktop\Coding Space\pd-ui\src\features\Container\Search\SearchSection.js">
        <metrics statements="11" coveredstatements="10" conditionals="0" coveredconditionals="0" methods="5" coveredmethods="4"/>
        <line num="11" count="7" type="stmt"/>
        <line num="13" count="7" type="stmt"/>
        <line num="21" count="7" type="stmt"/>
        <line num="23" count="3" type="stmt"/>
        <line num="26" count="7" type="stmt"/>
        <line num="27" count="0" type="stmt"/>
        <line num="30" count="7" type="stmt"/>
        <line num="31" count="4" type="stmt"/>
        <line num="33" count="4" type="stmt"/>
        <line num="36" count="4" type="stmt"/>
        <line num="69" count="49" type="stmt"/>
      </file>
      <file name="searchSlice.js" path="C:\Users\u1072234\Desktop\Coding Space\pd-ui\src\features\Container\Search\searchSlice.js">
        <metrics statements="18" coveredstatements="17" conditionals="0" coveredconditionals="0" methods="16" coveredmethods="15"/>
        <line num="2" count="43" type="stmt"/>
        <line num="33" count="1" type="stmt"/>
        <line num="36" count="1" type="stmt"/>
        <line num="39" count="1" type="stmt"/>
        <line num="42" count="1" type="stmt"/>
        <line num="45" count="1" type="stmt"/>
        <line num="48" count="1" type="stmt"/>
        <line num="51" count="1" type="stmt"/>
        <line num="54" count="0" type="stmt"/>
        <line num="68" count="43" type="stmt"/>
        <line num="73" count="43" type="stmt"/>
        <line num="74" count="43" type="stmt"/>
        <line num="75" count="43" type="stmt"/>
        <line num="76" count="43" type="stmt"/>
        <line num="77" count="43" type="stmt"/>
        <line num="78" count="43" type="stmt"/>
        <line num="79" count="43" type="stmt"/>
        <line num="80" count="43" type="stmt"/>
      </file>
    </package>
    <package name="features.Container.Search.Data">
      <metrics statements="6" coveredstatements="6" conditionals="0" coveredconditionals="0" methods="0" coveredmethods="0"/>
      <file name="constants.js" path="C:\Users\u1072234\Desktop\Coding Space\pd-ui\src\features\Container\Search\Data\constants.js">
        <metrics statements="6" coveredstatements="6" conditionals="0" coveredconditionals="0" methods="0" coveredmethods="0"/>
        <line num="1" count="5" type="stmt"/>
        <line num="58" count="5" type="stmt"/>
        <line num="150" count="5" type="stmt"/>
        <line num="178" count="5" type="stmt"/>
        <line num="207" count="5" type="stmt"/>
        <line num="225" count="5" type="stmt"/>
      </file>
    </package>
    <package name="features.Container.Search.__test__">
      <metrics statements="10" coveredstatements="10" conditionals="0" coveredconditionals="0" methods="0" coveredmethods="0"/>
      <file name="data.js" path="C:\Users\u1072234\Desktop\Coding Space\pd-ui\src\features\Container\Search\__test__\data.js">
        <metrics statements="10" coveredstatements="10" conditionals="0" coveredconditionals="0" methods="0" coveredmethods="0"/>
        <line num="1" count="5" type="stmt"/>
        <line num="34" count="5" type="stmt"/>
        <line num="40" count="5" type="stmt"/>
        <line num="86" count="5" type="stmt"/>
        <line num="120" count="5" type="stmt"/>
        <line num="174" count="5" type="stmt"/>
        <line num="280" count="5" type="stmt"/>
        <line num="387" count="5" type="stmt"/>
        <line num="392" count="5" type="stmt"/>
        <line num="457" count="5" type="stmt"/>
      </file>
    </package>
    <package name="store">
      <metrics statements="10" coveredstatements="10" conditionals="0" coveredconditionals="0" methods="5" coveredmethods="5"/>
      <file name="rootReducer.js" path="C:\Users\u1072234\Desktop\Coding Space\pd-ui\src\store\rootReducer.js">
        <metrics statements="1" coveredstatements="1" conditionals="0" coveredconditionals="0" methods="0" coveredmethods="0"/>
        <line num="9" count="41" type="stmt"/>
      </file>
      <file name="rootSaga.js" path="C:\Users\u1072234\Desktop\Coding Space\pd-ui\src\store\rootSaga.js">
        <metrics statements="1" coveredstatements="1" conditionals="0" coveredconditionals="0" methods="1" coveredmethods="1"/>
        <line num="10" count="2" type="stmt"/>
      </file>
      <file name="store.js" path="C:\Users\u1072234\Desktop\Coding Space\pd-ui\src\store\store.js">
        <metrics statements="2" coveredstatements="2" conditionals="0" coveredconditionals="0" methods="0" coveredmethods="0"/>
        <line num="5" count="2" type="stmt"/>
        <line num="12" count="2" type="stmt"/>
      </file>
      <file name="userDetails.js" path="C:\Users\u1072234\Desktop\Coding Space\pd-ui\src\store\userDetails.js">
        <metrics statements="6" coveredstatements="6" conditionals="0" coveredconditionals="0" methods="4" coveredmethods="4"/>
        <line num="3" count="41" type="stmt"/>
        <line num="15" count="1" type="stmt"/>
        <line num="20" count="41" type="stmt"/>
        <line num="25" count="41" type="stmt"/>
        <line num="26" count="94" type="stmt"/>
        <line num="27" count="41" type="stmt"/>
      </file>
    </package>
  </project>
</coverage>
