<?xml version="1.0" encoding="UTF-8"?>
<coverage generated="1640247560599" clover="3.2.0">
  <project timestamp="1640247560599" name="All files">
    <metrics statements="3390" coveredstatements="2794" conditionals="1687" coveredconditionals="1335" methods="822" coveredmethods="697" elements="5899" coveredelements="4826" complexity="0" loc="3390" ncloc="3390" packages="21" files="71" classes="71"/>
    <package name="Routes">
      <metrics statements="6" coveredstatements="6" conditionals="8" coveredconditionals="8" methods="4" coveredmethods="3"/>
      <file name="routes.js" path="C:\Users\U1072231\Desktop\PD\UI\pd-ui\src\Routes\routes.js">
        <metrics statements="6" coveredstatements="6" conditionals="8" coveredconditionals="8" methods="4" coveredmethods="3"/>
        <line num="4" count="2" type="stmt"/>
        <line num="5" count="1" type="stmt"/>
        <line num="17" count="2" type="stmt"/>
        <line num="18" count="2" type="stmt"/>
        <line num="20" count="2" type="stmt"/>
        <line num="21" count="4" type="stmt"/>
      </file>
    </package>
    <package name="features.Components">
      <metrics statements="3" coveredstatements="3" conditionals="0" coveredconditionals="0" methods="1" coveredmethods="1"/>
      <file name="NoResultFound.js" path="C:\Users\U1072231\Desktop\PD\UI\pd-ui\src\features\Components\NoResultFound.js">
        <metrics statements="3" coveredstatements="3" conditionals="0" coveredconditionals="0" methods="1" coveredmethods="1"/>
        <line num="3" count="6" type="stmt"/>
        <line num="4" count="41" type="stmt"/>
        <line num="13" count="41" type="stmt"/>
      </file>
    </package>
    <package name="features.Components.CustomDropdown">
      <metrics statements="67" coveredstatements="58" conditionals="36" coveredconditionals="30" methods="18" coveredmethods="15"/>
      <file name="CustomDropdown.js" path="C:\Users\U1072231\Desktop\PD\UI\pd-ui\src\features\Components\CustomDropdown\CustomDropdown.js">
        <metrics statements="67" coveredstatements="58" conditionals="36" coveredconditionals="30" methods="18" coveredmethods="15"/>
        <line num="5" count="4" type="stmt"/>
        <line num="21" count="84" type="stmt"/>
        <line num="24" count="84" type="stmt"/>
        <line num="25" count="84" type="stmt"/>
        <line num="26" count="84" type="stmt"/>
        <line num="27" count="84" type="stmt"/>
        <line num="28" count="84" type="stmt"/>
        <line num="29" count="84" type="stmt"/>
        <line num="31" count="84" type="stmt"/>
        <line num="32" count="32" type="cond" truecount="2" falsecount="0"/>
        <line num="33" count="1" type="cond" truecount="1" falsecount="1"/>
        <line num="38" count="0" type="stmt"/>
        <line num="39" count="0" type="stmt"/>
        <line num="41" count="1" type="cond" truecount="3" falsecount="1"/>
        <line num="42" count="0" type="stmt"/>
        <line num="44" count="1" type="stmt"/>
        <line num="48" count="32" type="stmt"/>
        <line num="52" count="84" type="stmt"/>
        <line num="53" count="30" type="stmt"/>
        <line num="56" count="84" type="stmt"/>
        <line num="57" count="8" type="stmt"/>
        <line num="58" count="8" type="stmt"/>
        <line num="61" count="10" type="cond" truecount="2" falsecount="0"/>
        <line num="62" count="1" type="stmt"/>
        <line num="64" count="9" type="stmt"/>
        <line num="69" count="84" type="stmt"/>
        <line num="70" count="8" type="stmt"/>
        <line num="71" count="8" type="stmt"/>
        <line num="72" count="8" type="stmt"/>
        <line num="73" count="8" type="stmt"/>
        <line num="74" count="12" type="stmt"/>
        <line num="75" count="12" type="stmt"/>
        <line num="77" count="8" type="stmt"/>
        <line num="78" count="12" type="stmt"/>
        <line num="80" count="8" type="cond" truecount="2" falsecount="0"/>
        <line num="81" count="7" type="stmt"/>
        <line num="83" count="1" type="stmt"/>
        <line num="85" count="8" type="stmt"/>
        <line num="88" count="8" type="stmt"/>
        <line num="89" count="8" type="stmt"/>
        <line num="90" count="8" type="cond" truecount="2" falsecount="0"/>
        <line num="92" count="1" type="stmt"/>
        <line num="93" count="1" type="stmt"/>
        <line num="94" count="1" type="stmt"/>
        <line num="98" count="84" type="stmt"/>
        <line num="99" count="1" type="cond" truecount="1" falsecount="1"/>
        <line num="105" count="0" type="stmt"/>
        <line num="107" count="1" type="stmt"/>
        <line num="108" count="1" type="stmt"/>
        <line num="112" count="84" type="stmt"/>
        <line num="113" count="1" type="stmt"/>
        <line num="114" count="1" type="stmt"/>
        <line num="117" count="84" type="stmt"/>
        <line num="118" count="0" type="stmt"/>
        <line num="122" count="0" type="stmt"/>
        <line num="123" count="0" type="stmt"/>
        <line num="125" count="84" type="stmt"/>
        <line num="126" count="1" type="stmt"/>
        <line num="127" count="1" type="stmt"/>
        <line num="128" count="1" type="stmt"/>
        <line num="130" count="84" type="stmt"/>
        <line num="147" count="8" type="stmt"/>
        <line num="148" count="1" type="stmt"/>
        <line num="158" count="0" type="stmt"/>
        <line num="166" count="90" type="stmt"/>
        <line num="169" count="1" type="stmt"/>
        <line num="181" count="0" type="stmt"/>
      </file>
    </package>
    <package name="features.Components.Dashboard">
      <metrics statements="276" coveredstatements="238" conditionals="277" coveredconditionals="235" methods="93" coveredmethods="82"/>
      <file name="DashboardSearch.js" path="C:\Users\U1072231\Desktop\PD\UI\pd-ui\src\features\Components\Dashboard\DashboardSearch.js">
        <metrics statements="11" coveredstatements="11" conditionals="25" coveredconditionals="25" methods="5" coveredmethods="4"/>
        <line num="11" count="4" type="stmt"/>
        <line num="12" count="4" type="stmt"/>
        <line num="13" count="4" type="stmt"/>
        <line num="14" count="4" type="stmt"/>
        <line num="48" count="32" type="cond" truecount="5" falsecount="0"/>
        <line num="49" count="21" type="stmt"/>
        <line num="57" count="11" type="stmt"/>
        <line num="69" count="1" type="stmt"/>
        <line num="96" count="2" type="cond" truecount="2" falsecount="0"/>
        <line num="97" count="1" type="stmt"/>
        <line num="105" count="1" type="stmt"/>
      </file>
      <file name="FollowingTable.js" path="C:\Users\U1072231\Desktop\PD\UI\pd-ui\src\features\Components\Dashboard\FollowingTable.js">
        <metrics statements="51" coveredstatements="44" conditionals="48" coveredconditionals="33" methods="21" coveredmethods="19"/>
        <line num="21" count="5" type="stmt"/>
        <line num="23" count="5" type="stmt"/>
        <line num="24" count="64" type="stmt"/>
        <line num="31" count="6" type="stmt"/>
        <line num="40" count="64" type="stmt"/>
        <line num="49" count="64" type="stmt"/>
        <line num="55" count="5" type="stmt"/>
        <line num="56" count="64" type="stmt"/>
        <line num="57" count="64" type="cond" truecount="1" falsecount="1"/>
        <line num="58" count="0" type="stmt"/>
        <line num="69" count="64" type="cond" truecount="1" falsecount="1"/>
        <line num="70" count="0" type="stmt"/>
        <line num="81" count="64" type="stmt"/>
        <line num="93" count="64" type="stmt"/>
        <line num="107" count="5" type="stmt"/>
        <line num="108" count="256" type="cond" truecount="3" falsecount="1"/>
        <line num="109" count="0" type="stmt"/>
        <line num="116" count="256" type="cond" truecount="4" falsecount="0"/>
        <line num="117" count="70" type="stmt"/>
        <line num="125" count="186" type="stmt"/>
        <line num="129" count="5" type="stmt"/>
        <line num="130" count="64" type="stmt"/>
        <line num="131" count="64" type="cond" truecount="1" falsecount="1"/>
        <line num="132" count="0" type="stmt"/>
        <line num="145" count="64" type="cond" truecount="1" falsecount="1"/>
        <line num="146" count="0" type="stmt"/>
        <line num="159" count="64" type="stmt"/>
        <line num="172" count="64" type="stmt"/>
        <line num="183" count="5" type="stmt"/>
        <line num="184" count="64" type="stmt"/>
        <line num="186" count="0" type="stmt"/>
        <line num="195" count="24" type="stmt"/>
        <line num="258" count="5" type="stmt"/>
        <line num="259" count="12" type="stmt"/>
        <line num="285" count="6" type="stmt"/>
        <line num="306" count="5" type="stmt"/>
        <line num="317" count="24" type="stmt"/>
        <line num="319" count="24" type="stmt"/>
        <line num="320" count="6" type="stmt"/>
        <line num="321" count="6" type="cond" truecount="2" falsecount="0"/>
        <line num="322" count="1" type="stmt"/>
        <line num="325" count="6" type="cond" truecount="4" falsecount="0"/>
        <line num="326" count="1" type="stmt"/>
        <line num="329" count="24" type="stmt"/>
        <line num="330" count="0" type="stmt"/>
        <line num="337" count="24" type="cond" truecount="2" falsecount="0"/>
        <line num="339" count="35" type="stmt"/>
        <line num="340" count="35" type="stmt"/>
        <line num="349" count="35" type="stmt"/>
        <line num="351" count="24" type="stmt"/>
        <line num="363" count="45" type="stmt"/>
      </file>
      <file name="ProtocolTable.js" path="C:\Users\U1072231\Desktop\PD\UI\pd-ui\src\features\Components\Dashboard\ProtocolTable.js">
        <metrics statements="93" coveredstatements="82" conditionals="92" coveredconditionals="84" methods="29" coveredmethods="26"/>
        <line num="33" count="4" type="stmt"/>
        <line num="35" count="4" type="stmt"/>
        <line num="47" count="64" type="stmt"/>
        <line num="54" count="3" type="stmt"/>
        <line num="72" count="5" type="stmt"/>
        <line num="82" count="6" type="stmt"/>
        <line num="90" count="4" type="stmt"/>
        <line num="91" count="64" type="cond" truecount="2" falsecount="0"/>
        <line num="92" count="4" type="stmt"/>
        <line num="117" count="60" type="stmt"/>
        <line num="138" count="4" type="stmt"/>
        <line num="139" count="128" type="cond" truecount="3" falsecount="1"/>
        <line num="140" count="0" type="stmt"/>
        <line num="147" count="128" type="cond" truecount="4" falsecount="0"/>
        <line num="148" count="22" type="stmt"/>
        <line num="156" count="106" type="stmt"/>
        <line num="160" count="4" type="stmt"/>
        <line num="161" count="64" type="cond" truecount="5" falsecount="0"/>
        <line num="162" count="12" type="cond" truecount="4" falsecount="0"/>
        <line num="164" count="6" type="stmt"/>
        <line num="170" count="0" type="stmt"/>
        <line num="179" count="6" type="stmt"/>
        <line num="184" count="1" type="stmt"/>
        <line num="189" count="52" type="cond" truecount="5" falsecount="0"/>
        <line num="190" count="2" type="cond" truecount="3" falsecount="1"/>
        <line num="191" count="0" type="stmt"/>
        <line num="197" count="2" type="stmt"/>
        <line num="199" count="50" type="cond" truecount="4" falsecount="0"/>
        <line num="200" count="14" type="stmt"/>
        <line num="208" count="36" type="stmt"/>
        <line num="212" count="4" type="stmt"/>
        <line num="213" count="52" type="cond" truecount="4" falsecount="0"/>
        <line num="215" count="36" type="stmt"/>
        <line num="217" count="4" type="stmt"/>
        <line num="219" count="2" type="stmt"/>
        <line num="221" count="10" type="stmt"/>
        <line num="224" count="4" type="stmt"/>
        <line num="225" count="64" type="cond" truecount="8" falsecount="0"/>
        <line num="227" count="6" type="stmt"/>
        <line num="229" count="10" type="stmt"/>
        <line num="231" count="10" type="stmt"/>
        <line num="233" count="6" type="stmt"/>
        <line num="235" count="4" type="stmt"/>
        <line num="237" count="12" type="stmt"/>
        <line num="239" count="6" type="stmt"/>
        <line num="241" count="10" type="stmt"/>
        <line num="245" count="4" type="stmt"/>
        <line num="246" count="64" type="stmt"/>
        <line num="247" count="64" type="stmt"/>
        <line num="256" count="4" type="stmt"/>
        <line num="257" count="52" type="stmt"/>
        <line num="258" count="52" type="stmt"/>
        <line num="268" count="30" type="stmt"/>
        <line num="323" count="30" type="stmt"/>
        <line num="326" count="4" type="stmt"/>
        <line num="327" count="11" type="stmt"/>
        <line num="328" count="11" type="stmt"/>
        <line num="330" count="11" type="stmt"/>
        <line num="331" count="1" type="stmt"/>
        <line num="333" count="1" type="stmt"/>
        <line num="334" count="1" type="stmt"/>
        <line num="336" count="1" type="stmt"/>
        <line num="344" count="1" type="stmt"/>
        <line num="345" count="0" type="cond" truecount="0" falsecount="2"/>
        <line num="346" count="0" type="stmt"/>
        <line num="348" count="0" type="cond" truecount="0" falsecount="2"/>
        <line num="349" count="0" type="stmt"/>
        <line num="351" count="0" type="stmt"/>
        <line num="354" count="0" type="stmt"/>
        <line num="356" count="11" type="stmt"/>
        <line num="444" count="1" type="stmt"/>
        <line num="454" count="0" type="stmt"/>
        <line num="475" count="4" type="stmt"/>
        <line num="484" count="30" type="stmt"/>
        <line num="485" count="30" type="stmt"/>
        <line num="486" count="30" type="stmt"/>
        <line num="488" count="30" type="stmt"/>
        <line num="489" count="25" type="stmt"/>
        <line num="491" count="30" type="stmt"/>
        <line num="492" count="3" type="stmt"/>
        <line num="493" count="3" type="cond" truecount="1" falsecount="1"/>
        <line num="494" count="0" type="stmt"/>
        <line num="499" count="30" type="stmt"/>
        <line num="500" count="5" type="stmt"/>
        <line num="501" count="5" type="cond" truecount="2" falsecount="0"/>
        <line num="502" count="1" type="stmt"/>
        <line num="506" count="30" type="stmt"/>
        <line num="507" count="1" type="stmt"/>
        <line num="513" count="30" type="stmt"/>
        <line num="520" count="32" type="stmt"/>
        <line num="521" count="32" type="stmt"/>
        <line num="531" count="32" type="stmt"/>
        <line num="541" count="60" type="stmt"/>
      </file>
      <file name="QCTable.js" path="C:\Users\U1072231\Desktop\PD\UI\pd-ui\src\features\Components\Dashboard\QCTable.js">
        <metrics statements="92" coveredstatements="75" conditionals="92" coveredconditionals="81" methods="29" coveredmethods="24"/>
        <line num="34" count="4" type="stmt"/>
        <line num="46" count="60" type="stmt"/>
        <line num="53" count="1" type="stmt"/>
        <line num="71" count="5" type="stmt"/>
        <line num="81" count="2" type="stmt"/>
        <line num="88" count="4" type="stmt"/>
        <line num="89" count="60" type="cond" truecount="2" falsecount="0"/>
        <line num="90" count="2" type="stmt"/>
        <line num="115" count="58" type="stmt"/>
        <line num="136" count="4" type="stmt"/>
        <line num="137" count="120" type="cond" truecount="3" falsecount="1"/>
        <line num="138" count="0" type="stmt"/>
        <line num="145" count="120" type="cond" truecount="4" falsecount="0"/>
        <line num="146" count="12" type="stmt"/>
        <line num="154" count="108" type="stmt"/>
        <line num="158" count="4" type="stmt"/>
        <line num="159" count="60" type="cond" truecount="5" falsecount="0"/>
        <line num="160" count="22" type="cond" truecount="4" falsecount="0"/>
        <line num="162" count="4" type="stmt"/>
        <line num="168" count="0" type="stmt"/>
        <line num="177" count="18" type="stmt"/>
        <line num="182" count="3" type="stmt"/>
        <line num="187" count="38" type="cond" truecount="5" falsecount="0"/>
        <line num="188" count="2" type="cond" truecount="3" falsecount="1"/>
        <line num="189" count="0" type="stmt"/>
        <line num="195" count="2" type="stmt"/>
        <line num="197" count="36" type="cond" truecount="4" falsecount="0"/>
        <line num="198" count="12" type="stmt"/>
        <line num="206" count="24" type="stmt"/>
        <line num="210" count="4" type="stmt"/>
        <line num="211" count="38" type="cond" truecount="4" falsecount="0"/>
        <line num="213" count="6" type="stmt"/>
        <line num="215" count="4" type="stmt"/>
        <line num="217" count="2" type="stmt"/>
        <line num="219" count="26" type="stmt"/>
        <line num="222" count="4" type="stmt"/>
        <line num="223" count="60" type="cond" truecount="8" falsecount="0"/>
        <line num="225" count="4" type="stmt"/>
        <line num="227" count="10" type="stmt"/>
        <line num="229" count="10" type="stmt"/>
        <line num="231" count="8" type="stmt"/>
        <line num="233" count="4" type="stmt"/>
        <line num="235" count="12" type="stmt"/>
        <line num="237" count="6" type="stmt"/>
        <line num="239" count="6" type="stmt"/>
        <line num="243" count="4" type="stmt"/>
        <line num="244" count="60" type="stmt"/>
        <line num="245" count="60" type="stmt"/>
        <line num="254" count="4" type="stmt"/>
        <line num="255" count="38" type="stmt"/>
        <line num="256" count="38" type="stmt"/>
        <line num="266" count="28" type="stmt"/>
        <line num="321" count="28" type="stmt"/>
        <line num="324" count="4" type="stmt"/>
        <line num="325" count="10" type="stmt"/>
        <line num="326" count="10" type="stmt"/>
        <line num="328" count="10" type="stmt"/>
        <line num="329" count="0" type="stmt"/>
        <line num="331" count="0" type="stmt"/>
        <line num="332" count="0" type="stmt"/>
        <line num="334" count="0" type="stmt"/>
        <line num="342" count="0" type="stmt"/>
        <line num="343" count="0" type="cond" truecount="0" falsecount="2"/>
        <line num="344" count="0" type="stmt"/>
        <line num="346" count="0" type="cond" truecount="0" falsecount="2"/>
        <line num="347" count="0" type="stmt"/>
        <line num="349" count="0" type="stmt"/>
        <line num="352" count="0" type="stmt"/>
        <line num="354" count="10" type="stmt"/>
        <line num="442" count="0" type="stmt"/>
        <line num="452" count="0" type="stmt"/>
        <line num="473" count="4" type="stmt"/>
        <line num="482" count="28" type="stmt"/>
        <line num="483" count="28" type="stmt"/>
        <line num="484" count="28" type="stmt"/>
        <line num="486" count="28" type="stmt"/>
        <line num="487" count="23" type="stmt"/>
        <line num="489" count="28" type="stmt"/>
        <line num="490" count="1" type="stmt"/>
        <line num="491" count="1" type="cond" truecount="1" falsecount="1"/>
        <line num="492" count="0" type="stmt"/>
        <line num="497" count="28" type="stmt"/>
        <line num="498" count="5" type="stmt"/>
        <line num="499" count="5" type="cond" truecount="2" falsecount="0"/>
        <line num="500" count="1" type="stmt"/>
        <line num="504" count="28" type="stmt"/>
        <line num="505" count="3" type="stmt"/>
        <line num="511" count="28" type="stmt"/>
        <line num="518" count="30" type="stmt"/>
        <line num="519" count="30" type="stmt"/>
        <line num="529" count="30" type="stmt"/>
        <line num="539" count="56" type="stmt"/>
      </file>
      <file name="columns.js" path="C:\Users\U1072231\Desktop\PD\UI\pd-ui\src\features\Components\Dashboard\columns.js">
        <metrics statements="29" coveredstatements="26" conditionals="20" coveredconditionals="12" methods="9" coveredmethods="9"/>
        <line num="18" count="5" type="stmt"/>
        <line num="19" count="7" type="stmt"/>
        <line num="20" count="7" type="stmt"/>
        <line num="21" count="7" type="stmt"/>
        <line num="22" count="1" type="stmt"/>
        <line num="23" count="1" type="stmt"/>
        <line num="24" count="1" type="stmt"/>
        <line num="25" count="1" type="stmt"/>
        <line num="33" count="1" type="stmt"/>
        <line num="44" count="0" type="stmt"/>
        <line num="46" count="7" type="stmt"/>
        <line num="60" count="1" type="stmt"/>
        <line num="72" count="5" type="stmt"/>
        <line num="73" count="6" type="stmt"/>
        <line num="75" count="5" type="stmt"/>
        <line num="76" count="6" type="cond" truecount="2" falsecount="0"/>
        <line num="79" count="5" type="stmt"/>
        <line num="80" count="6" type="cond" truecount="1" falsecount="1"/>
        <line num="83" count="5" type="stmt"/>
        <line num="84" count="6" type="cond" truecount="2" falsecount="0"/>
        <line num="86" count="5" type="stmt"/>
        <line num="87" count="6" type="stmt"/>
        <line num="88" count="6" type="cond" truecount="1" falsecount="1"/>
        <line num="89" count="0" type="stmt"/>
        <line num="102" count="6" type="cond" truecount="1" falsecount="1"/>
        <line num="103" count="0" type="stmt"/>
        <line num="116" count="6" type="stmt"/>
        <line num="129" count="6" type="stmt"/>
        <line num="136" count="5" type="stmt"/>
      </file>
    </package>
    <package name="features.Components.DocumentsTable">
      <metrics statements="72" coveredstatements="64" conditionals="36" coveredconditionals="29" methods="22" coveredmethods="19"/>
      <file name="AssociateDocumentsTable.js" path="C:\Users\U1072231\Desktop\PD\UI\pd-ui\src\features\Components\DocumentsTable\AssociateDocumentsTable.js">
        <metrics statements="52" coveredstatements="45" conditionals="34" coveredconditionals="27" methods="17" coveredmethods="14"/>
        <line num="19" count="3" type="stmt"/>
        <line num="20" count="108" type="cond" truecount="4" falsecount="0"/>
        <line num="21" count="18" type="stmt"/>
        <line num="27" count="10" type="stmt"/>
        <line num="33" count="90" type="cond" truecount="4" falsecount="0"/>
        <line num="34" count="33" type="stmt"/>
        <line num="45" count="4" type="stmt"/>
        <line num="51" count="57" type="stmt"/>
        <line num="60" count="10" type="stmt"/>
        <line num="67" count="3" type="stmt"/>
        <line num="68" count="115" type="stmt"/>
        <line num="69" count="115" type="stmt"/>
        <line num="70" count="115" type="stmt"/>
        <line num="71" count="115" type="stmt"/>
        <line num="72" count="1" type="stmt"/>
        <line num="73" count="1" type="stmt"/>
        <line num="74" count="1" type="stmt"/>
        <line num="75" count="1" type="stmt"/>
        <line num="76" count="1" type="stmt"/>
        <line num="83" count="1" type="stmt"/>
        <line num="94" count="0" type="stmt"/>
        <line num="96" count="115" type="stmt"/>
        <line num="99" count="1" type="stmt"/>
        <line num="106" count="3" type="stmt"/>
        <line num="107" count="114" type="stmt"/>
        <line num="108" count="114" type="stmt"/>
        <line num="109" count="0" type="stmt"/>
        <line num="110" count="0" type="stmt"/>
        <line num="112" count="114" type="cond" truecount="1" falsecount="1"/>
        <line num="113" count="0" type="stmt"/>
        <line num="119" count="0" type="stmt"/>
        <line num="130" count="114" type="cond" truecount="1" falsecount="1"/>
        <line num="131" count="0" type="stmt"/>
        <line num="137" count="0" type="stmt"/>
        <line num="148" count="114" type="stmt"/>
        <line num="155" count="3" type="stmt"/>
        <line num="156" count="114" type="cond" truecount="2" falsecount="0"/>
        <line num="159" count="3" type="stmt"/>
        <line num="160" count="228" type="stmt"/>
        <line num="161" count="228" type="cond" truecount="2" falsecount="0"/>
        <line num="162" count="188" type="stmt"/>
        <line num="170" count="40" type="stmt"/>
        <line num="173" count="3" type="stmt"/>
        <line num="174" count="114" type="stmt"/>
        <line num="177" count="3" type="stmt"/>
        <line num="218" count="3" type="stmt"/>
        <line num="256" count="3" type="stmt"/>
        <line num="264" count="39" type="stmt"/>
        <line num="272" count="109" type="stmt"/>
        <line num="273" count="109" type="stmt"/>
        <line num="279" count="109" type="stmt"/>
        <line num="285" count="42" type="stmt"/>
      </file>
      <file name="DocumentsTable.js" path="C:\Users\U1072231\Desktop\PD\UI\pd-ui\src\features\Components\DocumentsTable\DocumentsTable.js">
        <metrics statements="20" coveredstatements="19" conditionals="2" coveredconditionals="2" methods="5" coveredmethods="5"/>
        <line num="10" count="3" type="stmt"/>
        <line num="11" count="7" type="stmt"/>
        <line num="12" count="7" type="stmt"/>
        <line num="13" count="7" type="stmt"/>
        <line num="14" count="7" type="stmt"/>
        <line num="15" count="1" type="stmt"/>
        <line num="16" count="1" type="stmt"/>
        <line num="17" count="1" type="stmt"/>
        <line num="18" count="1" type="stmt"/>
        <line num="19" count="1" type="stmt"/>
        <line num="26" count="1" type="stmt"/>
        <line num="37" count="0" type="stmt"/>
        <line num="39" count="7" type="stmt"/>
        <line num="45" count="1" type="stmt"/>
        <line num="52" count="3" type="stmt"/>
        <line num="53" count="6" type="stmt"/>
        <line num="54" count="6" type="stmt"/>
        <line num="63" count="3" type="stmt"/>
        <line num="80" count="3" type="stmt"/>
        <line num="81" count="6" type="stmt"/>
      </file>
    </package>
    <package name="features.Components.Loader">
      <metrics statements="2" coveredstatements="2" conditionals="0" coveredconditionals="0" methods="1" coveredmethods="1"/>
      <file name="Loader.js" path="C:\Users\U1072231\Desktop\PD\UI\pd-ui\src\features\Components\Loader\Loader.js">
        <metrics statements="2" coveredstatements="2" conditionals="0" coveredconditionals="0" methods="1" coveredmethods="1"/>
        <line num="4" count="17" type="stmt"/>
        <line num="5" count="56" type="stmt"/>
      </file>
    </package>
    <package name="features.Container.Admin">
      <metrics statements="695" coveredstatements="602" conditionals="256" coveredconditionals="207" methods="170" coveredmethods="156"/>
      <file name="AddNewMapping.js" path="C:\Users\U1072231\Desktop\PD\UI\pd-ui\src\features\Container\Admin\AddNewMapping.js">
        <metrics statements="77" coveredstatements="71" conditionals="40" coveredconditionals="37" methods="18" coveredmethods="15"/>
        <line num="22" count="4" type="stmt"/>
        <line num="29" count="4" type="stmt"/>
        <line num="35" count="4" type="stmt"/>
        <line num="38" count="51" type="stmt"/>
        <line num="39" count="51" type="stmt"/>
        <line num="40" count="51" type="stmt"/>
        <line num="41" count="51" type="stmt"/>
        <line num="42" count="51" type="stmt"/>
        <line num="43" count="51" type="stmt"/>
        <line num="44" count="51" type="stmt"/>
        <line num="45" count="51" type="stmt"/>
        <line num="47" count="51" type="stmt"/>
        <line num="48" count="26" type="cond" truecount="2" falsecount="0"/>
        <line num="49" count="8" type="stmt"/>
        <line num="55" count="8" type="stmt"/>
        <line num="56" count="8" type="stmt"/>
        <line num="57" count="8" type="stmt"/>
        <line num="58" count="8" type="stmt"/>
        <line num="59" count="8" type="stmt"/>
        <line num="65" count="51" type="stmt"/>
        <line num="66" count="2" type="stmt"/>
        <line num="67" count="2" type="cond" truecount="2" falsecount="0"/>
        <line num="68" count="1" type="stmt"/>
        <line num="69" count="1" type="stmt"/>
        <line num="71" count="2" type="cond" truecount="2" falsecount="0"/>
        <line num="72" count="1" type="stmt"/>
        <line num="73" count="1" type="stmt"/>
        <line num="75" count="2" type="cond" truecount="2" falsecount="0"/>
        <line num="76" count="1" type="stmt"/>
        <line num="77" count="1" type="stmt"/>
        <line num="79" count="2" type="cond" truecount="2" falsecount="0"/>
        <line num="80" count="1" type="stmt"/>
        <line num="81" count="1" type="stmt"/>
        <line num="84" count="2" type="stmt"/>
        <line num="85" count="2" type="cond" truecount="2" falsecount="0"/>
        <line num="92" count="1" type="stmt"/>
        <line num="96" count="51" type="stmt"/>
        <line num="97" count="11" type="stmt"/>
        <line num="98" count="11" type="stmt"/>
        <line num="99" count="11" type="cond" truecount="4" falsecount="0"/>
        <line num="100" count="2" type="stmt"/>
        <line num="101" count="2" type="stmt"/>
        <line num="102" count="9" type="cond" truecount="4" falsecount="0"/>
        <line num="103" count="1" type="stmt"/>
        <line num="104" count="1" type="stmt"/>
        <line num="106" count="11" type="stmt"/>
        <line num="108" count="51" type="stmt"/>
        <line num="109" count="4" type="stmt"/>
        <line num="110" count="4" type="stmt"/>
        <line num="111" count="4" type="cond" truecount="5" falsecount="0"/>
        <line num="112" count="1" type="stmt"/>
        <line num="113" count="1" type="stmt"/>
        <line num="114" count="3" type="cond" truecount="2" falsecount="0"/>
        <line num="115" count="1" type="stmt"/>
        <line num="116" count="1" type="stmt"/>
        <line num="118" count="2" type="stmt"/>
        <line num="119" count="2" type="stmt"/>
        <line num="121" count="4" type="cond" truecount="2" falsecount="2"/>
        <line num="122" count="0" type="stmt"/>
        <line num="123" count="0" type="stmt"/>
        <line num="125" count="4" type="stmt"/>
        <line num="128" count="51" type="stmt"/>
        <line num="133" count="1" type="stmt"/>
        <line num="141" count="1" type="stmt"/>
        <line num="158" count="3" type="stmt"/>
        <line num="159" count="2" type="stmt"/>
        <line num="171" count="3" type="stmt"/>
        <line num="172" count="2" type="stmt"/>
        <line num="181" count="0" type="stmt"/>
        <line num="187" count="3" type="stmt"/>
        <line num="188" count="3" type="stmt"/>
        <line num="194" count="74" type="stmt"/>
        <line num="205" count="0" type="stmt"/>
        <line num="211" count="0" type="stmt"/>
        <line num="212" count="0" type="stmt"/>
        <line num="218" count="102" type="cond" truecount="2" falsecount="0"/>
        <line num="229" count="2" type="stmt"/>
      </file>
      <file name="Admin.js" path="C:\Users\U1072231\Desktop\PD\UI\pd-ui\src\features\Container\Admin\Admin.js">
        <metrics statements="16" coveredstatements="13" conditionals="13" coveredconditionals="8" methods="4" coveredmethods="3"/>
        <line num="22" count="1" type="stmt"/>
        <line num="23" count="1" type="stmt"/>
        <line num="24" count="1" type="stmt"/>
        <line num="25" count="1" type="stmt"/>
        <line num="26" count="1" type="stmt"/>
        <line num="27" count="1" type="stmt"/>
        <line num="28" count="1" type="stmt"/>
        <line num="30" count="1" type="stmt"/>
        <line num="31" count="1" type="cond" truecount="3" falsecount="1"/>
        <line num="32" count="0" type="stmt"/>
        <line num="33" count="0" type="stmt"/>
        <line num="37" count="1" type="stmt"/>
        <line num="38" count="1" type="stmt"/>
        <line num="41" count="1" type="stmt"/>
        <line num="42" count="0" type="stmt"/>
        <line num="44" count="1" type="stmt"/>
      </file>
      <file name="BulkMap.js" path="C:\Users\U1072231\Desktop\PD\UI\pd-ui\src\features\Container\Admin\BulkMap.js">
        <metrics statements="26" coveredstatements="20" conditionals="10" coveredconditionals="5" methods="8" coveredmethods="6"/>
        <line num="22" count="30" type="stmt"/>
        <line num="23" count="30" type="stmt"/>
        <line num="24" count="30" type="stmt"/>
        <line num="25" count="30" type="stmt"/>
        <line num="26" count="30" type="stmt"/>
        <line num="27" count="30" type="stmt"/>
        <line num="28" count="30" type="stmt"/>
        <line num="29" count="3" type="cond" truecount="1" falsecount="1"/>
        <line num="30" count="3" type="stmt"/>
        <line num="32" count="0" type="stmt"/>
        <line num="39" count="30" type="stmt"/>
        <line num="40" count="0" type="cond" truecount="0" falsecount="2"/>
        <line num="44" count="0" type="stmt"/>
        <line num="46" count="0" type="stmt"/>
        <line num="54" count="30" type="stmt"/>
        <line num="55" count="1" type="stmt"/>
        <line num="56" count="1" type="stmt"/>
        <line num="57" count="1" type="stmt"/>
        <line num="60" count="30" type="stmt"/>
        <line num="61" count="30" type="cond" truecount="1" falsecount="1"/>
        <line num="62" count="0" type="stmt"/>
        <line num="69" count="0" type="stmt"/>
        <line num="79" count="30" type="stmt"/>
        <line num="84" count="6" type="stmt"/>
        <line num="92" count="1" type="stmt"/>
        <line num="93" count="1" type="stmt"/>
      </file>
      <file name="MappingSearch.js" path="C:\Users\U1072231\Desktop\PD\UI\pd-ui\src\features\Container\Admin\MappingSearch.js">
        <metrics statements="30" coveredstatements="30" conditionals="18" coveredconditionals="17" methods="10" coveredmethods="10"/>
        <line num="14" count="15" type="stmt"/>
        <line num="15" count="14" type="stmt"/>
        <line num="16" count="14" type="stmt"/>
        <line num="17" count="14" type="stmt"/>
        <line num="18" count="14" type="stmt"/>
        <line num="21" count="14" type="stmt"/>
        <line num="22" count="9" type="stmt"/>
        <line num="23" count="9" type="stmt"/>
        <line num="26" count="14" type="stmt"/>
        <line num="27" count="4" type="cond" truecount="2" falsecount="0"/>
        <line num="28" count="2" type="stmt"/>
        <line num="29" count="2" type="cond" truecount="1" falsecount="1"/>
        <line num="30" count="2" type="stmt"/>
        <line num="34" count="14" type="stmt"/>
        <line num="35" count="4" type="stmt"/>
        <line num="36" count="4" type="cond" truecount="5" falsecount="0"/>
        <line num="37" count="1" type="stmt"/>
        <line num="38" count="3" type="cond" truecount="2" falsecount="0"/>
        <line num="39" count="1" type="stmt"/>
        <line num="43" count="14" type="stmt"/>
        <line num="44" count="2" type="cond" truecount="5" falsecount="0"/>
        <line num="45" count="1" type="stmt"/>
        <line num="47" count="1" type="stmt"/>
        <line num="51" count="1" type="stmt"/>
        <line num="54" count="14" type="stmt"/>
        <line num="65" count="2" type="stmt"/>
        <line num="66" count="2" type="stmt"/>
        <line num="77" count="2" type="stmt"/>
        <line num="78" count="2" type="stmt"/>
        <line num="87" count="2" type="stmt"/>
      </file>
      <file name="MappingTable.js" path="C:\Users\U1072231\Desktop\PD\UI\pd-ui\src\features\Container\Admin\MappingTable.js">
        <metrics statements="16" coveredstatements="15" conditionals="4" coveredconditionals="3" methods="7" coveredmethods="7"/>
        <line num="15" count="3" type="stmt"/>
        <line num="16" count="16" type="stmt"/>
        <line num="18" count="3" type="stmt"/>
        <line num="19" count="8" type="stmt"/>
        <line num="25" count="1" type="stmt"/>
        <line num="36" count="3" type="stmt"/>
        <line num="77" count="3" type="stmt"/>
        <line num="78" count="6" type="stmt"/>
        <line num="80" count="6" type="stmt"/>
        <line num="82" count="6" type="stmt"/>
        <line num="83" count="1" type="stmt"/>
        <line num="86" count="1" type="cond" truecount="1" falsecount="1"/>
        <line num="87" count="0" type="stmt"/>
        <line num="94" count="6" type="stmt"/>
        <line num="101" count="4" type="stmt"/>
        <line num="111" count="10" type="stmt"/>
      </file>
      <file name="NewUser.js" path="C:\Users\U1072231\Desktop\PD\UI\pd-ui\src\features\Container\Admin\NewUser.js">
        <metrics statements="107" coveredstatements="106" conditionals="57" coveredconditionals="51" methods="20" coveredmethods="19"/>
        <line num="26" count="3" type="stmt"/>
        <line num="37" count="77" type="stmt"/>
        <line num="38" count="77" type="stmt"/>
        <line num="39" count="77" type="stmt"/>
        <line num="40" count="77" type="stmt"/>
        <line num="41" count="77" type="stmt"/>
        <line num="42" count="77" type="stmt"/>
        <line num="43" count="77" type="stmt"/>
        <line num="44" count="77" type="stmt"/>
        <line num="45" count="77" type="stmt"/>
        <line num="46" count="77" type="stmt"/>
        <line num="48" count="77" type="stmt"/>
        <line num="49" count="9" type="stmt"/>
        <line num="50" count="9" type="cond" truecount="2" falsecount="0"/>
        <line num="51" count="8" type="stmt"/>
        <line num="52" count="8" type="stmt"/>
        <line num="54" count="1" type="stmt"/>
        <line num="55" count="1" type="stmt"/>
        <line num="57" count="9" type="cond" truecount="2" falsecount="0"/>
        <line num="58" count="8" type="stmt"/>
        <line num="59" count="8" type="stmt"/>
        <line num="61" count="1" type="stmt"/>
        <line num="62" count="1" type="stmt"/>
        <line num="64" count="9" type="cond" truecount="2" falsecount="0"/>
        <line num="65" count="7" type="stmt"/>
        <line num="66" count="7" type="stmt"/>
        <line num="67" count="2" type="cond" truecount="2" falsecount="0"/>
        <line num="72" count="1" type="stmt"/>
        <line num="73" count="1" type="stmt"/>
        <line num="75" count="1" type="stmt"/>
        <line num="76" count="1" type="stmt"/>
        <line num="78" count="9" type="cond" truecount="2" falsecount="0"/>
        <line num="79" count="8" type="stmt"/>
        <line num="80" count="8" type="stmt"/>
        <line num="82" count="1" type="stmt"/>
        <line num="83" count="1" type="stmt"/>
        <line num="85" count="9" type="cond" truecount="2" falsecount="0"/>
        <line num="86" count="7" type="stmt"/>
        <line num="87" count="7" type="stmt"/>
        <line num="88" count="2" type="cond" truecount="4" falsecount="0"/>
        <line num="89" count="1" type="stmt"/>
        <line num="90" count="1" type="stmt"/>
        <line num="92" count="1" type="stmt"/>
        <line num="93" count="1" type="stmt"/>
        <line num="95" count="9" type="cond" truecount="2" falsecount="0"/>
        <line num="96" count="8" type="stmt"/>
        <line num="97" count="8" type="stmt"/>
        <line num="99" count="1" type="stmt"/>
        <line num="100" count="1" type="stmt"/>
        <line num="103" count="9" type="stmt"/>
        <line num="104" count="9" type="cond" truecount="2" falsecount="0"/>
        <line num="113" count="1" type="stmt"/>
        <line num="117" count="77" type="stmt"/>
        <line num="118" count="11" type="stmt"/>
        <line num="120" count="11" type="stmt"/>
        <line num="121" count="11" type="stmt"/>
        <line num="123" count="77" type="stmt"/>
        <line num="124" count="5" type="stmt"/>
        <line num="125" count="5" type="cond" truecount="4" falsecount="0"/>
        <line num="126" count="3" type="stmt"/>
        <line num="127" count="3" type="stmt"/>
        <line num="128" count="2" type="cond" truecount="2" falsecount="0"/>
        <line num="129" count="1" type="stmt"/>
        <line num="130" count="1" type="stmt"/>
        <line num="131" count="1" type="stmt"/>
        <line num="133" count="1" type="stmt"/>
        <line num="134" count="1" type="stmt"/>
        <line num="136" count="5" type="stmt"/>
        <line num="138" count="77" type="stmt"/>
        <line num="139" count="9" type="stmt"/>
        <line num="140" count="9" type="stmt"/>
        <line num="142" count="9" type="cond" truecount="5" falsecount="0"/>
        <line num="143" count="2" type="stmt"/>
        <line num="144" count="2" type="stmt"/>
        <line num="145" count="7" type="cond" truecount="2" falsecount="0"/>
        <line num="152" count="1" type="stmt"/>
        <line num="153" count="1" type="stmt"/>
        <line num="154" count="6" type="cond" truecount="2" falsecount="0"/>
        <line num="155" count="1" type="stmt"/>
        <line num="156" count="1" type="stmt"/>
        <line num="158" count="5" type="stmt"/>
        <line num="159" count="5" type="stmt"/>
        <line num="161" count="9" type="stmt"/>
        <line num="163" count="77" type="stmt"/>
        <line num="168" count="1" type="stmt"/>
        <line num="176" count="1" type="stmt"/>
        <line num="177" count="1" type="stmt"/>
        <line num="178" count="1" type="stmt"/>
        <line num="179" count="1" type="stmt"/>
        <line num="180" count="1" type="stmt"/>
        <line num="181" count="1" type="stmt"/>
        <line num="182" count="1" type="stmt"/>
        <line num="201" count="6" type="stmt"/>
        <line num="202" count="4" type="stmt"/>
        <line num="216" count="5" type="stmt"/>
        <line num="226" count="0" type="stmt"/>
        <line num="232" count="2" type="stmt"/>
        <line num="233" count="2" type="stmt"/>
        <line num="239" count="244" type="stmt"/>
        <line num="263" count="2" type="stmt"/>
        <line num="264" count="1" type="stmt"/>
        <line num="279" count="2" type="stmt"/>
        <line num="280" count="1" type="stmt"/>
        <line num="295" count="3" type="stmt"/>
        <line num="296" count="2" type="stmt"/>
        <line num="311" count="2" type="stmt"/>
        <line num="312" count="1" type="stmt"/>
      </file>
      <file name="ProtocolMap.js" path="C:\Users\U1072231\Desktop\PD\UI\pd-ui\src\features\Container\Admin\ProtocolMap.js">
        <metrics statements="2" coveredstatements="2" conditionals="0" coveredconditionals="0" methods="1" coveredmethods="1"/>
        <line num="7" count="3" type="stmt"/>
        <line num="8" count="2" type="stmt"/>
      </file>
      <file name="UsersRole.js" path="C:\Users\U1072231\Desktop\PD\UI\pd-ui\src\features\Container\Admin\UsersRole.js">
        <metrics statements="48" coveredstatements="44" conditionals="14" coveredconditionals="11" methods="13" coveredmethods="12"/>
        <line num="22" count="2" type="stmt"/>
        <line num="27" count="2" type="stmt"/>
        <line num="40" count="2" type="stmt"/>
        <line num="41" count="13" type="stmt"/>
        <line num="46" count="0" type="stmt"/>
        <line num="54" count="2" type="stmt"/>
        <line num="55" count="13" type="stmt"/>
        <line num="56" count="13" type="stmt"/>
        <line num="57" count="13" type="stmt"/>
        <line num="58" count="13" type="stmt"/>
        <line num="59" count="13" type="stmt"/>
        <line num="60" count="13" type="stmt"/>
        <line num="61" count="1" type="stmt"/>
        <line num="63" count="13" type="stmt"/>
        <line num="64" count="3" type="stmt"/>
        <line num="65" count="3" type="cond" truecount="2" falsecount="0"/>
        <line num="66" count="2" type="stmt"/>
        <line num="67" count="2" type="stmt"/>
        <line num="69" count="3" type="cond" truecount="2" falsecount="0"/>
        <line num="70" count="2" type="stmt"/>
        <line num="71" count="2" type="stmt"/>
        <line num="73" count="3" type="stmt"/>
        <line num="74" count="3" type="cond" truecount="4" falsecount="0"/>
        <line num="75" count="1" type="stmt"/>
        <line num="76" count="1" type="cond" truecount="1" falsecount="1"/>
        <line num="77" count="0" type="stmt"/>
        <line num="81" count="13" type="stmt"/>
        <line num="82" count="2" type="stmt"/>
        <line num="83" count="2" type="stmt"/>
        <line num="84" count="2" type="stmt"/>
        <line num="86" count="13" type="stmt"/>
        <line num="87" count="2" type="stmt"/>
        <line num="88" count="2" type="cond" truecount="1" falsecount="1"/>
        <line num="89" count="0" type="stmt"/>
        <line num="90" count="0" type="stmt"/>
        <line num="92" count="2" type="stmt"/>
        <line num="93" count="2" type="stmt"/>
        <line num="95" count="2" type="stmt"/>
        <line num="98" count="13" type="stmt"/>
        <line num="107" count="13" type="stmt"/>
        <line num="114" count="1" type="stmt"/>
        <line num="115" count="1" type="stmt"/>
        <line num="116" count="1" type="stmt"/>
        <line num="117" count="1" type="stmt"/>
        <line num="134" count="1" type="stmt"/>
        <line num="135" count="1" type="stmt"/>
        <line num="148" count="1" type="stmt"/>
        <line num="149" count="1" type="stmt"/>
      </file>
      <file name="UsersTable.js" path="C:\Users\U1072231\Desktop\PD\UI\pd-ui\src\features\Container\Admin\UsersTable.js">
        <metrics statements="28" coveredstatements="25" conditionals="6" coveredconditionals="4" methods="13" coveredmethods="13"/>
        <line num="11" count="2" type="stmt"/>
        <line num="12" count="25" type="stmt"/>
        <line num="17" count="1" type="stmt"/>
        <line num="33" count="2" type="stmt"/>
        <line num="34" count="15" type="stmt"/>
        <line num="35" count="15" type="stmt"/>
        <line num="37" count="15" type="stmt"/>
        <line num="38" count="3" type="stmt"/>
        <line num="41" count="15" type="stmt"/>
        <line num="42" count="1" type="stmt"/>
        <line num="44" count="15" type="stmt"/>
        <line num="45" count="1" type="stmt"/>
        <line num="48" count="1" type="cond" truecount="1" falsecount="1"/>
        <line num="49" count="0" type="stmt"/>
        <line num="50" count="0" type="stmt"/>
        <line num="52" count="1" type="stmt"/>
        <line num="56" count="15" type="stmt"/>
        <line num="57" count="1" type="stmt"/>
        <line num="60" count="15" type="stmt"/>
        <line num="61" count="1" type="stmt"/>
        <line num="64" count="15" type="stmt"/>
        <line num="65" count="1" type="stmt"/>
        <line num="66" count="1" type="cond" truecount="1" falsecount="1"/>
        <line num="67" count="0" type="stmt"/>
        <line num="71" count="15" type="stmt"/>
        <line num="75" count="26" type="stmt"/>
        <line num="91" count="25" type="cond" truecount="2" falsecount="0"/>
        <line num="95" count="25" type="stmt"/>
      </file>
      <file name="adminSlice.js" path="C:\Users\U1072231\Desktop\PD\UI\pd-ui\src\features\Container\Admin\adminSlice.js">
        <metrics statements="40" coveredstatements="35" conditionals="0" coveredconditionals="0" methods="38" coveredmethods="33"/>
        <line num="3" count="43" type="stmt"/>
        <line num="55" count="1" type="stmt"/>
        <line num="58" count="1" type="stmt"/>
        <line num="61" count="0" type="stmt"/>
        <line num="64" count="1" type="stmt"/>
        <line num="67" count="3" type="stmt"/>
        <line num="70" count="1" type="stmt"/>
        <line num="73" count="12" type="stmt"/>
        <line num="76" count="0" type="stmt"/>
        <line num="79" count="4" type="stmt"/>
        <line num="82" count="1" type="stmt"/>
        <line num="85" count="19" type="stmt"/>
        <line num="88" count="8" type="stmt"/>
        <line num="91" count="1" type="stmt"/>
        <line num="94" count="0" type="stmt"/>
        <line num="97" count="24" type="stmt"/>
        <line num="100" count="1" type="stmt"/>
        <line num="103" count="4" type="stmt"/>
        <line num="106" count="0" type="stmt"/>
        <line num="109" count="0" type="stmt"/>
        <line num="134" count="43" type="stmt"/>
        <line num="136" count="43" type="stmt"/>
        <line num="137" count="43" type="stmt"/>
        <line num="138" count="239" type="stmt"/>
        <line num="139" count="43" type="stmt"/>
        <line num="140" count="43" type="stmt"/>
        <line num="141" count="43" type="stmt"/>
        <line num="142" count="124" type="stmt"/>
        <line num="143" count="43" type="stmt"/>
        <line num="144" count="252" type="stmt"/>
        <line num="145" count="135" type="stmt"/>
        <line num="146" count="83" type="stmt"/>
        <line num="147" count="100" type="stmt"/>
        <line num="148" count="135" type="stmt"/>
        <line num="149" count="135" type="stmt"/>
        <line num="150" count="111" type="stmt"/>
        <line num="151" count="54" type="stmt"/>
        <line num="152" count="56" type="stmt"/>
        <line num="153" count="43" type="stmt"/>
        <line num="154" count="57" type="stmt"/>
      </file>
      <file name="columns.data.js" path="C:\Users\U1072231\Desktop\PD\UI\pd-ui\src\features\Container\Admin\columns.data.js">
        <metrics statements="25" coveredstatements="24" conditionals="12" coveredconditionals="10" methods="16" coveredmethods="15"/>
        <line num="20" count="2" type="stmt"/>
        <line num="27" count="2" type="stmt"/>
        <line num="28" count="42" type="stmt"/>
        <line num="30" count="2" type="stmt"/>
        <line num="39" count="42" type="stmt"/>
        <line num="40" count="42" type="cond" truecount="2" falsecount="0"/>
        <line num="56" count="28" type="cond" truecount="3" falsecount="0"/>
        <line num="58" count="28" type="stmt"/>
        <line num="70" count="3" type="stmt"/>
        <line num="83" count="1" type="stmt"/>
        <line num="94" count="2" type="stmt"/>
        <line num="95" count="5" type="stmt"/>
        <line num="108" count="9" type="stmt"/>
        <line num="109" count="42" type="cond" truecount="1" falsecount="2"/>
        <line num="112" count="0" type="stmt"/>
        <line num="117" count="2" type="stmt"/>
        <line num="118" count="9" type="stmt"/>
        <line num="119" count="42" type="cond" truecount="2" falsecount="0"/>
        <line num="126" count="1" type="stmt"/>
        <line num="130" count="16" type="stmt"/>
        <line num="139" count="2" type="stmt"/>
        <line num="140" count="210" type="cond" truecount="2" falsecount="0"/>
        <line num="145" count="2" type="stmt"/>
        <line num="146" count="9" type="stmt"/>
        <line num="147" count="9" type="stmt"/>
      </file>
      <file name="saga.js" path="C:\Users\U1072231\Desktop\PD\UI\pd-ui\src\features\Container\Admin\saga.js">
        <metrics statements="280" coveredstatements="217" conditionals="82" coveredconditionals="61" methods="22" coveredmethods="22"/>
        <line num="26" count="2" type="stmt"/>
        <line num="28" count="2" type="stmt"/>
        <line num="32" count="2" type="stmt"/>
        <line num="33" count="2" type="stmt"/>
        <line num="34" count="2" type="stmt"/>
        <line num="35" count="2" type="stmt"/>
        <line num="36" count="2" type="cond" truecount="2" falsecount="0"/>
        <line num="37" count="1" type="stmt"/>
        <line num="38" count="2" type="stmt"/>
        <line num="41" count="2" type="stmt"/>
        <line num="44" count="1" type="stmt"/>
        <line num="46" count="2" type="stmt"/>
        <line num="48" count="0" type="stmt"/>
        <line num="49" count="0" type="stmt"/>
        <line num="54" count="4" type="stmt"/>
        <line num="56" count="4" type="stmt"/>
        <line num="60" count="4" type="stmt"/>
        <line num="61" count="4" type="stmt"/>
        <line num="62" count="4" type="cond" truecount="4" falsecount="0"/>
        <line num="63" count="3" type="stmt"/>
        <line num="64" count="3" type="stmt"/>
        <line num="68" count="3" type="stmt"/>
        <line num="69" count="3" type="stmt"/>
        <line num="70" count="3" type="cond" truecount="1" falsecount="1"/>
        <line num="71" count="0" type="stmt"/>
        <line num="72" count="0" type="stmt"/>
        <line num="73" count="3" type="cond" truecount="1" falsecount="1"/>
        <line num="74" count="0" type="stmt"/>
        <line num="76" count="3" type="stmt"/>
        <line num="78" count="2" type="stmt"/>
        <line num="79" count="2" type="stmt"/>
        <line num="82" count="1" type="stmt"/>
        <line num="87" count="3" type="stmt"/>
        <line num="88" count="3" type="stmt"/>
        <line num="89" count="3" type="stmt"/>
        <line num="97" count="3" type="stmt"/>
        <line num="98" count="3" type="stmt"/>
        <line num="99" count="3" type="cond" truecount="2" falsecount="0"/>
        <line num="100" count="1" type="cond" truecount="1" falsecount="1"/>
        <line num="101" count="1" type="stmt"/>
        <line num="102" count="2" type="cond" truecount="2" falsecount="0"/>
        <line num="103" count="2" type="stmt"/>
        <line num="106" count="2" type="stmt"/>
        <line num="109" count="2" type="stmt"/>
        <line num="111" count="1" type="stmt"/>
        <line num="112" count="1" type="stmt"/>
        <line num="118" count="2" type="cond" truecount="5" falsecount="0"/>
        <line num="119" count="1" type="stmt"/>
        <line num="121" count="1" type="stmt"/>
        <line num="123" count="3" type="stmt"/>
        <line num="125" count="0" type="stmt"/>
        <line num="126" count="0" type="stmt"/>
        <line num="127" count="0" type="stmt"/>
        <line num="131" count="2" type="stmt"/>
        <line num="133" count="2" type="stmt"/>
        <line num="141" count="2" type="stmt"/>
        <line num="142" count="2" type="stmt"/>
        <line num="143" count="2" type="cond" truecount="2" falsecount="0"/>
        <line num="144" count="1" type="stmt"/>
        <line num="145" count="1" type="stmt"/>
        <line num="146" count="1" type="stmt"/>
        <line num="147" count="2" type="stmt"/>
        <line num="149" count="1" type="stmt"/>
        <line num="150" count="1" type="stmt"/>
        <line num="152" count="1" type="stmt"/>
        <line num="155" count="0" type="stmt"/>
        <line num="156" count="0" type="stmt"/>
        <line num="160" count="3" type="stmt"/>
        <line num="161" count="3" type="stmt"/>
        <line num="162" count="3" type="stmt"/>
        <line num="170" count="3" type="stmt"/>
        <line num="171" count="3" type="stmt"/>
        <line num="172" count="3" type="cond" truecount="2" falsecount="0"/>
        <line num="173" count="1" type="stmt"/>
        <line num="174" count="1" type="stmt"/>
        <line num="175" count="1" type="stmt"/>
        <line num="176" count="2" type="cond" truecount="1" falsecount="1"/>
        <line num="180" count="0" type="stmt"/>
        <line num="181" count="2" type="stmt"/>
        <line num="183" count="1" type="stmt"/>
        <line num="184" count="1" type="stmt"/>
        <line num="185" count="2" type="cond" truecount="2" falsecount="3"/>
        <line num="186" count="0" type="stmt"/>
        <line num="188" count="2" type="stmt"/>
        <line num="190" count="3" type="stmt"/>
        <line num="192" count="0" type="stmt"/>
        <line num="193" count="0" type="stmt"/>
        <line num="194" count="0" type="stmt"/>
        <line num="198" count="2" type="stmt"/>
        <line num="199" count="2" type="stmt"/>
        <line num="201" count="2" type="stmt"/>
        <line num="210" count="2" type="stmt"/>
        <line num="211" count="2" type="stmt"/>
        <line num="212" count="2" type="cond" truecount="2" falsecount="0"/>
        <line num="213" count="1" type="stmt"/>
        <line num="214" count="1" type="stmt"/>
        <line num="215" count="1" type="stmt"/>
        <line num="216" count="2" type="cond" truecount="2" falsecount="0"/>
        <line num="218" count="1" type="stmt"/>
        <line num="219" count="1" type="stmt"/>
        <line num="221" count="1" type="stmt"/>
        <line num="224" count="0" type="stmt"/>
        <line num="225" count="0" type="stmt"/>
        <line num="229" count="3" type="stmt"/>
        <line num="230" count="3" type="stmt"/>
        <line num="231" count="3" type="stmt"/>
        <line num="232" count="3" type="stmt"/>
        <line num="233" count="3" type="stmt"/>
        <line num="234" count="3" type="stmt"/>
        <line num="235" count="3" type="stmt"/>
        <line num="236" count="3" type="stmt"/>
        <line num="237" count="3" type="stmt"/>
        <line num="238" count="3" type="stmt"/>
        <line num="239" count="3" type="stmt"/>
        <line num="240" count="3" type="stmt"/>
        <line num="241" count="3" type="stmt"/>
        <line num="243" count="3" type="stmt"/>
        <line num="248" count="3" type="stmt"/>
        <line num="249" count="3" type="stmt"/>
        <line num="250" count="0" type="cond" truecount="0" falsecount="2"/>
        <line num="251" count="0" type="stmt"/>
        <line num="252" count="0" type="stmt"/>
        <line num="253" count="0" type="cond" truecount="0" falsecount="2"/>
        <line num="254" count="0" type="stmt"/>
        <line num="263" count="0" type="stmt"/>
        <line num="264" count="0" type="stmt"/>
        <line num="265" count="0" type="stmt"/>
        <line num="266" count="0" type="stmt"/>
        <line num="267" count="0" type="stmt"/>
        <line num="268" count="0" type="cond" truecount="0" falsecount="2"/>
        <line num="269" count="0" type="stmt"/>
        <line num="270" count="0" type="stmt"/>
        <line num="272" count="0" type="stmt"/>
        <line num="277" count="0" type="stmt"/>
        <line num="282" count="0" type="stmt"/>
        <line num="283" count="0" type="stmt"/>
        <line num="288" count="0" type="stmt"/>
        <line num="293" count="3" type="stmt"/>
        <line num="294" count="3" type="cond" truecount="1" falsecount="1"/>
        <line num="295" count="0" type="stmt"/>
        <line num="296" count="0" type="stmt"/>
        <line num="298" count="3" type="stmt"/>
        <line num="303" count="3" type="stmt"/>
        <line num="310" count="3" type="stmt"/>
        <line num="311" count="3" type="stmt"/>
        <line num="312" count="0" type="stmt"/>
        <line num="314" count="0" type="stmt"/>
        <line num="325" count="0" type="stmt"/>
        <line num="326" count="0" type="stmt"/>
        <line num="327" count="0" type="stmt"/>
        <line num="328" count="0" type="cond" truecount="0" falsecount="2"/>
        <line num="329" count="0" type="stmt"/>
        <line num="330" count="0" type="cond" truecount="0" falsecount="2"/>
        <line num="331" count="0" type="stmt"/>
        <line num="333" count="0" type="stmt"/>
        <line num="336" count="0" type="stmt"/>
        <line num="337" count="0" type="stmt"/>
        <line num="342" count="3" type="stmt"/>
        <line num="343" count="3" type="stmt"/>
        <line num="344" count="3" type="stmt"/>
        <line num="345" count="3" type="stmt"/>
        <line num="354" count="3" type="stmt"/>
        <line num="355" count="3" type="stmt"/>
        <line num="356" count="3" type="stmt"/>
        <line num="357" count="3" type="cond" truecount="2" falsecount="0"/>
        <line num="358" count="1" type="stmt"/>
        <line num="359" count="1" type="stmt"/>
        <line num="360" count="1" type="stmt"/>
        <line num="361" count="1" type="stmt"/>
        <line num="362" count="2" type="cond" truecount="5" falsecount="0"/>
        <line num="363" count="1" type="stmt"/>
        <line num="364" count="1" type="stmt"/>
        <line num="366" count="1" type="stmt"/>
        <line num="367" count="1" type="stmt"/>
        <line num="370" count="0" type="stmt"/>
        <line num="371" count="0" type="stmt"/>
        <line num="372" count="0" type="stmt"/>
        <line num="373" count="0" type="stmt"/>
        <line num="378" count="3" type="stmt"/>
        <line num="379" count="3" type="stmt"/>
        <line num="380" count="3" type="stmt"/>
        <line num="381" count="3" type="stmt"/>
        <line num="382" count="3" type="stmt"/>
        <line num="383" count="3" type="stmt"/>
        <line num="384" count="3" type="stmt"/>
        <line num="385" count="3" type="stmt"/>
        <line num="386" count="3" type="stmt"/>
        <line num="387" count="2" type="stmt"/>
        <line num="388" count="2" type="cond" truecount="1" falsecount="1"/>
        <line num="389" count="2" type="stmt"/>
        <line num="391" count="2" type="stmt"/>
        <line num="397" count="2" type="stmt"/>
        <line num="398" count="2" type="stmt"/>
        <line num="399" count="2" type="cond" truecount="2" falsecount="0"/>
        <line num="400" count="1" type="stmt"/>
        <line num="401" count="1" type="stmt"/>
        <line num="402" count="1" type="stmt"/>
        <line num="403" count="1" type="stmt"/>
        <line num="407" count="1" type="stmt"/>
        <line num="408" count="1" type="stmt"/>
        <line num="409" count="1" type="cond" truecount="4" falsecount="1"/>
        <line num="410" count="1" type="stmt"/>
        <line num="411" count="1" type="stmt"/>
        <line num="413" count="0" type="stmt"/>
        <line num="416" count="0" type="stmt"/>
        <line num="419" count="1" type="stmt"/>
        <line num="420" count="1" type="stmt"/>
        <line num="421" count="1" type="stmt"/>
        <line num="424" count="1" type="stmt"/>
        <line num="429" count="4" type="stmt"/>
        <line num="430" count="4" type="stmt"/>
        <line num="431" count="4" type="stmt"/>
        <line num="432" count="4" type="stmt"/>
        <line num="439" count="4" type="stmt"/>
        <line num="447" count="4" type="stmt"/>
        <line num="453" count="4" type="stmt"/>
        <line num="454" count="4" type="stmt"/>
        <line num="455" count="4" type="stmt"/>
        <line num="456" count="4" type="cond" truecount="4" falsecount="0"/>
        <line num="457" count="2" type="stmt"/>
        <line num="458" count="2" type="stmt"/>
        <line num="459" count="2" type="stmt"/>
        <line num="460" count="2" type="stmt"/>
        <line num="461" count="2" type="stmt"/>
        <line num="462" count="2" type="stmt"/>
        <line num="463" count="2" type="stmt"/>
        <line num="464" count="2" type="stmt"/>
        <line num="466" count="0" type="stmt"/>
        <line num="467" count="0" type="stmt"/>
        <line num="469" count="0" type="stmt"/>
        <line num="470" count="2" type="cond" truecount="5" falsecount="0"/>
        <line num="471" count="1" type="stmt"/>
        <line num="472" count="1" type="stmt"/>
        <line num="473" count="1" type="stmt"/>
        <line num="475" count="1" type="stmt"/>
        <line num="476" count="1" type="stmt"/>
        <line num="479" count="1" type="stmt"/>
        <line num="481" count="2" type="stmt"/>
        <line num="482" count="2" type="stmt"/>
        <line num="484" count="2" type="stmt"/>
        <line num="485" count="2" type="stmt"/>
        <line num="486" count="2" type="stmt"/>
        <line num="487" count="2" type="stmt"/>
        <line num="490" count="2" type="stmt"/>
        <line num="491" count="2" type="stmt"/>
        <line num="496" count="3" type="stmt"/>
        <line num="497" count="3" type="stmt"/>
        <line num="498" count="3" type="stmt"/>
        <line num="499" count="3" type="stmt"/>
        <line num="500" count="3" type="stmt"/>
        <line num="506" count="3" type="stmt"/>
        <line num="507" count="3" type="stmt"/>
        <line num="508" count="3" type="stmt"/>
        <line num="509" count="3" type="stmt"/>
        <line num="510" count="3" type="cond" truecount="2" falsecount="0"/>
        <line num="511" count="1" type="stmt"/>
        <line num="512" count="2" type="cond" truecount="2" falsecount="0"/>
        <line num="517" count="1" type="stmt"/>
        <line num="518" count="1" type="stmt"/>
        <line num="519" count="1" type="stmt"/>
        <line num="521" count="1" type="stmt"/>
        <line num="524" count="1" type="stmt"/>
        <line num="525" count="1" type="stmt"/>
        <line num="528" count="0" type="stmt"/>
        <line num="529" count="0" type="stmt"/>
        <line num="530" count="0" type="stmt"/>
        <line num="531" count="0" type="stmt"/>
        <line num="534" count="0" type="stmt"/>
        <line num="539" count="2" type="stmt"/>
        <line num="540" count="2" type="stmt"/>
        <line num="541" count="2" type="stmt"/>
        <line num="542" count="2" type="stmt"/>
        <line num="543" count="2" type="stmt"/>
        <line num="544" count="2" type="stmt"/>
        <line num="545" count="2" type="stmt"/>
        <line num="546" count="2" type="stmt"/>
        <line num="547" count="2" type="stmt"/>
        <line num="548" count="2" type="stmt"/>
        <line num="549" count="2" type="stmt"/>
        <line num="553" count="2" type="stmt"/>
      </file>
    </package>
    <package name="features.Container.Dashboard">
      <metrics statements="296" coveredstatements="277" conditionals="95" coveredconditionals="87" methods="68" coveredmethods="60"/>
      <file name="ActionButtons.js" path="C:\Users\U1072231\Desktop\PD\UI\pd-ui\src\features\Container\Dashboard\ActionButtons.js">
        <metrics statements="6" coveredstatements="6" conditionals="4" coveredconditionals="4" methods="2" coveredmethods="2"/>
        <line num="9" count="13" type="stmt"/>
        <line num="10" count="12" type="stmt"/>
        <line num="11" count="12" type="stmt"/>
        <line num="12" count="12" type="stmt"/>
        <line num="13" count="1" type="stmt"/>
        <line num="15" count="12" type="stmt"/>
      </file>
      <file name="Dashboard.js" path="C:\Users\U1072231\Desktop\PD\UI\pd-ui\src\features\Container\Dashboard\Dashboard.js">
        <metrics statements="7" coveredstatements="7" conditionals="5" coveredconditionals="3" methods="2" coveredmethods="2"/>
        <line num="10" count="2" type="stmt"/>
        <line num="11" count="2" type="stmt"/>
        <line num="22" count="2" type="stmt"/>
        <line num="23" count="6" type="stmt"/>
        <line num="24" count="5" type="stmt"/>
        <line num="25" count="5" type="stmt"/>
        <line num="26" count="5" type="stmt"/>
      </file>
      <file name="DashboardSearch.js" path="C:\Users\U1072231\Desktop\PD\UI\pd-ui\src\features\Container\Dashboard\DashboardSearch.js">
        <metrics statements="7" coveredstatements="7" conditionals="0" coveredconditionals="0" methods="2" coveredmethods="2"/>
        <line num="6" count="1" type="stmt"/>
        <line num="7" count="1" type="stmt"/>
        <line num="8" count="1" type="stmt"/>
        <line num="9" count="1" type="stmt"/>
        <line num="10" count="1" type="stmt"/>
        <line num="11" count="1" type="stmt"/>
        <line num="14" count="1" type="stmt"/>
      </file>
      <file name="FollowedProtocols.js" path="C:\Users\U1072231\Desktop\PD\UI\pd-ui\src\features\Container\Dashboard\FollowedProtocols.js">
        <metrics statements="21" coveredstatements="20" conditionals="10" coveredconditionals="10" methods="5" coveredmethods="4"/>
        <line num="15" count="7" type="stmt"/>
        <line num="16" count="7" type="stmt"/>
        <line num="17" count="7" type="stmt"/>
        <line num="19" count="7" type="stmt"/>
        <line num="20" count="1" type="stmt"/>
        <line num="25" count="7" type="stmt"/>
        <line num="26" count="0" type="stmt"/>
        <line num="31" count="7" type="stmt"/>
        <line num="32" count="4" type="cond" truecount="2" falsecount="0"/>
        <line num="33" count="3" type="stmt"/>
        <line num="34" count="3" type="stmt"/>
        <line num="35" count="3" type="stmt"/>
        <line num="36" count="3" type="stmt"/>
        <line num="37" count="3" type="stmt"/>
        <line num="39" count="3" type="stmt"/>
        <line num="40" count="3" type="stmt"/>
        <line num="41" count="6" type="stmt"/>
        <line num="42" count="6" type="stmt"/>
        <line num="44" count="3" type="stmt"/>
        <line num="45" count="3" type="stmt"/>
        <line num="48" count="7" type="stmt"/>
      </file>
      <file name="MyProtocols.js" path="C:\Users\U1072231\Desktop\PD\UI\pd-ui\src\features\Container\Dashboard\MyProtocols.js">
        <metrics statements="2" coveredstatements="2" conditionals="8" coveredconditionals="8" methods="1" coveredmethods="1"/>
        <line num="8" count="7" type="stmt"/>
        <line num="10" count="7" type="stmt"/>
      </file>
      <file name="ProtocolTable.js" path="C:\Users\U1072231\Desktop\PD\UI\pd-ui\src\features\Container\Dashboard\ProtocolTable.js">
        <metrics statements="15" coveredstatements="12" conditionals="8" coveredconditionals="5" methods="4" coveredmethods="3"/>
        <line num="18" count="7" type="stmt"/>
        <line num="19" count="7" type="stmt"/>
        <line num="20" count="7" type="stmt"/>
        <line num="21" count="7" type="stmt"/>
        <line num="22" count="7" type="stmt"/>
        <line num="23" count="0" type="stmt"/>
        <line num="25" count="7" type="stmt"/>
        <line num="26" count="7" type="stmt"/>
        <line num="28" count="7" type="stmt"/>
        <line num="29" count="7" type="cond" truecount="1" falsecount="1"/>
        <line num="30" count="7" type="stmt"/>
        <line num="32" count="0" type="stmt"/>
        <line num="35" count="7" type="cond" truecount="1" falsecount="1"/>
        <line num="36" count="0" type="stmt"/>
        <line num="49" count="7" type="stmt"/>
      </file>
      <file name="dashboardSlice.js" path="C:\Users\U1072231\Desktop\PD\UI\pd-ui\src\features\Container\Dashboard\dashboardSlice.js">
        <metrics statements="33" coveredstatements="28" conditionals="0" coveredconditionals="0" methods="28" coveredmethods="23"/>
        <line num="3" count="43" type="stmt"/>
        <line num="27" count="2" type="stmt"/>
        <line num="30" count="1" type="stmt"/>
        <line num="33" count="1" type="stmt"/>
        <line num="36" count="1" type="stmt"/>
        <line num="39" count="1" type="stmt"/>
        <line num="42" count="1" type="stmt"/>
        <line num="45" count="1" type="stmt"/>
        <line num="48" count="1" type="stmt"/>
        <line num="51" count="1" type="stmt"/>
        <line num="54" count="1" type="stmt"/>
        <line num="57" count="3" type="stmt"/>
        <line num="60" count="46" type="stmt"/>
        <line num="63" count="5" type="stmt"/>
        <line num="66" count="0" type="stmt"/>
        <line num="69" count="0" type="stmt"/>
        <line num="72" count="0" type="stmt"/>
        <line num="75" count="0" type="stmt"/>
        <line num="99" count="43" type="stmt"/>
        <line num="104" count="47" type="stmt"/>
        <line num="105" count="43" type="stmt"/>
        <line num="106" count="43" type="stmt"/>
        <line num="107" count="43" type="stmt"/>
        <line num="108" count="43" type="stmt"/>
        <line num="109" count="43" type="stmt"/>
        <line num="110" count="33" type="stmt"/>
        <line num="111" count="43" type="stmt"/>
        <line num="112" count="12" type="stmt"/>
        <line num="113" count="43" type="stmt"/>
        <line num="114" count="47" type="stmt"/>
        <line num="115" count="43" type="stmt"/>
        <line num="116" count="43" type="stmt"/>
        <line num="117" count="0" type="stmt"/>
      </file>
      <file name="saga.js" path="C:\Users\U1072231\Desktop\PD\UI\pd-ui\src\features\Container\Dashboard\saga.js">
        <metrics statements="205" coveredstatements="195" conditionals="60" coveredconditionals="57" methods="24" coveredmethods="23"/>
        <line num="36" count="22" type="stmt"/>
        <line num="37" count="22" type="stmt"/>
        <line num="38" count="22" type="stmt"/>
        <line num="42" count="5" type="cond" truecount="4" falsecount="0"/>
        <line num="43" count="1" type="stmt"/>
        <line num="45" count="4" type="stmt"/>
        <line num="46" count="4" type="stmt"/>
        <line num="47" count="4" type="stmt"/>
        <line num="48" count="4" type="stmt"/>
        <line num="50" count="4" type="stmt"/>
        <line num="54" count="4" type="stmt"/>
        <line num="55" count="4" type="stmt"/>
        <line num="57" count="4" type="cond" truecount="2" falsecount="0"/>
        <line num="58" count="2" type="stmt"/>
        <line num="59" count="2" type="stmt"/>
        <line num="60" count="2" type="stmt"/>
        <line num="61" count="3" type="cond" truecount="2" falsecount="0"/>
        <line num="62" count="3" type="cond" truecount="2" falsecount="0"/>
        <line num="63" count="3" type="cond" truecount="2" falsecount="0"/>
        <line num="64" count="3" type="cond" truecount="2" falsecount="0"/>
        <line num="65" count="3" type="cond" truecount="2" falsecount="0"/>
        <line num="66" count="3" type="stmt"/>
        <line num="67" count="3" type="stmt"/>
        <line num="68" count="3" type="cond" truecount="4" falsecount="0"/>
        <line num="69" count="1" type="stmt"/>
        <line num="71" count="3" type="cond" truecount="2" falsecount="0"/>
        <line num="72" count="1" type="stmt"/>
        <line num="74" count="3" type="stmt"/>
        <line num="77" count="2" type="stmt"/>
        <line num="78" count="2" type="stmt"/>
        <line num="79" count="2" type="stmt"/>
        <line num="81" count="2" type="stmt"/>
        <line num="82" count="2" type="stmt"/>
        <line num="85" count="1" type="stmt"/>
        <line num="86" count="1" type="stmt"/>
        <line num="92" count="2" type="stmt"/>
        <line num="93" count="1" type="stmt"/>
        <line num="98" count="3" type="stmt"/>
        <line num="99" count="3" type="stmt"/>
        <line num="100" count="3" type="stmt"/>
        <line num="104" count="3" type="stmt"/>
        <line num="105" count="3" type="stmt"/>
        <line num="106" count="3" type="cond" truecount="2" falsecount="0"/>
        <line num="107" count="1" type="stmt"/>
        <line num="109" count="2" type="stmt"/>
        <line num="112" count="1" type="stmt"/>
        <line num="117" count="2" type="stmt"/>
        <line num="118" count="2" type="stmt"/>
        <line num="119" count="2" type="stmt"/>
        <line num="123" count="2" type="stmt"/>
        <line num="124" count="2" type="stmt"/>
        <line num="125" count="2" type="cond" truecount="2" falsecount="0"/>
        <line num="126" count="1" type="stmt"/>
        <line num="128" count="1" type="stmt"/>
        <line num="131" count="1" type="stmt"/>
        <line num="136" count="3" type="stmt"/>
        <line num="137" count="3" type="stmt"/>
        <line num="139" count="3" type="stmt"/>
        <line num="140" count="3" type="stmt"/>
        <line num="144" count="3" type="cond" truecount="2" falsecount="0"/>
        <line num="145" count="1" type="stmt"/>
        <line num="146" count="1" type="stmt"/>
        <line num="147" count="1" type="stmt"/>
        <line num="148" count="1" type="stmt"/>
        <line num="150" count="1" type="stmt"/>
        <line num="151" count="1" type="stmt"/>
        <line num="153" count="2" type="stmt"/>
        <line num="154" count="1" type="stmt"/>
        <line num="155" count="1" type="stmt"/>
        <line num="158" count="1" type="stmt"/>
        <line num="159" count="1" type="stmt"/>
        <line num="160" count="1" type="stmt"/>
        <line num="164" count="3" type="stmt"/>
        <line num="165" count="3" type="stmt"/>
        <line num="166" count="3" type="stmt"/>
        <line num="167" count="3" type="stmt"/>
        <line num="171" count="3" type="cond" truecount="2" falsecount="0"/>
        <line num="172" count="2" type="stmt"/>
        <line num="173" count="2" type="stmt"/>
        <line num="174" count="2" type="stmt"/>
        <line num="175" count="2" type="stmt"/>
        <line num="177" count="1" type="stmt"/>
        <line num="179" count="1" type="stmt"/>
        <line num="180" count="1" type="stmt"/>
        <line num="182" count="2" type="stmt"/>
        <line num="184" count="1" type="stmt"/>
        <line num="185" count="1" type="stmt"/>
        <line num="186" count="1" type="stmt"/>
        <line num="190" count="6" type="stmt"/>
        <line num="191" count="6" type="stmt"/>
        <line num="192" count="6" type="stmt"/>
        <line num="193" count="6" type="stmt"/>
        <line num="194" count="6" type="stmt"/>
        <line num="195" count="6" type="stmt"/>
        <line num="196" count="6" type="stmt"/>
        <line num="197" count="6" type="stmt"/>
        <line num="198" count="6" type="stmt"/>
        <line num="202" count="6" type="cond" truecount="4" falsecount="0"/>
        <line num="203" count="3" type="stmt"/>
        <line num="210" count="3" type="cond" truecount="2" falsecount="0"/>
        <line num="211" count="1" type="stmt"/>
        <line num="213" count="2" type="stmt"/>
        <line num="214" count="2" type="stmt"/>
        <line num="217" count="3" type="stmt"/>
        <line num="218" count="3" type="stmt"/>
        <line num="227" count="5" type="stmt"/>
        <line num="228" count="5" type="stmt"/>
        <line num="230" count="1" type="stmt"/>
        <line num="231" count="1" type="stmt"/>
        <line num="232" count="1" type="stmt"/>
        <line num="237" count="1" type="stmt"/>
        <line num="240" count="1" type="stmt"/>
        <line num="244" count="4" type="cond" truecount="2" falsecount="0"/>
        <line num="245" count="3" type="stmt"/>
        <line num="246" count="3" type="stmt"/>
        <line num="247" count="3" type="stmt"/>
        <line num="257" count="3" type="stmt"/>
        <line num="258" count="3" type="stmt"/>
        <line num="260" count="1" type="stmt"/>
        <line num="265" count="2" type="stmt"/>
        <line num="266" count="2" type="stmt"/>
        <line num="267" count="2" type="stmt"/>
        <line num="271" count="2" type="stmt"/>
        <line num="272" count="2" type="stmt"/>
        <line num="277" count="2" type="stmt"/>
        <line num="278" count="2" type="stmt"/>
        <line num="279" count="2" type="stmt"/>
        <line num="280" count="2" type="stmt"/>
        <line num="281" count="2" type="stmt"/>
        <line num="282" count="2" type="stmt"/>
        <line num="283" count="3" type="cond" truecount="4" falsecount="0"/>
        <line num="284" count="1" type="stmt"/>
        <line num="286" count="1" type="stmt"/>
        <line num="288" count="2" type="stmt"/>
        <line num="291" count="1" type="stmt"/>
        <line num="292" count="1" type="cond" truecount="1" falsecount="1"/>
        <line num="293" count="1" type="stmt"/>
        <line num="295" count="1" type="cond" truecount="1" falsecount="1"/>
        <line num="296" count="1" type="stmt"/>
        <line num="299" count="1" type="stmt"/>
        <line num="300" count="1" type="stmt"/>
        <line num="305" count="0" type="stmt"/>
        <line num="306" count="0" type="stmt"/>
        <line num="313" count="0" type="stmt"/>
        <line num="315" count="0" type="stmt"/>
        <line num="316" count="0" type="stmt"/>
        <line num="317" count="0" type="stmt"/>
        <line num="318" count="0" type="stmt"/>
        <line num="322" count="0" type="stmt"/>
[...]
        <line num="199" count="0" type="stmt"/>
        <line num="202" count="0" type="stmt"/>
        <line num="223" count="49" type="stmt"/>
        <line num="224" count="49" type="stmt"/>
        <line num="235" count="49" type="stmt"/>
        <line num="258" count="2" type="stmt"/>
        <line num="388" count="5" type="stmt"/>
        <line num="391" count="30" type="stmt"/>
        <line num="403" count="0" type="stmt"/>
        <line num="419" count="0" type="stmt"/>
        <line num="431" count="20" type="stmt"/>
        <line num="495" count="4" type="stmt"/>
        <line num="496" count="9" type="stmt"/>
        <line num="500" count="4" type="stmt"/>
        <line num="501" count="9" type="stmt"/>
        <line num="503" count="0" type="stmt"/>
        <line num="508" count="0" type="stmt"/>
        <line num="510" count="0" type="stmt"/>
      </file>
      <file name="SearchSection.js" path="C:\Users\U1072231\Desktop\PD\UI\pd-ui\src\features\Container\Search\SearchSection.js">
        <metrics statements="11" coveredstatements="10" conditionals="0" coveredconditionals="0" methods="5" coveredmethods="4"/>
        <line num="11" count="7" type="stmt"/>
        <line num="13" count="7" type="stmt"/>
        <line num="21" count="7" type="stmt"/>
        <line num="23" count="3" type="stmt"/>
        <line num="26" count="7" type="stmt"/>
        <line num="27" count="0" type="stmt"/>
        <line num="30" count="7" type="stmt"/>
        <line num="31" count="4" type="stmt"/>
        <line num="33" count="4" type="stmt"/>
        <line num="36" count="4" type="stmt"/>
        <line num="69" count="49" type="stmt"/>
      </file>
      <file name="saga.js" path="C:\Users\U1072231\Desktop\PD\UI\pd-ui\src\features\Container\Search\saga.js">
        <metrics statements="242" coveredstatements="134" conditionals="62" coveredconditionals="36" methods="37" coveredmethods="19"/>
        <line num="18" count="3" type="stmt"/>
        <line num="19" count="3" type="stmt"/>
        <line num="21" count="3" type="stmt"/>
        <line num="24" count="2" type="stmt"/>
        <line num="25" count="2" type="stmt"/>
        <line num="30" count="2" type="cond" truecount="2" falsecount="0"/>
        <line num="32" count="1" type="stmt"/>
        <line num="33" count="1" type="stmt"/>
        <line num="34" count="1" type="stmt"/>
        <line num="39" count="1" type="stmt"/>
        <line num="43" count="1" type="stmt"/>
        <line num="46" count="0" type="stmt"/>
        <line num="50" count="2" type="stmt"/>
        <line num="51" count="2" type="stmt"/>
        <line num="56" count="2" type="stmt"/>
        <line num="57" count="2" type="cond" truecount="2" falsecount="0"/>
        <line num="58" count="1" type="stmt"/>
        <line num="59" count="1" type="stmt"/>
        <line num="64" count="1" type="stmt"/>
        <line num="68" count="1" type="stmt"/>
        <line num="71" count="0" type="stmt"/>
        <line num="75" count="0" type="cond" truecount="0" falsecount="2"/>
        <line num="76" count="0" type="stmt"/>
        <line num="81" count="0" type="stmt"/>
        <line num="82" count="0" type="stmt"/>
        <line num="83" count="0" type="stmt"/>
        <line num="101" count="0" type="stmt"/>
        <line num="102" count="0" type="stmt"/>
        <line num="108" count="0" type="cond" truecount="0" falsecount="2"/>
        <line num="109" count="0" type="stmt"/>
        <line num="110" count="0" type="stmt"/>
        <line num="111" count="0" type="stmt"/>
        <line num="113" count="0" type="stmt"/>
        <line num="114" count="0" type="stmt"/>
        <line num="119" count="0" type="stmt"/>
        <line num="124" count="0" type="stmt"/>
        <line num="127" count="0" type="stmt"/>
        <line num="133" count="3" type="stmt"/>
        <line num="134" count="3" type="stmt"/>
        <line num="135" count="3" type="stmt"/>
        <line num="137" count="3" type="stmt"/>
        <line num="138" count="3" type="stmt"/>
        <line num="139" count="3" type="stmt"/>
        <line num="143" count="3" type="stmt"/>
        <line num="147" count="3" type="cond" truecount="4" falsecount="0"/>
        <line num="149" count="2" type="stmt"/>
        <line num="150" count="3" type="stmt"/>
        <line num="155" count="2" type="stmt"/>
        <line num="156" count="3" type="stmt"/>
        <line num="161" count="2" type="stmt"/>
        <line num="162" count="3" type="cond" truecount="2" falsecount="0"/>
        <line num="163" count="1" type="stmt"/>
        <line num="164" count="1" type="stmt"/>
        <line num="165" count="1" type="stmt"/>
        <line num="166" count="2" type="cond" truecount="2" falsecount="0"/>
        <line num="167" count="1" type="stmt"/>
        <line num="168" count="1" type="stmt"/>
        <line num="169" count="1" type="stmt"/>
        <line num="171" count="1" type="stmt"/>
        <line num="174" count="2" type="stmt"/>
        <line num="178" count="2" type="stmt"/>
        <line num="181" count="0" type="stmt"/>
        <line num="185" count="0" type="cond" truecount="0" falsecount="2"/>
        <line num="186" count="0" type="stmt"/>
        <line num="187" count="0" type="stmt"/>
        <line num="188" count="0" type="stmt"/>
        <line num="190" count="0" type="stmt"/>
        <line num="191" count="0" type="stmt"/>
        <line num="196" count="0" type="stmt"/>
        <line num="201" count="0" type="stmt"/>
        <line num="203" count="0" type="stmt"/>
        <line num="208" count="0" type="stmt"/>
        <line num="212" count="3" type="stmt"/>
        <line num="213" count="3" type="cond" truecount="2" falsecount="0"/>
        <line num="214" count="2" type="stmt"/>
        <line num="220" count="2" type="stmt"/>
        <line num="221" count="2" type="stmt"/>
        <line num="223" count="2" type="cond" truecount="1" falsecount="1"/>
        <line num="224" count="0" type="stmt"/>
        <line num="230" count="2" type="stmt"/>
        <line num="235" count="2" type="stmt"/>
        <line num="236" count="2" type="stmt"/>
        <line num="241" count="2" type="cond" truecount="1" falsecount="1"/>
        <line num="242" count="2" type="stmt"/>
        <line num="243" count="2" type="stmt"/>
        <line num="244" count="2" type="stmt"/>
        <line num="245" count="2" type="cond" truecount="0" falsecount="2"/>
        <line num="246" count="0" type="stmt"/>
        <line num="247" count="0" type="stmt"/>
        <line num="253" count="0" type="stmt"/>
        <line num="255" count="0" type="stmt"/>
        <line num="261" count="0" type="stmt"/>
        <line num="263" count="0" type="stmt"/>
        <line num="264" count="0" type="stmt"/>
        <line num="267" count="2" type="stmt"/>
        <line num="271" count="2" type="stmt"/>
        <line num="272" count="2" type="stmt"/>
        <line num="277" count="2" type="stmt"/>
        <line num="280" count="1" type="stmt"/>
        <line num="286" count="1" type="stmt"/>
        <line num="292" count="1" type="stmt"/>
        <line num="297" count="0" type="stmt"/>
        <line num="298" count="0" type="stmt"/>
        <line num="299" count="0" type="stmt"/>
        <line num="300" count="0" type="stmt"/>
        <line num="301" count="0" type="stmt"/>
        <line num="303" count="0" type="stmt"/>
        <line num="304" count="0" type="stmt"/>
        <line num="305" count="0" type="stmt"/>
        <line num="308" count="0" type="stmt"/>
        <line num="317" count="0" type="stmt"/>
        <line num="319" count="0" type="cond" truecount="0" falsecount="2"/>
        <line num="320" count="0" type="stmt"/>
        <line num="321" count="0" type="stmt"/>
        <line num="323" count="0" type="stmt"/>
        <line num="341" count="0" type="cond" truecount="0" falsecount="2"/>
        <line num="342" count="0" type="stmt"/>
        <line num="343" count="0" type="stmt"/>
        <line num="344" count="0" type="cond" truecount="0" falsecount="2"/>
        <line num="345" count="0" type="stmt"/>
        <line num="349" count="0" type="stmt"/>
        <line num="350" count="0" type="stmt"/>
        <line num="353" count="0" type="stmt"/>
        <line num="354" count="0" type="stmt"/>
        <line num="358" count="0" type="stmt"/>
        <line num="364" count="0" type="stmt"/>
        <line num="379" count="0" type="stmt"/>
        <line num="381" count="0" type="stmt"/>
        <line num="384" count="0" type="stmt"/>
        <line num="390" count="0" type="stmt"/>
        <line num="396" count="0" type="stmt"/>
        <line num="402" count="2" type="cond" truecount="2" falsecount="0"/>
        <line num="403" count="1" type="stmt"/>
        <line num="407" count="1" type="stmt"/>
        <line num="409" count="1" type="stmt"/>
        <line num="410" count="1" type="stmt"/>
        <line num="415" count="1" type="stmt"/>
        <line num="416" count="1" type="stmt"/>
        <line num="417" count="1" type="stmt"/>
        <line num="423" count="1" type="stmt"/>
        <line num="428" count="8" type="stmt"/>
        <line num="429" count="8" type="stmt"/>
        <line num="431" count="8" type="stmt"/>
        <line num="432" count="8" type="stmt"/>
        <line num="433" count="8" type="cond" truecount="2" falsecount="0"/>
        <line num="434" count="1" type="stmt"/>
        <line num="437" count="8" type="cond" truecount="2" falsecount="0"/>
        <line num="438" count="2" type="stmt"/>
        <line num="441" count="8" type="stmt"/>
        <line num="445" count="4" type="cond" truecount="4" falsecount="0"/>
        <line num="446" count="1" type="stmt"/>
        <line num="447" count="1" type="stmt"/>
        <line num="455" count="1" type="stmt"/>
        <line num="459" count="1" type="stmt"/>
        <line num="460" count="3" type="cond" truecount="2" falsecount="0"/>
        <line num="461" count="1" type="stmt"/>
        <line num="462" count="1" type="stmt"/>
        <line num="470" count="1" type="stmt"/>
        <line num="474" count="1" type="stmt"/>
        <line num="475" count="2" type="cond" truecount="2" falsecount="0"/>
        <line num="476" count="1" type="stmt"/>
        <line num="477" count="1" type="stmt"/>
        <line num="485" count="1" type="stmt"/>
        <line num="489" count="1" type="stmt"/>
        <line num="491" count="1" type="stmt"/>
        <line num="495" count="1" type="stmt"/>
        <line num="534" count="3" type="stmt"/>
        <line num="535" count="3" type="stmt"/>
        <line num="537" count="3" type="stmt"/>
        <line num="541" count="0" type="cond" truecount="0" falsecount="2"/>
        <line num="542" count="0" type="stmt"/>
        <line num="543" count="0" type="stmt"/>
        <line num="544" count="0" type="stmt"/>
        <line num="554" count="0" type="stmt"/>
        <line num="555" count="0" type="stmt"/>
        <line num="561" count="0" type="stmt"/>
        <line num="567" count="0" type="stmt"/>
        <line num="573" count="0" type="stmt"/>
        <line num="574" count="0" type="stmt"/>
        <line num="575" count="0" type="stmt"/>
        <line num="577" count="0" type="stmt"/>
        <line num="579" count="0" type="stmt"/>
        <line num="581" count="0" type="stmt"/>
        <line num="583" count="0" type="stmt"/>
        <line num="589" count="0" type="stmt"/>
        <line num="593" count="0" type="stmt"/>
        <line num="596" count="0" type="stmt"/>
        <line num="597" count="0" type="stmt"/>
        <line num="599" count="0" type="stmt"/>
        <line num="600" count="0" type="stmt"/>
        <line num="605" count="0" type="stmt"/>
        <line num="609" count="0" type="stmt"/>
        <line num="615" count="0" type="stmt"/>
        <line num="631" count="0" type="stmt"/>
        <line num="632" count="0" type="stmt"/>
        <line num="638" count="0" type="cond" truecount="0" falsecount="2"/>
        <line num="639" count="0" type="stmt"/>
        <line num="640" count="0" type="stmt"/>
        <line num="641" count="0" type="stmt"/>
        <line num="642" count="0" type="stmt"/>
        <line num="643" count="0" type="stmt"/>
        <line num="644" count="0" type="stmt"/>
        <line num="645" count="0" type="stmt"/>
        <line num="648" count="0" type="stmt"/>
        <line num="653" count="2" type="stmt"/>
        <line num="654" count="2" type="stmt"/>
        <line num="655" count="2" type="stmt"/>
        <line num="656" count="2" type="stmt"/>
        <line num="657" count="2" type="stmt"/>
        <line num="658" count="2" type="stmt"/>
        <line num="659" count="2" type="stmt"/>
        <line num="660" count="2" type="stmt"/>
        <line num="661" count="2" type="stmt"/>
        <line num="662" count="2" type="stmt"/>
        <line num="663" count="2" type="stmt"/>
        <line num="664" count="2" type="stmt"/>
        <line num="665" count="2" type="stmt"/>
        <line num="669" count="2" type="stmt"/>
        <line num="673" count="1" type="stmt"/>
        <line num="675" count="1" type="stmt"/>
        <line num="676" count="1" type="stmt"/>
        <line num="677" count="1" type="cond" truecount="1" falsecount="5"/>
        <line num="679" count="0" type="stmt"/>
        <line num="680" count="0" type="stmt"/>
        <line num="684" count="0" type="stmt"/>
        <line num="685" count="0" type="stmt"/>
        <line num="687" count="0" type="stmt"/>
        <line num="688" count="0" type="stmt"/>
        <line num="690" count="1" type="stmt"/>
        <line num="691" count="1" type="stmt"/>
        <line num="693" count="1" type="stmt"/>
        <line num="717" count="1" type="stmt"/>
        <line num="720" count="1" type="stmt"/>
        <line num="738" count="1" type="cond" truecount="2" falsecount="0"/>
        <line num="740" count="2" type="cond" truecount="2" falsecount="0"/>
        <line num="741" count="1" type="stmt"/>
        <line num="742" count="1" type="stmt"/>
        <line num="743" count="1" type="stmt"/>
        <line num="744" count="1" type="stmt"/>
        <line num="745" count="1" type="stmt"/>
        <line num="747" count="1" type="stmt"/>
        <line num="750" count="1" type="stmt"/>
      </file>
      <file name="searchSlice.js" path="C:\Users\U1072231\Desktop\PD\UI\pd-ui\src\features\Container\Search\searchSlice.js">
        <metrics statements="18" coveredstatements="17" conditionals="0" coveredconditionals="0" methods="16" coveredmethods="15"/>
        <line num="2" count="43" type="stmt"/>
        <line num="33" count="1" type="stmt"/>
        <line num="36" count="1" type="stmt"/>
        <line num="39" count="1" type="stmt"/>
        <line num="42" count="1" type="stmt"/>
        <line num="45" count="1" type="stmt"/>
        <line num="48" count="1" type="stmt"/>
        <line num="51" count="1" type="stmt"/>
        <line num="54" count="0" type="stmt"/>
        <line num="68" count="43" type="stmt"/>
        <line num="73" count="67" type="stmt"/>
        <line num="74" count="67" type="stmt"/>
        <line num="75" count="67" type="stmt"/>
        <line num="76" count="67" type="stmt"/>
        <line num="77" count="67" type="stmt"/>
        <line num="78" count="66" type="stmt"/>
        <line num="79" count="67" type="stmt"/>
        <line num="80" count="154" type="stmt"/>
      </file>
    </package>
    <package name="features.Container.Search.Data">
      <metrics statements="23" coveredstatements="21" conditionals="16" coveredconditionals="8" methods="6" coveredmethods="6"/>
      <file name="column.data.js" path="C:\Users\U1072231\Desktop\PD\UI\pd-ui\src\features\Container\Search\Data\column.data.js">
        <metrics statements="17" coveredstatements="15" conditionals="16" coveredconditionals="8" methods="6" coveredmethods="6"/>
        <line num="15" count="5" type="stmt"/>
        <line num="16" count="26" type="stmt"/>
        <line num="17" count="26" type="cond" truecount="1" falsecount="1"/>
        <line num="18" count="0" type="stmt"/>
        <line num="31" count="26" type="cond" truecount="1" falsecount="1"/>
        <line num="32" count="0" type="stmt"/>
        <line num="45" count="26" type="stmt"/>
        <line num="58" count="26" type="stmt"/>
        <line num="101" count="5" type="stmt"/>
        <line num="102" count="26" type="stmt"/>
        <line num="104" count="5" type="stmt"/>
        <line num="105" count="26" type="cond" truecount="2" falsecount="0"/>
        <line num="108" count="5" type="stmt"/>
        <line num="109" count="26" type="cond" truecount="1" falsecount="1"/>
        <line num="112" count="5" type="stmt"/>
        <line num="113" count="26" type="cond" truecount="2" falsecount="0"/>
        <line num="116" count="5" type="stmt"/>
      </file>
      <file name="constants.js" path="C:\Users\U1072231\Desktop\PD\UI\pd-ui\src\features\Container\Search\Data\constants.js">
        <metrics statements="6" coveredstatements="6" conditionals="0" coveredconditionals="0" methods="0" coveredmethods="0"/>
        <line num="1" count="5" type="stmt"/>
        <line num="58" count="5" type="stmt"/>
        <line num="150" count="5" type="stmt"/>
        <line num="178" count="5" type="stmt"/>
        <line num="207" count="5" type="stmt"/>
        <line num="225" count="5" type="stmt"/>
      </file>
    </package>
    <package name="features.Container.Search.__test__">
      <metrics statements="10" coveredstatements="10" conditionals="0" coveredconditionals="0" methods="0" coveredmethods="0"/>
      <file name="data.js" path="C:\Users\U1072231\Desktop\PD\UI\pd-ui\src\features\Container\Search\__test__\data.js">
        <metrics statements="10" coveredstatements="10" conditionals="0" coveredconditionals="0" methods="0" coveredmethods="0"/>
        <line num="1" count="5" type="stmt"/>
        <line num="34" count="5" type="stmt"/>
        <line num="40" count="5" type="stmt"/>
        <line num="86" count="5" type="stmt"/>
        <line num="120" count="5" type="stmt"/>
        <line num="174" count="5" type="stmt"/>
        <line num="280" count="5" type="stmt"/>
        <line num="387" count="5" type="stmt"/>
        <line num="392" count="5" type="stmt"/>
        <line num="457" count="5" type="stmt"/>
      </file>
    </package>
    <package name="store">
      <metrics statements="10" coveredstatements="10" conditionals="0" coveredconditionals="0" methods="5" coveredmethods="5"/>
      <file name="rootReducer.js" path="C:\Users\U1072231\Desktop\PD\UI\pd-ui\src\store\rootReducer.js">
        <metrics statements="1" coveredstatements="1" conditionals="0" coveredconditionals="0" methods="0" coveredmethods="0"/>
        <line num="9" count="41" type="stmt"/>
      </file>
      <file name="rootSaga.js" path="C:\Users\U1072231\Desktop\PD\UI\pd-ui\src\store\rootSaga.js">
        <metrics statements="1" coveredstatements="1" conditionals="0" coveredconditionals="0" methods="1" coveredmethods="1"/>
        <line num="10" count="2" type="stmt"/>
      </file>
      <file name="store.js" path="C:\Users\U1072231\Desktop\PD\UI\pd-ui\src\store\store.js">
        <metrics statements="2" coveredstatements="2" conditionals="0" coveredconditionals="0" methods="0" coveredmethods="0"/>
        <line num="5" count="2" type="stmt"/>
        <line num="12" count="2" type="stmt"/>
      </file>
      <file name="userDetails.js" path="C:\Users\U1072231\Desktop\PD\UI\pd-ui\src\store\userDetails.js">
        <metrics statements="6" coveredstatements="6" conditionals="0" coveredconditionals="0" methods="4" coveredmethods="4"/>
        <line num="3" count="41" type="stmt"/>
        <line num="15" count="1" type="stmt"/>
        <line num="20" count="41" type="stmt"/>
        <line num="25" count="41" type="stmt"/>
        <line num="26" count="224" type="stmt"/>
        <line num="27" count="41" type="stmt"/>
      </file>
    </package>
  </project>
</coverage>
