{"C:\\Users\\u1112428\\Downloads\\WorkSpace\\ProtocolDigitization\\pd-ui\\src\\Routes\\routes.js": {"path":"C:\\Users\\u1112428\\Downloads\\WorkSpace\\ProtocolDigitization\\pd-ui\\src\\Routes\\routes.js","statementMap":{"0":{"start":{"line":5,"column":18},"end":{"line":7,"column":1}},"1":{"start":{"line":6,"column":2},"end":{"line":6,"column":53}},"2":{"start":{"line":18,"column":11},"end":{"line":18,"column":60}},"3":{"start":{"line":18,"column":22},"end":{"line":18,"column":59}},"4":{"start":{"line":19,"column":14},"end":{"line":19,"column":69}},"5":{"start":{"line":19,"column":25},"end":{"line":19,"column":68}},"6":{"start":{"line":22,"column":2},"end":{"line":62,"column":4}}},"fnMap":{"0":{"name":"(anonymous_0)","decl":{"start":{"line":5,"column":23},"end":{"line":5,"column":24}},"loc":{"start":{"line":6,"column":2},"end":{"line":6,"column":53}},"line":6},"1":{"name":"(anonymous_1)","decl":{"start":{"line":18,"column":16},"end":{"line":18,"column":17}},"loc":{"start":{"line":18,"column":22},"end":{"line":18,"column":59}},"line":18},"2":{"name":"(anonymous_2)","decl":{"start":{"line":19,"column":19},"end":{"line":19,"column":20}},"loc":{"start":{"line":19,"column":25},"end":{"line":19,"column":68}},"line":19},"3":{"name":"Routes","decl":{"start":{"line":21,"column":9},"end":{"line":21,"column":15}},"loc":{"start":{"line":21,"column":30},"end":{"line":63,"column":1}},"line":21}},"branchMap":{"0":{"loc":{"start":{"line":24,"column":7},"end":{"line":32,"column":7}},"type":"binary-expr","locations":[{"start":{"line":24,"column":7},"end":{"line":24,"column":28}},{"start":{"line":25,"column":8},"end":{"line":31,"column":17}}],"line":24},"1":{"loc":{"start":{"line":33,"column":7},"end":{"line":40,"column":7}},"type":"binary-expr","locations":[{"start":{"line":33,"column":7},"end":{"line":33,"column":25}},{"start":{"line":34,"column":8},"end":{"line":39,"column":17}}],"line":33},"2":{"loc":{"start":{"line":41,"column":7},"end":{"line":50,"column":7}},"type":"binary-expr","locations":[{"start":{"line":41,"column":7},"end":{"line":41,"column":25}},{"start":{"line":42,"column":8},"end":{"line":49,"column":17}}],"line":41},"3":{"loc":{"start":{"line":51,"column":7},"end":{"line":60,"column":7}},"type":"binary-expr","locations":[{"start":{"line":51,"column":7},"end":{"line":51,"column":27}},{"start":{"line":52,"column":8},"end":{"line":59,"column":17}}],"line":51}},"s":{"0":1,"1":0,"2":1,"3":0,"4":1,"5":0,"6":0},"f":{"0":0,"1":0,"2":0,"3":0},"b":{"0":[0,0],"1":[0,0],"2":[0,0],"3":[0,0]},"_coverageSchema":"1a1c01bbd47fc00a2c39e90264f33305004495a9","hash":"f26f9d8488ce448f8ba2f0a2f0ad252ce2f45534"}
,"C:\\Users\\u1112428\\Downloads\\WorkSpace\\ProtocolDigitization\\pd-ui\\src\\features\\Components\\NoResultFound.js": {"path":"C:\\Users\\u1112428\\Downloads\\WorkSpace\\ProtocolDigitization\\pd-ui\\src\\features\\Components\\NoResultFound.js","statementMap":{"0":{"start":{"line":2,"column":16},"end":{"line":10,"column":3}},"1":{"start":{"line":11,"column":2},"end":{"line":15,"column":4}}},"fnMap":{"0":{"name":"NoResultFound","decl":{"start":{"line":1,"column":9},"end":{"line":1,"column":22}},"loc":{"start":{"line":1,"column":25},"end":{"line":16,"column":1}},"line":1}},"branchMap":{},"s":{"0":41,"1":41},"f":{"0":41},"b":{},"_coverageSchema":"1a1c01bbd47fc00a2c39e90264f33305004495a9","hash":"a4c79c05472cdca3bd0e7dcc5f6697bad0b4de04"}
,"C:\\Users\\u1112428\\Downloads\\WorkSpace\\ProtocolDigitization\\pd-ui\\src\\features\\Components\\CustomDropdown\\CustomDropdown.js": {"path":"C:\\Users\\u1112428\\Downloads\\WorkSpace\\ProtocolDigitization\\pd-ui\\src\\features\\Components\\CustomDropdown\\CustomDropdown.js","statementMap":{"0":{"start":{"line":23,"column":28},"end":{"line":25,"column":4}},"1":{"start":{"line":26,"column":20},"end":{"line":26,"column":32}},"2":{"start":{"line":27,"column":26},"end":{"line":27,"column":41}},"3":{"start":{"line":28,"column":26},"end":{"line":28,"column":42}},"4":{"start":{"line":29,"column":46},"end":{"line":29,"column":61}},"5":{"start":{"line":30,"column":40},"end":{"line":30,"column":52}},"6":{"start":{"line":31,"column":23},"end":{"line":31,"column":35}},"7":{"start":{"line":33,"column":2},"end":{"line":50,"column":13}},"8":{"start":{"line":34,"column":4},"end":{"line":47,"column":5}},"9":{"start":{"line":35,"column":6},"end":{"line":46,"column":7}},"10":{"start":{"line":40,"column":8},"end":{"line":40,"column":58}},"11":{"start":{"line":41,"column":8},"end":{"line":41,"column":41}},"12":{"start":{"line":42,"column":13},"end":{"line":46,"column":7}},"13":{"start":{"line":43,"column":8},"end":{"line":43,"column":41}},"14":{"start":{"line":45,"column":8},"end":{"line":45,"column":50}},"15":{"start":{"line":48,"column":4},"end":{"line":48,"column":19}},"16":{"start":{"line":52,"column":2},"end":{"line":54,"column":15}},"17":{"start":{"line":53,"column":4},"end":{"line":53,"column":20}},"18":{"start":{"line":56,"column":26},"end":{"line":67,"column":3}},"19":{"start":{"line":57,"column":24},"end":{"line":57,"column":74}},"20":{"start":{"line":58,"column":4},"end":{"line":66,"column":16}},"21":{"start":{"line":61,"column":8},"end":{"line":63,"column":9}},"22":{"start":{"line":62,"column":10},"end":{"line":62,"column":28}},"23":{"start":{"line":64,"column":8},"end":{"line":64,"column":19}},"24":{"start":{"line":69,"column":28},"end":{"line":96,"column":3}},"25":{"start":{"line":70,"column":27},"end":{"line":70,"column":44}},"26":{"start":{"line":71,"column":16},"end":{"line":71,"column":47}},"27":{"start":{"line":72,"column":19},"end":{"line":72,"column":46}},"28":{"start":{"line":73,"column":25},"end":{"line":76,"column":6}},"29":{"start":{"line":74,"column":18},"end":{"line":74,"column":55}},"30":{"start":{"line":75,"column":6},"end":{"line":75,"column":49}},"31":{"start":{"line":77,"column":22},"end":{"line":79,"column":6}},"32":{"start":{"line":78,"column":6},"end":{"line":78,"column":52}},"33":{"start":{"line":80,"column":4},"end":{"line":84,"column":5}},"34":{"start":{"line":81,"column":6},"end":{"line":81,"column":30}},"35":{"start":{"line":83,"column":6},"end":{"line":83,"column":31}},"36":{"start":{"line":85,"column":22},"end":{"line":87,"column":5}},"37":{"start":{"line":88,"column":4},"end":{"line":88,"column":24}},"38":{"start":{"line":89,"column":4},"end":{"line":89,"column":26}},"39":{"start":{"line":90,"column":4},"end":{"line":95,"column":5}},"40":{"start":{"line":92,"column":6},"end":{"line":92,"column":51}},"41":{"start":{"line":93,"column":6},"end":{"line":93,"column":20}},"42":{"start":{"line":94,"column":6},"end":{"line":94,"column":22}},"43":{"start":{"line":98,"column":29},"end":{"line":109,"column":3}},"44":{"start":{"line":99,"column":4},"end":{"line":108,"column":5}},"45":{"start":{"line":106,"column":6},"end":{"line":106,"column":25}},"46":{"start":{"line":107,"column":6},"end":{"line":107,"column":20}},"47":{"start":{"line":111,"column":24},"end":{"line":114,"column":3}},"48":{"start":{"line":112,"column":4},"end":{"line":112,"column":34}},"49":{"start":{"line":113,"column":4},"end":{"line":113,"column":65}},"50":{"start":{"line":116,"column":21},"end":{"line":123,"column":3}},"51":{"start":{"line":117,"column":22},"end":{"line":120,"column":5}},"52":{"start":{"line":121,"column":4},"end":{"line":121,"column":50}},"53":{"start":{"line":122,"column":4},"end":{"line":122,"column":23}},"54":{"start":{"line":124,"column":26},"end":{"line":128,"column":3}},"55":{"start":{"line":125,"column":4},"end":{"line":125,"column":19}},"56":{"start":{"line":126,"column":4},"end":{"line":126,"column":44}},"57":{"start":{"line":127,"column":4},"end":{"line":127,"column":23}},"58":{"start":{"line":129,"column":2},"end":{"line":190,"column":4}},"59":{"start":{"line":146,"column":27},"end":{"line":146,"column":62}},"60":{"start":{"line":147,"column":26},"end":{"line":147,"column":41}},"61":{"start":{"line":156,"column":60},"end":{"line":156,"column":73}},"62":{"start":{"line":163,"column":14},"end":{"line":170,"column":18}},"63":{"start":{"line":166,"column":32},"end":{"line":166,"column":56}},"64":{"start":{"line":178,"column":59},"end":{"line":178,"column":72}}},"fnMap":{"0":{"name":"CustomDropdown","decl":{"start":{"line":7,"column":9},"end":{"line":7,"column":23}},"loc":{"start":{"line":22,"column":3},"end":{"line":191,"column":1}},"line":22},"1":{"name":"(anonymous_1)","decl":{"start":{"line":33,"column":12},"end":{"line":33,"column":13}},"loc":{"start":{"line":33,"column":18},"end":{"line":50,"column":3}},"line":33},"2":{"name":"(anonymous_2)","decl":{"start":{"line":52,"column":12},"end":{"line":52,"column":13}},"loc":{"start":{"line":52,"column":18},"end":{"line":54,"column":3}},"line":52},"3":{"name":"(anonymous_3)","decl":{"start":{"line":56,"column":26},"end":{"line":56,"column":27}},"loc":{"start":{"line":56,"column":37},"end":{"line":67,"column":3}},"line":56},"4":{"name":"(anonymous_4)","decl":{"start":{"line":60,"column":11},"end":{"line":60,"column":12}},"loc":{"start":{"line":60,"column":20},"end":{"line":65,"column":7}},"line":60},"5":{"name":"(anonymous_5)","decl":{"start":{"line":69,"column":28},"end":{"line":69,"column":29}},"loc":{"start":{"line":69,"column":45},"end":{"line":96,"column":3}},"line":69},"6":{"name":"(anonymous_6)","decl":{"start":{"line":73,"column":47},"end":{"line":73,"column":48}},"loc":{"start":{"line":73,"column":57},"end":{"line":76,"column":5}},"line":73},"7":{"name":"(anonymous_7)","decl":{"start":{"line":77,"column":44},"end":{"line":77,"column":45}},"loc":{"start":{"line":77,"column":54},"end":{"line":79,"column":5}},"line":77},"8":{"name":"(anonymous_8)","decl":{"start":{"line":98,"column":29},"end":{"line":98,"column":30}},"loc":{"start":{"line":98,"column":40},"end":{"line":109,"column":3}},"line":98},"9":{"name":"(anonymous_9)","decl":{"start":{"line":111,"column":24},"end":{"line":111,"column":25}},"loc":{"start":{"line":111,"column":30},"end":{"line":114,"column":3}},"line":111},"10":{"name":"(anonymous_10)","decl":{"start":{"line":116,"column":21},"end":{"line":116,"column":22}},"loc":{"start":{"line":116,"column":28},"end":{"line":123,"column":3}},"line":116},"11":{"name":"(anonymous_11)","decl":{"start":{"line":124,"column":26},"end":{"line":124,"column":27}},"loc":{"start":{"line":124,"column":39},"end":{"line":128,"column":3}},"line":124},"12":{"name":"(anonymous_12)","decl":{"start":{"line":146,"column":20},"end":{"line":146,"column":21}},"loc":{"start":{"line":146,"column":27},"end":{"line":146,"column":62}},"line":146},"13":{"name":"(anonymous_13)","decl":{"start":{"line":147,"column":19},"end":{"line":147,"column":20}},"loc":{"start":{"line":147,"column":26},"end":{"line":147,"column":41}},"line":147},"14":{"name":"(anonymous_14)","decl":{"start":{"line":156,"column":53},"end":{"line":156,"column":54}},"loc":{"start":{"line":156,"column":60},"end":{"line":156,"column":73}},"line":156},"15":{"name":"(anonymous_15)","decl":{"start":{"line":162,"column":21},"end":{"line":162,"column":22}},"loc":{"start":{"line":163,"column":14},"end":{"line":170,"column":18}},"line":163},"16":{"name":"(anonymous_16)","decl":{"start":{"line":166,"column":25},"end":{"line":166,"column":26}},"loc":{"start":{"line":166,"column":32},"end":{"line":166,"column":56}},"line":166},"17":{"name":"(anonymous_17)","decl":{"start":{"line":178,"column":52},"end":{"line":178,"column":53}},"loc":{"start":{"line":178,"column":59},"end":{"line":178,"column":72}},"line":178}},"branchMap":{"0":{"loc":{"start":{"line":34,"column":4},"end":{"line":47,"column":5}},"type":"if","locations":[{"start":{"line":34,"column":4},"end":{"line":47,"column":5}},{"start":{},"end":{}}],"line":34},"1":{"loc":{"start":{"line":35,"column":6},"end":{"line":46,"column":7}},"type":"if","locations":[{"start":{"line":35,"column":6},"end":{"line":46,"column":7}},{"start":{"line":42,"column":13},"end":{"line":46,"column":7}}],"line":35},"2":{"loc":{"start":{"line":36,"column":8},"end":{"line":38,"column":55}},"type":"binary-expr","locations":[{"start":{"line":36,"column":8},"end":{"line":36,"column":34}},{"start":{"line":37,"column":8},"end":{"line":37,"column":17}},{"start":{"line":38,"column":8},"end":{"line":38,"column":55}}],"line":36},"3":{"loc":{"start":{"line":42,"column":13},"end":{"line":46,"column":7}},"type":"if","locations":[{"start":{"line":42,"column":13},"end":{"line":46,"column":7}},{"start":{"line":44,"column":13},"end":{"line":46,"column":7}}],"line":42},"4":{"loc":{"start":{"line":42,"column":17},"end":{"line":42,"column":61}},"type":"binary-expr","locations":[{"start":{"line":42,"column":17},"end":{"line":42,"column":26}},{"start":{"line":42,"column":30},"end":{"line":42,"column":61}}],"line":42},"5":{"loc":{"start":{"line":61,"column":8},"end":{"line":63,"column":9}},"type":"if","locations":[{"start":{"line":61,"column":8},"end":{"line":63,"column":9}},{"start":{},"end":{}}],"line":61},"6":{"loc":{"start":{"line":80,"column":4},"end":{"line":84,"column":5}},"type":"if","locations":[{"start":{"line":80,"column":4},"end":{"line":84,"column":5}},{"start":{"line":82,"column":11},"end":{"line":84,"column":5}}],"line":80},"7":{"loc":{"start":{"line":90,"column":4},"end":{"line":95,"column":5}},"type":"if","locations":[{"start":{"line":90,"column":4},"end":{"line":95,"column":5}},{"start":{},"end":{}}],"line":90},"8":{"loc":{"start":{"line":99,"column":4},"end":{"line":108,"column":5}},"type":"if","locations":[{"start":{"line":99,"column":4},"end":{"line":108,"column":5}},{"start":{"line":105,"column":11},"end":{"line":108,"column":5}}],"line":99},"9":{"loc":{"start":{"line":100,"column":6},"end":{"line":103,"column":49}},"type":"binary-expr","locations":[{"start":{"line":100,"column":6},"end":{"line":100,"column":18}},{"start":{"line":101,"column":6},"end":{"line":101,"column":18}},{"start":{"line":102,"column":6},"end":{"line":102,"column":26}},{"start":{"line":103,"column":6},"end":{"line":103,"column":49}}],"line":100},"10":{"loc":{"start":{"line":142,"column":17},"end":{"line":142,"column":60}},"type":"cond-expr","locations":[{"start":{"line":142,"column":31},"end":{"line":142,"column":42}},{"start":{"line":142,"column":45},"end":{"line":142,"column":60}}],"line":142},"11":{"loc":{"start":{"line":150,"column":45},"end":{"line":150,"column":69}},"type":"binary-expr","locations":[{"start":{"line":150,"column":45},"end":{"line":150,"column":50}},{"start":{"line":150,"column":54},"end":{"line":150,"column":69}}],"line":150},"12":{"loc":{"start":{"line":153,"column":11},"end":{"line":160,"column":11}},"type":"binary-expr","locations":[{"start":{"line":153,"column":11},"end":{"line":153,"column":15}},{"start":{"line":153,"column":19},"end":{"line":153,"column":34}},{"start":{"line":153,"column":38},"end":{"line":153,"column":52}},{"start":{"line":153,"column":56},"end":{"line":153,"column":67}},{"start":{"line":154,"column":12},"end":{"line":159,"column":16}}],"line":153},"13":{"loc":{"start":{"line":161,"column":11},"end":{"line":186,"column":11}},"type":"cond-expr","locations":[{"start":{"line":162,"column":12},"end":{"line":171,"column":14}},{"start":{"line":173,"column":12},"end":{"line":185,"column":15}}],"line":161},"14":{"loc":{"start":{"line":161,"column":11},"end":{"line":161,"column":34}},"type":"binary-expr","locations":[{"start":{"line":161,"column":11},"end":{"line":161,"column":15}},{"start":{"line":161,"column":19},"end":{"line":161,"column":34}}],"line":161}},"s":{"0":84,"1":84,"2":84,"3":84,"4":84,"5":84,"6":84,"7":84,"8":32,"9":1,"10":0,"11":0,"12":1,"13":0,"14":1,"15":32,"16":84,"17":30,"18":84,"19":8,"20":8,"21":10,"22":1,"23":9,"24":84,"25":8,"26":8,"27":8,"28":8,"29":12,"30":12,"31":8,"32":12,"33":8,"34":7,"35":1,"36":8,"37":8,"38":8,"39":8,"40":1,"41":1,"42":1,"43":84,"44":1,"45":1,"46":1,"47":84,"48":1,"49":1,"50":84,"51":0,"52":0,"53":0,"54":84,"55":1,"56":1,"57":1,"58":84,"59":8,"60":1,"61":0,"62":90,"63":1,"64":0},"f":{"0":84,"1":32,"2":30,"3":8,"4":10,"5":8,"6":12,"7":12,"8":1,"9":1,"10":0,"11":1,"12":8,"13":1,"14":0,"15":90,"16":1,"17":0},"b":{"0":[1,31],"1":[0,1],"2":[1,0,0],"3":[0,1],"4":[1,1],"5":[1,9],"6":[7,1],"7":[1,7],"8":[0,1],"9":[1,1,1,0],"10":[8,76],"11":[84,2],"12":[84,84,81,7,4],"13":[81,3],"14":[84,84]},"_coverageSchema":"1a1c01bbd47fc00a2c39e90264f33305004495a9","hash":"3a73574477eabfd3bf9ef07b39a89c27c3c93d20"}
,"C:\\Users\\u1112428\\Downloads\\WorkSpace\\ProtocolDigitization\\pd-ui\\src\\features\\Components\\Dashboard\\DashboardSearch.js": {"path":"C:\\Users\\u1112428\\Downloads\\WorkSpace\\ProtocolDigitization\\pd-ui\\src\\features\\Components\\Dashboard\\DashboardSearch.js","statementMap":{"0":{"start":{"line":12,"column":19},"end":{"line":12,"column":32}},"1":{"start":{"line":13,"column":18},"end":{"line":13,"column":30}},"2":{"start":{"line":14,"column":34},"end":{"line":14,"column":49}},"3":{"start":{"line":15,"column":2},"end":{"line":116,"column":4}},"4":{"start":{"line":49,"column":18},"end":{"line":57,"column":19}},"5":{"start":{"line":50,"column":20},"end":{"line":56,"column":22}},"6":{"start":{"line":58,"column":18},"end":{"line":58,"column":30}},"7":{"start":{"line":70,"column":31},"end":{"line":70,"column":53}},"8":{"start":{"line":97,"column":18},"end":{"line":105,"column":19}},"9":{"start":{"line":98,"column":20},"end":{"line":104,"column":22}},"10":{"start":{"line":106,"column":18},"end":{"line":106,"column":30}}},"fnMap":{"0":{"name":"DashboardSearch","decl":{"start":{"line":11,"column":9},"end":{"line":11,"column":24}},"loc":{"start":{"line":11,"column":44},"end":{"line":117,"column":1}},"line":11},"1":{"name":"(anonymous_1)","decl":{"start":{"line":28,"column":26},"end":{"line":28,"column":27}},"loc":{"start":{"line":28,"column":33},"end":{"line":37,"column":15}},"line":28},"2":{"name":"(anonymous_2)","decl":{"start":{"line":48,"column":28},"end":{"line":48,"column":29}},"loc":{"start":{"line":48,"column":45},"end":{"line":59,"column":17}},"line":48},"3":{"name":"(anonymous_3)","decl":{"start":{"line":70,"column":25},"end":{"line":70,"column":26}},"loc":{"start":{"line":70,"column":31},"end":{"line":70,"column":53}},"line":70},"4":{"name":"(anonymous_4)","decl":{"start":{"line":96,"column":27},"end":{"line":96,"column":28}},"loc":{"start":{"line":96,"column":37},"end":{"line":107,"column":17}},"line":96}},"branchMap":{"0":{"loc":{"start":{"line":42,"column":13},"end":{"line":63,"column":13}},"type":"cond-expr","locations":[{"start":{"line":43,"column":14},"end":{"line":60,"column":19}},{"start":{"line":62,"column":14},"end":{"line":62,"column":40}}],"line":42},"1":{"loc":{"start":{"line":42,"column":13},"end":{"line":42,"column":40}},"type":"binary-expr","locations":[{"start":{"line":42,"column":13},"end":{"line":42,"column":19}},{"start":{"line":42,"column":23},"end":{"line":42,"column":40}}],"line":42},"2":{"loc":{"start":{"line":45,"column":18},"end":{"line":45,"column":71}},"type":"cond-expr","locations":[{"start":{"line":45,"column":29},"end":{"line":45,"column":52}},{"start":{"line":45,"column":55},"end":{"line":45,"column":71}}],"line":45},"3":{"loc":{"start":{"line":49,"column":18},"end":{"line":57,"column":19}},"type":"if","locations":[{"start":{"line":49,"column":18},"end":{"line":57,"column":19}},{"start":{},"end":{}}],"line":49},"4":{"loc":{"start":{"line":49,"column":22},"end":{"line":49,"column":62}},"type":"binary-expr","locations":[{"start":{"line":49,"column":22},"end":{"line":49,"column":34}},{"start":{"line":49,"column":39},"end":{"line":49,"column":49}},{"start":{"line":49,"column":53},"end":{"line":49,"column":61}}],"line":49},"5":{"loc":{"start":{"line":65,"column":11},"end":{"line":80,"column":18}},"type":"cond-expr","locations":[{"start":{"line":66,"column":12},"end":{"line":79,"column":19}},{"start":{"line":80,"column":14},"end":{"line":80,"column":18}}],"line":65},"6":{"loc":{"start":{"line":65,"column":11},"end":{"line":65,"column":38}},"type":"binary-expr","locations":[{"start":{"line":65,"column":11},"end":{"line":65,"column":17}},{"start":{"line":65,"column":21},"end":{"line":65,"column":38}}],"line":65},"7":{"loc":{"start":{"line":72,"column":23},"end":{"line":72,"column":59}},"type":"cond-expr","locations":[{"start":{"line":72,"column":34},"end":{"line":72,"column":45}},{"start":{"line":72,"column":48},"end":{"line":72,"column":59}}],"line":72},"8":{"loc":{"start":{"line":73,"column":17},"end":{"line":77,"column":17}},"type":"cond-expr","locations":[{"start":{"line":74,"column":18},"end":{"line":74,"column":60}},{"start":{"line":76,"column":18},"end":{"line":76,"column":61}}],"line":73},"9":{"loc":{"start":{"line":94,"column":13},"end":{"line":111,"column":13}},"type":"cond-expr","locations":[{"start":{"line":95,"column":14},"end":{"line":108,"column":19}},{"start":{"line":110,"column":14},"end":{"line":110,"column":40}}],"line":94},"10":{"loc":{"start":{"line":94,"column":13},"end":{"line":94,"column":38}},"type":"binary-expr","locations":[{"start":{"line":94,"column":13},"end":{"line":94,"column":18}},{"start":{"line":94,"column":22},"end":{"line":94,"column":38}}],"line":94},"11":{"loc":{"start":{"line":97,"column":18},"end":{"line":105,"column":19}},"type":"if","locations":[{"start":{"line":97,"column":18},"end":{"line":105,"column":19}},{"start":{},"end":{}}],"line":97}},"s":{"0":4,"1":4,"2":4,"3":4,"4":32,"5":21,"6":11,"7":1,"8":2,"9":1,"10":1},"f":{"0":4,"1":0,"2":32,"3":1,"4":2},"b":{"0":[2,2],"1":[4,3],"2":[1,1],"3":[21,11],"4":[32,30,18],"5":[2,2],"6":[4,3],"7":[1,1],"8":[1,1],"9":[1,3],"10":[4,3],"11":[1,1]},"_coverageSchema":"1a1c01bbd47fc00a2c39e90264f33305004495a9","hash":"9b3558b0183f750cff8118cea812a6ad157ee0e0"}
,"C:\\Users\\u1112428\\Downloads\\WorkSpace\\ProtocolDigitization\\pd-ui\\src\\features\\Components\\Dashboard\\ProtocolTable.js": {"path":"C:\\Users\\u1112428\\Downloads\\WorkSpace\\ProtocolDigitization\\pd-ui\\src\\features\\Components\\Dashboard\\ProtocolTable.js","statementMap":{"0":{"start":{"line":35,"column":19},"end":{"line":35,"column":40}},"1":{"start":{"line":49,"column":2},"end":{"line":80,"column":4}},"2":{"start":{"line":56,"column":28},"end":{"line":56,"column":44}},"3":{"start":{"line":74,"column":25},"end":{"line":74,"column":44}},"4":{"start":{"line":84,"column":2},"end":{"line":90,"column":4}},"5":{"start":{"line":93,"column":2},"end":{"line":116,"column":3}},"6":{"start":{"line":94,"column":4},"end":{"line":115,"column":6}},"7":{"start":{"line":117,"column":2},"end":{"line":135,"column":4}},"8":{"start":{"line":139,"column":2},"end":{"line":147,"column":3}},"9":{"start":{"line":140,"column":4},"end":{"line":146,"column":6}},"10":{"start":{"line":148,"column":2},"end":{"line":156,"column":3}},"11":{"start":{"line":149,"column":4},"end":{"line":155,"column":6}},"12":{"start":{"line":157,"column":2},"end":{"line":157,"column":71}},"13":{"start":{"line":161,"column":2},"end":{"line":207,"column":3}},"14":{"start":{"line":162,"column":4},"end":{"line":177,"column":5}},"15":{"start":{"line":164,"column":6},"end":{"line":176,"column":8}},"16":{"start":{"line":170,"column":29},"end":{"line":170,"column":60}},"17":{"start":{"line":178,"column":4},"end":{"line":186,"column":6}},"18":{"start":{"line":182,"column":23},"end":{"line":182,"column":54}},"19":{"start":{"line":187,"column":9},"end":{"line":207,"column":3}},"20":{"start":{"line":188,"column":4},"end":{"line":194,"column":5}},"21":{"start":{"line":189,"column":6},"end":{"line":193,"column":8}},"22":{"start":{"line":195,"column":4},"end":{"line":195,"column":35}},"23":{"start":{"line":197,"column":4},"end":{"line":205,"column":5}},"24":{"start":{"line":198,"column":6},"end":{"line":204,"column":8}},"25":{"start":{"line":206,"column":4},"end":{"line":206,"column":77}},"26":{"start":{"line":210,"column":21},"end":{"line":221,"column":1}},"27":{"start":{"line":211,"column":2},"end":{"line":220,"column":3}},"28":{"start":{"line":213,"column":6},"end":{"line":213,"column":23}},"29":{"start":{"line":215,"column":6},"end":{"line":215,"column":44}},"30":{"start":{"line":217,"column":6},"end":{"line":217,"column":43}},"31":{"start":{"line":219,"column":6},"end":{"line":219,"column":53}},"32":{"start":{"line":222,"column":19},"end":{"line":241,"column":1}},"33":{"start":{"line":223,"column":2},"end":{"line":240,"column":3}},"34":{"start":{"line":225,"column":6},"end":{"line":225,"column":44}},"35":{"start":{"line":227,"column":6},"end":{"line":227,"column":58}},"36":{"start":{"line":229,"column":6},"end":{"line":229,"column":44}},"37":{"start":{"line":231,"column":6},"end":{"line":231,"column":43}},"38":{"start":{"line":233,"column":6},"end":{"line":233,"column":53}},"39":{"start":{"line":235,"column":6},"end":{"line":235,"column":44}},"40":{"start":{"line":237,"column":6},"end":{"line":237,"column":45}},"41":{"start":{"line":239,"column":6},"end":{"line":239,"column":53}},"42":{"start":{"line":243,"column":21},"end":{"line":252,"column":1}},"43":{"start":{"line":244,"column":21},"end":{"line":244,"column":41}},"44":{"start":{"line":245,"column":2},"end":{"line":251,"column":4}},"45":{"start":{"line":254,"column":23},"end":{"line":263,"column":1}},"46":{"start":{"line":255,"column":21},"end":{"line":255,"column":43}},"47":{"start":{"line":256,"column":2},"end":{"line":262,"column":4}},"48":{"start":{"line":266,"column":18},"end":{"line":320,"column":3}},"49":{"start":{"line":321,"column":2},"end":{"line":321,"column":17}},"50":{"start":{"line":324,"column":28},"end":{"line":465,"column":1}},"51":{"start":{"line":325,"column":30},"end":{"line":325,"column":45}},"52":{"start":{"line":326,"column":18},"end":{"line":326,"column":37}},"53":{"start":{"line":328,"column":25},"end":{"line":353,"column":3}},"54":{"start":{"line":329,"column":4},"end":{"line":329,"column":20}},"55":{"start":{"line":331,"column":19},"end":{"line":331,"column":51}},"56":{"start":{"line":332,"column":21},"end":{"line":332,"column":50}},"57":{"start":{"line":334,"column":19},"end":{"line":340,"column":5}},"58":{"start":{"line":342,"column":17},"end":{"line":342,"column":39}},"59":{"start":{"line":343,"column":4},"end":{"line":351,"column":5}},"60":{"start":{"line":344,"column":6},"end":{"line":344,"column":40}},"61":{"start":{"line":346,"column":6},"end":{"line":350,"column":7}},"62":{"start":{"line":347,"column":8},"end":{"line":347,"column":63}},"63":{"start":{"line":349,"column":8},"end":{"line":349,"column":39}},"64":{"start":{"line":352,"column":4},"end":{"line":352,"column":21}},"65":{"start":{"line":354,"column":2},"end":{"line":464,"column":4}},"66":{"start":{"line":442,"column":39},"end":{"line":442,"column":58}},"67":{"start":{"line":452,"column":33},"end":{"line":452,"column":52}},"68":{"start":{"line":467,"column":22},"end":{"line":543,"column":1}},"69":{"start":{"line":476,"column":19},"end":{"line":476,"column":32}},"70":{"start":{"line":477,"column":42},"end":{"line":477,"column":54}},"71":{"start":{"line":478,"column":42},"end":{"line":478,"column":54}},"72":{"start":{"line":480,"column":2},"end":{"line":482,"column":21}},"73":{"start":{"line":481,"column":4},"end":{"line":481,"column":49}},"74":{"start":{"line":483,"column":23},"end":{"line":489,"column":3}},"75":{"start":{"line":484,"column":4},"end":{"line":488,"column":6}},"76":{"start":{"line":485,"column":6},"end":{"line":487,"column":34}},"77":{"start":{"line":486,"column":39},"end":{"line":486,"column":49}},"78":{"start":{"line":491,"column":26},"end":{"line":497,"column":3}},"79":{"start":{"line":492,"column":4},"end":{"line":496,"column":6}},"80":{"start":{"line":493,"column":6},"end":{"line":495,"column":34}},"81":{"start":{"line":494,"column":39},"end":{"line":494,"column":49}},"82":{"start":{"line":498,"column":33},"end":{"line":504,"column":3}},"83":{"start":{"line":499,"column":4},"end":{"line":503,"column":7}},"84":{"start":{"line":505,"column":2},"end":{"line":542,"column":4}},"85":{"start":{"line":512,"column":23},"end":{"line":512,"column":37}},"86":{"start":{"line":513,"column":26},"end":{"line":522,"column":13}},"87":{"start":{"line":523,"column":12},"end":{"line":523,"column":40}},"88":{"start":{"line":533,"column":12},"end":{"line":533,"column":47}}},"fnMap":{"0":{"name":"ActionCell","decl":{"start":{"line":37,"column":9},"end":{"line":37,"column":19}},"loc":{"start":{"line":48,"column":3},"end":{"line":81,"column":1}},"line":48},"1":{"name":"(anonymous_1)","decl":{"start":{"line":56,"column":22},"end":{"line":56,"column":23}},"loc":{"start":{"line":56,"column":28},"end":{"line":56,"column":44}},"line":56},"2":{"name":"(anonymous_2)","decl":{"start":{"line":74,"column":19},"end":{"line":74,"column":20}},"loc":{"start":{"line":74,"column":25},"end":{"line":74,"column":44}},"line":74},"3":{"name":"createFullMarkup","decl":{"start":{"line":83,"column":9},"end":{"line":83,"column":25}},"loc":{"start":{"line":83,"column":31},"end":{"line":91,"column":1}},"line":83},"4":{"name":"ProtocolTitle","decl":{"start":{"line":92,"column":9},"end":{"line":92,"column":22}},"loc":{"start":{"line":92,"column":59},"end":{"line":136,"column":1}},"line":92},"5":{"name":"Cell","decl":{"start":{"line":138,"column":9},"end":{"line":138,"column":13}},"loc":{"start":{"line":138,"column":31},"end":{"line":158,"column":1}},"line":138},"6":{"name":"ProtocolLink","decl":{"start":{"line":160,"column":9},"end":{"line":160,"column":21}},"loc":{"start":{"line":160,"column":58},"end":{"line":208,"column":1}},"line":160},"7":{"name":"(anonymous_7)","decl":{"start":{"line":170,"column":23},"end":{"line":170,"column":24}},"loc":{"start":{"line":170,"column":29},"end":{"line":170,"column":60}},"line":170},"8":{"name":"(anonymous_8)","decl":{"start":{"line":182,"column":17},"end":{"line":182,"column":18}},"loc":{"start":{"line":182,"column":23},"end":{"line":182,"column":54}},"line":182},"9":{"name":"(anonymous_9)","decl":{"start":{"line":210,"column":21},"end":{"line":210,"column":22}},"loc":{"start":{"line":210,"column":33},"end":{"line":221,"column":1}},"line":210},"10":{"name":"(anonymous_10)","decl":{"start":{"line":222,"column":19},"end":{"line":222,"column":20}},"loc":{"start":{"line":222,"column":31},"end":{"line":241,"column":1}},"line":222},"11":{"name":"(anonymous_11)","decl":{"start":{"line":243,"column":21},"end":{"line":243,"column":22}},"loc":{"start":{"line":243,"column":61},"end":{"line":252,"column":1}},"line":243},"12":{"name":"(anonymous_12)","decl":{"start":{"line":254,"column":23},"end":{"line":254,"column":24}},"loc":{"start":{"line":254,"column":63},"end":{"line":263,"column":1}},"line":254},"13":{"name":"getColumns","decl":{"start":{"line":265,"column":9},"end":{"line":265,"column":19}},"loc":{"start":{"line":265,"column":28},"end":{"line":322,"column":1}},"line":265},"14":{"name":"(anonymous_14)","decl":{"start":{"line":324,"column":28},"end":{"line":324,"column":29}},"loc":{"start":{"line":324,"column":41},"end":{"line":465,"column":1}},"line":324},"15":{"name":"(anonymous_15)","decl":{"start":{"line":328,"column":25},"end":{"line":328,"column":26}},"loc":{"start":{"line":328,"column":40},"end":{"line":353,"column":3}},"line":328},"16":{"name":"(anonymous_16)","decl":{"start":{"line":442,"column":33},"end":{"line":442,"column":34}},"loc":{"start":{"line":442,"column":39},"end":{"line":442,"column":58}},"line":442},"17":{"name":"(anonymous_17)","decl":{"start":{"line":452,"column":27},"end":{"line":452,"column":28}},"loc":{"start":{"line":452,"column":33},"end":{"line":452,"column":52}},"line":452},"18":{"name":"(anonymous_18)","decl":{"start":{"line":467,"column":22},"end":{"line":467,"column":23}},"loc":{"start":{"line":475,"column":6},"end":{"line":543,"column":1}},"line":475},"19":{"name":"(anonymous_19)","decl":{"start":{"line":480,"column":12},"end":{"line":480,"column":13}},"loc":{"start":{"line":480,"column":18},"end":{"line":482,"column":3}},"line":480},"20":{"name":"(anonymous_20)","decl":{"start":{"line":483,"column":23},"end":{"line":483,"column":24}},"loc":{"start":{"line":483,"column":31},"end":{"line":489,"column":3}},"line":483},"21":{"name":"(anonymous_21)","decl":{"start":{"line":484,"column":20},"end":{"line":484,"column":21}},"loc":{"start":{"line":485,"column":6},"end":{"line":487,"column":34}},"line":485},"22":{"name":"(anonymous_22)","decl":{"start":{"line":486,"column":30},"end":{"line":486,"column":31}},"loc":{"start":{"line":486,"column":39},"end":{"line":486,"column":49}},"line":486},"23":{"name":"(anonymous_23)","decl":{"start":{"line":491,"column":26},"end":{"line":491,"column":27}},"loc":{"start":{"line":491,"column":34},"end":{"line":497,"column":3}},"line":491},"24":{"name":"(anonymous_24)","decl":{"start":{"line":492,"column":20},"end":{"line":492,"column":21}},"loc":{"start":{"line":493,"column":6},"end":{"line":495,"column":34}},"line":493},"25":{"name":"(anonymous_25)","decl":{"start":{"line":494,"column":30},"end":{"line":494,"column":31}},"loc":{"start":{"line":494,"column":39},"end":{"line":494,"column":49}},"line":494},"26":{"name":"(anonymous_26)","decl":{"start":{"line":498,"column":33},"end":{"line":498,"column":34}},"loc":{"start":{"line":498,"column":42},"end":{"line":504,"column":3}},"line":498},"27":{"name":"(anonymous_27)","decl":{"start":{"line":511,"column":26},"end":{"line":511,"column":27}},"loc":{"start":{"line":511,"column":35},"end":{"line":524,"column":11}},"line":511},"28":{"name":"(anonymous_28)","decl":{"start":{"line":532,"column":30},"end":{"line":532,"column":31}},"loc":{"start":{"line":533,"column":12},"end":{"line":533,"column":47}},"line":533}},"branchMap":{"0":{"loc":{"start":{"line":51,"column":7},"end":{"line":67,"column":14}},"type":"cond-expr","locations":[{"start":{"line":52,"column":8},"end":{"line":66,"column":14}},{"start":{"line":67,"column":10},"end":{"line":67,"column":14}}],"line":51},"1":{"loc":{"start":{"line":59,"column":16},"end":{"line":60,"column":47}},"type":"binary-expr","locations":[{"start":{"line":59,"column":16},"end":{"line":59,"column":50}},{"start":{"line":60,"column":16},"end":{"line":60,"column":47}}],"line":59},"2":{"loc":{"start":{"line":76,"column":11},"end":{"line":76,"column":56}},"type":"cond-expr","locations":[{"start":{"line":76,"column":22},"end":{"line":76,"column":37}},{"start":{"line":76,"column":40},"end":{"line":76,"column":56}}],"line":76},"3":{"loc":{"start":{"line":93,"column":2},"end":{"line":116,"column":3}},"type":"if","locations":[{"start":{"line":93,"column":2},"end":{"line":116,"column":3}},{"start":{},"end":{}}],"line":93},"4":{"loc":{"start":{"line":103,"column":11},"end":{"line":112,"column":11}},"type":"cond-expr","locations":[{"start":{"line":106,"column":12},"end":{"line":106,"column":63}},{"start":{"line":108,"column":12},"end":{"line":111,"column":14}}],"line":103},"5":{"loc":{"start":{"line":103,"column":11},"end":{"line":105,"column":69}},"type":"binary-expr","locations":[{"start":{"line":103,"column":11},"end":{"line":103,"column":14}},{"start":{"line":104,"column":10},"end":{"line":104,"column":20}},{"start":{"line":105,"column":11},"end":{"line":105,"column":30}},{"start":{"line":105,"column":34},"end":{"line":105,"column":68}}],"line":103},"6":{"loc":{"start":{"line":126,"column":9},"end":{"line":132,"column":9}},"type":"cond-expr","locations":[{"start":{"line":129,"column":10},"end":{"line":129,"column":61}},{"start":{"line":131,"column":10},"end":{"line":131,"column":72}}],"line":126},"7":{"loc":{"start":{"line":126,"column":9},"end":{"line":128,"column":67}},"type":"binary-expr","locations":[{"start":{"line":126,"column":9},"end":{"line":126,"column":12}},{"start":{"line":127,"column":8},"end":{"line":127,"column":18}},{"start":{"line":128,"column":9},"end":{"line":128,"column":28}},{"start":{"line":128,"column":32},"end":{"line":128,"column":66}}],"line":126},"8":{"loc":{"start":{"line":139,"column":2},"end":{"line":147,"column":3}},"type":"if","locations":[{"start":{"line":139,"column":2},"end":{"line":147,"column":3}},{"start":{},"end":{}}],"line":139},"9":{"loc":{"start":{"line":139,"column":6},"end":{"line":139,"column":69}},"type":"binary-expr","locations":[{"start":{"line":139,"column":6},"end":{"line":139,"column":26}},{"start":{"line":139,"column":30},"end":{"line":139,"column":69}}],"line":139},"10":{"loc":{"start":{"line":148,"column":2},"end":{"line":156,"column":3}},"type":"if","locations":[{"start":{"line":148,"column":2},"end":{"line":156,"column":3}},{"start":{},"end":{}}],"line":148},"11":{"loc":{"start":{"line":148,"column":6},"end":{"line":148,"column":62}},"type":"binary-expr","locations":[{"start":{"line":148,"column":6},"end":{"line":148,"column":26}},{"start":{"line":148,"column":30},"end":{"line":148,"column":62}}],"line":148},"12":{"loc":{"start":{"line":161,"column":2},"end":{"line":207,"column":3}},"type":"if","locations":[{"start":{"line":161,"column":2},"end":{"line":207,"column":3}},{"start":{"line":187,"column":9},"end":{"line":207,"column":3}}],"line":161},"13":{"loc":{"start":{"line":161,"column":6},"end":{"line":161,"column":46}},"type":"binary-expr","locations":[{"start":{"line":161,"column":6},"end":{"line":161,"column":9}},{"start":{"line":161,"column":13},"end":{"line":161,"column":23}},{"start":{"line":161,"column":27},"end":{"line":161,"column":46}}],"line":161},"14":{"loc":{"start":{"line":162,"column":4},"end":{"line":177,"column":5}},"type":"if","locations":[{"start":{"line":162,"column":4},"end":{"line":177,"column":5}},{"start":{},"end":{}}],"line":162},"15":{"loc":{"start":{"line":162,"column":8},"end":{"line":162,"column":40}},"type":"binary-expr","locations":[{"start":{"line":162,"column":8},"end":{"line":162,"column":16}},{"start":{"line":162,"column":20},"end":{"line":162,"column":40}}],"line":162},"16":{"loc":{"start":{"line":187,"column":9},"end":{"line":207,"column":3}},"type":"if","locations":[{"start":{"line":187,"column":9},"end":{"line":207,"column":3}},{"start":{"line":196,"column":9},"end":{"line":207,"column":3}}],"line":187},"17":{"loc":{"start":{"line":187,"column":13},"end":{"line":187,"column":68}},"type":"binary-expr","locations":[{"start":{"line":187,"column":13},"end":{"line":187,"column":16}},{"start":{"line":187,"column":20},"end":{"line":187,"column":30}},{"start":{"line":187,"column":34},"end":{"line":187,"column":68}}],"line":187},"18":{"loc":{"start":{"line":188,"column":4},"end":{"line":194,"column":5}},"type":"if","locations":[{"start":{"line":188,"column":4},"end":{"line":194,"column":5}},{"start":{},"end":{}}],"line":188},"19":{"loc":{"start":{"line":188,"column":8},"end":{"line":188,"column":40}},"type":"binary-expr","locations":[{"start":{"line":188,"column":8},"end":{"line":188,"column":16}},{"start":{"line":188,"column":20},"end":{"line":188,"column":40}}],"line":188},"20":{"loc":{"start":{"line":197,"column":4},"end":{"line":205,"column":5}},"type":"if","locations":[{"start":{"line":197,"column":4},"end":{"line":205,"column":5}},{"start":{},"end":{}}],"line":197},"21":{"loc":{"start":{"line":197,"column":8},"end":{"line":197,"column":40}},"type":"binary-expr","locations":[{"start":{"line":197,"column":8},"end":{"line":197,"column":16}},{"start":{"line":197,"column":20},"end":{"line":197,"column":40}}],"line":197},"22":{"loc":{"start":{"line":211,"column":2},"end":{"line":220,"column":3}},"type":"switch","locations":[{"start":{"line":212,"column":4},"end":{"line":213,"column":23}},{"start":{"line":214,"column":4},"end":{"line":215,"column":44}},{"start":{"line":216,"column":4},"end":{"line":217,"column":43}},{"start":{"line":218,"column":4},"end":{"line":219,"column":53}}],"line":211},"23":{"loc":{"start":{"line":223,"column":2},"end":{"line":240,"column":3}},"type":"switch","locations":[{"start":{"line":224,"column":4},"end":{"line":225,"column":44}},{"start":{"line":226,"column":4},"end":{"line":227,"column":58}},{"start":{"line":228,"column":4},"end":{"line":229,"column":44}},{"start":{"line":230,"column":4},"end":{"line":231,"column":43}},{"start":{"line":232,"column":4},"end":{"line":233,"column":53}},{"start":{"line":234,"column":4},"end":{"line":235,"column":44}},{"start":{"line":236,"column":4},"end":{"line":237,"column":45}},{"start":{"line":238,"column":4},"end":{"line":239,"column":53}}],"line":223},"24":{"loc":{"start":{"line":297,"column":14},"end":{"line":297,"column":44}},"type":"cond-expr","locations":[{"start":{"line":297,"column":32},"end":{"line":297,"column":36}},{"start":{"line":297,"column":39},"end":{"line":297,"column":44}}],"line":297},"25":{"loc":{"start":{"line":343,"column":4},"end":{"line":351,"column":5}},"type":"if","locations":[{"start":{"line":343,"column":4},"end":{"line":351,"column":5}},{"start":{"line":345,"column":11},"end":{"line":351,"column":5}}],"line":343},"26":{"loc":{"start":{"line":346,"column":6},"end":{"line":350,"column":7}},"type":"if","locations":[{"start":{"line":346,"column":6},"end":{"line":350,"column":7}},{"start":{"line":348,"column":13},"end":{"line":350,"column":7}}],"line":346},"27":{"loc":{"start":{"line":356,"column":7},"end":{"line":356,"column":27}},"type":"binary-expr","locations":[{"start":{"line":356,"column":7},"end":{"line":356,"column":13}},{"start":{"line":356,"column":17},"end":{"line":356,"column":27}}],"line":356},"28":{"loc":{"start":{"line":382,"column":11},"end":{"line":396,"column":11}},"type":"cond-expr","locations":[{"start":{"line":383,"column":12},"end":{"line":391,"column":22}},{"start":{"line":393,"column":12},"end":{"line":395,"column":25}}],"line":382},"29":{"loc":{"start":{"line":382,"column":11},"end":{"line":382,"column":55}},"type":"binary-expr","locations":[{"start":{"line":382,"column":11},"end":{"line":382,"column":25}},{"start":{"line":382,"column":29},"end":{"line":382,"column":55}}],"line":382},"30":{"loc":{"start":{"line":385,"column":21},"end":{"line":385,"column":53}},"type":"binary-expr","locations":[{"start":{"line":385,"column":21},"end":{"line":385,"column":35}},{"start":{"line":385,"column":39},"end":{"line":385,"column":53}}],"line":385},"31":{"loc":{"start":{"line":394,"column":15},"end":{"line":394,"column":52}},"type":"cond-expr","locations":[{"start":{"line":394,"column":32},"end":{"line":394,"column":46}},{"start":{"line":394,"column":49},"end":{"line":394,"column":52}}],"line":394},"32":{"loc":{"start":{"line":427,"column":13},"end":{"line":459,"column":13}},"type":"cond-expr","locations":[{"start":{"line":428,"column":14},"end":{"line":456,"column":15}},{"start":{"line":458,"column":14},"end":{"line":458,"column":17}}],"line":427},"33":{"loc":{"start":{"line":428,"column":14},"end":{"line":456,"column":15}},"type":"cond-expr","locations":[{"start":{"line":429,"column":16},"end":{"line":448,"column":26}},{"start":{"line":450,"column":16},"end":{"line":455,"column":20}}],"line":428},"34":{"loc":{"start":{"line":431,"column":25},"end":{"line":431,"column":53}},"type":"binary-expr","locations":[{"start":{"line":431,"column":25},"end":{"line":431,"column":37}},{"start":{"line":431,"column":41},"end":{"line":431,"column":53}}],"line":431},"35":{"loc":{"start":{"line":485,"column":6},"end":{"line":487,"column":34}},"type":"cond-expr","locations":[{"start":{"line":486,"column":10},"end":{"line":486,"column":50}},{"start":{"line":487,"column":10},"end":{"line":487,"column":34}}],"line":485},"36":{"loc":{"start":{"line":493,"column":6},"end":{"line":495,"column":34}},"type":"cond-expr","locations":[{"start":{"line":494,"column":10},"end":{"line":494,"column":50}},{"start":{"line":495,"column":10},"end":{"line":495,"column":34}}],"line":493},"37":{"loc":{"start":{"line":510,"column":10},"end":{"line":524,"column":12}},"type":"binary-expr","locations":[{"start":{"line":510,"column":10},"end":{"line":510,"column":21}},{"start":{"line":511,"column":10},"end":{"line":524,"column":12}}],"line":510}},"s":{"0":3,"1":64,"2":3,"3":5,"4":6,"5":64,"6":4,"7":60,"8":128,"9":0,"10":128,"11":22,"12":106,"13":64,"14":12,"15":6,"16":0,"17":6,"18":1,"19":52,"20":2,"21":0,"22":2,"23":50,"24":14,"25":36,"26":3,"27":52,"28":36,"29":4,"30":2,"31":10,"32":3,"33":64,"34":6,"35":10,"36":10,"37":6,"38":4,"39":12,"40":6,"41":10,"42":3,"43":64,"44":64,"45":3,"46":52,"47":52,"48":30,"49":30,"50":3,"51":11,"52":11,"53":11,"54":1,"55":1,"56":1,"57":1,"58":1,"59":0,"60":0,"61":0,"62":0,"63":0,"64":0,"65":11,"66":1,"67":0,"68":3,"69":30,"70":30,"71":30,"72":30,"73":25,"74":30,"75":3,"76":3,"77":0,"78":30,"79":5,"80":5,"81":1,"82":30,"83":1,"84":30,"85":32,"86":32,"87":32,"88":60},"f":{"0":64,"1":3,"2":5,"3":6,"4":64,"5":128,"6":64,"7":0,"8":1,"9":52,"10":64,"11":64,"12":52,"13":30,"14":11,"15":1,"16":1,"17":0,"18":30,"19":25,"20":3,"21":3,"22":0,"23":5,"24":5,"25":1,"26":1,"27":32,"28":60},"b":{"0":[52,12],"1":[52,4],"2":[8,56],"3":[4,60],"4":[2,2],"5":[4,4,2,0],"6":[12,48],"7":[60,60,12,2],"8":[0,128],"9":[128,66],"10":[22,106],"11":[128,66],"12":[12,52],"13":[64,64,14],"14":[6,6],"15":[12,12],"16":[2,50],"17":[52,52,2],"18":[0,2],"19":[2,2],"20":[14,36],"21":[50,50],"22":[36,4,2,10],"23":[6,10,10,6,4,12,6,10],"24":[3,27],"25":[0,0],"26":[0,0],"27":[11,1],"28":[5,6],"29":[11,9],"30":[5,5],"31":[4,2],"32":[9,2],"33":[5,4],"34":[5,5],"35":[0,3],"36":[1,4],"37":[30,30]},"_coverageSchema":"1a1c01bbd47fc00a2c39e90264f33305004495a9","hash":"6eb18d1387d64cd60ce2299dee7db41cd7aeba7d"}
,"C:\\Users\\u1112428\\Downloads\\WorkSpace\\ProtocolDigitization\\pd-ui\\src\\features\\Components\\Dashboard\\QCTable.js": {"path":"C:\\Users\\u1112428\\Downloads\\WorkSpace\\ProtocolDigitization\\pd-ui\\src\\features\\Components\\Dashboard\\QCTable.js","statementMap":{"0":{"start":{"line":47,"column":2},"end":{"line":78,"column":4}},"1":{"start":{"line":54,"column":28},"end":{"line":54,"column":44}},"2":{"start":{"line":72,"column":25},"end":{"line":72,"column":44}},"3":{"start":{"line":82,"column":2},"end":{"line":87,"column":4}},"4":{"start":{"line":90,"column":2},"end":{"line":113,"column":3}},"5":{"start":{"line":91,"column":4},"end":{"line":112,"column":6}},"6":{"start":{"line":114,"column":2},"end":{"line":132,"column":4}},"7":{"start":{"line":136,"column":2},"end":{"line":144,"column":3}},"8":{"start":{"line":137,"column":4},"end":{"line":143,"column":6}},"9":{"start":{"line":145,"column":2},"end":{"line":153,"column":3}},"10":{"start":{"line":146,"column":4},"end":{"line":152,"column":6}},"11":{"start":{"line":154,"column":2},"end":{"line":154,"column":71}},"12":{"start":{"line":158,"column":2},"end":{"line":203,"column":3}},"13":{"start":{"line":159,"column":4},"end":{"line":173,"column":5}},"14":{"start":{"line":160,"column":6},"end":{"line":172,"column":8}},"15":{"start":{"line":166,"column":29},"end":{"line":166,"column":60}},"16":{"start":{"line":174,"column":4},"end":{"line":182,"column":6}},"17":{"start":{"line":178,"column":23},"end":{"line":178,"column":54}},"18":{"start":{"line":183,"column":9},"end":{"line":203,"column":3}},"19":{"start":{"line":184,"column":4},"end":{"line":190,"column":5}},"20":{"start":{"line":185,"column":6},"end":{"line":189,"column":8}},"21":{"start":{"line":191,"column":4},"end":{"line":191,"column":35}},"22":{"start":{"line":193,"column":4},"end":{"line":201,"column":5}},"23":{"start":{"line":194,"column":6},"end":{"line":200,"column":8}},"24":{"start":{"line":202,"column":4},"end":{"line":202,"column":77}},"25":{"start":{"line":206,"column":21},"end":{"line":217,"column":1}},"26":{"start":{"line":207,"column":2},"end":{"line":216,"column":3}},"27":{"start":{"line":209,"column":6},"end":{"line":209,"column":23}},"28":{"start":{"line":211,"column":6},"end":{"line":211,"column":44}},"29":{"start":{"line":213,"column":6},"end":{"line":213,"column":43}},"30":{"start":{"line":215,"column":6},"end":{"line":215,"column":23}},"31":{"start":{"line":218,"column":19},"end":{"line":237,"column":1}},"32":{"start":{"line":219,"column":2},"end":{"line":236,"column":3}},"33":{"start":{"line":221,"column":6},"end":{"line":221,"column":44}},"34":{"start":{"line":223,"column":6},"end":{"line":223,"column":58}},"35":{"start":{"line":225,"column":6},"end":{"line":225,"column":44}},"36":{"start":{"line":227,"column":6},"end":{"line":227,"column":43}},"37":{"start":{"line":229,"column":6},"end":{"line":229,"column":53}},"38":{"start":{"line":231,"column":6},"end":{"line":231,"column":44}},"39":{"start":{"line":233,"column":6},"end":{"line":233,"column":45}},"40":{"start":{"line":235,"column":6},"end":{"line":235,"column":53}},"41":{"start":{"line":239,"column":21},"end":{"line":248,"column":1}},"42":{"start":{"line":240,"column":21},"end":{"line":240,"column":41}},"43":{"start":{"line":241,"column":2},"end":{"line":247,"column":4}},"44":{"start":{"line":250,"column":23},"end":{"line":259,"column":1}},"45":{"start":{"line":251,"column":21},"end":{"line":251,"column":43}},"46":{"start":{"line":252,"column":2},"end":{"line":258,"column":4}},"47":{"start":{"line":262,"column":18},"end":{"line":316,"column":3}},"48":{"start":{"line":317,"column":2},"end":{"line":317,"column":17}},"49":{"start":{"line":320,"column":28},"end":{"line":461,"column":1}},"50":{"start":{"line":321,"column":30},"end":{"line":321,"column":45}},"51":{"start":{"line":322,"column":18},"end":{"line":322,"column":37}},"52":{"start":{"line":324,"column":25},"end":{"line":349,"column":3}},"53":{"start":{"line":325,"column":4},"end":{"line":325,"column":20}},"54":{"start":{"line":327,"column":19},"end":{"line":327,"column":51}},"55":{"start":{"line":328,"column":21},"end":{"line":328,"column":50}},"56":{"start":{"line":330,"column":19},"end":{"line":336,"column":5}},"57":{"start":{"line":338,"column":17},"end":{"line":338,"column":39}},"58":{"start":{"line":339,"column":4},"end":{"line":347,"column":5}},"59":{"start":{"line":340,"column":6},"end":{"line":340,"column":40}},"60":{"start":{"line":342,"column":6},"end":{"line":346,"column":7}},"61":{"start":{"line":343,"column":8},"end":{"line":343,"column":63}},"62":{"start":{"line":345,"column":8},"end":{"line":345,"column":39}},"63":{"start":{"line":348,"column":4},"end":{"line":348,"column":21}},"64":{"start":{"line":350,"column":2},"end":{"line":460,"column":4}},"65":{"start":{"line":438,"column":39},"end":{"line":438,"column":58}},"66":{"start":{"line":448,"column":33},"end":{"line":448,"column":52}},"67":{"start":{"line":463,"column":22},"end":{"line":539,"column":1}},"68":{"start":{"line":472,"column":19},"end":{"line":472,"column":32}},"69":{"start":{"line":473,"column":42},"end":{"line":473,"column":54}},"70":{"start":{"line":474,"column":42},"end":{"line":474,"column":54}},"71":{"start":{"line":476,"column":2},"end":{"line":478,"column":21}},"72":{"start":{"line":477,"column":4},"end":{"line":477,"column":49}},"73":{"start":{"line":479,"column":23},"end":{"line":485,"column":3}},"74":{"start":{"line":480,"column":4},"end":{"line":484,"column":6}},"75":{"start":{"line":481,"column":6},"end":{"line":483,"column":34}},"76":{"start":{"line":482,"column":39},"end":{"line":482,"column":49}},"77":{"start":{"line":487,"column":26},"end":{"line":493,"column":3}},"78":{"start":{"line":488,"column":4},"end":{"line":492,"column":6}},"79":{"start":{"line":489,"column":6},"end":{"line":491,"column":34}},"80":{"start":{"line":490,"column":39},"end":{"line":490,"column":49}},"81":{"start":{"line":494,"column":33},"end":{"line":500,"column":3}},"82":{"start":{"line":495,"column":4},"end":{"line":499,"column":7}},"83":{"start":{"line":501,"column":2},"end":{"line":538,"column":4}},"84":{"start":{"line":508,"column":23},"end":{"line":508,"column":37}},"85":{"start":{"line":509,"column":26},"end":{"line":518,"column":13}},"86":{"start":{"line":519,"column":12},"end":{"line":519,"column":40}},"87":{"start":{"line":529,"column":12},"end":{"line":529,"column":47}}},"fnMap":{"0":{"name":"ActionCell","decl":{"start":{"line":35,"column":9},"end":{"line":35,"column":19}},"loc":{"start":{"line":46,"column":3},"end":{"line":79,"column":1}},"line":46},"1":{"name":"(anonymous_1)","decl":{"start":{"line":54,"column":22},"end":{"line":54,"column":23}},"loc":{"start":{"line":54,"column":28},"end":{"line":54,"column":44}},"line":54},"2":{"name":"(anonymous_2)","decl":{"start":{"line":72,"column":19},"end":{"line":72,"column":20}},"loc":{"start":{"line":72,"column":25},"end":{"line":72,"column":44}},"line":72},"3":{"name":"createFullMarkup","decl":{"start":{"line":81,"column":9},"end":{"line":81,"column":25}},"loc":{"start":{"line":81,"column":31},"end":{"line":88,"column":1}},"line":81},"4":{"name":"ProtocolTitle","decl":{"start":{"line":89,"column":9},"end":{"line":89,"column":22}},"loc":{"start":{"line":89,"column":59},"end":{"line":133,"column":1}},"line":89},"5":{"name":"Cell","decl":{"start":{"line":135,"column":9},"end":{"line":135,"column":13}},"loc":{"start":{"line":135,"column":31},"end":{"line":155,"column":1}},"line":135},"6":{"name":"ProtocolLink","decl":{"start":{"line":157,"column":9},"end":{"line":157,"column":21}},"loc":{"start":{"line":157,"column":58},"end":{"line":204,"column":1}},"line":157},"7":{"name":"(anonymous_7)","decl":{"start":{"line":166,"column":23},"end":{"line":166,"column":24}},"loc":{"start":{"line":166,"column":29},"end":{"line":166,"column":60}},"line":166},"8":{"name":"(anonymous_8)","decl":{"start":{"line":178,"column":17},"end":{"line":178,"column":18}},"loc":{"start":{"line":178,"column":23},"end":{"line":178,"column":54}},"line":178},"9":{"name":"(anonymous_9)","decl":{"start":{"line":206,"column":21},"end":{"line":206,"column":22}},"loc":{"start":{"line":206,"column":33},"end":{"line":217,"column":1}},"line":206},"10":{"name":"(anonymous_10)","decl":{"start":{"line":218,"column":19},"end":{"line":218,"column":20}},"loc":{"start":{"line":218,"column":31},"end":{"line":237,"column":1}},"line":218},"11":{"name":"(anonymous_11)","decl":{"start":{"line":239,"column":21},"end":{"line":239,"column":22}},"loc":{"start":{"line":239,"column":61},"end":{"line":248,"column":1}},"line":239},"12":{"name":"(anonymous_12)","decl":{"start":{"line":250,"column":23},"end":{"line":250,"column":24}},"loc":{"start":{"line":250,"column":63},"end":{"line":259,"column":1}},"line":250},"13":{"name":"getColumns","decl":{"start":{"line":261,"column":9},"end":{"line":261,"column":19}},"loc":{"start":{"line":261,"column":28},"end":{"line":318,"column":1}},"line":261},"14":{"name":"(anonymous_14)","decl":{"start":{"line":320,"column":28},"end":{"line":320,"column":29}},"loc":{"start":{"line":320,"column":41},"end":{"line":461,"column":1}},"line":320},"15":{"name":"(anonymous_15)","decl":{"start":{"line":324,"column":25},"end":{"line":324,"column":26}},"loc":{"start":{"line":324,"column":40},"end":{"line":349,"column":3}},"line":324},"16":{"name":"(anonymous_16)","decl":{"start":{"line":438,"column":33},"end":{"line":438,"column":34}},"loc":{"start":{"line":438,"column":39},"end":{"line":438,"column":58}},"line":438},"17":{"name":"(anonymous_17)","decl":{"start":{"line":448,"column":27},"end":{"line":448,"column":28}},"loc":{"start":{"line":448,"column":33},"end":{"line":448,"column":52}},"line":448},"18":{"name":"(anonymous_18)","decl":{"start":{"line":463,"column":22},"end":{"line":463,"column":23}},"loc":{"start":{"line":471,"column":6},"end":{"line":539,"column":1}},"line":471},"19":{"name":"(anonymous_19)","decl":{"start":{"line":476,"column":12},"end":{"line":476,"column":13}},"loc":{"start":{"line":476,"column":18},"end":{"line":478,"column":3}},"line":476},"20":{"name":"(anonymous_20)","decl":{"start":{"line":479,"column":23},"end":{"line":479,"column":24}},"loc":{"start":{"line":479,"column":31},"end":{"line":485,"column":3}},"line":479},"21":{"name":"(anonymous_21)","decl":{"start":{"line":480,"column":20},"end":{"line":480,"column":21}},"loc":{"start":{"line":481,"column":6},"end":{"line":483,"column":34}},"line":481},"22":{"name":"(anonymous_22)","decl":{"start":{"line":482,"column":30},"end":{"line":482,"column":31}},"loc":{"start":{"line":482,"column":39},"end":{"line":482,"column":49}},"line":482},"23":{"name":"(anonymous_23)","decl":{"start":{"line":487,"column":26},"end":{"line":487,"column":27}},"loc":{"start":{"line":487,"column":34},"end":{"line":493,"column":3}},"line":487},"24":{"name":"(anonymous_24)","decl":{"start":{"line":488,"column":20},"end":{"line":488,"column":21}},"loc":{"start":{"line":489,"column":6},"end":{"line":491,"column":34}},"line":489},"25":{"name":"(anonymous_25)","decl":{"start":{"line":490,"column":30},"end":{"line":490,"column":31}},"loc":{"start":{"line":490,"column":39},"end":{"line":490,"column":49}},"line":490},"26":{"name":"(anonymous_26)","decl":{"start":{"line":494,"column":33},"end":{"line":494,"column":34}},"loc":{"start":{"line":494,"column":42},"end":{"line":500,"column":3}},"line":494},"27":{"name":"(anonymous_27)","decl":{"start":{"line":507,"column":26},"end":{"line":507,"column":27}},"loc":{"start":{"line":507,"column":35},"end":{"line":520,"column":11}},"line":507},"28":{"name":"(anonymous_28)","decl":{"start":{"line":528,"column":30},"end":{"line":528,"column":31}},"loc":{"start":{"line":529,"column":12},"end":{"line":529,"column":47}},"line":529}},"branchMap":{"0":{"loc":{"start":{"line":49,"column":7},"end":{"line":65,"column":14}},"type":"cond-expr","locations":[{"start":{"line":50,"column":8},"end":{"line":64,"column":14}},{"start":{"line":65,"column":10},"end":{"line":65,"column":14}}],"line":49},"1":{"loc":{"start":{"line":57,"column":16},"end":{"line":58,"column":47}},"type":"binary-expr","locations":[{"start":{"line":57,"column":16},"end":{"line":57,"column":50}},{"start":{"line":58,"column":16},"end":{"line":58,"column":47}}],"line":57},"2":{"loc":{"start":{"line":74,"column":11},"end":{"line":74,"column":56}},"type":"cond-expr","locations":[{"start":{"line":74,"column":22},"end":{"line":74,"column":37}},{"start":{"line":74,"column":40},"end":{"line":74,"column":56}}],"line":74},"3":{"loc":{"start":{"line":90,"column":2},"end":{"line":113,"column":3}},"type":"if","locations":[{"start":{"line":90,"column":2},"end":{"line":113,"column":3}},{"start":{},"end":{}}],"line":90},"4":{"loc":{"start":{"line":100,"column":11},"end":{"line":109,"column":11}},"type":"cond-expr","locations":[{"start":{"line":103,"column":12},"end":{"line":103,"column":63}},{"start":{"line":105,"column":12},"end":{"line":108,"column":14}}],"line":100},"5":{"loc":{"start":{"line":100,"column":11},"end":{"line":102,"column":69}},"type":"binary-expr","locations":[{"start":{"line":100,"column":11},"end":{"line":100,"column":14}},{"start":{"line":101,"column":10},"end":{"line":101,"column":20}},{"start":{"line":102,"column":11},"end":{"line":102,"column":30}},{"start":{"line":102,"column":34},"end":{"line":102,"column":68}}],"line":100},"6":{"loc":{"start":{"line":123,"column":9},"end":{"line":129,"column":9}},"type":"cond-expr","locations":[{"start":{"line":126,"column":10},"end":{"line":126,"column":61}},{"start":{"line":128,"column":10},"end":{"line":128,"column":72}}],"line":123},"7":{"loc":{"start":{"line":123,"column":9},"end":{"line":125,"column":67}},"type":"binary-expr","locations":[{"start":{"line":123,"column":9},"end":{"line":123,"column":12}},{"start":{"line":124,"column":8},"end":{"line":124,"column":18}},{"start":{"line":125,"column":9},"end":{"line":125,"column":28}},{"start":{"line":125,"column":32},"end":{"line":125,"column":66}}],"line":123},"8":{"loc":{"start":{"line":136,"column":2},"end":{"line":144,"column":3}},"type":"if","locations":[{"start":{"line":136,"column":2},"end":{"line":144,"column":3}},{"start":{},"end":{}}],"line":136},"9":{"loc":{"start":{"line":136,"column":6},"end":{"line":136,"column":69}},"type":"binary-expr","locations":[{"start":{"line":136,"column":6},"end":{"line":136,"column":26}},{"start":{"line":136,"column":30},"end":{"line":136,"column":69}}],"line":136},"10":{"loc":{"start":{"line":145,"column":2},"end":{"line":153,"column":3}},"type":"if","locations":[{"start":{"line":145,"column":2},"end":{"line":153,"column":3}},{"start":{},"end":{}}],"line":145},"11":{"loc":{"start":{"line":145,"column":6},"end":{"line":145,"column":62}},"type":"binary-expr","locations":[{"start":{"line":145,"column":6},"end":{"line":145,"column":26}},{"start":{"line":145,"column":30},"end":{"line":145,"column":62}}],"line":145},"12":{"loc":{"start":{"line":158,"column":2},"end":{"line":203,"column":3}},"type":"if","locations":[{"start":{"line":158,"column":2},"end":{"line":203,"column":3}},{"start":{"line":183,"column":9},"end":{"line":203,"column":3}}],"line":158},"13":{"loc":{"start":{"line":158,"column":6},"end":{"line":158,"column":46}},"type":"binary-expr","locations":[{"start":{"line":158,"column":6},"end":{"line":158,"column":9}},{"start":{"line":158,"column":13},"end":{"line":158,"column":23}},{"start":{"line":158,"column":27},"end":{"line":158,"column":46}}],"line":158},"14":{"loc":{"start":{"line":159,"column":4},"end":{"line":173,"column":5}},"type":"if","locations":[{"start":{"line":159,"column":4},"end":{"line":173,"column":5}},{"start":{},"end":{}}],"line":159},"15":{"loc":{"start":{"line":159,"column":8},"end":{"line":159,"column":40}},"type":"binary-expr","locations":[{"start":{"line":159,"column":8},"end":{"line":159,"column":16}},{"start":{"line":159,"column":20},"end":{"line":159,"column":40}}],"line":159},"16":{"loc":{"start":{"line":183,"column":9},"end":{"line":203,"column":3}},"type":"if","locations":[{"start":{"line":183,"column":9},"end":{"line":203,"column":3}},{"start":{"line":192,"column":9},"end":{"line":203,"column":3}}],"line":183},"17":{"loc":{"start":{"line":183,"column":13},"end":{"line":183,"column":68}},"type":"binary-expr","locations":[{"start":{"line":183,"column":13},"end":{"line":183,"column":16}},{"start":{"line":183,"column":20},"end":{"line":183,"column":30}},{"start":{"line":183,"column":34},"end":{"line":183,"column":68}}],"line":183},"18":{"loc":{"start":{"line":184,"column":4},"end":{"line":190,"column":5}},"type":"if","locations":[{"start":{"line":184,"column":4},"end":{"line":190,"column":5}},{"start":{},"end":{}}],"line":184},"19":{"loc":{"start":{"line":184,"column":8},"end":{"line":184,"column":40}},"type":"binary-expr","locations":[{"start":{"line":184,"column":8},"end":{"line":184,"column":16}},{"start":{"line":184,"column":20},"end":{"line":184,"column":40}}],"line":184},"20":{"loc":{"start":{"line":193,"column":4},"end":{"line":201,"column":5}},"type":"if","locations":[{"start":{"line":193,"column":4},"end":{"line":201,"column":5}},{"start":{},"end":{}}],"line":193},"21":{"loc":{"start":{"line":193,"column":8},"end":{"line":193,"column":40}},"type":"binary-expr","locations":[{"start":{"line":193,"column":8},"end":{"line":193,"column":16}},{"start":{"line":193,"column":20},"end":{"line":193,"column":40}}],"line":193},"22":{"loc":{"start":{"line":207,"column":2},"end":{"line":216,"column":3}},"type":"switch","locations":[{"start":{"line":208,"column":4},"end":{"line":209,"column":23}},{"start":{"line":210,"column":4},"end":{"line":211,"column":44}},{"start":{"line":212,"column":4},"end":{"line":213,"column":43}},{"start":{"line":214,"column":4},"end":{"line":215,"column":23}}],"line":207},"23":{"loc":{"start":{"line":219,"column":2},"end":{"line":236,"column":3}},"type":"switch","locations":[{"start":{"line":220,"column":4},"end":{"line":221,"column":44}},{"start":{"line":222,"column":4},"end":{"line":223,"column":58}},{"start":{"line":224,"column":4},"end":{"line":225,"column":44}},{"start":{"line":226,"column":4},"end":{"line":227,"column":43}},{"start":{"line":228,"column":4},"end":{"line":229,"column":53}},{"start":{"line":230,"column":4},"end":{"line":231,"column":44}},{"start":{"line":232,"column":4},"end":{"line":233,"column":45}},{"start":{"line":234,"column":4},"end":{"line":235,"column":53}}],"line":219},"24":{"loc":{"start":{"line":293,"column":14},"end":{"line":293,"column":44}},"type":"cond-expr","locations":[{"start":{"line":293,"column":32},"end":{"line":293,"column":36}},{"start":{"line":293,"column":39},"end":{"line":293,"column":44}}],"line":293},"25":{"loc":{"start":{"line":339,"column":4},"end":{"line":347,"column":5}},"type":"if","locations":[{"start":{"line":339,"column":4},"end":{"line":347,"column":5}},{"start":{"line":341,"column":11},"end":{"line":347,"column":5}}],"line":339},"26":{"loc":{"start":{"line":342,"column":6},"end":{"line":346,"column":7}},"type":"if","locations":[{"start":{"line":342,"column":6},"end":{"line":346,"column":7}},{"start":{"line":344,"column":13},"end":{"line":346,"column":7}}],"line":342},"27":{"loc":{"start":{"line":352,"column":7},"end":{"line":352,"column":27}},"type":"binary-expr","locations":[{"start":{"line":352,"column":7},"end":{"line":352,"column":13}},{"start":{"line":352,"column":17},"end":{"line":352,"column":27}}],"line":352},"28":{"loc":{"start":{"line":378,"column":11},"end":{"line":392,"column":11}},"type":"cond-expr","locations":[{"start":{"line":379,"column":12},"end":{"line":387,"column":22}},{"start":{"line":389,"column":12},"end":{"line":391,"column":25}}],"line":378},"29":{"loc":{"start":{"line":378,"column":11},"end":{"line":378,"column":55}},"type":"binary-expr","locations":[{"start":{"line":378,"column":11},"end":{"line":378,"column":25}},{"start":{"line":378,"column":29},"end":{"line":378,"column":55}}],"line":378},"30":{"loc":{"start":{"line":381,"column":21},"end":{"line":381,"column":53}},"type":"binary-expr","locations":[{"start":{"line":381,"column":21},"end":{"line":381,"column":35}},{"start":{"line":381,"column":39},"end":{"line":381,"column":53}}],"line":381},"31":{"loc":{"start":{"line":390,"column":15},"end":{"line":390,"column":52}},"type":"cond-expr","locations":[{"start":{"line":390,"column":32},"end":{"line":390,"column":46}},{"start":{"line":390,"column":49},"end":{"line":390,"column":52}}],"line":390},"32":{"loc":{"start":{"line":423,"column":13},"end":{"line":455,"column":13}},"type":"cond-expr","locations":[{"start":{"line":424,"column":14},"end":{"line":452,"column":15}},{"start":{"line":454,"column":14},"end":{"line":454,"column":17}}],"line":423},"33":{"loc":{"start":{"line":424,"column":14},"end":{"line":452,"column":15}},"type":"cond-expr","locations":[{"start":{"line":425,"column":16},"end":{"line":444,"column":26}},{"start":{"line":446,"column":16},"end":{"line":451,"column":20}}],"line":424},"34":{"loc":{"start":{"line":427,"column":25},"end":{"line":427,"column":53}},"type":"binary-expr","locations":[{"start":{"line":427,"column":25},"end":{"line":427,"column":37}},{"start":{"line":427,"column":41},"end":{"line":427,"column":53}}],"line":427},"35":{"loc":{"start":{"line":481,"column":6},"end":{"line":483,"column":34}},"type":"cond-expr","locations":[{"start":{"line":482,"column":10},"end":{"line":482,"column":50}},{"start":{"line":483,"column":10},"end":{"line":483,"column":34}}],"line":481},"36":{"loc":{"start":{"line":489,"column":6},"end":{"line":491,"column":34}},"type":"cond-expr","locations":[{"start":{"line":490,"column":10},"end":{"line":490,"column":50}},{"start":{"line":491,"column":10},"end":{"line":491,"column":34}}],"line":489},"37":{"loc":{"start":{"line":506,"column":10},"end":{"line":520,"column":12}},"type":"binary-expr","locations":[{"start":{"line":506,"column":10},"end":{"line":506,"column":21}},{"start":{"line":507,"column":10},"end":{"line":520,"column":12}}],"line":506}},"s":{"0":54,"1":1,"2":5,"3":2,"4":54,"5":2,"6":52,"7":108,"8":0,"9":108,"10":12,"11":96,"12":54,"13":16,"14":4,"15":0,"16":12,"17":2,"18":38,"19":2,"20":0,"21":2,"22":36,"23":12,"24":24,"25":3,"26":38,"27":6,"28":4,"29":2,"30":26,"31":3,"32":54,"33":4,"34":10,"35":10,"36":6,"37":4,"38":12,"39":6,"40":2,"41":3,"42":54,"43":54,"44":3,"45":38,"46":38,"47":23,"48":23,"49":3,"50":10,"51":10,"52":10,"53":0,"54":0,"55":0,"56":0,"57":0,"58":0,"59":0,"60":0,"61":0,"62":0,"63":0,"64":10,"65":0,"66":0,"67":3,"68":23,"69":23,"70":23,"71":23,"72":18,"73":23,"74":1,"75":1,"76":0,"77":23,"78":5,"79":5,"80":1,"81":23,"82":2,"83":23,"84":27,"85":27,"86":27,"87":46},"f":{"0":54,"1":1,"2":5,"3":2,"4":54,"5":108,"6":54,"7":0,"8":2,"9":38,"10":54,"11":54,"12":38,"13":23,"14":10,"15":0,"16":0,"17":0,"18":23,"19":18,"20":1,"21":1,"22":0,"23":5,"24":5,"25":1,"26":2,"27":27,"28":46},"b":{"0":[38,16],"1":[38,2],"2":[8,46],"3":[2,52],"4":[2,0],"5":[2,2,2,0],"6":[16,36],"7":[52,52,16,2],"8":[0,108],"9":[108,58],"10":[12,96],"11":[108,58],"12":[16,38],"13":[54,54,18],"14":[4,12],"15":[16,16],"16":[2,36],"17":[38,38,2],"18":[0,2],"19":[2,2],"20":[12,24],"21":[36,36],"22":[6,4,2,26],"23":[4,10,10,6,4,12,6,2],"24":[6,17],"25":[0,0],"26":[0,0],"27":[10,0],"28":[4,6],"29":[10,8],"30":[4,4],"31":[4,2],"32":[8,2],"33":[4,4],"34":[4,4],"35":[0,1],"36":[1,4],"37":[23,23]},"_coverageSchema":"1a1c01bbd47fc00a2c39e90264f33305004495a9","hash":"539df4ac2d8c13b71085737af1bb87066f452ce8"}
,"C:\\Users\\u1112428\\Downloads\\WorkSpace\\ProtocolDigitization\\pd-ui\\src\\features\\Components\\DocumentsTable\\AssociateDocumentsTable.js": {"path":"C:\\Users\\u1112428\\Downloads\\WorkSpace\\ProtocolDigitization\\pd-ui\\src\\features\\Components\\DocumentsTable\\AssociateDocumentsTable.js","statementMap":{"0":{"start":{"line":21,"column":2},"end":{"line":33,"column":3}},"1":{"start":{"line":22,"column":4},"end":{"line":32,"column":6}},"2":{"start":{"line":28,"column":27},"end":{"line":28,"column":57}},"3":{"start":{"line":34,"column":2},"end":{"line":51,"column":3}},"4":{"start":{"line":35,"column":4},"end":{"line":50,"column":6}},"5":{"start":{"line":46,"column":27},"end":{"line":46,"column":57}},"6":{"start":{"line":52,"column":2},"end":{"line":65,"column":4}},"7":{"start":{"line":61,"column":25},"end":{"line":61,"column":55}},"8":{"start":{"line":69,"column":30},"end":{"line":69,"column":45}},"9":{"start":{"line":70,"column":18},"end":{"line":70,"column":37}},"10":{"start":{"line":71,"column":2},"end":{"line":71,"column":42}},"11":{"start":{"line":72,"column":25},"end":{"line":94,"column":3}},"12":{"start":{"line":73,"column":4},"end":{"line":73,"column":20}},"13":{"start":{"line":74,"column":21},"end":{"line":74,"column":53}},"14":{"start":{"line":75,"column":21},"end":{"line":75,"column":50}},"15":{"start":{"line":76,"column":4},"end":{"line":76,"column":26}},"16":{"start":{"line":77,"column":19},"end":{"line":83,"column":5}},"17":{"start":{"line":84,"column":17},"end":{"line":84,"column":39}},"18":{"start":{"line":93,"column":4},"end":{"line":93,"column":21}},"19":{"start":{"line":95,"column":2},"end":{"line":102,"column":4}},"20":{"start":{"line":98,"column":46},"end":{"line":98,"column":65}},"21":{"start":{"line":106,"column":18},"end":{"line":106,"column":30}},"22":{"start":{"line":107,"column":25},"end":{"line":110,"column":3}},"23":{"start":{"line":108,"column":4},"end":{"line":108,"column":31}},"24":{"start":{"line":109,"column":4},"end":{"line":109,"column":52}},"25":{"start":{"line":111,"column":2},"end":{"line":128,"column":3}},"26":{"start":{"line":112,"column":4},"end":{"line":127,"column":6}},"27":{"start":{"line":118,"column":27},"end":{"line":118,"column":46}},"28":{"start":{"line":129,"column":2},"end":{"line":146,"column":3}},"29":{"start":{"line":130,"column":4},"end":{"line":145,"column":6}},"30":{"start":{"line":136,"column":27},"end":{"line":136,"column":46}},"31":{"start":{"line":147,"column":2},"end":{"line":149,"column":4}},"32":{"start":{"line":153,"column":2},"end":{"line":153,"column":78}},"33":{"start":{"line":156,"column":17},"end":{"line":168,"column":1}},"34":{"start":{"line":157,"column":15},"end":{"line":157,"column":45}},"35":{"start":{"line":158,"column":2},"end":{"line":166,"column":3}},"36":{"start":{"line":159,"column":4},"end":{"line":165,"column":26}},"37":{"start":{"line":167,"column":2},"end":{"line":167,"column":13}},"38":{"start":{"line":169,"column":25},"end":{"line":171,"column":1}},"39":{"start":{"line":170,"column":2},"end":{"line":170,"column":49}},"40":{"start":{"line":173,"column":16},"end":{"line":213,"column":1}},"41":{"start":{"line":214,"column":24},"end":{"line":250,"column":1}},"42":{"start":{"line":260,"column":2},"end":{"line":291,"column":4}},"43":{"start":{"line":268,"column":23},"end":{"line":268,"column":37}},"44":{"start":{"line":269,"column":26},"end":{"line":274,"column":11}},"45":{"start":{"line":275,"column":10},"end":{"line":275,"column":38}},"46":{"start":{"line":281,"column":12},"end":{"line":283,"column":40}}},"fnMap":{"0":{"name":"ActionCell","decl":{"start":{"line":20,"column":9},"end":{"line":20,"column":19}},"loc":{"start":{"line":20,"column":29},"end":{"line":66,"column":1}},"line":20},"1":{"name":"(anonymous_1)","decl":{"start":{"line":28,"column":21},"end":{"line":28,"column":22}},"loc":{"start":{"line":28,"column":27},"end":{"line":28,"column":57}},"line":28},"2":{"name":"(anonymous_2)","decl":{"start":{"line":46,"column":21},"end":{"line":46,"column":22}},"loc":{"start":{"line":46,"column":27},"end":{"line":46,"column":57}},"line":46},"3":{"name":"(anonymous_3)","decl":{"start":{"line":61,"column":19},"end":{"line":61,"column":20}},"loc":{"start":{"line":61,"column":25},"end":{"line":61,"column":55}},"line":61},"4":{"name":"DownloadLink","decl":{"start":{"line":68,"column":9},"end":{"line":68,"column":21}},"loc":{"start":{"line":68,"column":58},"end":{"line":103,"column":1}},"line":68},"5":{"name":"(anonymous_5)","decl":{"start":{"line":72,"column":25},"end":{"line":72,"column":26}},"loc":{"start":{"line":72,"column":40},"end":{"line":94,"column":3}},"line":72},"6":{"name":"(anonymous_6)","decl":{"start":{"line":98,"column":40},"end":{"line":98,"column":41}},"loc":{"start":{"line":98,"column":46},"end":{"line":98,"column":65}},"line":98},"7":{"name":"VersionCell","decl":{"start":{"line":105,"column":9},"end":{"line":105,"column":20}},"loc":{"start":{"line":105,"column":38},"end":{"line":150,"column":1}},"line":105},"8":{"name":"(anonymous_8)","decl":{"start":{"line":107,"column":25},"end":{"line":107,"column":26}},"loc":{"start":{"line":107,"column":34},"end":{"line":110,"column":3}},"line":107},"9":{"name":"(anonymous_9)","decl":{"start":{"line":118,"column":21},"end":{"line":118,"column":22}},"loc":{"start":{"line":118,"column":27},"end":{"line":118,"column":46}},"line":118},"10":{"name":"(anonymous_10)","decl":{"start":{"line":136,"column":21},"end":{"line":136,"column":22}},"loc":{"start":{"line":136,"column":27},"end":{"line":136,"column":46}},"line":136},"11":{"name":"StatusCell","decl":{"start":{"line":152,"column":9},"end":{"line":152,"column":19}},"loc":{"start":{"line":152,"column":56},"end":{"line":154,"column":1}},"line":152},"12":{"name":"(anonymous_12)","decl":{"start":{"line":156,"column":17},"end":{"line":156,"column":18}},"loc":{"start":{"line":156,"column":38},"end":{"line":168,"column":1}},"line":156},"13":{"name":"(anonymous_13)","decl":{"start":{"line":169,"column":25},"end":{"line":169,"column":26}},"loc":{"start":{"line":169,"column":38},"end":{"line":171,"column":1}},"line":169},"14":{"name":"AssociateDocumentsTable","decl":{"start":{"line":252,"column":9},"end":{"line":252,"column":32}},"loc":{"start":{"line":259,"column":3},"end":{"line":292,"column":1}},"line":259},"15":{"name":"(anonymous_15)","decl":{"start":{"line":267,"column":30},"end":{"line":267,"column":31}},"loc":{"start":{"line":267,"column":39},"end":{"line":276,"column":9}},"line":267},"16":{"name":"(anonymous_16)","decl":{"start":{"line":280,"column":30},"end":{"line":280,"column":31}},"loc":{"start":{"line":281,"column":12},"end":{"line":283,"column":40}},"line":281}},"branchMap":{"0":{"loc":{"start":{"line":21,"column":2},"end":{"line":33,"column":3}},"type":"if","locations":[{"start":{"line":21,"column":2},"end":{"line":33,"column":3}},{"start":{},"end":{}}],"line":21},"1":{"loc":{"start":{"line":21,"column":6},"end":{"line":21,"column":71}},"type":"binary-expr","locations":[{"start":{"line":21,"column":6},"end":{"line":21,"column":33}},{"start":{"line":21,"column":37},"end":{"line":21,"column":71}}],"line":21},"2":{"loc":{"start":{"line":34,"column":2},"end":{"line":51,"column":3}},"type":"if","locations":[{"start":{"line":34,"column":2},"end":{"line":51,"column":3}},{"start":{},"end":{}}],"line":34},"3":{"loc":{"start":{"line":34,"column":6},"end":{"line":34,"column":64}},"type":"binary-expr","locations":[{"start":{"line":34,"column":6},"end":{"line":34,"column":33}},{"start":{"line":34,"column":37},"end":{"line":34,"column":64}}],"line":34},"4":{"loc":{"start":{"line":42,"column":16},"end":{"line":43,"column":54}},"type":"binary-expr","locations":[{"start":{"line":42,"column":16},"end":{"line":42,"column":54}},{"start":{"line":43,"column":16},"end":{"line":43,"column":54}}],"line":42},"5":{"loc":{"start":{"line":58,"column":12},"end":{"line":59,"column":49}},"type":"binary-expr","locations":[{"start":{"line":58,"column":12},"end":{"line":58,"column":43}},{"start":{"line":59,"column":12},"end":{"line":59,"column":49}}],"line":58},"6":{"loc":{"start":{"line":97,"column":7},"end":{"line":97,"column":27}},"type":"binary-expr","locations":[{"start":{"line":97,"column":7},"end":{"line":97,"column":13}},{"start":{"line":97,"column":17},"end":{"line":97,"column":27}}],"line":97},"7":{"loc":{"start":{"line":111,"column":2},"end":{"line":128,"column":3}},"type":"if","locations":[{"start":{"line":111,"column":2},"end":{"line":128,"column":3}},{"start":{},"end":{}}],"line":111},"8":{"loc":{"start":{"line":114,"column":9},"end":{"line":125,"column":9}},"type":"cond-expr","locations":[{"start":{"line":115,"column":10},"end":{"line":122,"column":14}},{"start":{"line":124,"column":10},"end":{"line":124,"column":13}}],"line":114},"9":{"loc":{"start":{"line":129,"column":2},"end":{"line":146,"column":3}},"type":"if","locations":[{"start":{"line":129,"column":2},"end":{"line":146,"column":3}},{"start":{},"end":{}}],"line":129},"10":{"loc":{"start":{"line":132,"column":9},"end":{"line":143,"column":9}},"type":"cond-expr","locations":[{"start":{"line":133,"column":10},"end":{"line":140,"column":14}},{"start":{"line":142,"column":10},"end":{"line":142,"column":13}}],"line":132},"11":{"loc":{"start":{"line":153,"column":44},"end":{"line":153,"column":69}},"type":"cond-expr","locations":[{"start":{"line":153,"column":55},"end":{"line":153,"column":63}},{"start":{"line":153,"column":66},"end":{"line":153,"column":69}}],"line":153},"12":{"loc":{"start":{"line":158,"column":2},"end":{"line":166,"column":3}},"type":"if","locations":[{"start":{"line":158,"column":2},"end":{"line":166,"column":3}},{"start":{},"end":{}}],"line":158},"13":{"loc":{"start":{"line":277,"column":17},"end":{"line":277,"column":57}},"type":"cond-expr","locations":[{"start":{"line":277,"column":32},"end":{"line":277,"column":39}},{"start":{"line":277,"column":42},"end":{"line":277,"column":57}}],"line":277},"14":{"loc":{"start":{"line":282,"column":14},"end":{"line":282,"column":52}},"type":"cond-expr","locations":[{"start":{"line":282,"column":28},"end":{"line":282,"column":38}},{"start":{"line":282,"column":41},"end":{"line":282,"column":52}}],"line":282}},"s":{"0":108,"1":18,"2":10,"3":90,"4":33,"5":4,"6":57,"7":10,"8":115,"9":115,"10":115,"11":115,"12":1,"13":1,"14":1,"15":1,"16":1,"17":1,"18":0,"19":115,"20":1,"21":114,"22":114,"23":0,"24":0,"25":114,"26":0,"27":0,"28":114,"29":0,"30":0,"31":114,"32":114,"33":3,"34":228,"35":228,"36":188,"37":40,"38":3,"39":114,"40":3,"41":3,"42":39,"43":109,"44":109,"45":109,"46":42},"f":{"0":108,"1":10,"2":4,"3":10,"4":115,"5":1,"6":1,"7":114,"8":0,"9":0,"10":0,"11":114,"12":228,"13":114,"14":39,"15":109,"16":42},"b":{"0":[18,90],"1":[108,51],"2":[33,57],"3":[90,33],"4":[33,22],"5":[57,0],"6":[115,1],"7":[0,114],"8":[0,0],"9":[0,114],"10":[0,0],"11":[110,4],"12":[188,40],"13":[35,4],"14":[6,36]},"_coverageSchema":"1a1c01bbd47fc00a2c39e90264f33305004495a9","hash":"90912681beb777d256e65fe9b4dd5012e02b1a58"}
[...]
umn":38}},{"start":{"line":62,"column":12},"end":{"line":62,"column":14}}],"line":60},"7":{"loc":{"start":{"line":60,"column":8},"end":{"line":60,"column":79}},"type":"binary-expr","locations":[{"start":{"line":60,"column":8},"end":{"line":60,"column":24}},{"start":{"line":60,"column":28},"end":{"line":60,"column":49}},{"start":{"line":60,"column":53},"end":{"line":60,"column":79}}],"line":60},"8":{"loc":{"start":{"line":66,"column":23},"end":{"line":66,"column":70}},"type":"cond-expr","locations":[{"start":{"line":66,"column":44},"end":{"line":66,"column":62}},{"start":{"line":66,"column":65},"end":{"line":66,"column":70}}],"line":66},"9":{"loc":{"start":{"line":92,"column":4},"end":{"line":94,"column":5}},"type":"if","locations":[{"start":{"line":92,"column":4},"end":{"line":94,"column":5}},{"start":{},"end":{}}],"line":92},"10":{"loc":{"start":{"line":107,"column":4},"end":{"line":107,"column":48}},"type":"binary-expr","locations":[{"start":{"line":107,"column":4},"end":{"line":107,"column":9}},{"start":{"line":107,"column":13},"end":{"line":107,"column":48}}],"line":107},"11":{"loc":{"start":{"line":115,"column":4},"end":{"line":119,"column":5}},"type":"if","locations":[{"start":{"line":115,"column":4},"end":{"line":119,"column":5}},{"start":{"line":117,"column":11},"end":{"line":119,"column":5}}],"line":115},"12":{"loc":{"start":{"line":123,"column":27},"end":{"line":123,"column":77}},"type":"cond-expr","locations":[{"start":{"line":123,"column":51},"end":{"line":123,"column":56}},{"start":{"line":123,"column":59},"end":{"line":123,"column":77}}],"line":123},"13":{"loc":{"start":{"line":151,"column":4},"end":{"line":157,"column":5}},"type":"if","locations":[{"start":{"line":151,"column":4},"end":{"line":157,"column":5}},{"start":{"line":154,"column":11},"end":{"line":157,"column":5}}],"line":151},"14":{"loc":{"start":{"line":177,"column":6},"end":{"line":184,"column":7}},"type":"if","locations":[{"start":{"line":177,"column":6},"end":{"line":184,"column":7}},{"start":{},"end":{}}],"line":177},"15":{"loc":{"start":{"line":178,"column":8},"end":{"line":180,"column":47}},"type":"binary-expr","locations":[{"start":{"line":178,"column":8},"end":{"line":178,"column":26}},{"start":{"line":179,"column":8},"end":{"line":180,"column":47}}],"line":178},"16":{"loc":{"start":{"line":199,"column":6},"end":{"line":204,"column":7}},"type":"if","locations":[{"start":{"line":199,"column":6},"end":{"line":204,"column":7}},{"start":{},"end":{}}],"line":199},"17":{"loc":{"start":{"line":363,"column":19},"end":{"line":376,"column":19}},"type":"cond-expr","locations":[{"start":{"line":364,"column":20},"end":{"line":373,"column":27}},{"start":{"line":375,"column":20},"end":{"line":375,"column":51}}],"line":363},"18":{"loc":{"start":{"line":366,"column":23},"end":{"line":368,"column":53}},"type":"cond-expr","locations":[{"start":{"line":367,"column":26},"end":{"line":367,"column":40}},{"start":{"line":368,"column":26},"end":{"line":368,"column":53}}],"line":366},"19":{"loc":{"start":{"line":370,"column":23},"end":{"line":372,"column":51}},"type":"binary-expr","locations":[{"start":{"line":370,"column":23},"end":{"line":370,"column":33}},{"start":{"line":371,"column":24},"end":{"line":371,"column":39}},{"start":{"line":372,"column":24},"end":{"line":372,"column":51}}],"line":370},"20":{"loc":{"start":{"line":382,"column":15},"end":{"line":415,"column":15}},"type":"binary-expr","locations":[{"start":{"line":382,"column":15},"end":{"line":382,"column":38}},{"start":{"line":383,"column":16},"end":{"line":414,"column":19}}],"line":382},"21":{"loc":{"start":{"line":411,"column":23},"end":{"line":411,"column":69}},"type":"cond-expr","locations":[{"start":{"line":411,"column":40},"end":{"line":411,"column":52}},{"start":{"line":411,"column":55},"end":{"line":411,"column":69}}],"line":411},"22":{"loc":{"start":{"line":417,"column":17},"end":{"line":425,"column":17}},"type":"binary-expr","locations":[{"start":{"line":417,"column":17},"end":{"line":417,"column":39}},{"start":{"line":418,"column":18},"end":{"line":424,"column":20}}],"line":417},"23":{"loc":{"start":{"line":429,"column":15},"end":{"line":468,"column":19}},"type":"cond-expr","locations":[{"start":{"line":432,"column":18},"end":{"line":450,"column":20}},{"start":{"line":451,"column":18},"end":{"line":468,"column":19}}],"line":429},"24":{"loc":{"start":{"line":429,"column":15},"end":{"line":431,"column":39}},"type":"binary-expr","locations":[{"start":{"line":429,"column":15},"end":{"line":429,"column":33}},{"start":{"line":430,"column":14},"end":{"line":430,"column":32}},{"start":{"line":431,"column":14},"end":{"line":431,"column":39}}],"line":429},"25":{"loc":{"start":{"line":451,"column":18},"end":{"line":468,"column":19}},"type":"binary-expr","locations":[{"start":{"line":451,"column":18},"end":{"line":451,"column":35}},{"start":{"line":452,"column":20},"end":{"line":467,"column":26}}],"line":451},"26":{"loc":{"start":{"line":453,"column":23},"end":{"line":466,"column":23}},"type":"cond-expr","locations":[{"start":{"line":454,"column":24},"end":{"line":454,"column":41}},{"start":{"line":456,"column":24},"end":{"line":465,"column":30}}],"line":453},"27":{"loc":{"start":{"line":470,"column":15},"end":{"line":486,"column":17}},"type":"binary-expr","locations":[{"start":{"line":470,"column":15},"end":{"line":470,"column":33}},{"start":{"line":471,"column":16},"end":{"line":471,"column":34}},{"start":{"line":472,"column":16},"end":{"line":472,"column":41}},{"start":{"line":473,"column":18},"end":{"line":485,"column":24}}],"line":470},"28":{"loc":{"start":{"line":477,"column":24},"end":{"line":479,"column":51}},"type":"binary-expr","locations":[{"start":{"line":477,"column":24},"end":{"line":477,"column":34}},{"start":{"line":478,"column":24},"end":{"line":478,"column":39}},{"start":{"line":479,"column":24},"end":{"line":479,"column":51}}],"line":477}},"s":{"0":13,"1":9,"2":49,"3":43,"4":43,"5":0,"6":0,"7":0,"8":0,"9":0,"10":43,"11":43,"12":43,"13":43,"14":8,"15":8,"16":8,"17":8,"18":43,"19":6,"20":9,"21":2,"22":2,"23":2,"24":2,"25":2,"26":2,"27":0,"28":2,"29":9,"30":0,"31":0,"32":0,"33":9,"34":5,"35":5,"36":15,"37":5,"38":9,"39":0,"40":0,"41":0,"42":0,"43":0,"44":0,"45":0,"46":0,"47":0,"48":0,"49":0,"50":0,"51":0,"52":0,"53":9,"54":8,"55":8,"56":9,"57":0,"58":0,"59":0,"60":9,"61":0,"62":0,"63":9,"64":2,"65":2,"66":2,"67":2,"68":2,"69":4,"70":2,"71":2,"72":2,"73":2,"74":2,"75":0,"76":0,"77":0,"78":0,"79":0,"80":49,"81":49,"82":49,"83":2,"84":5,"85":30,"86":0,"87":0,"88":20,"89":4,"90":9,"91":4,"92":9,"93":0,"94":0,"95":0},"f":{"0":13,"1":49,"2":0,"3":9,"4":2,"5":2,"6":0,"7":5,"8":15,"9":0,"10":0,"11":8,"12":0,"13":0,"14":2,"15":4,"16":49,"17":2,"18":5,"19":30,"20":0,"21":0,"22":20,"23":9,"24":9,"25":0,"26":0,"27":0},"b":{"0":[43,6],"1":[49,6,6],"2":[0,43],"3":[43,0,0,0,0],"4":[0,0],"5":[0,0],"6":[4,39],"7":[43,43,43],"8":[0,8],"9":[0,2],"10":[5,5],"11":[0,0],"12":[0,0],"13":[0,0],"14":[2,2],"15":[4,2],"16":[0,0],"17":[10,39],"18":[5,5],"19":[10,10,10],"20":[49,10],"21":[10,0],"22":[49,43],"23":[10,39],"24":[49,49,49],"25":[39,39],"26":[39,0],"27":[49,49,49,10],"28":[10,10,10]},"_coverageSchema":"1a1c01bbd47fc00a2c39e90264f33305004495a9","hash":"faca90aa5c2e5ebaeeb59b47d3b82844d87c8954"}
,"C:\\Users\\u1112428\\Downloads\\WorkSpace\\ProtocolDigitization\\pd-ui\\src\\features\\Container\\Search\\SearchSection.js": {"path":"C:\\Users\\u1112428\\Downloads\\WorkSpace\\ProtocolDigitization\\pd-ui\\src\\features\\Container\\Search\\SearchSection.js","statementMap":{"0":{"start":{"line":11,"column":4},"end":{"line":11,"column":17}},"1":{"start":{"line":13,"column":4},"end":{"line":15,"column":6}},"2":{"start":{"line":18,"column":29},"end":{"line":21,"column":3}},"3":{"start":{"line":20,"column":4},"end":{"line":20,"column":45}},"4":{"start":{"line":23,"column":25},"end":{"line":28,"column":3}},"5":{"start":{"line":24,"column":4},"end":{"line":24,"column":23}},"6":{"start":{"line":26,"column":4},"end":{"line":26,"column":53}},"7":{"start":{"line":27,"column":4},"end":{"line":27,"column":33}},"8":{"start":{"line":31,"column":22},"end":{"line":31,"column":32}},"9":{"start":{"line":32,"column":4},"end":{"line":57,"column":6}}},"fnMap":{"0":{"name":"(anonymous_0)","decl":{"start":{"line":10,"column":2},"end":{"line":10,"column":3}},"loc":{"start":{"line":10,"column":21},"end":{"line":16,"column":3}},"line":10},"1":{"name":"(anonymous_1)","decl":{"start":{"line":18,"column":29},"end":{"line":18,"column":30}},"loc":{"start":{"line":18,"column":36},"end":{"line":21,"column":3}},"line":18},"2":{"name":"(anonymous_2)","decl":{"start":{"line":23,"column":25},"end":{"line":23,"column":26}},"loc":{"start":{"line":23,"column":32},"end":{"line":28,"column":3}},"line":23},"3":{"name":"(anonymous_3)","decl":{"start":{"line":30,"column":2},"end":{"line":30,"column":3}},"loc":{"start":{"line":30,"column":11},"end":{"line":58,"column":3}},"line":30}},"branchMap":{},"s":{"0":7,"1":7,"2":7,"3":3,"4":7,"5":4,"6":4,"7":4,"8":49,"9":49},"f":{"0":7,"1":3,"2":4,"3":49},"b":{},"_coverageSchema":"1a1c01bbd47fc00a2c39e90264f33305004495a9","hash":"8cb111eae6bbc402bc5957d86aeaa790dd5b6d40"}
,"C:\\Users\\u1112428\\Downloads\\WorkSpace\\ProtocolDigitization\\pd-ui\\src\\features\\Container\\Search\\searchSlice.js": {"path":"C:\\Users\\u1112428\\Downloads\\WorkSpace\\ProtocolDigitization\\pd-ui\\src\\features\\Container\\Search\\searchSlice.js","statementMap":{"0":{"start":{"line":3,"column":27},"end":{"line":58,"column":2}},"1":{"start":{"line":34,"column":6},"end":{"line":34,"column":37}},"2":{"start":{"line":37,"column":6},"end":{"line":37,"column":42}},"3":{"start":{"line":40,"column":6},"end":{"line":40,"column":47}},"4":{"start":{"line":43,"column":6},"end":{"line":43,"column":41}},"5":{"start":{"line":46,"column":6},"end":{"line":46,"column":38}},"6":{"start":{"line":49,"column":6},"end":{"line":49,"column":36}},"7":{"start":{"line":52,"column":6},"end":{"line":52,"column":35}},"8":{"start":{"line":55,"column":6},"end":{"line":55,"column":36}},"9":{"start":{"line":69,"column":4},"end":{"line":69,"column":23}},"10":{"start":{"line":74,"column":28},"end":{"line":74,"column":59}},"11":{"start":{"line":74,"column":39},"end":{"line":74,"column":59}},"12":{"start":{"line":75,"column":28},"end":{"line":75,"column":64}},"13":{"start":{"line":75,"column":39},"end":{"line":75,"column":64}},"14":{"start":{"line":76,"column":33},"end":{"line":76,"column":74}},"15":{"start":{"line":76,"column":44},"end":{"line":76,"column":74}},"16":{"start":{"line":77,"column":27},"end":{"line":77,"column":62}},"17":{"start":{"line":77,"column":38},"end":{"line":77,"column":62}},"18":{"start":{"line":78,"column":24},"end":{"line":78,"column":56}},"19":{"start":{"line":78,"column":35},"end":{"line":78,"column":56}},"20":{"start":{"line":79,"column":22},"end":{"line":79,"column":52}},"21":{"start":{"line":79,"column":33},"end":{"line":79,"column":52}},"22":{"start":{"line":80,"column":22},"end":{"line":80,"column":52}},"23":{"start":{"line":80,"column":33},"end":{"line":80,"column":52}},"24":{"start":{"line":81,"column":21},"end":{"line":81,"column":50}},"25":{"start":{"line":81,"column":32},"end":{"line":81,"column":50}}},"fnMap":{"0":{"name":"(anonymous_0)","decl":{"start":{"line":33,"column":16},"end":{"line":33,"column":17}},"loc":{"start":{"line":33,"column":35},"end":{"line":35,"column":5}},"line":33},"1":{"name":"(anonymous_1)","decl":{"start":{"line":36,"column":21},"end":{"line":36,"column":22}},"loc":{"start":{"line":36,"column":40},"end":{"line":38,"column":5}},"line":36},"2":{"name":"(anonymous_2)","decl":{"start":{"line":39,"column":26},"end":{"line":39,"column":27}},"loc":{"start":{"line":39,"column":45},"end":{"line":41,"column":5}},"line":39},"3":{"name":"(anonymous_3)","decl":{"start":{"line":42,"column":20},"end":{"line":42,"column":21}},"loc":{"start":{"line":42,"column":39},"end":{"line":44,"column":5}},"line":42},"4":{"name":"(anonymous_4)","decl":{"start":{"line":45,"column":17},"end":{"line":45,"column":18}},"loc":{"start":{"line":45,"column":36},"end":{"line":47,"column":5}},"line":45},"5":{"name":"(anonymous_5)","decl":{"start":{"line":48,"column":19},"end":{"line":48,"column":20}},"loc":{"start":{"line":48,"column":38},"end":{"line":50,"column":5}},"line":48},"6":{"name":"(anonymous_6)","decl":{"start":{"line":51,"column":18},"end":{"line":51,"column":19}},"loc":{"start":{"line":51,"column":37},"end":{"line":53,"column":5}},"line":51},"7":{"name":"(anonymous_7)","decl":{"start":{"line":54,"column":20},"end":{"line":54,"column":21}},"loc":{"start":{"line":54,"column":39},"end":{"line":56,"column":5}},"line":54},"8":{"name":"(anonymous_8)","decl":{"start":{"line":74,"column":28},"end":{"line":74,"column":29}},"loc":{"start":{"line":74,"column":39},"end":{"line":74,"column":59}},"line":74},"9":{"name":"(anonymous_9)","decl":{"start":{"line":75,"column":28},"end":{"line":75,"column":29}},"loc":{"start":{"line":75,"column":39},"end":{"line":75,"column":64}},"line":75},"10":{"name":"(anonymous_10)","decl":{"start":{"line":76,"column":33},"end":{"line":76,"column":34}},"loc":{"start":{"line":76,"column":44},"end":{"line":76,"column":74}},"line":76},"11":{"name":"(anonymous_11)","decl":{"start":{"line":77,"column":27},"end":{"line":77,"column":28}},"loc":{"start":{"line":77,"column":38},"end":{"line":77,"column":62}},"line":77},"12":{"name":"(anonymous_12)","decl":{"start":{"line":78,"column":24},"end":{"line":78,"column":25}},"loc":{"start":{"line":78,"column":35},"end":{"line":78,"column":56}},"line":78},"13":{"name":"(anonymous_13)","decl":{"start":{"line":79,"column":22},"end":{"line":79,"column":23}},"loc":{"start":{"line":79,"column":33},"end":{"line":79,"column":52}},"line":79},"14":{"name":"(anonymous_14)","decl":{"start":{"line":80,"column":22},"end":{"line":80,"column":23}},"loc":{"start":{"line":80,"column":33},"end":{"line":80,"column":52}},"line":80},"15":{"name":"(anonymous_15)","decl":{"start":{"line":81,"column":21},"end":{"line":81,"column":22}},"loc":{"start":{"line":81,"column":32},"end":{"line":81,"column":50}},"line":81}},"branchMap":{},"s":{"0":46,"1":1,"2":0,"3":0,"4":0,"5":0,"6":0,"7":0,"8":0,"9":46,"10":46,"11":7,"12":46,"13":7,"14":46,"15":7,"16":46,"17":7,"18":46,"19":7,"20":46,"21":7,"22":46,"23":7,"24":46,"25":19},"f":{"0":1,"1":0,"2":0,"3":0,"4":0,"5":0,"6":0,"7":0,"8":7,"9":7,"10":7,"11":7,"12":7,"13":7,"14":7,"15":19},"b":{},"_coverageSchema":"1a1c01bbd47fc00a2c39e90264f33305004495a9","hash":"f8afd51dfdd88c6294ce6702e3aacb8e6702bcf1"}
,"C:\\Users\\u1112428\\Downloads\\WorkSpace\\ProtocolDigitization\\pd-ui\\src\\features\\Container\\Search\\Data\\constants.js": {"path":"C:\\Users\\u1112428\\Downloads\\WorkSpace\\ProtocolDigitization\\pd-ui\\src\\features\\Container\\Search\\Data\\constants.js","statementMap":{"0":{"start":{"line":1,"column":19},"end":{"line":56,"column":1}},"1":{"start":{"line":58,"column":22},"end":{"line":148,"column":1}},"2":{"start":{"line":150,"column":30},"end":{"line":177,"column":1}},"3":{"start":{"line":178,"column":24},"end":{"line":205,"column":1}},"4":{"start":{"line":207,"column":24},"end":{"line":223,"column":1}},"5":{"start":{"line":225,"column":27},"end":{"line":251,"column":1}}},"fnMap":{},"branchMap":{},"s":{"0":5,"1":5,"2":5,"3":5,"4":5,"5":5},"f":{},"b":{},"_coverageSchema":"1a1c01bbd47fc00a2c39e90264f33305004495a9","hash":"31dc8268a119bfd3ad9ee6df0a1daac3e6365dfe"}
,"C:\\Users\\u1112428\\Downloads\\WorkSpace\\ProtocolDigitization\\pd-ui\\src\\features\\Container\\Search\\__test__\\data.js": {"path":"C:\\Users\\u1112428\\Downloads\\WorkSpace\\ProtocolDigitization\\pd-ui\\src\\features\\Container\\Search\\__test__\\data.js","statementMap":{"0":{"start":{"line":1,"column":28},"end":{"line":33,"column":1}},"1":{"start":{"line":34,"column":30},"end":{"line":39,"column":1}},"2":{"start":{"line":40,"column":26},"end":{"line":84,"column":1}},"3":{"start":{"line":86,"column":23},"end":{"line":118,"column":1}},"4":{"start":{"line":120,"column":21},"end":{"line":172,"column":1}},"5":{"start":{"line":174,"column":30},"end":{"line":279,"column":1}},"6":{"start":{"line":280,"column":31},"end":{"line":385,"column":1}},"7":{"start":{"line":387,"column":30},"end":{"line":390,"column":1}},"8":{"start":{"line":392,"column":32},"end":{"line":456,"column":1}},"9":{"start":{"line":457,"column":39},"end":{"line":485,"column":1}}},"fnMap":{},"branchMap":{},"s":{"0":5,"1":5,"2":5,"3":5,"4":5,"5":5,"6":5,"7":5,"8":5,"9":5},"f":{},"b":{},"_coverageSchema":"1a1c01bbd47fc00a2c39e90264f33305004495a9","hash":"9e014fc4179d55b47f304935a81b4de0a7e2c6d2"}
,"C:\\Users\\u1112428\\Downloads\\WorkSpace\\ProtocolDigitization\\pd-ui\\src\\store\\rootReducer.js": {"path":"C:\\Users\\u1112428\\Downloads\\WorkSpace\\ProtocolDigitization\\pd-ui\\src\\store\\rootReducer.js","statementMap":{"0":{"start":{"line":11,"column":20},"end":{"line":19,"column":1}}},"fnMap":{},"branchMap":{},"s":{"0":44},"f":{},"b":{},"_coverageSchema":"1a1c01bbd47fc00a2c39e90264f33305004495a9","hash":"3015bef8752c852b279b5eb1323e1287c5efd9db"}
,"C:\\Users\\u1112428\\Downloads\\WorkSpace\\ProtocolDigitization\\pd-ui\\src\\store\\rootSaga.js": {"path":"C:\\Users\\u1112428\\Downloads\\WorkSpace\\ProtocolDigitization\\pd-ui\\src\\store\\rootSaga.js","statementMap":{"0":{"start":{"line":10,"column":2},"end":{"line":17,"column":5}}},"fnMap":{"0":{"name":"rootSaga","decl":{"start":{"line":9,"column":25},"end":{"line":9,"column":33}},"loc":{"start":{"line":9,"column":36},"end":{"line":18,"column":1}},"line":9}},"branchMap":{},"s":{"0":3},"f":{"0":3},"b":{},"_coverageSchema":"1a1c01bbd47fc00a2c39e90264f33305004495a9","hash":"4022e5b539a3233bb043b378c8fcc7e074e79ebf"}
,"C:\\Users\\u1112428\\Downloads\\WorkSpace\\ProtocolDigitization\\pd-ui\\src\\store\\store.js": {"path":"C:\\Users\\u1112428\\Downloads\\WorkSpace\\ProtocolDigitization\\pd-ui\\src\\store\\store.js","statementMap":{"0":{"start":{"line":6,"column":23},"end":{"line":6,"column":45}},"1":{"start":{"line":13,"column":0},"end":{"line":13,"column":29}}},"fnMap":{},"branchMap":{},"s":{"0":3,"1":3},"f":{},"b":{},"_coverageSchema":"1a1c01bbd47fc00a2c39e90264f33305004495a9","hash":"b8aff246fbea7f6e2da3d4543c26403aac36367b"}
,"C:\\Users\\u1112428\\Downloads\\WorkSpace\\ProtocolDigitization\\pd-ui\\src\\store\\userDetails.js": {"path":"C:\\Users\\u1112428\\Downloads\\WorkSpace\\ProtocolDigitization\\pd-ui\\src\\store\\userDetails.js","statementMap":{"0":{"start":{"line":3,"column":27},"end":{"line":18,"column":2}},"1":{"start":{"line":15,"column":6},"end":{"line":15,"column":40}},"2":{"start":{"line":20,"column":34},"end":{"line":20,"column":53}},"3":{"start":{"line":25,"column":26},"end":{"line":25,"column":58}},"4":{"start":{"line":25,"column":37},"end":{"line":25,"column":58}},"5":{"start":{"line":26,"column":22},"end":{"line":26,"column":61}},"6":{"start":{"line":26,"column":33},"end":{"line":26,"column":61}},"7":{"start":{"line":27,"column":24},"end":{"line":27,"column":66}},"8":{"start":{"line":27,"column":35},"end":{"line":27,"column":66}}},"fnMap":{"0":{"name":"(anonymous_0)","decl":{"start":{"line":14,"column":20},"end":{"line":14,"column":21}},"loc":{"start":{"line":14,"column":39},"end":{"line":16,"column":5}},"line":14},"1":{"name":"(anonymous_1)","decl":{"start":{"line":25,"column":26},"end":{"line":25,"column":27}},"loc":{"start":{"line":25,"column":37},"end":{"line":25,"column":58}},"line":25},"2":{"name":"(anonymous_2)","decl":{"start":{"line":26,"column":22},"end":{"line":26,"column":23}},"loc":{"start":{"line":26,"column":33},"end":{"line":26,"column":61}},"line":26},"3":{"name":"(anonymous_3)","decl":{"start":{"line":27,"column":24},"end":{"line":27,"column":25}},"loc":{"start":{"line":27,"column":35},"end":{"line":27,"column":66}},"line":27}},"branchMap":{},"s":{"0":44,"1":1,"2":44,"3":44,"4":25,"5":44,"6":94,"7":44,"8":3},"f":{"0":1,"1":25,"2":94,"3":3},"b":{},"_coverageSchema":"1a1c01bbd47fc00a2c39e90264f33305004495a9","hash":"ab198d727630f63b82fbb7c680d29ec318536d09"}
}
