{"C:\\Users\\U1072231\\Desktop\\PD\\UI\\pd-ui\\src\\Routes\\routes.js": {"path":"C:\\Users\\U1072231\\Desktop\\PD\\UI\\pd-ui\\src\\Routes\\routes.js","statementMap":{"0":{"start":{"line":4,"column":18},"end":{"line":6,"column":1}},"1":{"start":{"line":5,"column":2},"end":{"line":5,"column":53}},"2":{"start":{"line":17,"column":11},"end":{"line":17,"column":60}},"3":{"start":{"line":17,"column":22},"end":{"line":17,"column":59}},"4":{"start":{"line":18,"column":14},"end":{"line":18,"column":69}},"5":{"start":{"line":18,"column":25},"end":{"line":18,"column":68}},"6":{"start":{"line":20,"column":15},"end":{"line":62,"column":1}},"7":{"start":{"line":21,"column":2},"end":{"line":61,"column":4}}},"fnMap":{"0":{"name":"(anonymous_0)","decl":{"start":{"line":4,"column":23},"end":{"line":4,"column":24}},"loc":{"start":{"line":5,"column":2},"end":{"line":5,"column":53}},"line":5},"1":{"name":"(anonymous_1)","decl":{"start":{"line":17,"column":16},"end":{"line":17,"column":17}},"loc":{"start":{"line":17,"column":22},"end":{"line":17,"column":59}},"line":17},"2":{"name":"(anonymous_2)","decl":{"start":{"line":18,"column":19},"end":{"line":18,"column":20}},"loc":{"start":{"line":18,"column":25},"end":{"line":18,"column":68}},"line":18},"3":{"name":"(anonymous_3)","decl":{"start":{"line":20,"column":15},"end":{"line":20,"column":16}},"loc":{"start":{"line":20,"column":33},"end":{"line":62,"column":1}},"line":20}},"branchMap":{"0":{"loc":{"start":{"line":23,"column":7},"end":{"line":31,"column":7}},"type":"binary-expr","locations":[{"start":{"line":23,"column":7},"end":{"line":23,"column":28}},{"start":{"line":24,"column":8},"end":{"line":30,"column":17}}],"line":23},"1":{"loc":{"start":{"line":32,"column":7},"end":{"line":39,"column":7}},"type":"binary-expr","locations":[{"start":{"line":32,"column":7},"end":{"line":32,"column":25}},{"start":{"line":33,"column":8},"end":{"line":38,"column":17}}],"line":32},"2":{"loc":{"start":{"line":40,"column":7},"end":{"line":49,"column":7}},"type":"binary-expr","locations":[{"start":{"line":40,"column":7},"end":{"line":40,"column":25}},{"start":{"line":41,"column":8},"end":{"line":48,"column":17}}],"line":40},"3":{"loc":{"start":{"line":50,"column":7},"end":{"line":59,"column":7}},"type":"binary-expr","locations":[{"start":{"line":50,"column":7},"end":{"line":50,"column":27}},{"start":{"line":51,"column":8},"end":{"line":58,"column":17}}],"line":50}},"s":{"0":2,"1":1,"2":2,"3":1,"4":2,"5":0,"6":2,"7":4},"f":{"0":1,"1":1,"2":0,"3":4},"b":{"0":[4,1],"1":[4,1],"2":[4,1],"3":[4,1]},"_coverageSchema":"1a1c01bbd47fc00a2c39e90264f33305004495a9","hash":"a0f27ddcff9c0a34e9a31b49aac9c378de281921"}
,"C:\\Users\\U1072231\\Desktop\\PD\\UI\\pd-ui\\src\\features\\Components\\NoResultFound.js": {"path":"C:\\Users\\U1072231\\Desktop\\PD\\UI\\pd-ui\\src\\features\\Components\\NoResultFound.js","statementMap":{"0":{"start":{"line":3,"column":22},"end":{"line":18,"column":1}},"1":{"start":{"line":4,"column":16},"end":{"line":12,"column":3}},"2":{"start":{"line":13,"column":2},"end":{"line":17,"column":4}}},"fnMap":{"0":{"name":"(anonymous_0)","decl":{"start":{"line":3,"column":22},"end":{"line":3,"column":23}},"loc":{"start":{"line":3,"column":33},"end":{"line":18,"column":1}},"line":3}},"branchMap":{},"s":{"0":6,"1":41,"2":41},"f":{"0":41},"b":{},"_coverageSchema":"1a1c01bbd47fc00a2c39e90264f33305004495a9","hash":"6c7a6322f61211734169de7bffb605697c0a2bcc"}
,"C:\\Users\\U1072231\\Desktop\\PD\\UI\\pd-ui\\src\\features\\Components\\CustomDropdown\\CustomDropdown.js": {"path":"C:\\Users\\U1072231\\Desktop\\PD\\UI\\pd-ui\\src\\features\\Components\\CustomDropdown\\CustomDropdown.js","statementMap":{"0":{"start":{"line":5,"column":23},"end":{"line":194,"column":1}},"1":{"start":{"line":21,"column":28},"end":{"line":23,"column":4}},"2":{"start":{"line":24,"column":20},"end":{"line":24,"column":32}},"3":{"start":{"line":25,"column":26},"end":{"line":25,"column":41}},"4":{"start":{"line":26,"column":26},"end":{"line":26,"column":42}},"5":{"start":{"line":27,"column":46},"end":{"line":27,"column":61}},"6":{"start":{"line":28,"column":40},"end":{"line":28,"column":52}},"7":{"start":{"line":29,"column":23},"end":{"line":29,"column":35}},"8":{"start":{"line":31,"column":2},"end":{"line":50,"column":13}},"9":{"start":{"line":32,"column":4},"end":{"line":47,"column":5}},"10":{"start":{"line":33,"column":6},"end":{"line":46,"column":7}},"11":{"start":{"line":38,"column":8},"end":{"line":38,"column":58}},"12":{"start":{"line":39,"column":8},"end":{"line":39,"column":41}},"13":{"start":{"line":41,"column":8},"end":{"line":45,"column":9}},"14":{"start":{"line":42,"column":10},"end":{"line":42,"column":43}},"15":{"start":{"line":44,"column":10},"end":{"line":44,"column":52}},"16":{"start":{"line":48,"column":4},"end":{"line":48,"column":19}},"17":{"start":{"line":52,"column":2},"end":{"line":54,"column":15}},"18":{"start":{"line":53,"column":4},"end":{"line":53,"column":20}},"19":{"start":{"line":56,"column":26},"end":{"line":67,"column":3}},"20":{"start":{"line":57,"column":22},"end":{"line":57,"column":72}},"21":{"start":{"line":58,"column":4},"end":{"line":66,"column":16}},"22":{"start":{"line":61,"column":8},"end":{"line":63,"column":9}},"23":{"start":{"line":62,"column":10},"end":{"line":62,"column":28}},"24":{"start":{"line":64,"column":8},"end":{"line":64,"column":19}},"25":{"start":{"line":69,"column":28},"end":{"line":96,"column":3}},"26":{"start":{"line":70,"column":25},"end":{"line":70,"column":42}},"27":{"start":{"line":71,"column":14},"end":{"line":71,"column":45}},"28":{"start":{"line":72,"column":17},"end":{"line":72,"column":44}},"29":{"start":{"line":73,"column":25},"end":{"line":76,"column":6}},"30":{"start":{"line":74,"column":16},"end":{"line":74,"column":53}},"31":{"start":{"line":75,"column":6},"end":{"line":75,"column":49}},"32":{"start":{"line":77,"column":20},"end":{"line":79,"column":6}},"33":{"start":{"line":78,"column":6},"end":{"line":78,"column":52}},"34":{"start":{"line":80,"column":4},"end":{"line":84,"column":5}},"35":{"start":{"line":81,"column":6},"end":{"line":81,"column":30}},"36":{"start":{"line":83,"column":6},"end":{"line":83,"column":31}},"37":{"start":{"line":85,"column":20},"end":{"line":87,"column":5}},"38":{"start":{"line":88,"column":4},"end":{"line":88,"column":24}},"39":{"start":{"line":89,"column":4},"end":{"line":89,"column":26}},"40":{"start":{"line":90,"column":4},"end":{"line":95,"column":5}},"41":{"start":{"line":92,"column":6},"end":{"line":92,"column":51}},"42":{"start":{"line":93,"column":6},"end":{"line":93,"column":20}},"43":{"start":{"line":94,"column":6},"end":{"line":94,"column":22}},"44":{"start":{"line":98,"column":29},"end":{"line":110,"column":3}},"45":{"start":{"line":99,"column":4},"end":{"line":109,"column":5}},"46":{"start":{"line":105,"column":6},"end":{"line":105,"column":13}},"47":{"start":{"line":107,"column":6},"end":{"line":107,"column":25}},"48":{"start":{"line":108,"column":6},"end":{"line":108,"column":20}},"49":{"start":{"line":112,"column":24},"end":{"line":115,"column":3}},"50":{"start":{"line":113,"column":4},"end":{"line":113,"column":34}},"51":{"start":{"line":114,"column":4},"end":{"line":114,"column":65}},"52":{"start":{"line":117,"column":21},"end":{"line":124,"column":3}},"53":{"start":{"line":118,"column":20},"end":{"line":121,"column":5}},"54":{"start":{"line":122,"column":4},"end":{"line":122,"column":50}},"55":{"start":{"line":123,"column":4},"end":{"line":123,"column":23}},"56":{"start":{"line":125,"column":26},"end":{"line":129,"column":3}},"57":{"start":{"line":126,"column":4},"end":{"line":126,"column":19}},"58":{"start":{"line":127,"column":4},"end":{"line":127,"column":44}},"59":{"start":{"line":128,"column":4},"end":{"line":128,"column":23}},"60":{"start":{"line":130,"column":2},"end":{"line":193,"column":4}},"61":{"start":{"line":147,"column":27},"end":{"line":147,"column":62}},"62":{"start":{"line":148,"column":26},"end":{"line":148,"column":41}},"63":{"start":{"line":158,"column":62},"end":{"line":158,"column":75}},"64":{"start":{"line":166,"column":14},"end":{"line":173,"column":18}},"65":{"start":{"line":169,"column":32},"end":{"line":169,"column":56}},"66":{"start":{"line":181,"column":59},"end":{"line":181,"column":72}}},"fnMap":{"0":{"name":"(anonymous_0)","decl":{"start":{"line":5,"column":23},"end":{"line":5,"column":24}},"loc":{"start":{"line":20,"column":6},"end":{"line":194,"column":1}},"line":20},"1":{"name":"(anonymous_1)","decl":{"start":{"line":31,"column":12},"end":{"line":31,"column":13}},"loc":{"start":{"line":31,"column":18},"end":{"line":50,"column":3}},"line":31},"2":{"name":"(anonymous_2)","decl":{"start":{"line":52,"column":12},"end":{"line":52,"column":13}},"loc":{"start":{"line":52,"column":18},"end":{"line":54,"column":3}},"line":52},"3":{"name":"(anonymous_3)","decl":{"start":{"line":56,"column":26},"end":{"line":56,"column":27}},"loc":{"start":{"line":56,"column":37},"end":{"line":67,"column":3}},"line":56},"4":{"name":"(anonymous_4)","decl":{"start":{"line":60,"column":11},"end":{"line":60,"column":12}},"loc":{"start":{"line":60,"column":20},"end":{"line":65,"column":7}},"line":60},"5":{"name":"(anonymous_5)","decl":{"start":{"line":69,"column":28},"end":{"line":69,"column":29}},"loc":{"start":{"line":69,"column":45},"end":{"line":96,"column":3}},"line":69},"6":{"name":"(anonymous_6)","decl":{"start":{"line":73,"column":47},"end":{"line":73,"column":48}},"loc":{"start":{"line":73,"column":57},"end":{"line":76,"column":5}},"line":73},"7":{"name":"(anonymous_7)","decl":{"start":{"line":77,"column":42},"end":{"line":77,"column":43}},"loc":{"start":{"line":77,"column":52},"end":{"line":79,"column":5}},"line":77},"8":{"name":"(anonymous_8)","decl":{"start":{"line":98,"column":29},"end":{"line":98,"column":30}},"loc":{"start":{"line":98,"column":40},"end":{"line":110,"column":3}},"line":98},"9":{"name":"(anonymous_9)","decl":{"start":{"line":112,"column":24},"end":{"line":112,"column":25}},"loc":{"start":{"line":112,"column":30},"end":{"line":115,"column":3}},"line":112},"10":{"name":"(anonymous_10)","decl":{"start":{"line":117,"column":21},"end":{"line":117,"column":22}},"loc":{"start":{"line":117,"column":28},"end":{"line":124,"column":3}},"line":117},"11":{"name":"(anonymous_11)","decl":{"start":{"line":125,"column":26},"end":{"line":125,"column":27}},"loc":{"start":{"line":125,"column":39},"end":{"line":129,"column":3}},"line":125},"12":{"name":"(anonymous_12)","decl":{"start":{"line":147,"column":20},"end":{"line":147,"column":21}},"loc":{"start":{"line":147,"column":27},"end":{"line":147,"column":62}},"line":147},"13":{"name":"(anonymous_13)","decl":{"start":{"line":148,"column":19},"end":{"line":148,"column":20}},"loc":{"start":{"line":148,"column":26},"end":{"line":148,"column":41}},"line":148},"14":{"name":"(anonymous_14)","decl":{"start":{"line":158,"column":55},"end":{"line":158,"column":56}},"loc":{"start":{"line":158,"column":62},"end":{"line":158,"column":75}},"line":158},"15":{"name":"(anonymous_15)","decl":{"start":{"line":165,"column":21},"end":{"line":165,"column":22}},"loc":{"start":{"line":166,"column":14},"end":{"line":173,"column":18}},"line":166},"16":{"name":"(anonymous_16)","decl":{"start":{"line":169,"column":25},"end":{"line":169,"column":26}},"loc":{"start":{"line":169,"column":32},"end":{"line":169,"column":56}},"line":169},"17":{"name":"(anonymous_17)","decl":{"start":{"line":181,"column":52},"end":{"line":181,"column":53}},"loc":{"start":{"line":181,"column":59},"end":{"line":181,"column":72}},"line":181}},"branchMap":{"0":{"loc":{"start":{"line":32,"column":4},"end":{"line":47,"column":5}},"type":"if","locations":[{"start":{"line":32,"column":4},"end":{"line":47,"column":5}},{"start":{"line":32,"column":4},"end":{"line":47,"column":5}}],"line":32},"1":{"loc":{"start":{"line":33,"column":6},"end":{"line":46,"column":7}},"type":"if","locations":[{"start":{"line":33,"column":6},"end":{"line":46,"column":7}},{"start":{"line":33,"column":6},"end":{"line":46,"column":7}}],"line":33},"2":{"loc":{"start":{"line":34,"column":8},"end":{"line":36,"column":55}},"type":"binary-expr","locations":[{"start":{"line":34,"column":8},"end":{"line":34,"column":34}},{"start":{"line":35,"column":8},"end":{"line":35,"column":17}},{"start":{"line":36,"column":8},"end":{"line":36,"column":55}}],"line":34},"3":{"loc":{"start":{"line":41,"column":8},"end":{"line":45,"column":9}},"type":"if","locations":[{"start":{"line":41,"column":8},"end":{"line":45,"column":9}},{"start":{"line":41,"column":8},"end":{"line":45,"column":9}}],"line":41},"4":{"loc":{"start":{"line":41,"column":12},"end":{"line":41,"column":56}},"type":"binary-expr","locations":[{"start":{"line":41,"column":12},"end":{"line":41,"column":21}},{"start":{"line":41,"column":25},"end":{"line":41,"column":56}}],"line":41},"5":{"loc":{"start":{"line":61,"column":8},"end":{"line":63,"column":9}},"type":"if","locations":[{"start":{"line":61,"column":8},"end":{"line":63,"column":9}},{"start":{"line":61,"column":8},"end":{"line":63,"column":9}}],"line":61},"6":{"loc":{"start":{"line":80,"column":4},"end":{"line":84,"column":5}},"type":"if","locations":[{"start":{"line":80,"column":4},"end":{"line":84,"column":5}},{"start":{"line":80,"column":4},"end":{"line":84,"column":5}}],"line":80},"7":{"loc":{"start":{"line":90,"column":4},"end":{"line":95,"column":5}},"type":"if","locations":[{"start":{"line":90,"column":4},"end":{"line":95,"column":5}},{"start":{"line":90,"column":4},"end":{"line":95,"column":5}}],"line":90},"8":{"loc":{"start":{"line":99,"column":4},"end":{"line":109,"column":5}},"type":"if","locations":[{"start":{"line":99,"column":4},"end":{"line":109,"column":5}},{"start":{"line":99,"column":4},"end":{"line":109,"column":5}}],"line":99},"9":{"loc":{"start":{"line":100,"column":6},"end":{"line":103,"column":49}},"type":"binary-expr","locations":[{"start":{"line":100,"column":6},"end":{"line":100,"column":18}},{"start":{"line":101,"column":6},"end":{"line":101,"column":18}},{"start":{"line":102,"column":6},"end":{"line":102,"column":26}},{"start":{"line":103,"column":6},"end":{"line":103,"column":49}}],"line":100},"10":{"loc":{"start":{"line":143,"column":17},"end":{"line":143,"column":60}},"type":"cond-expr","locations":[{"start":{"line":143,"column":31},"end":{"line":143,"column":42}},{"start":{"line":143,"column":45},"end":{"line":143,"column":60}}],"line":143},"11":{"loc":{"start":{"line":151,"column":45},"end":{"line":151,"column":69}},"type":"binary-expr","locations":[{"start":{"line":151,"column":45},"end":{"line":151,"column":50}},{"start":{"line":151,"column":54},"end":{"line":151,"column":69}}],"line":151},"12":{"loc":{"start":{"line":154,"column":11},"end":{"line":163,"column":11}},"type":"binary-expr","locations":[{"start":{"line":154,"column":11},"end":{"line":154,"column":15}},{"start":{"line":154,"column":19},"end":{"line":154,"column":34}},{"start":{"line":154,"column":38},"end":{"line":154,"column":52}},{"start":{"line":154,"column":56},"end":{"line":154,"column":67}},{"start":{"line":155,"column":12},"end":{"line":162,"column":15}}],"line":154},"13":{"loc":{"start":{"line":164,"column":11},"end":{"line":189,"column":11}},"type":"cond-expr","locations":[{"start":{"line":165,"column":12},"end":{"line":174,"column":14}},{"start":{"line":176,"column":12},"end":{"line":188,"column":15}}],"line":164},"14":{"loc":{"start":{"line":164,"column":11},"end":{"line":164,"column":34}},"type":"binary-expr","locations":[{"start":{"line":164,"column":11},"end":{"line":164,"column":15}},{"start":{"line":164,"column":19},"end":{"line":164,"column":34}}],"line":164}},"s":{"0":4,"1":84,"2":84,"3":84,"4":84,"5":84,"6":84,"7":84,"8":84,"9":32,"10":1,"11":0,"12":0,"13":1,"14":0,"15":1,"16":32,"17":84,"18":30,"19":84,"20":8,"21":8,"22":10,"23":1,"24":9,"25":84,"26":8,"27":8,"28":8,"29":8,"30":12,"31":12,"32":8,"33":12,"34":8,"35":7,"36":1,"37":8,"38":8,"39":8,"40":8,"41":1,"42":1,"43":1,"44":84,"45":1,"46":0,"47":1,"48":1,"49":84,"50":1,"51":1,"52":84,"53":0,"54":0,"55":0,"56":84,"57":1,"58":1,"59":1,"60":84,"61":8,"62":1,"63":0,"64":90,"65":1,"66":0},"f":{"0":84,"1":32,"2":30,"3":8,"4":10,"5":8,"6":12,"7":12,"8":1,"9":1,"10":0,"11":1,"12":8,"13":1,"14":0,"15":90,"16":1,"17":0},"b":{"0":[1,31],"1":[0,1],"2":[1,0,0],"3":[0,1],"4":[1,1],"5":[1,9],"6":[7,1],"7":[1,7],"8":[0,1],"9":[1,1,1,0],"10":[8,76],"11":[84,2],"12":[84,84,81,7,4],"13":[81,3],"14":[84,84]},"_coverageSchema":"1a1c01bbd47fc00a2c39e90264f33305004495a9","hash":"e630e5229deb920de8fb19f86c1f3bc00735680a"}
,"C:\\Users\\U1072231\\Desktop\\PD\\UI\\pd-ui\\src\\features\\Components\\Dashboard\\DashboardSearch.js": {"path":"C:\\Users\\U1072231\\Desktop\\PD\\UI\\pd-ui\\src\\features\\Components\\Dashboard\\DashboardSearch.js","statementMap":{"0":{"start":{"line":11,"column":19},"end":{"line":11,"column":32}},"1":{"start":{"line":12,"column":16},"end":{"line":12,"column":28}},"2":{"start":{"line":13,"column":34},"end":{"line":13,"column":49}},"3":{"start":{"line":14,"column":2},"end":{"line":116,"column":4}},"4":{"start":{"line":48,"column":18},"end":{"line":56,"column":19}},"5":{"start":{"line":49,"column":20},"end":{"line":55,"column":22}},"6":{"start":{"line":57,"column":18},"end":{"line":57,"column":30}},"7":{"start":{"line":69,"column":31},"end":{"line":69,"column":53}},"8":{"start":{"line":96,"column":18},"end":{"line":106,"column":19}},"9":{"start":{"line":97,"column":20},"end":{"line":103,"column":22}},"10":{"start":{"line":105,"column":20},"end":{"line":105,"column":32}}},"fnMap":{"0":{"name":"DashboardSearch","decl":{"start":{"line":10,"column":9},"end":{"line":10,"column":24}},"loc":{"start":{"line":10,"column":44},"end":{"line":117,"column":1}},"line":10},"1":{"name":"(anonymous_1)","decl":{"start":{"line":27,"column":26},"end":{"line":27,"column":27}},"loc":{"start":{"line":27,"column":33},"end":{"line":36,"column":15}},"line":27},"2":{"name":"(anonymous_2)","decl":{"start":{"line":47,"column":28},"end":{"line":47,"column":29}},"loc":{"start":{"line":47,"column":45},"end":{"line":58,"column":17}},"line":47},"3":{"name":"(anonymous_3)","decl":{"start":{"line":69,"column":25},"end":{"line":69,"column":26}},"loc":{"start":{"line":69,"column":31},"end":{"line":69,"column":53}},"line":69},"4":{"name":"(anonymous_4)","decl":{"start":{"line":95,"column":27},"end":{"line":95,"column":28}},"loc":{"start":{"line":95,"column":37},"end":{"line":107,"column":17}},"line":95}},"branchMap":{"0":{"loc":{"start":{"line":41,"column":13},"end":{"line":62,"column":13}},"type":"cond-expr","locations":[{"start":{"line":42,"column":14},"end":{"line":59,"column":19}},{"start":{"line":61,"column":14},"end":{"line":61,"column":40}}],"line":41},"1":{"loc":{"start":{"line":41,"column":13},"end":{"line":41,"column":40}},"type":"binary-expr","locations":[{"start":{"line":41,"column":13},"end":{"line":41,"column":19}},{"start":{"line":41,"column":23},"end":{"line":41,"column":40}}],"line":41},"2":{"loc":{"start":{"line":44,"column":18},"end":{"line":44,"column":71}},"type":"cond-expr","locations":[{"start":{"line":44,"column":29},"end":{"line":44,"column":52}},{"start":{"line":44,"column":55},"end":{"line":44,"column":71}}],"line":44},"3":{"loc":{"start":{"line":48,"column":18},"end":{"line":56,"column":19}},"type":"if","locations":[{"start":{"line":48,"column":18},"end":{"line":56,"column":19}},{"start":{"line":48,"column":18},"end":{"line":56,"column":19}}],"line":48},"4":{"loc":{"start":{"line":48,"column":22},"end":{"line":48,"column":62}},"type":"binary-expr","locations":[{"start":{"line":48,"column":22},"end":{"line":48,"column":34}},{"start":{"line":48,"column":39},"end":{"line":48,"column":49}},{"start":{"line":48,"column":53},"end":{"line":48,"column":61}}],"line":48},"5":{"loc":{"start":{"line":64,"column":11},"end":{"line":79,"column":18}},"type":"cond-expr","locations":[{"start":{"line":65,"column":12},"end":{"line":78,"column":19}},{"start":{"line":79,"column":14},"end":{"line":79,"column":18}}],"line":64},"6":{"loc":{"start":{"line":64,"column":11},"end":{"line":64,"column":38}},"type":"binary-expr","locations":[{"start":{"line":64,"column":11},"end":{"line":64,"column":17}},{"start":{"line":64,"column":21},"end":{"line":64,"column":38}}],"line":64},"7":{"loc":{"start":{"line":71,"column":23},"end":{"line":71,"column":59}},"type":"cond-expr","locations":[{"start":{"line":71,"column":34},"end":{"line":71,"column":45}},{"start":{"line":71,"column":48},"end":{"line":71,"column":59}}],"line":71},"8":{"loc":{"start":{"line":72,"column":17},"end":{"line":76,"column":17}},"type":"cond-expr","locations":[{"start":{"line":73,"column":18},"end":{"line":73,"column":60}},{"start":{"line":75,"column":18},"end":{"line":75,"column":61}}],"line":72},"9":{"loc":{"start":{"line":93,"column":13},"end":{"line":111,"column":13}},"type":"cond-expr","locations":[{"start":{"line":94,"column":14},"end":{"line":108,"column":19}},{"start":{"line":110,"column":14},"end":{"line":110,"column":40}}],"line":93},"10":{"loc":{"start":{"line":93,"column":13},"end":{"line":93,"column":38}},"type":"binary-expr","locations":[{"start":{"line":93,"column":13},"end":{"line":93,"column":18}},{"start":{"line":93,"column":22},"end":{"line":93,"column":38}}],"line":93},"11":{"loc":{"start":{"line":96,"column":18},"end":{"line":106,"column":19}},"type":"if","locations":[{"start":{"line":96,"column":18},"end":{"line":106,"column":19}},{"start":{"line":96,"column":18},"end":{"line":106,"column":19}}],"line":96}},"s":{"0":4,"1":4,"2":4,"3":4,"4":32,"5":21,"6":11,"7":1,"8":2,"9":1,"10":1},"f":{"0":4,"1":0,"2":32,"3":1,"4":2},"b":{"0":[2,2],"1":[4,3],"2":[1,1],"3":[21,11],"4":[32,30,18],"5":[2,2],"6":[4,3],"7":[1,1],"8":[1,1],"9":[1,3],"10":[4,3],"11":[1,1]},"_coverageSchema":"1a1c01bbd47fc00a2c39e90264f33305004495a9","hash":"4e70cd87d97da2aa8fc52ff38a3986e157c6c0b3"}
,"C:\\Users\\U1072231\\Desktop\\PD\\UI\\pd-ui\\src\\features\\Components\\Dashboard\\FollowingTable.js": {"path":"C:\\Users\\U1072231\\Desktop\\PD\\UI\\pd-ui\\src\\features\\Components\\Dashboard\\FollowingTable.js","statementMap":{"0":{"start":{"line":21,"column":19},"end":{"line":21,"column":40}},"1":{"start":{"line":23,"column":19},"end":{"line":38,"column":1}},"2":{"start":{"line":24,"column":2},"end":{"line":37,"column":4}},"3":{"start":{"line":31,"column":25},"end":{"line":31,"column":57}},"4":{"start":{"line":40,"column":2},"end":{"line":46,"column":4}},"5":{"start":{"line":49,"column":2},"end":{"line":53,"column":4}},"6":{"start":{"line":55,"column":22},"end":{"line":105,"column":1}},"7":{"start":{"line":56,"column":27},"end":{"line":92,"column":3}},"8":{"start":{"line":57,"column":4},"end":{"line":91,"column":5}},"9":{"start":{"line":58,"column":6},"end":{"line":67,"column":8}},"10":{"start":{"line":69,"column":6},"end":{"line":90,"column":7}},"11":{"start":{"line":70,"column":8},"end":{"line":79,"column":10}},"12":{"start":{"line":81,"column":8},"end":{"line":89,"column":10}},"13":{"start":{"line":93,"column":2},"end":{"line":104,"column":4}},"14":{"start":{"line":107,"column":13},"end":{"line":127,"column":1}},"15":{"start":{"line":108,"column":2},"end":{"line":126,"column":3}},"16":{"start":{"line":109,"column":4},"end":{"line":115,"column":6}},"17":{"start":{"line":116,"column":9},"end":{"line":126,"column":3}},"18":{"start":{"line":117,"column":4},"end":{"line":123,"column":6}},"19":{"start":{"line":125,"column":4},"end":{"line":125,"column":73}},"20":{"start":{"line":129,"column":21},"end":{"line":182,"column":1}},"21":{"start":{"line":130,"column":27},"end":{"line":171,"column":3}},"22":{"start":{"line":131,"column":4},"end":{"line":170,"column":5}},"23":{"start":{"line":132,"column":6},"end":{"line":143,"column":8}},"24":{"start":{"line":145,"column":6},"end":{"line":169,"column":7}},"25":{"start":{"line":146,"column":8},"end":{"line":157,"column":10}},"26":{"start":{"line":159,"column":8},"end":{"line":168,"column":10}},"27":{"start":{"line":172,"column":2},"end":{"line":181,"column":4}},"28":{"start":{"line":183,"column":23},"end":{"line":192,"column":1}},"29":{"start":{"line":184,"column":2},"end":{"line":191,"column":4}},"30":{"start":{"line":186,"column":21},"end":{"line":186,"column":44}},"31":{"start":{"line":195,"column":2},"end":{"line":255,"column":4}},"32":{"start":{"line":258,"column":28},"end":{"line":304,"column":1}},"33":{"start":{"line":259,"column":2},"end":{"line":303,"column":4}},"34":{"start":{"line":285,"column":53},"end":{"line":288,"column":21}},"35":{"start":{"line":306,"column":22},"end":{"line":373,"column":1}},"36":{"start":{"line":317,"column":42},"end":{"line":317,"column":54}},"37":{"start":{"line":319,"column":26},"end":{"line":328,"column":3}},"38":{"start":{"line":320,"column":4},"end":{"line":324,"column":6}},"39":{"start":{"line":321,"column":6},"end":{"line":323,"column":34}},"40":{"start":{"line":322,"column":39},"end":{"line":322,"column":49}},"41":{"start":{"line":325,"column":4},"end":{"line":327,"column":5}},"42":{"start":{"line":326,"column":6},"end":{"line":326,"column":30}},"43":{"start":{"line":329,"column":33},"end":{"line":335,"column":3}},"44":{"start":{"line":330,"column":4},"end":{"line":334,"column":7}},"45":{"start":{"line":337,"column":4},"end":{"line":350,"column":6}},"46":{"start":{"line":339,"column":17},"end":{"line":339,"column":31}},"47":{"start":{"line":340,"column":20},"end":{"line":348,"column":7}},"48":{"start":{"line":349,"column":6},"end":{"line":349,"column":34}},"49":{"start":{"line":351,"column":2},"end":{"line":372,"column":4}},"50":{"start":{"line":363,"column":12},"end":{"line":363,"column":47}}},"fnMap":{"0":{"name":"(anonymous_0)","decl":{"start":{"line":23,"column":19},"end":{"line":23,"column":20}},"loc":{"start":{"line":23,"column":32},"end":{"line":38,"column":1}},"line":23},"1":{"name":"(anonymous_1)","decl":{"start":{"line":31,"column":19},"end":{"line":31,"column":20}},"loc":{"start":{"line":31,"column":25},"end":{"line":31,"column":57}},"line":31},"2":{"name":"createFullMarkup","decl":{"start":{"line":39,"column":9},"end":{"line":39,"column":25}},"loc":{"start":{"line":39,"column":31},"end":{"line":47,"column":1}},"line":39},"3":{"name":"createMarkup","decl":{"start":{"line":48,"column":9},"end":{"line":48,"column":21}},"loc":{"start":{"line":48,"column":27},"end":{"line":54,"column":1}},"line":48},"4":{"name":"(anonymous_4)","decl":{"start":{"line":55,"column":22},"end":{"line":55,"column":23}},"loc":{"start":{"line":55,"column":62},"end":{"line":105,"column":1}},"line":55},"5":{"name":"(anonymous_5)","decl":{"start":{"line":56,"column":27},"end":{"line":56,"column":28}},"loc":{"start":{"line":56,"column":33},"end":{"line":92,"column":3}},"line":56},"6":{"name":"(anonymous_6)","decl":{"start":{"line":107,"column":13},"end":{"line":107,"column":14}},"loc":{"start":{"line":107,"column":34},"end":{"line":127,"column":1}},"line":107},"7":{"name":"(anonymous_7)","decl":{"start":{"line":129,"column":21},"end":{"line":129,"column":22}},"loc":{"start":{"line":129,"column":61},"end":{"line":182,"column":1}},"line":129},"8":{"name":"(anonymous_8)","decl":{"start":{"line":130,"column":27},"end":{"line":130,"column":28}},"loc":{"start":{"line":130,"column":33},"end":{"line":171,"column":3}},"line":130},"9":{"name":"(anonymous_9)","decl":{"start":{"line":183,"column":23},"end":{"line":183,"column":24}},"loc":{"start":{"line":183,"column":36},"end":{"line":192,"column":1}},"line":183},"10":{"name":"(anonymous_10)","decl":{"start":{"line":186,"column":15},"end":{"line":186,"column":16}},"loc":{"start":{"line":186,"column":21},"end":{"line":186,"column":44}},"line":186},"11":{"name":"getColumns","decl":{"start":{"line":194,"column":9},"end":{"line":194,"column":19}},"loc":{"start":{"line":194,"column":28},"end":{"line":256,"column":1}},"line":194},"12":{"name":"(anonymous_12)","decl":{"start":{"line":258,"column":28},"end":{"line":258,"column":29}},"loc":{"start":{"line":258,"column":41},"end":{"line":304,"column":1}},"line":258},"13":{"name":"(anonymous_13)","decl":{"start":{"line":285,"column":43},"end":{"line":285,"column":44}},"loc":{"start":{"line":285,"column":53},"end":{"line":288,"column":21}},"line":285},"14":{"name":"(anonymous_14)","decl":{"start":{"line":306,"column":22},"end":{"line":306,"column":23}},"loc":{"start":{"line":316,"column":6},"end":{"line":373,"column":1}},"line":316},"15":{"name":"(anonymous_15)","decl":{"start":{"line":319,"column":26},"end":{"line":319,"column":27}},"loc":{"start":{"line":319,"column":39},"end":{"line":328,"column":3}},"line":319},"16":{"name":"(anonymous_16)","decl":{"start":{"line":320,"column":20},"end":{"line":320,"column":21}},"loc":{"start":{"line":321,"column":6},"end":{"line":323,"column":34}},"line":321},"17":{"name":"(anonymous_17)","decl":{"start":{"line":322,"column":30},"end":{"line":322,"column":31}},"loc":{"start":{"line":322,"column":39},"end":{"line":322,"column":49}},"line":322},"18":{"name":"(anonymous_18)","decl":{"start":{"line":329,"column":33},"end":{"line":329,"column":34}},"loc":{"start":{"line":329,"column":42},"end":{"line":335,"column":3}},"line":329},"19":{"name":"(anonymous_19)","decl":{"start":{"line":338,"column":20},"end":{"line":338,"column":21}},"loc":{"start":{"line":338,"column":29},"end":{"line":350,"column":5}},"line":338},"20":{"name":"(anonymous_20)","decl":{"start":{"line":362,"column":30},"end":{"line":362,"column":31}},"loc":{"start":{"line":363,"column":12},"end":{"line":363,"column":47}},"line":363}},"branchMap":{"0":{"loc":{"start":{"line":33,"column":11},"end":{"line":33,"column":60}},"type":"cond-expr","locations":[{"start":{"line":33,"column":26},"end":{"line":33,"column":41}},{"start":{"line":33,"column":44},"end":{"line":33,"column":60}}],"line":33},"1":{"loc":{"start":{"line":57,"column":4},"end":{"line":91,"column":5}},"type":"if","locations":[{"start":{"line":57,"column":4},"end":{"line":91,"column":5}},{"start":{"line":57,"column":4},"end":{"line":91,"column":5}}],"line":57},"2":{"loc":{"start":{"line":65,"column":17},"end":{"line":65,"column":50}},"type":"cond-expr","locations":[{"start":{"line":65,"column":40},"end":{"line":65,"column":45}},{"start":{"line":65,"column":48},"end":{"line":65,"column":50}}],"line":65},"3":{"loc":{"start":{"line":69,"column":6},"end":{"line":90,"column":7}},"type":"if","locations":[{"start":{"line":69,"column":6},"end":{"line":90,"column":7}},{"start":{"line":69,"column":6},"end":{"line":90,"column":7}}],"line":69},"4":{"loc":{"start":{"line":77,"column":19},"end":{"line":77,"column":52}},"type":"cond-expr","locations":[{"start":{"line":77,"column":42},"end":{"line":77,"column":47}},{"start":{"line":77,"column":50},"end":{"line":77,"column":52}}],"line":77},"5":{"loc":{"start":{"line":87,"column":19},"end":{"line":87,"column":52}},"type":"cond-expr","locations":[{"start":{"line":87,"column":42},"end":{"line":87,"column":47}},{"start":{"line":87,"column":50},"end":{"line":87,"column":52}}],"line":87},"6":{"loc":{"start":{"line":108,"column":2},"end":{"line":126,"column":3}},"type":"if","locations":[{"start":{"line":108,"column":2},"end":{"line":126,"column":3}},{"start":{"line":108,"column":2},"end":{"line":126,"column":3}}],"line":108},"7":{"loc":{"start":{"line":108,"column":6},"end":{"line":108,"column":69}},"type":"binary-expr","locations":[{"start":{"line":108,"column":6},"end":{"line":108,"column":26}},{"start":{"line":108,"column":30},"end":{"line":108,"column":69}}],"line":108},"8":{"loc":{"start":{"line":116,"column":9},"end":{"line":126,"column":3}},"type":"if","locations":[{"start":{"line":116,"column":9},"end":{"line":126,"column":3}},{"start":{"line":116,"column":9},"end":{"line":126,"column":3}}],"line":116},"9":{"loc":{"start":{"line":116,"column":13},"end":{"line":116,"column":69}},"type":"binary-expr","locations":[{"start":{"line":116,"column":13},"end":{"line":116,"column":33}},{"start":{"line":116,"column":37},"end":{"line":116,"column":69}}],"line":116},"10":{"loc":{"start":{"line":131,"column":4},"end":{"line":170,"column":5}},"type":"if","locations":[{"start":{"line":131,"column":4},"end":{"line":170,"column":5}},{"start":{"line":131,"column":4},"end":{"line":170,"column":5}}],"line":131},"11":{"loc":{"start":{"line":138,"column":13},"end":{"line":140,"column":24}},"type":"cond-expr","locations":[{"start":{"line":139,"column":16},"end":{"line":139,"column":49}},{"start":{"line":140,"column":16},"end":{"line":140,"column":24}}],"line":138},"12":{"loc":{"start":{"line":145,"column":6},"end":{"line":169,"column":7}},"type":"if","locations":[{"start":{"line":145,"column":6},"end":{"line":169,"column":7}},{"start":{"line":145,"column":6},"end":{"line":169,"column":7}}],"line":145},"13":{"loc":{"start":{"line":152,"column":15},"end":{"line":154,"column":26}},"type":"cond-expr","locations":[{"start":{"line":153,"column":18},"end":{"line":153,"column":51}},{"start":{"line":154,"column":18},"end":{"line":154,"column":26}}],"line":152},"14":{"loc":{"start":{"line":163,"column":15},"end":{"line":165,"column":26}},"type":"cond-expr","locations":[{"start":{"line":164,"column":18},"end":{"line":164,"column":51}},{"start":{"line":165,"column":18},"end":{"line":165,"column":26}}],"line":163},"15":{"loc":{"start":{"line":261,"column":7},"end":{"line":301,"column":7}},"type":"cond-expr","locations":[{"start":{"line":262,"column":8},"end":{"line":271,"column":14}},{"start":{"line":273,"column":8},"end":{"line":300,"column":11}}],"line":261},"16":{"loc":{"start":{"line":274,"column":11},"end":{"line":294,"column":11}},"type":"binary-expr","locations":[{"start":{"line":274,"column":11},"end":{"line":274,"column":34}},{"start":{"line":274,"column":38},"end":{"line":274,"column":67}},{"start":{"line":275,"column":12},"end":{"line":293,"column":18}}],"line":274},"17":{"loc":{"start":{"line":284,"column":20},"end":{"line":288,"column":23}},"type":"binary-expr","locations":[{"start":{"line":284,"column":20},"end":{"line":284,"column":43}},{"start":{"line":285,"column":20},"end":{"line":288,"column":23}}],"line":284},"18":{"loc":{"start":{"line":295,"column":11},"end":{"line":299,"column":11}},"type":"binary-expr","locations":[{"start":{"line":295,"column":11},"end":{"line":295,"column":34}},{"start":{"line":295,"column":38},"end":{"line":295,"column":69}},{"start":{"line":296,"column":12},"end":{"line":298,"column":17}}],"line":295},"19":{"loc":{"start":{"line":321,"column":6},"end":{"line":323,"column":34}},"type":"cond-expr","locations":[{"start":{"line":322,"column":10},"end":{"line":322,"column":50}},{"start":{"line":323,"column":10},"end":{"line":323,"column":34}}],"line":321},"20":{"loc":{"start":{"line":325,"column":4},"end":{"line":327,"column":5}},"type":"if","locations":[{"start":{"line":325,"column":4},"end":{"line":327,"column":5}},{"start":{"line":325,"column":4},"end":{"line":327,"column":5}}],"line":325},"21":{"loc":{"start":{"line":325,"column":8},"end":{"line":325,"column":66}},"type":"binary-expr","locations":[{"start":{"line":325,"column":8},"end":{"line":325,"column":31}},{"start":{"line":325,"column":35},"end":{"line":325,"column":66}}],"line":325},"22":{"loc":{"start":{"line":337,"column":4},"end":{"line":350,"column":6}},"type":"binary-expr","locations":[{"start":{"line":337,"column":4},"end":{"line":337,"column":15}},{"start":{"line":338,"column":4},"end":{"line":350,"column":6}}],"line":337}},"s":{"0":5,"1":5,"2":64,"3":6,"4":64,"5":64,"6":5,"7":64,"8":64,"9":0,"10":64,"11":0,"12":64,"13":64,"14":5,"15":256,"16":0,"17":256,"18":70,"19":186,"20":5,"21":64,"22":64,"23":0,"24":64,"25":0,"26":64,"27":64,"28":5,"29":64,"30":0,"31":24,"32":5,"33":12,"34":6,"35":5,"36":24,"37":24,"38":6,"39":6,"40":1,"41":6,"42":1,"43":24,"44":0,"45":24,"46":35,"47":35,"48":35,"49":24,"50":45},"f":{"0":64,"1":6,"2":64,"3":64,"4":64,"5":64,"6":256,"7":64,"8":64,"9":64,"10":0,"11":24,"12":12,"13":6,"14":24,"15":6,"16":6,"17":1,"18":0,"19":35,"20":45},"b":{"0":[10,54],"1":[0,64],"2":[0,0],"3":[0,64],"4":[0,0],"5":[64,0],"6":[0,256],"7":[256,190],"8":[70,186],"9":[256,190],"10":[0,64],"11":[0,0],"12":[0,64],"13":[0,0],"14":[12,52],"15":[2,10],"16":[10,4,4],"17":[4,4],"18":[10,4,0],"19":[1,5],"20":[1,5],"21":[6,3],"22":[24,24]},"_coverageSchema":"1a1c01bbd47fc00a2c39e90264f33305004495a9","hash":"fe0d498902b55bdeed1c4a6eb9f12bc639bdcca2"}
,"C:\\Users\\U1072231\\Desktop\\PD\\UI\\pd-ui\\src\\features\\Components\\Dashboard\\ProtocolTable.js": {"path":"C:\\Users\\U1072231\\Desktop\\PD\\UI\\pd-ui\\src\\features\\Components\\Dashboard\\ProtocolTable.js","statementMap":{"0":{"start":{"line":33,"column":19},"end":{"line":33,"column":40}},"1":{"start":{"line":35,"column":19},"end":{"line":79,"column":1}},"2":{"start":{"line":47,"column":2},"end":{"line":78,"column":4}},"3":{"start":{"line":54,"column":28},"end":{"line":54,"column":44}},"4":{"start":{"line":72,"column":25},"end":{"line":72,"column":44}},"5":{"start":{"line":82,"column":2},"end":{"line":88,"column":4}},"6":{"start":{"line":90,"column":22},"end":{"line":136,"column":1}},"7":{"start":{"line":91,"column":2},"end":{"line":116,"column":3}},"8":{"start":{"line":92,"column":4},"end":{"line":115,"column":6}},"9":{"start":{"line":117,"column":2},"end":{"line":135,"column":4}},"10":{"start":{"line":138,"column":13},"end":{"line":158,"column":1}},"11":{"start":{"line":139,"column":2},"end":{"line":157,"column":3}},"12":{"start":{"line":140,"column":4},"end":{"line":146,"column":6}},"13":{"start":{"line":147,"column":9},"end":{"line":157,"column":3}},"14":{"start":{"line":148,"column":4},"end":{"line":154,"column":6}},"15":{"start":{"line":156,"column":4},"end":{"line":156,"column":73}},"16":{"start":{"line":160,"column":21},"end":{"line":210,"column":1}},"17":{"start":{"line":161,"column":2},"end":{"line":209,"column":3}},"18":{"start":{"line":162,"column":4},"end":{"line":178,"column":5}},"19":{"start":{"line":164,"column":6},"end":{"line":176,"column":8}},"20":{"start":{"line":170,"column":29},"end":{"line":170,"column":60}},"21":{"start":{"line":179,"column":4},"end":{"line":188,"column":6}},"22":{"start":{"line":184,"column":23},"end":{"line":184,"column":54}},"23":{"start":{"line":189,"column":9},"end":{"line":209,"column":3}},"24":{"start":{"line":190,"column":4},"end":{"line":196,"column":5}},"25":{"start":{"line":191,"column":6},"end":{"line":195,"column":8}},"26":{"start":{"line":197,"column":4},"end":{"line":197,"column":35}},"27":{"start":{"line":199,"column":4},"end":{"line":207,"column":5}},"28":{"start":{"line":200,"column":6},"end":{"line":206,"column":8}},"29":{"start":{"line":208,"column":4},"end":{"line":208,"column":77}},"30":{"start":{"line":212,"column":21},"end":{"line":223,"column":1}},"31":{"start":{"line":213,"column":2},"end":{"line":222,"column":3}},"32":{"start":{"line":215,"column":6},"end":{"line":215,"column":23}},"33":{"start":{"line":217,"column":6},"end":{"line":217,"column":44}},"34":{"start":{"line":219,"column":6},"end":{"line":219,"column":43}},"35":{"start":{"line":221,"column":6},"end":{"line":221,"column":53}},"36":{"start":{"line":224,"column":19},"end":{"line":243,"column":1}},"37":{"start":{"line":225,"column":2},"end":{"line":242,"column":3}},"38":{"start":{"line":227,"column":6},"end":{"line":227,"column":44}},"39":{"start":{"line":229,"column":6},"end":{"line":229,"column":58}},"40":{"start":{"line":231,"column":6},"end":{"line":231,"column":44}},"41":{"start":{"line":233,"column":6},"end":{"line":233,"column":43}},"42":{"start":{"line":235,"column":6},"end":{"line":235,"column":53}},"43":{"start":{"line":237,"column":6},"end":{"line":237,"column":44}},"44":{"start":{"line":239,"column":6},"end":{"line":239,"column":45}},"45":{"start":{"line":241,"column":6},"end":{"line":241,"column":53}},"46":{"start":{"line":245,"column":21},"end":{"line":254,"column":1}},"47":{"start":{"line":246,"column":21},"end":{"line":246,"column":41}},"48":{"start":{"line":247,"column":2},"end":{"line":253,"column":4}},"49":{"start":{"line":256,"column":23},"end":{"line":265,"column":1}},"50":{"start":{"line":257,"column":21},"end":{"line":257,"column":43}},"51":{"start":{"line":258,"column":2},"end":{"line":264,"column":4}},"52":{"start":{"line":268,"column":18},"end":{"line":322,"column":3}},"53":{"start":{"line":323,"column":2},"end":{"line":323,"column":17}},"54":{"start":{"line":326,"column":28},"end":{"line":469,"column":1}},"55":{"start":{"line":327,"column":30},"end":{"line":327,"column":45}},"56":{"start":{"line":328,"column":18},"end":{"line":328,"column":37}},"57":{"start":{"line":330,"column":25},"end":{"line":355,"column":3}},"58":{"start":{"line":331,"column":4},"end":{"line":331,"column":20}},"59":{"start":{"line":333,"column":19},"end":{"line":333,"column":51}},"60":{"start":{"line":334,"column":21},"end":{"line":334,"column":50}},"61":{"start":{"line":336,"column":19},"end":{"line":342,"column":5}},"62":{"start":{"line":344,"column":17},"end":{"line":344,"column":39}},"63":{"start":{"line":345,"column":4},"end":{"line":353,"column":5}},"64":{"start":{"line":346,"column":6},"end":{"line":346,"column":40}},"65":{"start":{"line":348,"column":6},"end":{"line":352,"column":7}},"66":{"start":{"line":349,"column":8},"end":{"line":349,"column":63}},"67":{"start":{"line":351,"column":8},"end":{"line":351,"column":39}},"68":{"start":{"line":354,"column":4},"end":{"line":354,"column":21}},"69":{"start":{"line":356,"column":2},"end":{"line":468,"column":4}},"70":{"start":{"line":444,"column":39},"end":{"line":444,"column":58}},"71":{"start":{"line":454,"column":33},"end":{"line":454,"column":52}},"72":{"start":{"line":475,"column":22},"end":{"line":551,"column":1}},"73":{"start":{"line":484,"column":19},"end":{"line":484,"column":32}},"74":{"start":{"line":485,"column":42},"end":{"line":485,"column":54}},"75":{"start":{"line":486,"column":42},"end":{"line":486,"column":54}},"76":{"start":{"line":488,"column":2},"end":{"line":490,"column":21}},"77":{"start":{"line":489,"column":4},"end":{"line":489,"column":49}},"78":{"start":{"line":491,"column":23},"end":{"line":497,"column":3}},"79":{"start":{"line":492,"column":4},"end":{"line":496,"column":6}},"80":{"start":{"line":493,"column":6},"end":{"line":495,"column":34}},"81":{"start":{"line":494,"column":39},"end":{"line":494,"column":49}},"82":{"start":{"line":499,"column":26},"end":{"line":505,"column":3}},"83":{"start":{"line":500,"column":4},"end":{"line":504,"column":6}},"84":{"start":{"line":501,"column":6},"end":{"line":503,"column":34}},"85":{"start":{"line":502,"column":39},"end":{"line":502,"column":49}},"86":{"start":{"line":506,"column":33},"end":{"line":512,"column":3}},"87":{"start":{"line":507,"column":4},"end":{"line":511,"column":7}},"88":{"start":{"line":513,"column":2},"end":{"line":550,"column":4}},"89":{"start":{"line":520,"column":23},"end":{"line":520,"column":37}},"90":{"start":{"line":521,"column":26},"end":{"line":530,"column":13}},"91":{"start":{"line":531,"column":12},"end":{"line":531,"column":40}},"92":{"start":{"line":541,"column":12},"end":{"line":541,"column":47}}},"fnMap":{"0":{"name":"(anonymous_0)","decl":{"start":{"line":35,"column":19},"end":{"line":35,"column":20}},"loc":{"start":{"line":46,"column":6},"end":{"line":79,"column":1}},"line":46},"1":{"name":"(anonymous_1)","decl":{"start":{"line":54,"column":22},"end":{"line":54,"column":23}},"loc":{"start":{"line":54,"column":28},"end":{"line":54,"column":44}},"line":54},"2":{"name":"(anonymous_2)","decl":{"start":{"line":72,"column":19},"end":{"line":72,"column":20}},"loc":{"start":{"line":72,"column":25},"end":{"line":72,"column":44}},"line":72},"3":{"name":"createFullMarkup","decl":{"start":{"line":81,"column":9},"end":{"line":81,"column":25}},"loc":{"start":{"line":81,"column":31},"end":{"line":89,"column":1}},"line":81},"4":{"name":"(anonymous_4)","decl":{"start":{"line":90,"column":22},"end":{"line":90,"column":23}},"loc":{"start":{"line":90,"column":62},"end":{"line":136,"column":1}},"line":90},"5":{"name":"(anonymous_5)","decl":{"start":{"line":138,"column":13},"end":{"line":138,"column":14}},"loc":{"start":{"line":138,"column":34},"end":{"line":158,"column":1}},"line":138},"6":{"name":"(anonymous_6)","decl":{"start":{"line":160,"column":21},"end":{"line":160,"column":22}},"loc":{"start":{"line":160,"column":61},"end":{"line":210,"column":1}},"line":160},"7":{"name":"(anonymous_7)","decl":{"start":{"line":170,"column":23},"end":{"line":170,"column":24}},"loc":{"start":{"line":170,"column":29},"end":{"line":170,"column":60}},"line":170},"8":{"name":"(anonymous_8)","decl":{"start":{"line":184,"column":17},"end":{"line":184,"column":18}},"loc":{"start":{"line":184,"column":23},"end":{"line":184,"column":54}},"line":184},"9":{"name":"(anonymous_9)","decl":{"start":{"line":212,"column":21},"end":{"line":212,"column":22}},"loc":{"start":{"line":212,"column":33},"end":{"line":223,"column":1}},"line":212},"10":{"name":"(anonymous_10)","decl":{"start":{"line":224,"column":19},"end":{"line":224,"column":20}},"loc":{"start":{"line":224,"column":31},"end":{"line":243,"column":1}},"line":224},"11":{"name":"(anonymous_11)","decl":{"start":{"line":245,"column":21},"end":{"line":245,"column":22}},"loc":{"start":{"line":245,"column":61},"end":{"line":254,"column":1}},"line":245},"12":{"name":"(anonymous_12)","decl":{"start":{"line":256,"column":23},"end":{"line":256,"column":24}},"loc":{"start":{"line":256,"column":63},"end":{"line":265,"column":1}},"line":256},"13":{"name":"getColumns","decl":{"start":{"line":267,"column":9},"end":{"line":267,"column":19}},"loc":{"start":{"line":267,"column":28},"end":{"line":324,"column":1}},"line":267},"14":{"name":"(anonymous_14)","decl":{"start":{"line":326,"column":28},"end":{"line":326,"column":29}},"loc":{"start":{"line":326,"column":41},"end":{"line":469,"column":1}},"line":326},"15":{"name":"(anonymous_15)","decl":{"start":{"line":330,"column":25},"end":{"line":330,"column":26}},"loc":{"start":{"line":330,"column":40},"end":{"line":355,"column":3}},"line":330},"16":{"name":"(anonymous_16)","decl":{"start":{"line":444,"column":33},"end":{"line":444,"column":34}},"loc":{"start":{"line":444,"column":39},"end":{"line":444,"column":58}},"line":444},"17":{"name":"(anonymous_17)","decl":{"start":{"line":454,"column":27},"end":{"line":454,"column":28}},"loc":{"start":{"line":454,"column":33},"end":{"line":454,"column":52}},"line":454},"18":{"name":"(anonymous_18)","decl":{"start":{"line":475,"column":22},"end":{"line":475,"column":23}},"loc":{"start":{"line":483,"column":6},"end":{"line":551,"column":1}},"line":483},"19":{"name":"(anonymous_19)","decl":{"start":{"line":488,"column":12},"end":{"line":488,"column":13}},"loc":{"start":{"line":488,"column":18},"end":{"line":490,"column":3}},"line":488},"20":{"name":"(anonymous_20)","decl":{"start":{"line":491,"column":23},"end":{"line":491,"column":24}},"loc":{"start":{"line":491,"column":31},"end":{"line":497,"column":3}},"line":491},"21":{"name":"(anonymous_21)","decl":{"start":{"line":492,"column":20},"end":{"line":492,"column":21}},"loc":{"start":{"line":493,"column":6},"end":{"line":495,"column":34}},"line":493},"22":{"name":"(anonymous_22)","decl":{"start":{"line":494,"column":30},"end":{"line":494,"column":31}},"loc":{"start":{"line":494,"column":39},"end":{"line":494,"column":49}},"line":494},"23":{"name":"(anonymous_23)","decl":{"start":{"line":499,"column":26},"end":{"line":499,"column":27}},"loc":{"start":{"line":499,"column":34},"end":{"line":505,"column":3}},"line":499},"24":{"name":"(anonymous_24)","decl":{"start":{"line":500,"column":20},"end":{"line":500,"column":21}},"loc":{"start":{"line":501,"column":6},"end":{"line":503,"column":34}},"line":501},"25":{"name":"(anonymous_25)","decl":{"start":{"line":502,"column":30},"end":{"line":502,"column":31}},"loc":{"start":{"line":502,"column":39},"end":{"line":502,"column":49}},"line":502},"26":{"name":"(anonymous_26)","decl":{"start":{"line":506,"column":33},"end":{"line":506,"column":34}},"loc":{"start":{"line":506,"column":42},"end":{"line":512,"column":3}},"line":506},"27":{"name":"(anonymous_27)","decl":{"start":{"line":519,"column":26},"end":{"line":519,"column":27}},"loc":{"start":{"line":519,"column":35},"end":{"line":532,"column":11}},"line":519},"28":{"name":"(anonymous_28)","decl":{"start":{"line":540,"column":30},"end":{"line":540,"column":31}},"loc":{"start":{"line":541,"column":12},"end":{"line":541,"column":47}},"line":541}},"branchMap":{"0":{"loc":{"start":{"line":49,"column":7},"end":{"line":65,"column":14}},"type":"cond-expr","locations":[{"start":{"line":50,"column":8},"end":{"line":64,"column":14}},{"start":{"line":65,"column":10},"end":{"line":65,"column":14}}],"line":49},"1":{"loc":{"start":{"line":56,"column":14},"end":{"line":59,"column":22}},"type":"cond-expr","locations":[{"start":{"line":58,"column":18},"end":{"line":58,"column":23}},{"start":{"line":59,"column":18},"end":{"line":59,"column":22}}],"line":56},"2":{"loc":{"start":{"line":56,"column":14},"end":{"line":57,"column":45}},"type":"binary-expr","locations":[{"start":{"line":56,"column":14},"end":{"line":56,"column":48}},{"start":{"line":57,"column":14},"end":{"line":57,"column":45}}],"line":56},"3":{"loc":{"start":{"line":74,"column":11},"end":{"line":74,"column":56}},"type":"cond-expr","locations":[{"start":{"line":74,"column":22},"end":{"line":74,"column":37}},{"start":{"line":74,"column":40},"end":{"line":74,"column":56}}],"line":74},"4":{"loc":{"start":{"line":91,"column":2},"end":{"line":116,"column":3}},"type":"if","locations":[{"start":{"line":91,"column":2},"end":{"line":116,"column":3}},{"start":{"line":91,"column":2},"end":{"line":116,"column":3}}],"line":91},"5":{"loc":{"start":{"line":103,"column":11},"end":{"line":112,"column":11}},"type":"cond-expr","locations":[{"start":{"line":106,"column":12},"end":{"line":106,"column":63}},{"start":{"line":108,"column":12},"end":{"line":111,"column":20}}],"line":103},"6":{"loc":{"start":{"line":103,"column":11},"end":{"line":105,"column":69}},"type":"binary-expr","locations":[{"start":{"line":103,"column":11},"end":{"line":103,"column":14}},{"start":{"line":104,"column":10},"end":{"line":104,"column":20}},{"start":{"line":105,"column":11},"end":{"line":105,"column":30}},{"start":{"line":105,"column":34},"end":{"line":105,"column":68}}],"line":103},"7":{"loc":{"start":{"line":126,"column":9},"end":{"line":132,"column":9}},"type":"cond-expr","locations":[{"start":{"line":129,"column":10},"end":{"line":129,"column":61}},{"start":{"line":131,"column":10},"end":{"line":131,"column":75}}],"line":126},"8":{"loc":{"start":{"line":126,"column":9},"end":{"line":128,"column":67}},"type":"binary-expr","locations":[{"start":{"line":126,"column":9},"end":{"line":126,"column":12}},{"start":{"line":127,"column":8},"end":{"line":127,"column":18}},{"start":{"line":128,"column":9},"end":{"line":128,"column":28}},{"start":{"line":128,"column":32},"end":{"line":128,"column":66}}],"line":126},"9":{"loc":{"start":{"line":139,"column":2},"end":{"line":157,"column":3}},"type":"if","locations":[{"start":{"line":139,"column":2},"end":{"line":157,"column":3}},{"start":{"line":139,"column":2},"end":{"line":157,"column":3}}],"line":139},"10":{"loc":{"start":{"line":139,"column":6},"end":{"line":139,"column":69}},"type":"binary-expr","locations":[{"start":{"line":139,"column":6},"end":{"line":139,"column":26}},{"start":{"line":139,"column":30},"end":{"line":139,"column":69}}],"line":139},"11":{"loc":{"start":{"line":147,"column":9},"end":{"line":157,"column":3}},"type":"if","locations":[{"start":{"line":147,"column":9},"end":{"line":157,"column":3}},{"start":{"line":147,"column":9},"end":{"line":157,"column":3}}],"line":147},"12":{"loc":{"start":{"line":147,"column":13},"end":{"line":147,"column":69}},"type":"binary-expr","locations":[{"start":{"line":147,"column":13},"end":{"line":147,"column":33}},{"start":{"line":147,"column":37},"end":{"line":147,"column":69}}],"line":147},"13":{"loc":{"start":{"line":161,"column":2},"end":{"line":209,"column":3}},"type":"if","locations":[{"start":{"line":161,"column":2},"end":{"line":209,"column":3}},{"start":{"line":161,"column":2},"end":{"line":209,"column":3}}],"line":161},"14":{"loc":{"start":{"line":161,"column":6},"end":{"line":161,"column":46}},"type":"binary-expr","locations":[{"start":{"line":161,"column":6},"end":{"line":161,"column":9}},{"start":{"line":161,"column":13},"end":{"line":161,"column":23}},{"start":{"line":161,"column":27},"end":{"line":161,"column":46}}],"line":161},"15":{"loc":{"start":{"line":162,"column":4},"end":{"line":178,"column":5}},"type":"if","locations":[{"start":{"line":162,"column":4},"end":{"line":178,"column":5}},{"start":{"line":162,"column":4},"end":{"line":178,"column":5}}],"line":162},"16":{"loc":{"start":{"line":162,"column":8},"end":{"line":162,"column":40}},"type":"binary-expr","locations":[{"start":{"line":162,"column":8},"end":{"line":162,"column":16}},{"start":{"line":162,"column":20},"end":{"line":162,"column":40}}],"line":162},"17":{"loc":{"start":{"line":189,"column":9},"end":{"line":209,"column":3}},"type":"if","locations":[{"start":{"line":189,"column":9},"end":{"line":209,"column":3}},{"start":{"line":189,"column":9},"end":{"line":209,"column":3}}],"line":189},"18":{"loc":{"start":{"line":189,"column":13},"end":{"line":189,"column":68}},"type":"binary-expr","locations":[{"start":{"line":189,"column":13},"end":{"line":189,"column":16}},{"start":{"line":189,"column":20},"end":{"line":189,"column":30}},{"start":{"line":189,"column":34},"end":{"line":189,"column":68}}],"line":189},"19":{"loc":{"start":{"line":190,"column":4},"end":{"line":196,"column":5}},"type":"if","locations":[{"start":{"line":190,"column":4},"end":{"line":196,"column":5}},{"start":{"line":190,"column":4},"end":{"line":196,"column":5}}],"line":190},"20":{"loc":{"start":{"line":190,"column":8},"end":{"line":190,"column":40}},"type":"binary-expr","locations":[{"start":{"line":190,"column":8},"end":{"line":190,"column":16}},{"start":{"line":190,"column":20},"end":{"line":190,"column":40}}],"line":190},"21":{"loc":{"start":{"line":199,"column":4},"end":{"line":207,"column":5}},"type":"if","locations":[{"start":{"line":199,"column":4},"end":{"line":207,"column":5}},{"start":{"line":199,"column":4},"end":{"line":207,"column":5}}],"line":199},"22":{"loc":{"start":{"line":199,"column":8},"end":{"line":199,"column":40}},"type":"binary-expr","locations":[{"start":{"line":199,"column":8},"end":{"line":199,"column":16}},{"start":{"line":199,"column":20},"end":{"line":199,"column":40}}],"line":199},"23":{"loc":{"start":{"line":213,"column":2},"end":{"line":222,"column":3}},"type":"switch","locations":[{"start":{"line":214,"column":4},"end":{"line":215,"column":23}},{"start":{"line":216,"column":4},"end":{"line":217,"column":44}},{"start":{"line":218,"column":4},"end":{"line":219,"column":43}},{"start":{"line":220,"column":4},"end":{"line":221,"column":53}}],"line":213},"24":{"loc":{"start":{"line":225,"column":2},"end":{"line":242,"column":3}},"type":"switch","locations":[{"start":{"line":226,"column":4},"end":{"line":227,"column":44}},{"start":{"line":228,"column":4},"end":{"line":229,"column":58}},{"start":{"line":230,"column":4},"end":{"line":231,"column":44}},{"start":{"line":232,"column":4},"end":{"line":233,"column":43}},{"start":{"line":234,"column":4},"end":{"line":235,"column":53}},{"start":{"line":236,"column":4},"end":{"line":237,"column":44}},{"start":{"line":238,"column":4},"end":{"line":239,"column":45}},{"start":{"line":240,"column":4},"end":{"line":241,"column":53}}],"line":225},"25":{"loc":{"start":{"line":299,"column":14},"end":{"line":299,"column":44}},"type":"cond-expr","locations":[{"start":{"line":299,"column":32},"end":{"line":299,"column":36}},{"start":{"line":299,"column":39},"end":{"line":299,"column":44}}],"line":299},"26":{"loc":{"start":{"line":345,"column":4},"end":{"line":353,"column":5}},"type":"if","locations":[{"start":{"line":345,"column":4},"end":{"line":353,"column":5}},{"start":{"line":345,"column":4},"end":{"line":353,"column":5}}],"line":345},"27":{"loc":{"start":{"line":348,"column":6},"end":{"line":352,"column":7}},"type":"if","locations":[{"start":{"line":348,"column":6},"end":{"line":352,"column":7}},{"start":{"line":348,"column":6},"end":{"line":352,"column":7}}],"line":348},"28":{"loc":{"start":{"line":358,"column":7},"end":{"line":358,"column":27}},"type":"binary-expr","locations":[{"start":{"line":358,"column":7},"end":{"line":358,"column":13}},{"start":{"line":358,"column":17},"end":{"line":358,"column":27}}],"line":358},"29":{"loc":{"start":{"line":384,"column":11},"end":{"line":398,"column":11}},"type":"cond-expr","locations":[{"start":{"line":385,"column":12},"end":{"line":393,"column":22}},{"start":{"line":395,"column":12},"end":{"line":397,"column":25}}],"line":384},"30":{"loc":{"start":{"line":384,"column":11},"end":{"line":384,"column":55}},"type":"binary-expr","locations":[{"start":{"line":384,"column":11},"end":{"line":384,"column":25}},{"start":{"line":384,"column":29},"end":{"line":384,"column":55}}],"line":384},"31":{"loc":{"start":{"line":387,"column":21},"end":{"line":387,"column":53}},"type":"binary-expr","locations":[{"start":{"line":387,"column":21},"end":{"line":387,"column":35}},{"start":{"line":387,"column":39},"end":{"line":387,"column":53}}],"line":387},"32":{"loc":{"start":{"line":396,"column":15},"end":{"line":396,"column":52}},"type":"cond-expr","locations":[{"start":{"line":396,"column":32},"end":{"line":396,"column":46}},{"start":{"line":396,"column":49},"end":{"line":396,"column":52}}],"line":396},"33":{"loc":{"start":{"line":429,"column":13},"end":{"line":462,"column":13}},"type":"cond-expr","locations":[{"start":{"line":430,"column":14},"end":{"line":458,"column":15}},{"start":{"line":461,"column":14},"end":{"line":461,"column":17}}],"line":429},"34":{"loc":{"start":{"line":430,"column":14},"end":{"line":458,"column":15}},"type":"cond-expr","locations":[{"start":{"line":431,"column":16},"end":{"line":450,"column":26}},{"start":{"line":452,"column":16},"end":{"line":457,"column":20}}],"line":430},"35":{"loc":{"start":{"line":433,"column":25},"end":{"line":433,"column":53}},"type":"binary-expr","locations":[{"start":{"line":433,"column":25},"end":{"line":433,"column":37}},{"start":{"line":433,"column":41},"end":{"line":433,"column":53}}],"line":433},"36":{"loc":{"start":{"line":493,"column":6},"end":{"line":495,"column":34}},"type":"cond-expr","locations":[{"start":{"line":494,"column":10},"end":{"line":494,"column":50}},{"start":{"line":495,"column":10},"end":{"line":495,"column":34}}],"line":493},"37":{"loc":{"start":{"line":501,"column":6},"end":{"line":503,"column":34}},"type":"cond-expr","locations":[{"start":{"line":502,"column":10},"end":{"line":502,"column":50}},{"start":{"line":503,"column":10},"end":{"line":503,"column":34}}],"line":501},"38":{"loc":{"start":{"line":518,"column":10},"end":{"line":532,"column":12}},"type":"binary-expr","locations":[{"start":{"line":518,"column":10},"end":{"line":518,"column":21}},{"start":{"line":519,"column":10},"end":{"line":532,"column":12}}],"line":518}},"s":{"0":4,"1":4,"2":64,"3":3,"4":5,"5":6,"6":4,"7":64,"8":4,"9":60,"10":4,"11":128,"12":0,"13":128,"14":22,"15":106,"16":4,"17":64,"18":12,"19":6,"20":0,"21":6,"22":1,"23":52,"24":2,"25":0,"26":2,"27":50,"28":14,"29":36,"30":4,"31":52,"32":36,"33":4,"34":2,"35":10,"36":4,"37":64,"38":6,"39":10,"40":10,"41":6,"42":4,"43":12,"44":6,"45":10,"46":4,"47":64,"48":64,"49":4,"50":52,"51":52,"52":30,"53":30,"54":4,"55":11,"56":11,"57":11,"58":1,"59":1,"60":1,"61":1,"62":1,"63":0,"64":0,"65":0,"66":0,"67":0,"68":0,"69":11,"70":1,"71":0,"72":4,"73":30,"74":30,"75":30,"76":30,"77":25,"78":30,"79":3,"80":3,"81":0,"82":30,"83":5,"84":5,"85":1,"86":30,"87":1,"88":30,"89":32,"90":32,"91":32,"92":60},"f":{"0":64,"1":3,"2":5,"3":6,"4":64,"5":128,"6":64,"7":0,"8":1,"9":52,"10":64,"11":64,"12":52,"13":30,"14":11,"15":1,"16":1,"17":0,"18":30,"19":25,"20":3,"21":3,"22":0,"23":5,"24":5,"25":1,"26":1,"27":32,"28":60},"b":{"0":[52,12],"1":[4,48],"2":[52,4],"3":[8,56],"4":[4,60],"5":[2,2],"6":[4,4,2,0],"7":[12,48],"8":[60,60,12,2],"9":[0,128],"10":[128,66],"11":[22,106],"12":[128,66],"13":[12,52],"14":[64,64,14],"15":[6,6],"16":[12,12],"17":[2,50],"18":[52,52,2],"19":[0,2],"20":[2,2],"21":[14,36],"22":[50,50],"23":[36,4,2,10],"24":[6,10,10,6,4,12,6,10],"25":[3,27],"26":[0,0],"27":[0,0],"28":[11,1],"29":[5,6],"30":[11,9],"31":[5,5],"32":[4,2],"33":[9,2],"34":[5,4],"35":[5,5],"36":[0,3],"37":[1,4],"38":[30,30]},"_coverageSchema":"1a1c01bbd47fc00a2c39e90264f33305004495a9","hash":"410717980cce29aa2bc945d3c76ec5aefa254365"}
,"C:\\Users\\U1072231\\Desktop\\PD\\UI\\pd-ui\\src\\features\\Components\\Dashboard\\QCTable.js": {"path":"C:\\Users\\U1072231\\Desktop\\PD\\UI\\pd-ui\\src\\features\\Components\\Dashboard\\QCTable.js","statementMap":{"0":{"start":{"line":34,"column":19},"end":{"line":78,"column":1}},"1":{"start":{"line":46,"column":2},"end":{"line":77,"column":4}},"2":{"start":{"line":53,"column":28},"end":{"line":53,"column":44}},"3":{"start":{"line":71,"column":25},"end":{"line":71,"column":44}},"4":{"start":{"line":81,"column":2},"end":{"line":86,"column":4}},"5":{"start":{"line":88,"column":22},"end":{"line":134,"column":1}},"6":{"start":{"line":89,"column":2},"end":{"line":114,"column":3}},"7":{"start":{"line":90,"column":4},"end":{"line":113,"column":6}},"8":{"start":{"line":115,"column":2},"end":{"line":133,"column":4}},"9":{"start":{"line":136,"column":13},"end":{"line":156,"column":1}},"10":{"start":{"line":137,"column":2},"end":{"line":155,"column":3}},"11":{"start":{"line":138,"column":4},"end":{"line":144,"column":6}},"12":{"start":{"line":145,"column":9},"end":{"line":155,"column":3}},"13":{"start":{"line":146,"column":4},"end":{"line":152,"column":6}},"14":{"start":{"line":154,"column":4},"end":{"line":154,"column":73}},"15":{"start":{"line":158,"column":21},"end":{"line":208,"column":1}},"16":{"start":{"line":159,"column":2},"end":{"line":207,"column":3}},"17":{"start":{"line":160,"column":4},"end":{"line":176,"column":5}},"18":{"start":{"line":162,"column":6},"end":{"line":174,"column":8}},"19":{"start":{"line":168,"column":29},"end":{"line":168,"column":60}},"20":{"start":{"line":177,"column":4},"end":{"line":186,"column":6}},"21":{"start":{"line":182,"column":23},"end":{"line":182,"column":54}},"22":{"start":{"line":187,"column":9},"end":{"line":207,"column":3}},"23":{"start":{"line":188,"column":4},"end":{"line":194,"column":5}},"24":{"start":{"line":189,"column":6},"end":{"line":193,"column":8}},"25":{"start":{"line":195,"column":4},"end":{"line":195,"column":35}},"26":{"start":{"line":197,"column":4},"end":{"line":205,"column":5}},"27":{"start":{"line":198,"column":6},"end":{"line":204,"column":8}},"28":{"start":{"line":206,"column":4},"end":{"line":206,"column":77}},"29":{"start":{"line":210,"column":21},"end":{"line":221,"column":1}},"30":{"start":{"line":211,"column":2},"end":{"line":220,"column":3}},"31":{"start":{"line":213,"column":6},"end":{"line":213,"column":23}},"32":{"start":{"line":215,"column":6},"end":{"line":215,"column":44}},"33":{"start":{"line":217,"column":6},"end":{"line":217,"column":43}},"34":{"start":{"line":219,"column":6},"end":{"line":219,"column":23}},"35":{"start":{"line":222,"column":19},"end":{"line":241,"column":1}},"36":{"start":{"line":223,"column":2},"end":{"line":240,"column":3}},"37":{"start":{"line":225,"column":6},"end":{"line":225,"column":44}},"38":{"start":{"line":227,"column":6},"end":{"line":227,"column":58}},"39":{"start":{"line":229,"column":6},"end":{"line":229,"column":44}},"40":{"start":{"line":231,"column":6},"end":{"line":231,"column":43}},"41":{"start":{"line":233,"column":6},"end":{"line":233,"column":53}},"42":{"start":{"line":235,"column":6},"end":{"line":235,"column":44}},"43":{"start":{"line":237,"column":6},"end":{"line":237,"column":45}},"44":{"start":{"line":239,"column":6},"end":{"line":239,"column":53}},"45":{"start":{"line":243,"column":21},"end":{"line":252,"column":1}},"46":{"start":{"line":244,"column":21},"end":{"line":244,"column":41}},"47":{"start":{"line":245,"column":2},"end":{"line":251,"column":4}},"48":{"start":{"line":254,"column":23},"end":{"line":263,"column":1}},"49":{"start":{"line":255,"column":21},"end":{"line":255,"column":43}},"50":{"start":{"line":256,"column":2},"end":{"line":262,"column":4}},"51":{"start":{"line":266,"column":18},"end":{"line":320,"column":3}},"52":{"start":{"line":321,"column":2},"end":{"line":321,"column":17}},"53":{"start":{"line":324,"column":28},"end":{"line":467,"column":1}},"54":{"start":{"line":325,"column":30},"end":{"line":325,"column":45}},"55":{"start":{"line":326,"column":18},"end":{"line":326,"column":37}},"56":{"start":{"line":328,"column":25},"end":{"line":353,"column":3}},"57":{"start":{"line":329,"column":4},"end":{"line":329,"column":20}},"58":{"start":{"line":331,"column":19},"end":{"line":331,"column":51}},"59":{"start":{"line":332,"column":21},"end":{"line":332,"column":50}},"60":{"start":{"line":334,"column":19},"end":{"line":340,"column":5}},"61":{"start":{"line":342,"column":17},"end":{"line":342,"column":39}},"62":{"start":{"line":343,"column":4},"end":{"line":351,"column":5}},"63":{"start":{"line":344,"column":6},"end":{"line":344,"column":40}},"64":{"start":{"line":346,"column":6},"end":{"line":350,"column":7}},"65":{"start":{"line":347,"column":8},"end":{"line":347,"column":63}},"66":{"start":{"line":349,"column":8},"end":{"line":349,"column":39}},"67":{"start":{"line":352,"column":4},"end":{"line":352,"column":21}},"68":{"start":{"line":354,"column":2},"end":{"line":466,"column":4}},"69":{"start":{"line":442,"column":39},"end":{"line":442,"column":58}},"70":{"start":{"line":452,"column":33},"end":{"line":452,"column":52}},"71":{"start":{"line":473,"column":22},"end":{"line":549,"column":1}},"72":{"start":{"line":482,"column":19},"end":{"line":482,"column":32}},"73":{"start":{"line":483,"column":42},"end":{"line":483,"column":54}},"74":{"start":{"line":484,"column":42},"end":{"line":484,"column":54}},"75":{"start":{"line":486,"column":2},"end":{"line":488,"column":21}},"76":{"start":{"line":487,"column":4},"end":{"line":487,"column":49}},"77":{"start":{"line":489,"column":23},"end":{"line":495,"column":3}},"78":{"start":{"line":490,"column":4},"end":{"line":494,"column":6}},"79":{"start":{"line":491,"column":6},"end":{"line":493,"column":34}},"80":{"start":{"line":492,"column":39},"end":{"line":492,"column":49}},"81":{"start":{"line":497,"column":26},"end":{"line":503,"column":3}},"82":{"start":{"line":498,"column":4},"end":{"line":502,"column":6}},"83":{"start":{"line":499,"column":6},"end":{"line":501,"column":34}},"84":{"start":{"line":500,"column":39},"end":{"line":500,"column":49}},"85":{"start":{"line":504,"column":33},"end":{"line":510,"column":3}},"86":{"start":{"line":505,"column":4},"end":{"line":509,"column":7}},"87":{"start":{"line":511,"column":2},"end":{"line":548,"column":4}},"88":{"start":{"line":518,"column":23},"end":{"line":518,"column":37}},"89":{"start":{"line":519,"column":26},"end":{"line":528,"column":13}},"90":{"start":{"line":529,"column":12},"end":{"line":529,"column":40}},"91":{"start":{"line":539,"column":12},"end":{"line":539,"column":47}}},"fnMap":{"0":{"name":"(anonymous_0)","decl":{"start":{"line":34,"column":19},"end":{"line":34,"column":20}},"loc":{"start":{"line":45,"column":6},"end":{"line":78,"column":1}},"line":45},"1":{"name":"(anonymous_1)","decl":{"start":{"line":53,"column":22},"end":{"line":53,"column":23}},"loc":{"start":{"line":53,"column":28},"end":{"line":53,"column":44}},"line":53},"2":{"name":"(anonymous_2)","decl":{"start":{"line":71,"column":19},"end":{"line":71,"column":20}},"loc":{"start":{"line":71,"column":25},"end":{"line":71,"column":44}},"line":71},"3":{"name":"createFullMarkup","decl":{"start":{"line":80,"column":9},"end":{"line":80,"column":25}},"loc":{"start":{"line":80,"column":31},"end":{"line":87,"column":1}},"line":80},"4":{"name":"(anonymous_4)","decl":{"start":{"line":88,"column":22},"end":{"line":88,"column":23}},"loc":{"start":{"line":88,"column":62},"end":{"line":134,"column":1}},"line":88},"5":{"name":"(anonymous_5)","decl":{"start":{"line":136,"column":13},"end":{"line":136,"column":14}},"loc":{"start":{"line":136,"column":34},"end":{"line":156,"column":1}},"line":136},"6":{"name":"(anonymous_6)","decl":{"start":{"line":158,"column":21},"end":{"line":158,"column":22}},"loc":{"start":{"line":158,"column":61},"end":{"line":208,"column":1}},"line":158},"7":{"name":"(anonymous_7)","decl":{"start":{"line":168,"column":23},"end":{"line":168,"column":24}},"loc":{"start":{"line":168,"column":29},"end":{"line":168,"column":60}},"line":168},"8":{"name":"(anonymous_8)","decl":{"start":{"line":182,"column":17},"end":{"line":182,"column":18}},"loc":{"start":{"line":182,"column":23},"end":{"line":182,"column":54}},"line":182},"9":{"name":"(anonymous_9)","decl":{"start":{"line":210,"column":21},"end":{"line":210,"column":22}},"loc":{"start":{"line":210,"column":33},"end":{"line":221,"column":1}},"line":210},"10":{"name":"(anonymous_10)","decl":{"start":{"line":222,"column":19},"end":{"line":222,"column":20}},"loc":{"start":{"line":222,"column":31},"end":{"line":241,"column":1}},"line":222},"11":{"name":"(anonymous_11)","decl":{"start":{"line":243,"column":21},"end":{"line":243,"column":22}},"loc":{"start":{"line":243,"column":61},"end":{"line":252,"column":1}},"line":243},"12":{"name":"(anonymous_12)","decl":{"start":{"line":254,"column":23},"end":{"line":254,"column":24}},"loc":{"start":{"line":254,"column":63},"end":{"line":263,"column":1}},"line":254},"13":{"name":"getColumns","decl":{"start":{"line":265,"column":9},"end":{"line":265,"column":19}},"loc":{"start":{"line":265,"column":28},"end":{"line":322,"column":1}},"line":265},"14":{"name":"(anonymous_14)","decl":{"start":{"line":324,"column":28},"end":{"line":324,"column":29}},"loc":{"start":{"line":324,"column":41},"end":{"line":467,"column":1}},"line":324},"15":{"name":"(anonymous_15)","decl":{"start":{"line":328,"column":25},"end":{"line":328,"column":26}},"loc":{"start":{"line":328,"column":40},"end":{"line":353,"column":3}},"line":328},"16":{"name":"(anonymous_16)","decl":{"start":{"line":442,"column":33},"end":{"line":442,"column":34}},"loc":{"start":{"line":442,"column":39},"end":{"line":442,"column":58}},"line":442},"17":{"name":"(anonymous_17)","decl":{"start":{"line":452,"column":27},"end":{"line":452,"column":28}},"loc":{"start":{"line":452,"column":33},"end":{"line":452,"column":52}},"line":452},"18":{"name":"(anonymous_18)","decl":{"start":{"line":473,"column":22},"end":{"line":473,"column":23}},"loc":{"start":{"line":481,"column":6},"end":{"line":549,"column":1}},"line":481},"19":{"name":"(anonymous_19)","decl":{"start":{"line":486,"column":12},"end":{"line":486,"column":13}},"loc":{"start":{"line":486,"column":18},"end":{"line":488,"column":3}},"line":486},"20":{"name":"(anonymous_20)","decl":{"start":{"line":489,"column":23},"end":{"line":489,"column":24}},"loc":{"start":{"line":489,"column":31},"end":{"line":495,"column":3}},"line":489},"21":{"name":"(anonymous_21)","decl":{"start":{"line":490,"column":20},"end":{"line":490,"column":21}},"loc":{"start":{"line":491,"column":6},"end":{"line":493,"column":34}},"line":491},"22":{"name":"(anonymous_22)","decl":{"start":{"line":492,"column":30},"end":{"line":492,"column":31}},"loc":{"start":{"line":492,"column":39},"end":{"line":492,"column":49}},"line":492},"23":{"name":"(anonymous_23)","decl":{"start":{"line":497,"column":26},"end":{"line":497,"column":27}},"loc":{"start":{"line":497,"column":34},"end":{"line":503,"column":3}},"line":497},"24":{"name":"(anonymous_24)","decl":{"start":{"line":498,"column":20},"end":{"line":498,"column":21}},"loc":{"start":{"line":499,"column":6},"end":{"line":501,"column":34}},"line":499},"25":{"name":"(anonymous_25)","decl":{"start":{"line":500,"column":30},"end":{"line":500,"column":31}},"loc":{"start":{"line":500,"column":39},"end":{"line":500,"column":49}},"line":500},"26":{"name":"(anonymous_26)","decl":{"start":{"line":504,"column":33},"end":{"line":504,"column":34}},"loc":{"start":{"line":504,"column":42},"end":{"line":510,"column":3}},"line":504},"27":{"name":"(anonymous_27)","decl":{"start":{"line":517,"column":26},"end":{"line":517,"column":27}},"loc":{"start":{"line":517,"column":35},"end":{"line":530,"column":11}},"line":517},"28":{"name":"(anonymous_28)","decl":{"start":{"line":538,"column":30},"end":{"line":538,"column":31}},"loc":{"start":{"line":539,"column":12},"end":{"line":539,"column":47}},"line":539}},"branchMap":{"0":{"loc":{"start":{"line":48,"column":7},"end":{"line":64,"column":14}},"type":"cond-expr","locations":[{"start":{"line":49,"column":8},"end":{"line":63,"column":14}},{"start":{"line":64,"column":10},"end":{"line":64,"column":14}}],"line":48},"1":{"loc":{"start":{"line":55,"column":14},"end":{"line":58,"column":22}},"type":"cond-expr","locations":[{"start":{"line":57,"column":18},"end":{"line":57,"column":23}},{"start":{"line":58,"column":18},"end":{"line":58,"column":22}}],"line":55},"2":{"loc":{"start":{"line":55,"column":14},"end":{"line":56,"column":45}},"type":"binary-expr","locations":[{"start":{"line":55,"column":14},"end":{"line":55,"column":48}},{"start":{"line":56,"column":14},"end":{"line":56,"column":45}}],"line":55},"3":{"loc":{"start":{"line":73,"column":11},"end":{"line":73,"column":56}},"type":"cond-expr","locations":[{"start":{"line":73,"column":22},"end":{"line":73,"column":37}},{"start":{"line":73,"column":40},"end":{"line":73,"column":56}}],"line":73},"4":{"loc":{"start":{"line":89,"column":2},"end":{"line":114,"column":3}},"type":"if","locations":[{"start":{"line":89,"column":2},"end":{"line":114,"column":3}},{"start":{"line":89,"column":2},"end":{"line":114,"column":3}}],"line":89},"5":{"loc":{"start":{"line":101,"column":11},"end":{"line":110,"column":11}},"type":"cond-expr","locations":[{"start":{"line":104,"column":12},"end":{"line":104,"column":63}},{"start":{"line":106,"column":12},"end":{"line":109,"column":20}}],"line":101},"6":{"loc":{"start":{"line":101,"column":11},"end":{"line":103,"column":69}},"type":"binary-expr","locations":[{"start":{"line":101,"column":11},"end":{"line":101,"column":14}},{"start":{"line":102,"column":10},"end":{"line":102,"column":20}},{"start":{"line":103,"column":11},"end":{"line":103,"column":30}},{"start":{"line":103,"column":34},"end":{"line":103,"column":68}}],"line":101},"7":{"loc":{"start":{"line":124,"column":9},"end":{"line":130,"column":9}},"type":"cond-expr","locations":[{"start":{"line":127,"column":10},"end":{"line":127,"column":61}},{"start":{"line":129,"column":10},"end":{"line":129,"column":75}}],"line":124},"8":{"loc":{"start":{"line":124,"column":9},"end":{"line":126,"column":67}},"type":"binary-expr","locations":[{"start":{"line":124,"column":9},"end":{"line":124,"column":12}},{"start":{"line":125,"column":8},"end":{"line":125,"column":18}},{"start":{"line":126,"column":9},"end":{"line":126,"column":28}},{"start":{"line":126,"column":32},"end":{"line":126,"column":66}}],"line":124},"9":{"loc":{"start":{"line":137,"column":2},"end":{"line":155,"column":3}},"type":"if","locations":[{"start":{"line":137,"column":2},"end":{"line":155,"column":3}},{"start":{"line":137,"column":2},"end":{"line":155,"column":3}}],"line":137},"10":{"loc":{"start":{"line":137,"column":6},"end":{"line":137,"column":69}},"type":"binary-expr","locations":[{"start":{"line":137,"column":6},"end":{"line":137,"column":26}},{"start":{"line":137,"column":30},"end":{"line":137,"column":69}}],"line":137},"11":{"loc":{"start":{"line":145,"column":9},"end":{"line":155,"column":3}},"type":"if","locations":[{"start":{"line":145,"column":9},"end":{"line":155,"column":3}},{"start":{"line":145,"column":9},"end":{"line":155,"column":3}}],"line":145},"12":{"loc":{"start":{"line":145,"column":13},"end":{"line":145,"column":69}},"type":"binary-expr","locations":[{"start":{"line":145,"column":13},"end":{"line":145,"column":33}},{"start":{"line":145,"column":37},"end":{"line":145,"column":69}}],"line":145},"13":{"loc":{"start":{"line":159,"column":2},"end":{"line":207,"column":3}},"type":"if","locations":[{"start":{"line":159,"column":2},"end":{"line":207,"column":3}},{"start":{"line":159,"column":2},"end":{"line":207,"column":3}}],"line":159},"14":{"loc":{"start":{"line":159,"column":6},"end":{"line":159,"column":46}},"type":"binary-expr","locations":[{"start":{"line":159,"column":6},"end":{"line":159,"column":9}},{"start":{"line":159,"column":13},"end":{"line":159,"column":23}},{"start":{"line":159,"column":27},"end":{"line":159,"column":46}}],"line":159},"15":{"loc":{"start":{"line":160,"column":4},"end":{"line":176,"column":5}},"type":"if","locations":[{"start":{"line":160,"column":4},"end":{"line":176,"column":5}},{"start":{"line":160,"column":4},"end":{"line":176,"column":5}}],"line":160},"16":{"loc":{"start":{"line":160,"column":8},"end":{"line":160,"column":40}},"type":"binary-expr","locations":[{"start":{"line":160,"column":8},"end":{"line":160,"column":16}},{"start":{"line":160,"column":20},"end":{"line":160,"column":40}}],"line":160},"17":{"loc":{"start":{"line":187,"column":9},"end":{"line":207,"column":3}},"type":"if","locations":[{"start":{"line":187,"column":9},"end":{"line":207,"column":3}},{"start":{"line":187,"column":9},"end":{"line":207,"column":3}}],"line":187},"18":{"loc":{"start":{"line":187,"column":13},"end":{"line":187,"column":68}},"type":"binary-expr","locations":[{"start":{"line":187,"column":13},"end":{"line":187,"column":16}},{"start":{"line":187,"column":20},"end":{"line":187,"column":30}},{"start":{"line":187,"column":34},"end":{"line":187,"column":68}}],"line":187},"19":{"loc":{"start":{"line":188,"column":4},"end":{"line":194,"column":5}},"type":"if","locations":[{"start":{"line":188,"column":4},"end":{"line":194,"column":5}},{"start":{"line":188,"column":4},"end":{"line":194,"column":5}}],"line":188},"20":{"loc":{"start":{"line":188,"column":8},"end":{"line":188,"column":40}},"type":"binary-expr","locations":[{"start":{"line":188,"column":8},"end":{"line":188,"column":16}},{"start":{"line":188,"column":20},"end":{"line":188,"column":40}}],"line":188},"21":{"loc":{"start":{"line":197,"column":4},"end":{"line":205,"column":5}},"type":"if","locations":[{"start":{"line":197,"column":4},"end":{"line":205,"column":5}},{"start":{"line":197,"column":4},"end":{"line":205,"column":5}}],"line":197},"22":{"loc":{"start":{"line":197,"column":8},"end":{"line":197,"column":40}},"type":"binary-expr","locations":[{"start":{"line":197,"column":8},"end":{"line":197,"column":16}},{"start":{"line":197,"column":20},"end":{"line":197,"column":40}}],"line":197},"23":{"loc":{"start":{"line":211,"column":2},"end":{"line":220,"column":3}},"type":"switch","locations":[{"start":{"line":212,"column":4},"end":{"line":213,"column":23}},{"start":{"line":214,"column":4},"end":{"line":215,"column":44}},{"start":{"line":216,"column":4},"end":{"line":217,"column":43}},{"start":{"line":218,"column":4},"end":{"line":219,"column":23}}],"line":211},"24":{"loc":{"start":{"line":223,"column":2},"end":{"line":240,"column":3}},"type":"switch","locations":[{"start":{"line":224,"column":4},"end":{"line":225,"column":44}},{"start":{"line":226,"column":4},"end":{"line":227,"column":58}},{"start":{"line":228,"column":4},"end":{"line":229,"column":44}},{"start":{"line":230,"column":4},"end":{"line":231,"column":43}},{"start":{"line":232,"column":4},"end":{"line":233,"column":53}},{"start":{"line":234,"column":4},"end":{"line":235,"column":44}},{"start":{"line":236,"column":4},"end":{"line":237,"column":45}},{"start":{"line":238,"column":4},"end":{"line":239,"column":53}}],"line":223},"25":{"loc":{"start":{"line":297,"column":14},"end":{"line":297,"column":44}},"type":"cond-expr","locations":[{"start":{"line":297,"column":32},"end":{"line":297,"column":36}},{"start":{"line":297,"column":39},"end":{"line":297,"column":44}}],"line":297},"26":{"loc":{"start":{"line":343,"
[...]
":{"line":460,"column":9},"end":{"line":496,"column":3}},{"start":{"line":460,"column":9},"end":{"line":496,"column":3}}],"line":460},"22":{"loc":{"start":{"line":475,"column":9},"end":{"line":496,"column":3}},"type":"if","locations":[{"start":{"line":475,"column":9},"end":{"line":496,"column":3}},{"start":{"line":475,"column":9},"end":{"line":496,"column":3}}],"line":475},"23":{"loc":{"start":{"line":541,"column":2},"end":{"line":563,"column":3}},"type":"if","locations":[{"start":{"line":541,"column":2},"end":{"line":563,"column":3}},{"start":{"line":541,"column":2},"end":{"line":563,"column":3}}],"line":541},"24":{"loc":{"start":{"line":638,"column":4},"end":{"line":646,"column":5}},"type":"if","locations":[{"start":{"line":638,"column":4},"end":{"line":646,"column":5}},{"start":{"line":638,"column":4},"end":{"line":646,"column":5}}],"line":638},"25":{"loc":{"start":{"line":677,"column":4},"end":{"line":692,"column":5}},"type":"switch","locations":[{"start":{"line":678,"column":6},"end":{"line":680,"column":14}},{"start":{"line":681,"column":6},"end":{"line":681,"column":17}},{"start":{"line":682,"column":6},"end":{"line":682,"column":17}},{"start":{"line":683,"column":6},"end":{"line":685,"column":14}},{"start":{"line":686,"column":6},"end":{"line":688,"column":14}},{"start":{"line":689,"column":6},"end":{"line":691,"column":14}}],"line":677},"26":{"loc":{"start":{"line":703,"column":16},"end":{"line":703,"column":55}},"type":"cond-expr","locations":[{"start":{"line":703,"column":33},"end":{"line":703,"column":47}},{"start":{"line":703,"column":50},"end":{"line":703,"column":55}}],"line":703},"27":{"loc":{"start":{"line":738,"column":4},"end":{"line":748,"column":6}},"type":"binary-expr","locations":[{"start":{"line":738,"column":4},"end":{"line":738,"column":8}},{"start":{"line":739,"column":4},"end":{"line":748,"column":6}}],"line":738},"28":{"loc":{"start":{"line":740,"column":6},"end":{"line":746,"column":7}},"type":"if","locations":[{"start":{"line":740,"column":6},"end":{"line":746,"column":7}},{"start":{"line":740,"column":6},"end":{"line":746,"column":7}}],"line":740}},"s":{"0":3,"1":3,"2":3,"3":2,"4":2,"5":2,"6":1,"7":1,"8":1,"9":1,"10":1,"11":0,"12":2,"13":2,"14":2,"15":2,"16":1,"17":1,"18":1,"19":1,"20":0,"21":0,"22":0,"23":0,"24":0,"25":0,"26":0,"27":0,"28":0,"29":0,"30":0,"31":0,"32":0,"33":0,"34":0,"35":0,"36":0,"37":3,"38":3,"39":3,"40":3,"41":3,"42":3,"43":3,"44":3,"45":2,"46":3,"47":2,"48":3,"49":2,"50":3,"51":1,"52":1,"53":1,"54":2,"55":1,"56":1,"57":1,"58":1,"59":2,"60":2,"61":0,"62":0,"63":0,"64":0,"65":0,"66":0,"67":0,"68":0,"69":0,"70":0,"71":0,"72":3,"73":3,"74":2,"75":2,"76":2,"77":2,"78":0,"79":2,"80":2,"81":2,"82":2,"83":2,"84":2,"85":2,"86":2,"87":0,"88":0,"89":0,"90":0,"91":0,"92":0,"93":0,"94":2,"95":2,"96":2,"97":2,"98":1,"99":1,"100":1,"101":0,"102":0,"103":0,"104":0,"105":0,"106":0,"107":0,"108":0,"109":0,"110":0,"111":0,"112":0,"113":0,"114":0,"115":0,"116":0,"117":0,"118":0,"119":0,"120":0,"121":0,"122":0,"123":0,"124":0,"125":0,"126":0,"127":0,"128":0,"129":0,"130":0,"131":0,"132":2,"133":1,"134":1,"135":1,"136":1,"137":1,"138":1,"139":1,"140":1,"141":8,"142":8,"143":8,"144":8,"145":8,"146":1,"147":8,"148":2,"149":8,"150":4,"151":1,"152":1,"153":1,"154":1,"155":3,"156":1,"157":1,"158":1,"159":1,"160":2,"161":1,"162":1,"163":1,"164":1,"165":1,"166":1,"167":3,"168":3,"169":3,"170":0,"171":0,"172":0,"173":0,"174":0,"175":0,"176":0,"177":0,"178":0,"179":0,"180":0,"181":0,"182":0,"183":0,"184":0,"185":0,"186":0,"187":0,"188":0,"189":0,"190":0,"191":0,"192":0,"193":0,"194":0,"195":0,"196":0,"197":0,"198":0,"199":0,"200":0,"201":0,"202":0,"203":0,"204":0,"205":2,"206":2,"207":2,"208":2,"209":2,"210":2,"211":2,"212":2,"213":2,"214":2,"215":2,"216":2,"217":2,"218":2,"219":1,"220":1,"221":1,"222":1,"223":1,"224":0,"225":0,"226":0,"227":0,"228":0,"229":0,"230":1,"231":1,"232":1,"233":1,"234":1,"235":1,"236":2,"237":1,"238":1,"239":1,"240":1,"241":1,"242":1,"243":1},"f":{"0":2,"1":1,"2":2,"3":1,"4":0,"5":0,"6":0,"7":3,"8":3,"9":3,"10":3,"11":0,"12":0,"13":0,"14":3,"15":1,"16":0,"17":0,"18":0,"19":0,"20":0,"21":2,"22":8,"23":4,"24":3,"25":0,"26":0,"27":0,"28":0,"29":0,"30":0,"31":0,"32":2,"33":2,"34":1,"35":1,"36":2},"b":{"0":[1,1],"1":[1,1],"2":[0,0],"3":[0,0],"4":[2,1],"5":[3,2],"6":[1,2],"7":[1,1],"8":[0,0],"9":[2,1],"10":[0,2],"11":[2,0],"12":[0,0],"13":[0,0],"14":[0,0],"15":[0,0],"16":[1,1],"17":[1,7],"18":[2,6],"19":[1,3],"20":[4,2],"21":[1,2],"22":[1,1],"23":[0,0],"24":[0,0],"25":[0,0,0,0,0,1],"26":[0,1],"27":[1,1],"28":[1,1]},"_coverageSchema":"1a1c01bbd47fc00a2c39e90264f33305004495a9","hash":"08479455e0576892944f8783d35b620ef291935d"}
,"C:\\Users\\U1072231\\Desktop\\PD\\UI\\pd-ui\\src\\features\\Container\\Search\\searchSlice.js": {"path":"C:\\Users\\U1072231\\Desktop\\PD\\UI\\pd-ui\\src\\features\\Container\\Search\\searchSlice.js","statementMap":{"0":{"start":{"line":2,"column":27},"end":{"line":57,"column":2}},"1":{"start":{"line":33,"column":6},"end":{"line":33,"column":37}},"2":{"start":{"line":36,"column":6},"end":{"line":36,"column":42}},"3":{"start":{"line":39,"column":6},"end":{"line":39,"column":47}},"4":{"start":{"line":42,"column":6},"end":{"line":42,"column":41}},"5":{"start":{"line":45,"column":6},"end":{"line":45,"column":38}},"6":{"start":{"line":48,"column":6},"end":{"line":48,"column":36}},"7":{"start":{"line":51,"column":6},"end":{"line":51,"column":35}},"8":{"start":{"line":54,"column":6},"end":{"line":54,"column":36}},"9":{"start":{"line":68,"column":4},"end":{"line":68,"column":23}},"10":{"start":{"line":73,"column":28},"end":{"line":73,"column":59}},"11":{"start":{"line":73,"column":39},"end":{"line":73,"column":59}},"12":{"start":{"line":74,"column":28},"end":{"line":74,"column":64}},"13":{"start":{"line":74,"column":39},"end":{"line":74,"column":64}},"14":{"start":{"line":75,"column":33},"end":{"line":75,"column":74}},"15":{"start":{"line":75,"column":44},"end":{"line":75,"column":74}},"16":{"start":{"line":76,"column":27},"end":{"line":76,"column":62}},"17":{"start":{"line":76,"column":38},"end":{"line":76,"column":62}},"18":{"start":{"line":77,"column":24},"end":{"line":77,"column":56}},"19":{"start":{"line":77,"column":35},"end":{"line":77,"column":56}},"20":{"start":{"line":78,"column":22},"end":{"line":78,"column":52}},"21":{"start":{"line":78,"column":33},"end":{"line":78,"column":52}},"22":{"start":{"line":79,"column":22},"end":{"line":79,"column":52}},"23":{"start":{"line":79,"column":33},"end":{"line":79,"column":52}},"24":{"start":{"line":80,"column":21},"end":{"line":80,"column":50}},"25":{"start":{"line":80,"column":32},"end":{"line":80,"column":50}}},"fnMap":{"0":{"name":"(anonymous_0)","decl":{"start":{"line":32,"column":16},"end":{"line":32,"column":17}},"loc":{"start":{"line":32,"column":35},"end":{"line":34,"column":5}},"line":32},"1":{"name":"(anonymous_1)","decl":{"start":{"line":35,"column":21},"end":{"line":35,"column":22}},"loc":{"start":{"line":35,"column":40},"end":{"line":37,"column":5}},"line":35},"2":{"name":"(anonymous_2)","decl":{"start":{"line":38,"column":26},"end":{"line":38,"column":27}},"loc":{"start":{"line":38,"column":45},"end":{"line":40,"column":5}},"line":38},"3":{"name":"(anonymous_3)","decl":{"start":{"line":41,"column":20},"end":{"line":41,"column":21}},"loc":{"start":{"line":41,"column":39},"end":{"line":43,"column":5}},"line":41},"4":{"name":"(anonymous_4)","decl":{"start":{"line":44,"column":17},"end":{"line":44,"column":18}},"loc":{"start":{"line":44,"column":36},"end":{"line":46,"column":5}},"line":44},"5":{"name":"(anonymous_5)","decl":{"start":{"line":47,"column":19},"end":{"line":47,"column":20}},"loc":{"start":{"line":47,"column":38},"end":{"line":49,"column":5}},"line":47},"6":{"name":"(anonymous_6)","decl":{"start":{"line":50,"column":18},"end":{"line":50,"column":19}},"loc":{"start":{"line":50,"column":37},"end":{"line":52,"column":5}},"line":50},"7":{"name":"(anonymous_7)","decl":{"start":{"line":53,"column":20},"end":{"line":53,"column":21}},"loc":{"start":{"line":53,"column":39},"end":{"line":55,"column":5}},"line":53},"8":{"name":"(anonymous_8)","decl":{"start":{"line":73,"column":28},"end":{"line":73,"column":29}},"loc":{"start":{"line":73,"column":39},"end":{"line":73,"column":59}},"line":73},"9":{"name":"(anonymous_9)","decl":{"start":{"line":74,"column":28},"end":{"line":74,"column":29}},"loc":{"start":{"line":74,"column":39},"end":{"line":74,"column":64}},"line":74},"10":{"name":"(anonymous_10)","decl":{"start":{"line":75,"column":33},"end":{"line":75,"column":34}},"loc":{"start":{"line":75,"column":44},"end":{"line":75,"column":74}},"line":75},"11":{"name":"(anonymous_11)","decl":{"start":{"line":76,"column":27},"end":{"line":76,"column":28}},"loc":{"start":{"line":76,"column":38},"end":{"line":76,"column":62}},"line":76},"12":{"name":"(anonymous_12)","decl":{"start":{"line":77,"column":24},"end":{"line":77,"column":25}},"loc":{"start":{"line":77,"column":35},"end":{"line":77,"column":56}},"line":77},"13":{"name":"(anonymous_13)","decl":{"start":{"line":78,"column":22},"end":{"line":78,"column":23}},"loc":{"start":{"line":78,"column":33},"end":{"line":78,"column":52}},"line":78},"14":{"name":"(anonymous_14)","decl":{"start":{"line":79,"column":22},"end":{"line":79,"column":23}},"loc":{"start":{"line":79,"column":33},"end":{"line":79,"column":52}},"line":79},"15":{"name":"(anonymous_15)","decl":{"start":{"line":80,"column":21},"end":{"line":80,"column":22}},"loc":{"start":{"line":80,"column":32},"end":{"line":80,"column":50}},"line":80}},"branchMap":{},"s":{"0":43,"1":1,"2":1,"3":1,"4":1,"5":1,"6":1,"7":1,"8":0,"9":43,"10":43,"11":67,"12":43,"13":67,"14":43,"15":67,"16":43,"17":67,"18":43,"19":67,"20":43,"21":66,"22":43,"23":67,"24":43,"25":154},"f":{"0":1,"1":1,"2":1,"3":1,"4":1,"5":1,"6":1,"7":0,"8":67,"9":67,"10":67,"11":67,"12":67,"13":66,"14":67,"15":154},"b":{},"_coverageSchema":"1a1c01bbd47fc00a2c39e90264f33305004495a9","hash":"90f45c0442f55c0c078da950a3cbdfb50cfc588b"}
,"C:\\Users\\U1072231\\Desktop\\PD\\UI\\pd-ui\\src\\features\\Container\\Search\\Data\\column.data.js": {"path":"C:\\Users\\U1072231\\Desktop\\PD\\UI\\pd-ui\\src\\features\\Container\\Search\\Data\\column.data.js","statementMap":{"0":{"start":{"line":15,"column":21},"end":{"line":63,"column":1}},"1":{"start":{"line":16,"column":27},"end":{"line":57,"column":3}},"2":{"start":{"line":17,"column":4},"end":{"line":56,"column":5}},"3":{"start":{"line":18,"column":6},"end":{"line":29,"column":8}},"4":{"start":{"line":31,"column":6},"end":{"line":55,"column":7}},"5":{"start":{"line":32,"column":8},"end":{"line":43,"column":10}},"6":{"start":{"line":45,"column":8},"end":{"line":54,"column":10}},"7":{"start":{"line":58,"column":2},"end":{"line":62,"column":4}},"8":{"start":{"line":101,"column":19},"end":{"line":103,"column":1}},"9":{"start":{"line":102,"column":2},"end":{"line":102,"column":47}},"10":{"start":{"line":104,"column":22},"end":{"line":106,"column":1}},"11":{"start":{"line":105,"column":2},"end":{"line":105,"column":74}},"12":{"start":{"line":108,"column":13},"end":{"line":110,"column":1}},"13":{"start":{"line":109,"column":2},"end":{"line":109,"column":42}},"14":{"start":{"line":112,"column":19},"end":{"line":114,"column":1}},"15":{"start":{"line":113,"column":2},"end":{"line":113,"column":78}},"16":{"start":{"line":116,"column":16},"end":{"line":160,"column":1}}},"fnMap":{"0":{"name":"(anonymous_0)","decl":{"start":{"line":15,"column":21},"end":{"line":15,"column":22}},"loc":{"start":{"line":15,"column":61},"end":{"line":63,"column":1}},"line":15},"1":{"name":"(anonymous_1)","decl":{"start":{"line":16,"column":27},"end":{"line":16,"column":28}},"loc":{"start":{"line":16,"column":33},"end":{"line":57,"column":3}},"line":16},"2":{"name":"(anonymous_2)","decl":{"start":{"line":101,"column":19},"end":{"line":101,"column":20}},"loc":{"start":{"line":101,"column":32},"end":{"line":103,"column":1}},"line":101},"3":{"name":"(anonymous_3)","decl":{"start":{"line":104,"column":22},"end":{"line":104,"column":23}},"loc":{"start":{"line":104,"column":35},"end":{"line":106,"column":1}},"line":104},"4":{"name":"(anonymous_4)","decl":{"start":{"line":108,"column":13},"end":{"line":108,"column":14}},"loc":{"start":{"line":108,"column":53},"end":{"line":110,"column":1}},"line":108},"5":{"name":"(anonymous_5)","decl":{"start":{"line":112,"column":19},"end":{"line":112,"column":20}},"loc":{"start":{"line":112,"column":59},"end":{"line":114,"column":1}},"line":112}},"branchMap":{"0":{"loc":{"start":{"line":17,"column":4},"end":{"line":56,"column":5}},"type":"if","locations":[{"start":{"line":17,"column":4},"end":{"line":56,"column":5}},{"start":{"line":17,"column":4},"end":{"line":56,"column":5}}],"line":17},"1":{"loc":{"start":{"line":24,"column":13},"end":{"line":26,"column":24}},"type":"cond-expr","locations":[{"start":{"line":25,"column":16},"end":{"line":25,"column":49}},{"start":{"line":26,"column":16},"end":{"line":26,"column":24}}],"line":24},"2":{"loc":{"start":{"line":31,"column":6},"end":{"line":55,"column":7}},"type":"if","locations":[{"start":{"line":31,"column":6},"end":{"line":55,"column":7}},{"start":{"line":31,"column":6},"end":{"line":55,"column":7}}],"line":31},"3":{"loc":{"start":{"line":38,"column":15},"end":{"line":40,"column":26}},"type":"cond-expr","locations":[{"start":{"line":39,"column":18},"end":{"line":39,"column":51}},{"start":{"line":40,"column":18},"end":{"line":40,"column":26}}],"line":38},"4":{"loc":{"start":{"line":49,"column":15},"end":{"line":51,"column":26}},"type":"cond-expr","locations":[{"start":{"line":50,"column":18},"end":{"line":50,"column":51}},{"start":{"line":51,"column":18},"end":{"line":51,"column":26}}],"line":49},"5":{"loc":{"start":{"line":105,"column":12},"end":{"line":105,"column":69}},"type":"cond-expr","locations":[{"start":{"line":105,"column":31},"end":{"line":105,"column":63}},{"start":{"line":105,"column":66},"end":{"line":105,"column":69}}],"line":105},"6":{"loc":{"start":{"line":109,"column":12},"end":{"line":109,"column":37}},"type":"cond-expr","locations":[{"start":{"line":109,"column":23},"end":{"line":109,"column":31}},{"start":{"line":109,"column":34},"end":{"line":109,"column":37}}],"line":109},"7":{"loc":{"start":{"line":113,"column":44},"end":{"line":113,"column":69}},"type":"cond-expr","locations":[{"start":{"line":113,"column":55},"end":{"line":113,"column":63}},{"start":{"line":113,"column":66},"end":{"line":113,"column":69}}],"line":113}},"s":{"0":5,"1":26,"2":26,"3":0,"4":26,"5":0,"6":26,"7":26,"8":5,"9":26,"10":5,"11":26,"12":5,"13":26,"14":5,"15":26,"16":5},"f":{"0":26,"1":26,"2":26,"3":26,"4":26,"5":26},"b":{"0":[0,26],"1":[0,0],"2":[0,26],"3":[0,0],"4":[0,26],"5":[13,13],"6":[0,26],"7":[13,13]},"_coverageSchema":"1a1c01bbd47fc00a2c39e90264f33305004495a9","hash":"11caef6e1c4069f8dc6ce0e00c981c4fc8d41915"}
,"C:\\Users\\U1072231\\Desktop\\PD\\UI\\pd-ui\\src\\features\\Container\\Search\\Data\\constants.js": {"path":"C:\\Users\\U1072231\\Desktop\\PD\\UI\\pd-ui\\src\\features\\Container\\Search\\Data\\constants.js","statementMap":{"0":{"start":{"line":1,"column":19},"end":{"line":56,"column":1}},"1":{"start":{"line":58,"column":22},"end":{"line":148,"column":1}},"2":{"start":{"line":150,"column":30},"end":{"line":177,"column":1}},"3":{"start":{"line":178,"column":24},"end":{"line":205,"column":1}},"4":{"start":{"line":207,"column":24},"end":{"line":223,"column":1}},"5":{"start":{"line":225,"column":27},"end":{"line":251,"column":1}}},"fnMap":{},"branchMap":{},"s":{"0":5,"1":5,"2":5,"3":5,"4":5,"5":5},"f":{},"b":{},"_coverageSchema":"1a1c01bbd47fc00a2c39e90264f33305004495a9","hash":"40413baec436a0c8185b65d543fd1bb268f76d72"}
,"C:\\Users\\U1072231\\Desktop\\PD\\UI\\pd-ui\\src\\features\\Container\\Search\\__test__\\data.js": {"path":"C:\\Users\\U1072231\\Desktop\\PD\\UI\\pd-ui\\src\\features\\Container\\Search\\__test__\\data.js","statementMap":{"0":{"start":{"line":1,"column":28},"end":{"line":33,"column":1}},"1":{"start":{"line":34,"column":30},"end":{"line":39,"column":1}},"2":{"start":{"line":40,"column":26},"end":{"line":84,"column":1}},"3":{"start":{"line":86,"column":23},"end":{"line":118,"column":1}},"4":{"start":{"line":120,"column":21},"end":{"line":172,"column":1}},"5":{"start":{"line":174,"column":30},"end":{"line":279,"column":1}},"6":{"start":{"line":280,"column":31},"end":{"line":385,"column":1}},"7":{"start":{"line":387,"column":30},"end":{"line":390,"column":1}},"8":{"start":{"line":392,"column":32},"end":{"line":456,"column":1}},"9":{"start":{"line":457,"column":39},"end":{"line":485,"column":1}}},"fnMap":{},"branchMap":{},"s":{"0":5,"1":5,"2":5,"3":5,"4":5,"5":5,"6":5,"7":5,"8":5,"9":5},"f":{},"b":{},"_coverageSchema":"1a1c01bbd47fc00a2c39e90264f33305004495a9","hash":"516054fd57cbf98493d898287d9a6a66e1174c1e"}
,"C:\\Users\\U1072231\\Desktop\\PD\\UI\\pd-ui\\src\\store\\rootReducer.js": {"path":"C:\\Users\\U1072231\\Desktop\\PD\\UI\\pd-ui\\src\\store\\rootReducer.js","statementMap":{"0":{"start":{"line":9,"column":20},"end":{"line":17,"column":1}}},"fnMap":{},"branchMap":{},"s":{"0":41},"f":{},"b":{},"_coverageSchema":"1a1c01bbd47fc00a2c39e90264f33305004495a9","hash":"af4ff5a5ff5e3545813fd35c94ac47fa59cc60f7"}
,"C:\\Users\\U1072231\\Desktop\\PD\\UI\\pd-ui\\src\\store\\rootSaga.js": {"path":"C:\\Users\\U1072231\\Desktop\\PD\\UI\\pd-ui\\src\\store\\rootSaga.js","statementMap":{"0":{"start":{"line":10,"column":2},"end":{"line":17,"column":5}}},"fnMap":{"0":{"name":"rootSaga","decl":{"start":{"line":9,"column":25},"end":{"line":9,"column":33}},"loc":{"start":{"line":9,"column":36},"end":{"line":18,"column":1}},"line":9}},"branchMap":{},"s":{"0":2},"f":{"0":2},"b":{},"_coverageSchema":"1a1c01bbd47fc00a2c39e90264f33305004495a9","hash":"1bdd4063a7cc34626f87ead6da133ddcb485528c"}
,"C:\\Users\\U1072231\\Desktop\\PD\\UI\\pd-ui\\src\\store\\store.js": {"path":"C:\\Users\\U1072231\\Desktop\\PD\\UI\\pd-ui\\src\\store\\store.js","statementMap":{"0":{"start":{"line":5,"column":23},"end":{"line":5,"column":45}},"1":{"start":{"line":12,"column":0},"end":{"line":12,"column":29}}},"fnMap":{},"branchMap":{},"s":{"0":2,"1":2},"f":{},"b":{},"_coverageSchema":"1a1c01bbd47fc00a2c39e90264f33305004495a9","hash":"2e2b0286c4575b6f37a7951f36650aa1f44ba464"}
,"C:\\Users\\U1072231\\Desktop\\PD\\UI\\pd-ui\\src\\store\\userDetails.js": {"path":"C:\\Users\\U1072231\\Desktop\\PD\\UI\\pd-ui\\src\\store\\userDetails.js","statementMap":{"0":{"start":{"line":3,"column":27},"end":{"line":18,"column":2}},"1":{"start":{"line":15,"column":6},"end":{"line":15,"column":40}},"2":{"start":{"line":20,"column":34},"end":{"line":20,"column":53}},"3":{"start":{"line":25,"column":26},"end":{"line":25,"column":58}},"4":{"start":{"line":25,"column":37},"end":{"line":25,"column":58}},"5":{"start":{"line":26,"column":22},"end":{"line":26,"column":61}},"6":{"start":{"line":26,"column":33},"end":{"line":26,"column":61}},"7":{"start":{"line":27,"column":24},"end":{"line":27,"column":66}},"8":{"start":{"line":27,"column":35},"end":{"line":27,"column":66}}},"fnMap":{"0":{"name":"(anonymous_0)","decl":{"start":{"line":14,"column":20},"end":{"line":14,"column":21}},"loc":{"start":{"line":14,"column":39},"end":{"line":16,"column":5}},"line":14},"1":{"name":"(anonymous_1)","decl":{"start":{"line":25,"column":26},"end":{"line":25,"column":27}},"loc":{"start":{"line":25,"column":37},"end":{"line":25,"column":58}},"line":25},"2":{"name":"(anonymous_2)","decl":{"start":{"line":26,"column":22},"end":{"line":26,"column":23}},"loc":{"start":{"line":26,"column":33},"end":{"line":26,"column":61}},"line":26},"3":{"name":"(anonymous_3)","decl":{"start":{"line":27,"column":24},"end":{"line":27,"column":25}},"loc":{"start":{"line":27,"column":35},"end":{"line":27,"column":66}},"line":27}},"branchMap":{},"s":{"0":41,"1":1,"2":41,"3":41,"4":31,"5":41,"6":224,"7":41,"8":24},"f":{"0":1,"1":31,"2":224,"3":24},"b":{},"_coverageSchema":"1a1c01bbd47fc00a2c39e90264f33305004495a9","hash":"8d034b6f0c2dd46f1f2a1e0b518802af508d00f8"}
}
