TN:
SF:src\Routes\routes.js
FN:4,(anonymous_0)
FN:17,(anonymous_1)
FN:18,(anonymous_2)
FN:20,(anonymous_3)
FNF:4
FNH:3
FNDA:1,(anonymous_0)
FNDA:1,(anonymous_1)
FNDA:0,(anonymous_2)
FNDA:4,(anonymous_3)
DA:4,2
DA:5,1
DA:17,2
DA:18,2
DA:20,2
DA:21,4
LF:6
LH:6
BRDA:23,0,0,4
BRDA:23,0,1,1
BRDA:32,1,0,4
BRDA:32,1,1,1
BRDA:40,2,0,4
BRDA:40,2,1,1
BRDA:50,3,0,4
BRDA:50,3,1,1
BRF:8
BRH:8
end_of_record
TN:
SF:src\features\Components\NoResultFound.js
FN:3,(anonymous_0)
FNF:1
FNH:1
FNDA:41,(anonymous_0)
DA:3,6
DA:4,41
DA:13,41
LF:3
LH:3
BRF:0
BRH:0
end_of_record
TN:
SF:src\features\Components\CustomDropdown\CustomDropdown.js
FN:5,(anonymous_0)
FN:31,(anonymous_1)
FN:52,(anonymous_2)
FN:56,(anonymous_3)
FN:60,(anonymous_4)
FN:69,(anonymous_5)
FN:73,(anonymous_6)
FN:77,(anonymous_7)
FN:98,(anonymous_8)
FN:112,(anonymous_9)
FN:117,(anonymous_10)
FN:125,(anonymous_11)
FN:147,(anonymous_12)
FN:148,(anonymous_13)
FN:158,(anonymous_14)
FN:165,(anonymous_15)
FN:169,(anonymous_16)
FN:181,(anonymous_17)
FNF:18
FNH:15
FNDA:84,(anonymous_0)
FNDA:32,(anonymous_1)
FNDA:30,(anonymous_2)
FNDA:8,(anonymous_3)
FNDA:10,(anonymous_4)
FNDA:8,(anonymous_5)
FNDA:12,(anonymous_6)
FNDA:12,(anonymous_7)
FNDA:1,(anonymous_8)
FNDA:1,(anonymous_9)
FNDA:0,(anonymous_10)
FNDA:1,(anonymous_11)
FNDA:8,(anonymous_12)
FNDA:1,(anonymous_13)
FNDA:0,(anonymous_14)
FNDA:90,(anonymous_15)
FNDA:1,(anonymous_16)
FNDA:0,(anonymous_17)
DA:5,4
DA:21,84
DA:24,84
DA:25,84
DA:26,84
DA:27,84
DA:28,84
DA:29,84
DA:31,84
DA:32,32
DA:33,1
DA:38,0
DA:39,0
DA:41,1
DA:42,0
DA:44,1
DA:48,32
DA:52,84
DA:53,30
DA:56,84
DA:57,8
DA:58,8
DA:61,10
DA:62,1
DA:64,9
DA:69,84
DA:70,8
DA:71,8
DA:72,8
DA:73,8
DA:74,12
DA:75,12
DA:77,8
DA:78,12
DA:80,8
DA:81,7
DA:83,1
DA:85,8
DA:88,8
DA:89,8
DA:90,8
DA:92,1
DA:93,1
DA:94,1
DA:98,84
DA:99,1
DA:105,0
DA:107,1
DA:108,1
DA:112,84
DA:113,1
DA:114,1
DA:117,84
DA:118,0
DA:122,0
DA:123,0
DA:125,84
DA:126,1
DA:127,1
DA:128,1
DA:130,84
DA:147,8
DA:148,1
DA:158,0
DA:166,90
DA:169,1
DA:181,0
LF:67
LH:58
BRDA:32,0,0,1
BRDA:32,0,1,31
BRDA:33,1,0,0
BRDA:33,1,1,1
BRDA:34,2,0,1
BRDA:34,2,1,0
BRDA:34,2,2,0
BRDA:41,3,0,0
BRDA:41,3,1,1
BRDA:41,4,0,1
BRDA:41,4,1,1
BRDA:61,5,0,1
BRDA:61,5,1,9
BRDA:80,6,0,7
BRDA:80,6,1,1
BRDA:90,7,0,1
BRDA:90,7,1,7
BRDA:99,8,0,0
BRDA:99,8,1,1
BRDA:100,9,0,1
BRDA:100,9,1,1
BRDA:100,9,2,1
BRDA:100,9,3,0
BRDA:143,10,0,8
BRDA:143,10,1,76
BRDA:151,11,0,84
BRDA:151,11,1,2
BRDA:154,12,0,84
BRDA:154,12,1,84
BRDA:154,12,2,81
BRDA:154,12,3,7
BRDA:154,12,4,4
BRDA:164,13,0,81
BRDA:164,13,1,3
BRDA:164,14,0,84
BRDA:164,14,1,84
BRF:36
BRH:30
end_of_record
TN:
SF:src\features\Components\Dashboard\DashboardSearch.js
FN:10,DashboardSearch
FN:27,(anonymous_1)
FN:47,(anonymous_2)
FN:69,(anonymous_3)
FN:95,(anonymous_4)
FNF:5
FNH:4
FNDA:4,DashboardSearch
FNDA:0,(anonymous_1)
FNDA:32,(anonymous_2)
FNDA:1,(anonymous_3)
FNDA:2,(anonymous_4)
DA:11,4
DA:12,4
DA:13,4
DA:14,4
DA:48,32
DA:49,21
DA:57,11
DA:69,1
DA:96,2
DA:97,1
DA:105,1
LF:11
LH:11
BRDA:41,0,0,2
BRDA:41,0,1,2
BRDA:41,1,0,4
BRDA:41,1,1,3
BRDA:44,2,0,1
BRDA:44,2,1,1
BRDA:48,3,0,21
BRDA:48,3,1,11
BRDA:48,4,0,32
BRDA:48,4,1,30
BRDA:48,4,2,18
BRDA:64,5,0,2
BRDA:64,5,1,2
BRDA:64,6,0,4
BRDA:64,6,1,3
BRDA:71,7,0,1
BRDA:71,7,1,1
BRDA:72,8,0,1
BRDA:72,8,1,1
BRDA:93,9,0,1
BRDA:93,9,1,3
BRDA:93,10,0,4
BRDA:93,10,1,3
BRDA:96,11,0,1
BRDA:96,11,1,1
BRF:25
BRH:25
end_of_record
TN:
SF:src\features\Components\Dashboard\ProtocolTable.js
FN:35,(anonymous_0)
FN:54,(anonymous_1)
FN:72,(anonymous_2)
FN:81,createFullMarkup
FN:90,(anonymous_4)
FN:138,(anonymous_5)
FN:160,(anonymous_6)
FN:170,(anonymous_7)
FN:184,(anonymous_8)
FN:212,(anonymous_9)
FN:224,(anonymous_10)
FN:245,(anonymous_11)
FN:256,(anonymous_12)
FN:267,getColumns
FN:326,(anonymous_14)
FN:330,(anonymous_15)
FN:444,(anonymous_16)
FN:454,(anonymous_17)
FN:475,(anonymous_18)
FN:488,(anonymous_19)
FN:491,(anonymous_20)
FN:492,(anonymous_21)
FN:494,(anonymous_22)
FN:499,(anonymous_23)
FN:500,(anonymous_24)
FN:502,(anonymous_25)
FN:506,(anonymous_26)
FN:519,(anonymous_27)
FN:540,(anonymous_28)
FNF:29
FNH:26
FNDA:64,(anonymous_0)
FNDA:3,(anonymous_1)
FNDA:5,(anonymous_2)
FNDA:6,createFullMarkup
FNDA:64,(anonymous_4)
FNDA:128,(anonymous_5)
FNDA:64,(anonymous_6)
FNDA:0,(anonymous_7)
FNDA:1,(anonymous_8)
FNDA:52,(anonymous_9)
FNDA:64,(anonymous_10)
FNDA:64,(anonymous_11)
FNDA:52,(anonymous_12)
FNDA:30,getColumns
FNDA:11,(anonymous_14)
FNDA:1,(anonymous_15)
FNDA:1,(anonymous_16)
FNDA:0,(anonymous_17)
FNDA:30,(anonymous_18)
FNDA:25,(anonymous_19)
FNDA:3,(anonymous_20)
FNDA:3,(anonymous_21)
FNDA:0,(anonymous_22)
FNDA:5,(anonymous_23)
FNDA:5,(anonymous_24)
FNDA:1,(anonymous_25)
FNDA:1,(anonymous_26)
FNDA:32,(anonymous_27)
FNDA:60,(anonymous_28)
DA:33,4
DA:35,4
DA:47,64
DA:54,3
DA:72,5
DA:82,6
DA:90,4
DA:91,64
DA:92,4
DA:117,60
DA:138,4
DA:139,128
DA:140,0
DA:147,128
DA:148,22
DA:156,106
DA:160,4
DA:161,64
DA:162,12
DA:164,6
DA:170,0
DA:179,6
DA:184,1
DA:189,52
DA:190,2
DA:191,0
DA:197,2
DA:199,50
DA:200,14
DA:208,36
DA:212,4
DA:213,52
DA:215,36
DA:217,4
DA:219,2
DA:221,10
DA:224,4
DA:225,64
DA:227,6
DA:229,10
DA:231,10
DA:233,6
DA:235,4
DA:237,12
DA:239,6
DA:241,10
DA:245,4
DA:246,64
DA:247,64
DA:256,4
DA:257,52
DA:258,52
DA:268,30
DA:323,30
DA:326,4
DA:327,11
DA:328,11
DA:330,11
DA:331,1
DA:333,1
DA:334,1
DA:336,1
DA:344,1
DA:345,0
DA:346,0
DA:348,0
DA:349,0
DA:351,0
DA:354,0
DA:356,11
DA:444,1
DA:454,0
DA:475,4
DA:484,30
DA:485,30
DA:486,30
DA:488,30
DA:489,25
DA:491,30
DA:492,3
DA:493,3
DA:494,0
DA:499,30
DA:500,5
DA:501,5
DA:502,1
DA:506,30
DA:507,1
DA:513,30
DA:520,32
DA:521,32
DA:531,32
DA:541,60
LF:93
LH:82
BRDA:49,0,0,52
BRDA:49,0,1,12
BRDA:56,1,0,4
BRDA:56,1,1,48
BRDA:56,2,0,52
BRDA:56,2,1,4
BRDA:74,3,0,8
BRDA:74,3,1,56
BRDA:91,4,0,4
BRDA:91,4,1,60
BRDA:103,5,0,2
BRDA:103,5,1,2
BRDA:103,6,0,4
BRDA:103,6,1,4
BRDA:103,6,2,2
BRDA:103,6,3,0
BRDA:126,7,0,12
BRDA:126,7,1,48
BRDA:126,8,0,60
BRDA:126,8,1,60
BRDA:126,8,2,12
BRDA:126,8,3,2
BRDA:139,9,0,0
BRDA:139,9,1,128
BRDA:139,10,0,128
BRDA:139,10,1,66
BRDA:147,11,0,22
BRDA:147,11,1,106
BRDA:147,12,0,128
BRDA:147,12,1,66
BRDA:161,13,0,12
BRDA:161,13,1,52
BRDA:161,14,0,64
BRDA:161,14,1,64
BRDA:161,14,2,14
BRDA:162,15,0,6
BRDA:162,15,1,6
BRDA:162,16,0,12
BRDA:162,16,1,12
BRDA:189,17,0,2
BRDA:189,17,1,50
BRDA:189,18,0,52
BRDA:189,18,1,52
BRDA:189,18,2,2
BRDA:190,19,0,0
BRDA:190,19,1,2
BRDA:190,20,0,2
BRDA:190,20,1,2
BRDA:199,21,0,14
BRDA:199,21,1,36
BRDA:199,22,0,50
BRDA:199,22,1,50
BRDA:213,23,0,36
BRDA:213,23,1,4
BRDA:213,23,2,2
BRDA:213,23,3,10
BRDA:225,24,0,6
BRDA:225,24,1,10
BRDA:225,24,2,10
BRDA:225,24,3,6
BRDA:225,24,4,4
BRDA:225,24,5,12
BRDA:225,24,6,6
BRDA:225,24,7,10
BRDA:299,25,0,3
BRDA:299,25,1,27
BRDA:345,26,0,0
BRDA:345,26,1,0
BRDA:348,27,0,0
BRDA:348,27,1,0
BRDA:358,28,0,11
BRDA:358,28,1,1
BRDA:384,29,0,5
BRDA:384,29,1,6
BRDA:384,30,0,11
BRDA:384,30,1,9
BRDA:387,31,0,5
BRDA:387,31,1,5
BRDA:396,32,0,4
BRDA:396,32,1,2
BRDA:429,33,0,9
BRDA:429,33,1,2
BRDA:430,34,0,5
BRDA:430,34,1,4
BRDA:433,35,0,5
BRDA:433,35,1,5
BRDA:493,36,0,0
BRDA:493,36,1,3
BRDA:501,37,0,1
BRDA:501,37,1,4
BRDA:518,38,0,30
BRDA:518,38,1,30
BRF:92
BRH:84
end_of_record
TN:
SF:src\features\Components\Dashboard\QCTable.js
FN:34,(anonymous_0)
FN:53,(anonymous_1)
FN:71,(anonymous_2)
FN:80,createFullMarkup
FN:88,(anonymous_4)
FN:136,(anonymous_5)
FN:158,(anonymous_6)
FN:168,(anonymous_7)
FN:182,(anonymous_8)
FN:210,(anonymous_9)
FN:222,(anonymous_10)
FN:243,(anonymous_11)
FN:254,(anonymous_12)
FN:265,getColumns
FN:324,(anonymous_14)
FN:328,(anonymous_15)
FN:442,(anonymous_16)
FN:452,(anonymous_17)
FN:473,(anonymous_18)
FN:486,(anonymous_19)
FN:489,(anonymous_20)
FN:490,(anonymous_21)
FN:492,(anonymous_22)
FN:497,(anonymous_23)
FN:498,(anonymous_24)
FN:500,(anonymous_25)
FN:504,(anonymous_26)
FN:517,(anonymous_27)
FN:538,(anonymous_28)
FNF:29
FNH:24
FNDA:60,(anonymous_0)
FNDA:1,(anonymous_1)
FNDA:5,(anonymous_2)
FNDA:2,createFullMarkup
FNDA:60,(anonymous_4)
FNDA:120,(anonymous_5)
FNDA:60,(anonymous_6)
FNDA:0,(anonymous_7)
FNDA:3,(anonymous_8)
FNDA:38,(anonymous_9)
FNDA:60,(anonymous_10)
FNDA:60,(anonymous_11)
FNDA:38,(anonymous_12)
FNDA:28,getColumns
FNDA:10,(anonymous_14)
FNDA:0,(anonymous_15)
FNDA:0,(anonymous_16)
FNDA:0,(anonymous_17)
FNDA:28,(anonymous_18)
FNDA:23,(anonymous_19)
FNDA:1,(anonymous_20)
FNDA:1,(anonymous_21)
FNDA:0,(anonymous_22)
FNDA:5,(anonymous_23)
FNDA:5,(anonymous_24)
FNDA:1,(anonymous_25)
FNDA:3,(anonymous_26)
FNDA:30,(anonymous_27)
FNDA:56,(anonymous_28)
DA:34,4
DA:46,60
DA:53,1
DA:71,5
DA:81,2
DA:88,4
DA:89,60
DA:90,2
DA:115,58
DA:136,4
DA:137,120
DA:138,0
DA:145,120
DA:146,12
DA:154,108
DA:158,4
DA:159,60
DA:160,22
DA:162,4
DA:168,0
DA:177,18
DA:182,3
DA:187,38
DA:188,2
DA:189,0
DA:195,2
DA:197,36
DA:198,12
DA:206,24
DA:210,4
DA:211,38
DA:213,6
DA:215,4
DA:217,2
DA:219,26
DA:222,4
DA:223,60
DA:225,4
DA:227,10
DA:229,10
DA:231,8
DA:233,4
DA:235,12
DA:237,6
DA:239,6
DA:243,4
DA:244,60
DA:245,60
DA:254,4
DA:255,38
DA:256,38
DA:266,28
DA:321,28
DA:324,4
DA:325,10
DA:326,10
DA:328,10
DA:329,0
DA:331,0
DA:332,0
DA:334,0
DA:342,0
DA:343,0
DA:344,0
DA:346,0
DA:347,0
DA:349,0
DA:352,0
DA:354,10
DA:442,0
DA:452,0
DA:473,4
DA:482,28
DA:483,28
DA:484,28
DA:486,28
DA:487,23
DA:489,28
DA:490,1
DA:491,1
DA:492,0
DA:497,28
DA:498,5
DA:499,5
DA:500,1
DA:504,28
DA:505,3
DA:511,28
DA:518,30
DA:519,30
DA:529,30
DA:539,56
LF:92
LH:75
BRDA:48,0,0,38
BRDA:48,0,1,22
BRDA:55,1,0,0
BRDA:55,1,1,38
BRDA:55,2,0,38
BRDA:55,2,1,2
BRDA:73,3,0,8
BRDA:73,3,1,52
BRDA:89,4,0,2
BRDA:89,4,1,58
BRDA:101,5,0,2
BRDA:101,5,1,0
BRDA:101,6,0,2
BRDA:101,6,1,2
BRDA:101,6,2,2
BRDA:101,6,3,0
BRDA:124,7,0,22
BRDA:124,7,1,36
BRDA:124,8,0,58
BRDA:124,8,1,58
BRDA:124,8,2,22
BRDA:124,8,3,2
BRDA:137,9,0,0
BRDA:137,9,1,120
BRDA:137,10,0,120
BRDA:137,10,1,68
BRDA:145,11,0,12
BRDA:145,11,1,108
BRDA:145,12,0,120
BRDA:145,12,1,68
BRDA:159,13,0,22
BRDA:159,13,1,38
BRDA:159,14,0,60
BRDA:159,14,1,60
BRDA:159,14,2,24
BRDA:160,15,0,4
BRDA:160,15,1,18
BRDA:160,16,0,22
BRDA:160,16,1,22
BRDA:187,17,0,2
BRDA:187,17,1,36
BRDA:187,18,0,38
BRDA:187,18,1,38
BRDA:187,18,2,2
BRDA:188,19,0,0
BRDA:188,19,1,2
BRDA:188,20,0,2
BRDA:188,20,1,2
BRDA:197,21,0,12
BRDA:197,21,1,24
BRDA:197,22,0,36
BRDA:197,22,1,36
BRDA:211,23,0,6
BRDA:211,23,1,4
BRDA:211,23,2,2
BRDA:211,23,3,26
BRDA:223,24,0,4
BRDA:223,24,1,10
BRDA:223,24,2,10
BRDA:223,24,3,8
BRDA:223,24,4,4
BRDA:223,24,5,12
BRDA:223,24,6,6
BRDA:223,24,7,6
BRDA:297,25,0,11
BRDA:297,25,1,17
BRDA:343,26,0,0
BRDA:343,26,1,0
BRDA:346,27,0,0
BRDA:346,27,1,0
BRDA:356,28,0,10
BRDA:356,28,1,0
BRDA:382,29,0,4
BRDA:382,29,1,6
BRDA:382,30,0,10
BRDA:382,30,1,8
BRDA:385,31,0,4
BRDA:385,31,1,4
BRDA:394,32,0,4
BRDA:394,32,1,2
BRDA:427,33,0,8
BRDA:427,33,1,2
BRDA:428,34,0,4
BRDA:428,34,1,4
BRDA:431,35,0,4
BRDA:431,35,1,4
BRDA:491,36,0,0
BRDA:491,36,1,1
BRDA:499,37,0,1
BRDA:499,37,1,4
BRDA:516,38,0,28
BRDA:516,38,1,28
BRF:92
BRH:81
end_of_record
TN:
SF:src\features\Components\DocumentsTable\AssociateDocumentsTable.js
FN:19,(anonymous_0)
FN:27,(anonymous_1)
FN:45,(anonymous_2)
FN:60,(anonymous_3)
FN:67,(anonymous_4)
FN:71,(anonymous_5)
FN:99,(anonymous_6)
FN:106,(anonymous_7)
FN:108,(anonymous_8)
FN:119,(anonymous_9)
FN:137,(anonymous_10)
FN:155,(anonymous_11)
FN:159,(anonymous_12)
FN:173,(anonymous_13)
FN:256,(anonymous_14)
FN:271,(anonymous_15)
FN:284,(anonymous_16)
FNF:17
FNH:14
FNDA:108,(anonymous_0)
FNDA:10,(anonymous_1)
FNDA:4,(anonymous_2)
FNDA:10,(anonymous_3)
FNDA:115,(anonymous_4)
FNDA:1,(anonymous_5)
FNDA:1,(anonymous_6)
FNDA:114,(anonymous_7)
FNDA:0,(anonymous_8)
FNDA:0,(anonymous_9)
FNDA:0,(anonymous_10)
FNDA:114,(anonymous_11)
FNDA:228,(anonymous_12)
FNDA:114,(anonymous_13)
FNDA:39,(anonymous_14)
FNDA:109,(anonymous_15)
FNDA:42,(anonymous_16)
DA:19,3
DA:20,108
DA:21,18
DA:27,10
DA:33,90
DA:34,33
DA:45,4
DA:51,57
DA:60,10
DA:67,3
DA:68,115
DA:69,115
DA:70,115
DA:71,115
DA:72,1
DA:73,1
DA:74,1
DA:75,1
DA:76,1
DA:83,1
DA:94,0
DA:96,115
DA:99,1
DA:106,3
DA:107,114
DA:108,114
DA:109,0
DA:110,0
DA:112,114
DA:113,0
DA:119,0
DA:130,114
DA:131,0
DA:137,0
DA:148,114
DA:155,3
DA:156,114
DA:159,3
DA:160,228
DA:161,228
DA:162,188
DA:170,40
DA:173,3
DA:174,114
DA:177,3
DA:218,3
DA:256,3
DA:264,39
DA:272,109
DA:273,109
DA:279,109
DA:285,42
LF:52
LH:45
BRDA:20,0,0,18
BRDA:20,0,1,90
BRDA:20,1,0,108
BRDA:20,1,1,51
BRDA:26,2,0,6
BRDA:26,2,1,12
BRDA:33,3,0,33
BRDA:33,3,1,57
BRDA:33,4,0,90
BRDA:33,4,1,33
BRDA:40,5,0,22
BRDA:40,5,1,11
BRDA:40,6,0,33
BRDA:40,6,1,22
BRDA:57,7,0,57
BRDA:57,7,1,0
BRDA:98,8,0,115
BRDA:98,8,1,1
BRDA:112,9,0,0
BRDA:112,9,1,114
BRDA:115,10,0,0
BRDA:115,10,1,0
BRDA:130,11,0,0
BRDA:130,11,1,114
BRDA:133,12,0,0
BRDA:133,12,1,0
BRDA:156,13,0,110
BRDA:156,13,1,4
BRDA:161,14,0,188
BRDA:161,14,1,40
BRDA:281,15,0,35
BRDA:281,15,1,4
BRDA:286,16,0,6
BRDA:286,16,1,36
BRF:34
BRH:27
end_of_record
TN:
SF:src\features\Components\DocumentsTable\DocumentsTable.js
FN:10,(anonymous_0)
FN:14,(anonymous_1)
FN:45,(anonymous_2)
FN:52,(anonymous_3)
FN:80,(anonymous_4)
FNF:5
FNH:5
FNDA:7,(anonymous_0)
FNDA:1,(anonymous_1)
FNDA:1,(anonymous_2)
FNDA:6,(anonymous_3)
FNDA:6,(anonymous_4)
DA:10,3
DA:11,7
DA:12,7
DA:13,7
DA:14,7
DA:15,1
DA:16,1
DA:17,1
DA:18,1
DA:19,1
DA:26,1
DA:37,0
DA:39,7
DA:45,1
DA:52,3
DA:53,6
DA:54,6
DA:63,3
DA:80,3
DA:81,6
LF:20
LH:19
BRDA:41,0,0,7
BRDA:41,0,1,1
BRF:2
BRH:2
end_of_record
TN:
SF:src\features\Components\Loader\Loader.js
FN:4,(anonymous_0)
FNF:1
FNH:1
FNDA:56,(anonymous_0)
DA:4,17
DA:5,56
LF:2
LH:2
BRF:0
BRH:0
end_of_record
TN:
SF:src\features\Container\Admin\AddNewMapping.js
FN:37,AddNewMapping
FN:47,(anonymous_1)
FN:65,(anonymous_2)
FN:96,(anonymous_3)
FN:108,(anonymous_4)
FN:133,(anonymous_5)
FN:140,(anonymous_6)
FN:158,(anonymous_7)
FN:159,(anonymous_8)
FN:171,(anonymous_9)
FN:172,(anonymous_10)
FN:181,(anonymous_11)
FN:186,(anonymous_12)
FN:193,(anonymous_13)
FN:205,(anonymous_14)
FN:210,(anonymous_15)
FN:217,(anonymous_16)
FN:229,(anonymous_17)
FNF:18
FNH:15
FNDA:51,AddNewMapping
FNDA:26,(anonymous_1)
FNDA:2,(anonymous_2)
FNDA:11,(anonymous_3)
FNDA:4,(anonymous_4)
FNDA:1,(anonymous_5)
FNDA:1,(anonymous_6)
FNDA:3,(anonymous_7)
FNDA:2,(anonymous_8)
FNDA:3,(anonymous_9)
FNDA:2,(anonymous_10)
FNDA:0,(anonymous_11)
FNDA:3,(anonymous_12)
FNDA:74,(anonymous_13)
FNDA:0,(anonymous_14)
FNDA:0,(anonymous_15)
FNDA:102,(anonymous_16)
FNDA:2,(anonymous_17)
DA:22,4
DA:29,4
DA:35,4
DA:38,51
DA:39,51
DA:40,51
DA:41,51
DA:42,51
DA:43,51
DA:44,51
DA:45,51
DA:47,51
DA:48,26
DA:49,8
DA:55,8
DA:56,8
DA:57,8
DA:58,8
DA:59,8
DA:65,51
DA:66,2
DA:67,2
DA:68,1
DA:69,1
DA:71,2
DA:72,1
DA:73,1
DA:75,2
DA:76,1
DA:77,1
DA:79,2
DA:80,1
DA:81,1
DA:84,2
DA:85,2
DA:92,1
DA:96,51
DA:97,11
DA:98,11
DA:99,11
DA:100,2
DA:101,2
DA:102,9
DA:103,1
DA:104,1
DA:106,11
DA:108,51
DA:109,4
DA:110,4
DA:111,4
DA:112,1
DA:113,1
DA:114,3
DA:115,1
DA:116,1
DA:118,2
DA:119,2
DA:121,4
DA:122,0
DA:123,0
DA:125,4
DA:128,51
DA:133,1
DA:141,1
DA:158,3
DA:159,2
DA:171,3
DA:172,2
DA:181,0
DA:187,3
DA:188,3
DA:194,74
DA:205,0
DA:211,0
DA:212,0
DA:218,102
DA:229,2
LF:77
LH:71
BRDA:48,0,0,8
BRDA:48,0,1,18
BRDA:67,1,0,1
BRDA:67,1,1,1
BRDA:71,2,0,1
BRDA:71,2,1,1
BRDA:75,3,0,1
BRDA:75,3,1,1
BRDA:79,4,0,1
BRDA:79,4,1,1
BRDA:85,5,0,1
BRDA:85,5,1,1
BRDA:86,6,0,2
BRDA:86,6,1,1
BRDA:86,6,2,1
BRDA:86,6,3,1
BRDA:86,6,4,1
BRDA:99,7,0,2
BRDA:99,7,1,9
BRDA:99,8,0,11
BRDA:99,8,1,3
BRDA:102,9,0,1
BRDA:102,9,1,8
BRDA:102,10,0,9
BRDA:102,10,1,1
BRDA:111,11,0,1
BRDA:111,11,1,3
BRDA:111,12,0,4
BRDA:111,12,1,2
BRDA:111,12,2,1
BRDA:114,13,0,1
BRDA:114,13,1,2
BRDA:121,14,0,0
BRDA:121,14,1,4
BRDA:121,15,0,4
BRDA:121,15,1,0
BRDA:144,16,0,51
BRDA:144,16,1,0
BRDA:218,17,0,51
BRDA:218,17,1,51
BRF:40
BRH:37
end_of_record
TN:
SF:src\features\Container\Admin\Admin.js
FN:21,Admin
FN:30,(anonymous_1)
FN:37,(anonymous_2)
FN:41,(anonymous_3)
FNF:4
FNH:3
FNDA:1,Admin
FNDA:1,(anonymous_1)
FNDA:1,(anonymous_2)
FNDA:0,(anonymous_3)
DA:22,1
DA:23,1
DA:24,1
DA:25,1
DA:26,1
DA:27,1
DA:28,1
DA:30,1
DA:31,1
DA:32,0
DA:33,0
DA:37,1
DA:38,1
DA:41,1
DA:42,0
DA:44,1
LF:16
LH:13
BRDA:31,0,0,0
BRDA:31,0,1,1
BRDA:31,1,0,1
BRDA:31,1,1,1
BRDA:52,2,0,0
BRDA:52,2,1,1
BRDA:56,3,0,1
BRDA:56,3,1,1
BRDA:56,3,2,0
BRDA:59,4,0,1
BRDA:59,4,1,0
BRDA:60,5,0,1
BRDA:60,5,1,0
BRF:13
BRH:8
end_of_record
TN:
SF:src\features\Container\Admin\BulkMap.js
FN:21,BulkMap
FN:28,(anonymous_1)
FN:39,(anonymous_2)
FN:54,(anonymous_3)
FN:60,(anonymous_4)
FN:68,(anonymous_5)
FN:84,(anonymous_6)
FN:91,(anonymous_7)
FNF:8
FNH:6
FNDA:30,BulkMap
FNDA:3,(anonymous_1)
FNDA:0,(anonymous_2)
FNDA:1,(anonymous_3)
FNDA:30,(anonymous_4)
FNDA:0,(anonymous_5)
FNDA:6,(anonymous_6)
FNDA:1,(anonymous_7)
DA:22,30
DA:23,30
DA:24,30
DA:25,30
DA:26,30
DA:27,30
DA:28,30
DA:29,3
DA:30,3
DA:32,0
DA:39,30
DA:40,0
DA:44,0
DA:46,0
DA:54,30
DA:55,1
DA:56,1
DA:57,1
DA:60,30
DA:61,30
DA:62,0
DA:69,0
DA:79,30
DA:84,6
DA:92,1
DA:93,1
LF:26
LH:20
BRDA:29,0,0,3
BRDA:29,0,1,0
BRDA:40,1,0,0
BRDA:40,1,1,0
BRDA:61,2,0,0
BRDA:61,2,1,30
BRDA:97,3,0,30
BRDA:97,3,1,3
BRDA:103,4,0,30
BRDA:103,4,1,0
BRF:10
BRH:5
end_of_record
TN:
SF:src\features\Container\Admin\MappingSearch.js
FN:13,MappingSearch
FN:21,(anonymous_1)
FN:26,(anonymous_2)
FN:34,(anonymous_3)
FN:43,(anonymous_4)
FN:65,(anonymous_5)
FN:66,(anonymous_6)
FN:77,(anonymous_7)
FN:78,(anonymous_8)
FN:87,(anonymous_9)
FNF:10
FNH:10
FNDA:15,MappingSearch
FNDA:9,(anonymous_1)
FNDA:4,(anonymous_2)
FNDA:4,(anonymous_3)
FNDA:2,(anonymous_4)
FNDA:2,(anonymous_5)
FNDA:2,(anonymous_6)
FNDA:2,(anonymous_7)
FNDA:2,(anonymous_8)
FNDA:2,(anonymous_9)
DA:14,15
DA:15,14
DA:16,14
DA:17,14
DA:18,14
DA:21,14
DA:22,9
DA:23,9
DA:26,14
DA:27,4
DA:28,2
DA:29,2
DA:30,2
DA:34,14
DA:35,4
DA:36,4
DA:37,1
DA:38,3
DA:39,1
DA:43,14
DA:44,2
DA:45,1
DA:47,1
DA:51,1
DA:54,14
DA:65,2
DA:66,2
DA:77,2
DA:78,2
DA:87,2
LF:30
LH:30
BRDA:27,0,0,2
BRDA:27,0,1,2
BRDA:29,1,0,2
BRDA:29,1,1,0
BRDA:36,2,0,1
BRDA:36,2,1,3
BRDA:36,3,0,4
BRDA:36,3,1,2
BRDA:36,3,2,1
BRDA:38,4,0,1
BRDA:38,4,1,2
BRDA:44,5,0,1
BRDA:44,5,1,1
BRDA:44,6,0,2
BRDA:44,6,1,2
BRDA:44,6,2,1
BRDA:69,7,0,1
BRDA:69,7,1,13
BRF:18
BRH:17
end_of_record
TN:
SF:src\features\Container\Admin\MappingTable.js
FN:15,(anonymous_0)
FN:18,(anonymous_1)
FN:24,(anonymous_2)
FN:77,(anonymous_3)
FN:82,(anonymous_4)
FN:101,(anonymous_5)
FN:110,(anonymous_6)
FNF:7
FNH:7
FNDA:16,(anonymous_0)
FNDA:8,(anonymous_1)
FNDA:1,(anonymous_2)
FNDA:6,(anonymous_3)
FNDA:1,(anonymous_4)
FNDA:4,(anonymous_5)
FNDA:10,(anonymous_6)
DA:15,3
DA:16,16
DA:18,3
DA:19,8
DA:25,1
DA:36,3
DA:77,3
DA:78,6
DA:80,6
DA:82,6
DA:83,1
DA:86,1
DA:87,0
DA:94,6
DA:101,4
DA:111,10
LF:16
LH:15
BRDA:86,0,0,0
BRDA:86,0,1,1
BRDA:96,1,0,1
BRDA:96,1,1,5
BRF:4
BRH:3
end_of_record
TN:
SF:src\features\Container\Admin\NewUser.js
FN:39,NewUser
FN:51,(anonymous_1)
FN:116,(anonymous_2)
FN:122,(anonymous_3)
FN:137,(anonymous_4)
FN:160,(anonymous_5)
FN:194,(anonymous_6)
FN:195,(anonymous_7)
FN:209,(anonymous_8)
FN:219,(anonymous_9)
FN:224,(anonymous_10)
FN:231,(anonymous_11)
FN:256,(anonymous_12)
FN:257,(anonymous_13)
FN:272,(anonymous_14)
FN:273,(anonymous_15)
FN:288,(anonymous_16)
FN:289,(anonymous_17)
FN:304,(anonymous_18)
FN:305,(anonymous_19)
FNF:20
FNH:19
FNDA:77,NewUser
FNDA:9,(anonymous_1)
FNDA:11,(anonymous_2)
FNDA:5,(anonymous_3)
FNDA:9,(anonymous_4)
FNDA:1,(anonymous_5)
FNDA:6,(anonymous_6)
FNDA:4,(anonymous_7)
FNDA:5,(anonymous_8)
FNDA:0,(anonymous_9)
FNDA:2,(anonymous_10)
FNDA:244,(anonymous_11)
FNDA:2,(anonymous_12)
FNDA:1,(anonymous_13)
FNDA:2,(anonymous_14)
FNDA:1,(anonymous_15)
FNDA:3,(anonymous_16)
FNDA:2,(anonymous_17)
FNDA:2,(anonymous_18)
FNDA:1,(anonymous_19)
DA:26,3
DA:37,3
DA:40,77
DA:41,77
DA:42,77
DA:43,77
DA:44,77
DA:45,77
DA:46,77
DA:47,77
DA:48,77
DA:49,77
DA:51,77
DA:52,9
DA:53,9
DA:54,8
DA:55,8
DA:57,1
DA:58,1
DA:60,9
DA:61,8
DA:62,8
DA:64,1
DA:65,1
DA:67,9
DA:68,7
DA:69,7
DA:70,2
DA:71,1
DA:72,1
DA:74,1
DA:75,1
DA:77,9
DA:78,8
DA:79,8
DA:81,1
DA:82,1
DA:84,9
DA:85,7
DA:86,7
DA:87,2
DA:88,1
DA:89,1
DA:91,1
DA:92,1
DA:94,9
DA:95,8
DA:96,8
DA:98,1
DA:99,1
DA:102,9
DA:103,9
DA:112,1
DA:116,77
DA:117,11
DA:119,11
DA:120,11
DA:122,77
DA:123,5
DA:124,5
DA:125,3
DA:126,3
DA:127,2
DA:128,1
DA:129,1
DA:130,1
DA:132,1
DA:133,1
DA:135,5
DA:137,77
DA:138,9
DA:139,9
DA:141,9
DA:142,2
DA:143,2
DA:144,7
DA:145,1
DA:146,1
DA:147,6
DA:148,1
DA:149,1
DA:151,5
DA:152,5
DA:154,9
DA:156,77
DA:161,1
DA:169,1
DA:170,1
DA:171,1
DA:172,1
DA:173,1
DA:174,1
DA:175,1
DA:194,6
DA:195,4
DA:209,5
DA:219,0
DA:225,2
DA:226,2
DA:232,244
DA:256,2
DA:257,1
DA:272,2
DA:273,1
DA:288,3
DA:289,2
DA:304,2
DA:305,1
LF:108
LH:107
BRDA:53,0,0,8
BRDA:53,0,1,1
BRDA:60,1,0,8
BRDA:60,1,1,1
BRDA:67,2,0,7
BRDA:67,2,1,2
BRDA:70,3,0,1
BRDA:70,3,1,1
BRDA:77,4,0,8
BRDA:77,4,1,1
BRDA:84,5,0,7
BRDA:84,5,1,2
BRDA:87,6,0,1
BRDA:87,6,1,1
BRDA:87,7,0,2
BRDA:87,7,1,2
BRDA:94,8,0,8
BRDA:94,8,1,1
BRDA:103,9,0,1
BRDA:103,9,1,8
BRDA:104,10,0,9
BRDA:104,10,1,9
BRDA:104,10,2,1
BRDA:104,10,3,1
BRDA:104,10,4,1
BRDA:104,10,5,1
BRDA:104,10,6,1
BRDA:124,11,0,3
BRDA:124,11,1,2
BRDA:124,12,0,5
BRDA:124,12,1,4
BRDA:127,13,0,1
BRDA:127,13,1,1
BRDA:141,14,0,2
BRDA:141,14,1,7
BRDA:141,15,0,9
BRDA:141,15,1,4
BRDA:141,15,2,3
BRDA:144,16,0,1
BRDA:144,16,1,6
BRDA:144,17,0,7
BRDA:144,17,1,2
BRDA:144,17,2,1
BRDA:147,18,0,1
BRDA:147,18,1,5
BRDA:177,19,0,77
BRDA:177,19,1,0
BRDA:239,20,0,77
BRDA:239,20,1,0
BRDA:255,21,0,77
BRDA:255,21,1,0
BRDA:271,22,0,77
BRDA:271,22,1,0
BRDA:287,23,0,77
BRDA:287,23,1,0
BRDA:303,24,0,77
BRDA:303,24,1,0
BRF:57
BRH:51
end_of_record
TN:
SF:src\features\Container\Admin\ProtocolMap.js
FN:6,ProtocolMap
FNF:1
FNH:1
FNDA:3,ProtocolMap
DA:7,3
DA:8,2
LF:2
LH:2
BRF:0
BRH:0
end_of_record
TN:
SF:src\features\Container\Admin\UsersRole.js
FN:40,(anonymous_0)
FN:46,(anonymous_1)
FN:54,(anonymous_2)
FN:60,(anonymous_3)
FN:63,(anonymous_4)
FN:81,(anonymous_5)
FN:86,(anonymous_6)
FN:106,(anonymous_7)
FN:113,(anonymous_8)
FN:134,(anonymous_9)
FN:135,(anonymous_10)
FN:148,(anonymous_11)
FN:149,(anonymous_12)
FNF:13
FNH:12
FNDA:13,(anonymous_0)
FNDA:0,(anonymous_1)
FNDA:13,(anonymous_2)
FNDA:1,(anonymous_3)
FNDA:3,(anonymous_4)
FNDA:2,(anonymous_5)
FNDA:2,(anonymous_6)
FNDA:13,(anonymous_7)
FNDA:1,(anonymous_8)
FNDA:1,(anonymous_9)
FNDA:1,(anonymous_10)
FNDA:1,(anonymous_11)
FNDA:1,(anonymous_12)
DA:22,2
DA:27,2
DA:40,2
DA:41,13
DA:46,0
DA:54,2
DA:55,13
DA:56,13
DA:57,13
DA:58,13
DA:59,13
DA:60,13
DA:61,1
DA:63,13
DA:64,3
DA:65,3
DA:66,2
DA:67,2
DA:69,3
DA:70,2
DA:71,2
DA:73,3
DA:74,3
DA:75,1
DA:76,1
DA:77,0
DA:81,13
DA:82,2
DA:83,2
DA:84,2
DA:86,13
DA:87,2
DA:88,2
DA:89,0
DA:90,0
DA:92,2
DA:93,2
DA:95,2
DA:98,13
DA:107,13
DA:114,1
DA:115,1
DA:116,1
DA:117,1
DA:134,1
DA:135,1
DA:148,1
DA:149,1
LF:48
LH:44
BRDA:65,0,0,2
BRDA:65,0,1,1
BRDA:69,1,0,2
BRDA:69,1,1,1
BRDA:74,2,0,1
BRDA:74,2,1,2
BRDA:74,3,0,3
BRDA:74,3,1,1
BRDA:76,4,0,0
BRDA:76,4,1,1
BRDA:88,5,0,0
BRDA:88,5,1,2
BRDA:120,6,0,13
BRDA:120,6,1,0
BRF:14
BRH:11
end_of_record
TN:
SF:src\features\Container\Admin\UsersTable.js
FN:11,(anonymous_0)
FN:17,(anonymous_1)
FN:33,(anonymous_2)
FN:37,(anonymous_3)
FN:38,(anonymous_4)
FN:41,(anonymous_5)
FN:44,(anonymous_6)
FN:56,(anonymous_7)
FN:60,(anonymous_8)
FN:64,(anonymous_9)
FN:75,(anonymous_10)
FN:90,(anonymous_11)
FN:94,(anonymous_12)
FNF:13
FNH:13
FNDA:25,(anonymous_0)
FNDA:1,(anonymous_1)
FNDA:15,(anonymous_2)
FNDA:3,(anonymous_3)
FNDA:3,(anonymous_4)
FNDA:1,(anonymous_5)
FNDA:1,(anonymous_6)
FNDA:1,(anonymous_7)
FNDA:1,(anonymous_8)
FNDA:1,(anonymous_9)
FNDA:26,(anonymous_10)
FNDA:25,(anonymous_11)
FNDA:25,(anonymous_12)
DA:11,2
DA:12,25
DA:17,1
DA:33,2
DA:34,15
DA:35,15
DA:37,15
DA:38,3
DA:41,15
DA:42,1
DA:44,15
DA:45,1
DA:48,1
DA:49,0
DA:50,0
DA:52,1
DA:56,15
DA:57,1
DA:60,15
DA:61,1
DA:64,15
DA:65,1
DA:66,1
DA:67,0
DA:71,15
DA:75,26
DA:91,25
DA:95,25
LF:28
LH:25
BRDA:48,0,0,0
BRDA:48,0,1,1
BRDA:66,1,0,0
BRDA:66,1,1,1
BRDA:91,2,0,4
BRDA:91,2,1,21
BRF:6
BRH:4
end_of_record
TN:
SF:src\features\Container\Admin\columns.data.js
FN:27,(anonymous_0)
FN:30,(anonymous_1)
FN:56,(anonymous_2)
FN:58,(anonymous_3)
FN:70,(anonymous_4)
FN:83,(anonymous_5)
FN:94,(anonymous_6)
FN:107,createStringArraySearchFilter
FN:108,(anonymous_8)
FN:112,(anonymous_9)
FN:117,(anonymous_10)
FN:118,(anonymous_11)
FN:126,(anonymous_12)
FN:129,(anonymous_13)
FN:139,(anonymous_14)
FN:145,(anonymous_15)
FNF:16
FNH:15
FNDA:42,(anonymous_0)
FNDA:42,(anonymous_1)
FNDA:28,(anonymous_2)
FNDA:28,(anonymous_3)
FNDA:3,(anonymous_4)
FNDA:1,(anonymous_5)
FNDA:5,(anonymous_6)
FNDA:9,createStringArraySearchFilter
FNDA:42,(anonymous_8)
FNDA:0,(anonymous_9)
FNDA:9,(anonymous_10)
FNDA:42,(anonymous_11)
FNDA:1,(anonymous_12)
FNDA:16,(anonymous_13)
FNDA:210,(anonymous_14)
FNDA:9,(anonymous_15)
DA:20,2
DA:27,2
DA:28,42
DA:30,2
DA:39,42
DA:40,42
DA:56,28
DA:58,28
DA:70,3
DA:83,1
DA:94,2
DA:95,5
DA:108,9
DA:109,42
DA:112,0
DA:117,2
DA:118,9
DA:119,42
DA:126,1
DA:130,16
DA:139,2
DA:140,210
DA:145,2
DA:146,9
DA:147,9
LF:25
LH:24
BRDA:40,0,0,4
BRDA:40,0,1,38
BRDA:56,1,0,4
BRDA:56,1,1,4
BRDA:56,1,2,4
BRDA:109,2,0,42
BRDA:109,2,1,0
BRDA:109,2,2,0
BRDA:119,3,0,4
BRDA:119,3,1,38
BRDA:140,4,0,20
BRDA:140,4,1,190
BRF:12
BRH:10
end_of_record
TN:
SF:src\features\Container\Dashboard\ActionButtons.js
FN:8,ActionButtons
FN:12,(anonymous_1)
FNF:2
FNH:2
FNDA:13,ActionButtons
FNDA:1,(anonymous_1)
DA:9,13
DA:10,12
DA:11,12
DA:12,12
DA:13,1
DA:15,12
LF:6
LH:6
BRDA:17,0,0,12
BRDA:17,0,1,7
BRDA:29,1,0,2
BRDA:29,1,1,5
BRF:4
BRH:4
end_of_record
TN:
SF:src\features\Container\Dashboard\Dashboard.js
FN:22,(anonymous_0)
FN:24,(anonymous_1)
FNF:2
FNH:2
FNDA:6,(anonymous_0)
FNDA:5,(anonymous_1)
DA:10,2
DA:11,2
DA:22,2
DA:23,6
DA:24,5
DA:25,5
DA:26,5
LF:7
LH:7
BRDA:29,0,0,5
BRDA:29,0,1,0
BRDA:29,0,2,0
BRDA:35,1,0,5
BRDA:35,1,1,5
BRF:5
BRH:3
end_of_record
TN:
SF:src\features\Container\Dashboard\DashboardSearch.js
FN:5,DashboardSearch
FN:9,(anonymous_1)
FNF:2
FNH:2
FNDA:1,DashboardSearch
FNDA:1,(anonymous_1)
DA:6,1
DA:7,1
DA:8,1
DA:9,1
DA:10,1
DA:11,1
DA:14,1
LF:7
LH:7
BRF:0
BRH:0
end_of_record
TN:
SF:src\features\Container\Dashboard\FollowedProtocols.js
FN:14,FollowedProtocols
FN:19,(anonymous_1)
FN:25,(anonymous_2)
FN:31,(anonymous_3)
FN:34,(anonymous_4)
FNF:5
FNH:4
FNDA:7,FollowedProtocols
FNDA:1,(anonymous_1)
FNDA:0,(anonymous_2)
FNDA:4,(anonymous_3)
FNDA:3,(anonymous_4)
DA:15,7
DA:16,7
DA:17,7
DA:19,7
DA:20,1
DA:25,7
DA:26,0
DA:31,7
DA:32,4
DA:33,3
DA:34,3
DA:35,3
DA:36,3
DA:37,3
DA:39,3
DA:40,3
DA:41,6
DA:42,6
DA:44,3
DA:45,3
DA:48,7
LF:21
LH:20
BRDA:32,0,0,3
BRDA:32,0,1,1
BRDA:52,1,0,6
BRDA:52,1,1,1
BRDA:52,2,0,7
BRDA:52,2,1,7
BRDA:55,3,0,6
BRDA:55,3,1,1
BRDA:55,4,0,7
BRDA:55,4,1,7
BRF:10
BRH:10
end_of_record
TN:
SF:src\features\Container\Dashboard\MyProtocols.js
FN:7,MyProtocols
FNF:1
FNH:1
FNDA:7,MyProtocols
DA:8,7
DA:10,7
LF:2
LH:2
BRDA:14,0,0,3
BRDA:14,0,1,4
BRDA:14,1,0,7
BRDA:14,1,1,7
BRDA:17,2,0,3
BRDA:17,2,1,4
BRDA:17,3,0,7
BRDA:17,3,1,7
BRF:8
BRH:8
end_of_record
TN:
SF:src\features\Container\Dashboard\ProtocolTable.js
FN:17,ProtocolTable
FN:22,(anonymous_1)
FN:25,(anonymous_2)
FN:28,(anonymous_3)
FNF:4
FNH:3
FNDA:7,ProtocolTable
FNDA:0,(anonymous_1)
FNDA:7,(anonymous_2)
FNDA:7,(anonymous_3)
DA:18,7
DA:19,7
DA:20,7
DA:21,7
DA:22,7
DA:23,0
DA:25,7
DA:26,7
DA:28,7
DA:29,7
DA:30,7
DA:32,0
DA:35,7
DA:36,0
DA:49,7
LF:15
LH:12
BRDA:29,0,0,7
BRDA:29,0,1,0
BRDA:35,1,0,0
BRDA:35,1,1,7
BRDA:57,2,0,7
BRDA:57,2,1,7
BRDA:64,3,0,7
BRDA:64,3,1,0
BRF:8
BRH:5
end_of_record
TN:
SF:src\features\Container\Dashboard\dashboardSlice.js
FN:26,(anonymous_0)
FN:29,(anonymous_1)
FN:32,(anonymous_2)
FN:35,(anonymous_3)
FN:38,(anonymous_4)
FN:41,(anonymous_5)
FN:44,(anonymous_6)
FN:47,(anonymous_7)
FN:50,(anonymous_8)
FN:53,(anonymous_9)
FN:56,(anonymous_10)
FN:59,(anonymous_11)
FN:62,(anonymous_12)
FN:65,(anonymous_13)
FN:68,(anonymous_14)
FN:71,(anonymous_15)
FN:74,(anonymous_16)
FN:104,(anonymous_17)
FN:105,(anonymous_18)
FN:106,(anonymous_19)
FN:107,(anonymous_20)
FN:108,(anonymous_21)
FN:109,(anonymous_22)
FN:111,(anonymous_23)
FN:113,(anonymous_24)
FN:114,(anonymous_25)
FN:115,(anonymous_26)
FN:116,(anonymous_27)
FNF:28
FNH:23
FNDA:2,(anonymous_0)
FNDA:1,(anonymous_1)
FNDA:1,(anonymous_2)
FNDA:1,(anonymous_3)
FNDA:1,(anonymous_4)
FNDA:1,(anonymous_5)
FNDA:1,(anonymous_6)
FNDA:1,(anonymous_7)
FNDA:1,(anonymous_8)
FNDA:1,(anonymous_9)
FNDA:3,(anonymous_10)
FNDA:46,(anonymous_11)
FNDA:5,(anonymous_12)
FNDA:0,(anonymous_13)
FNDA:0,(anonymous_14)
FNDA:0,(anonymous_15)
FNDA:0,(anonymous_16)
FNDA:20,(anonymous_17)
FNDA:27,(anonymous_18)
FNDA:26,(anonymous_19)
FNDA:2,(anonymous_20)
FNDA:2,(anonymous_21)
FNDA:22,(anonymous_22)
FNDA:7,(anonymous_23)
FNDA:24,(anonymous_24)
FNDA:35,(anonymous_25)
FNDA:23,(anonymous_26)
FNDA:0,(anonymous_27)
DA:3,43
DA:27,2
DA:30,1
DA:33,1
DA:36,1
DA:39,1
DA:42,1
DA:45,1
DA:48,1
DA:51,1
DA:54,1
DA:57,3
DA:60,46
DA:63,5
DA:66,0
DA:69,0
DA:72,0
DA:75,0
DA:99,43
DA:104,43
DA:105,43
DA:106,43
DA:107,43
DA:108,43
DA:109,43
DA:110,22
DA:111,43
DA:112,7
DA:113,43
DA:114,43
DA:115,43
DA:116,43
DA:117,0
LF:33
LH:28
BRF:0
BRH:0
end_of_record
TN:
SF:src\features\Container\Dashboard\saga.js
FN:35,getState
FN:41,protocolAsyn
FN:60,(anonymous_2)
FN:91,sorting
FN:92,(anonymous_4)
FN:97,recentSearchAsyn
FN:116,savedSearchAsyn
FN:135,addProtocolSponsor
FN:145,(anonymous_8)
FN:163,addProtocolIndication
FN:172,(anonymous_10)
FN:189,postAddProtocol
FN:236,toggleAddProtocol
FN:239,resetErrorAddProtocol
FN:243,saveRecentSearch
FN:264,sendQcReview
FN:282,(anonymous_16)
FN:304,handleDownload
FN:327,handleFollow
FN:334,(anonymous_19)
FN:361,fetchAssociateData
FN:373,(anonymous_21)
FN:402,watchDashboard
FN:418,dashboardSaga
FNF:24
FNH:23
FNDA:22,getState
FNDA:5,protocolAsyn
FNDA:3,(anonymous_2)
FNDA:2,sorting
FNDA:1,(anonymous_4)
FNDA:3,recentSearchAsyn
FNDA:2,savedSearchAsyn
FNDA:3,addProtocolSponsor
FNDA:1,(anonymous_8)
FNDA:3,addProtocolIndication
FNDA:2,(anonymous_10)
FNDA:6,postAddProtocol
FNDA:1,toggleAddProtocol
FNDA:1,resetErrorAddProtocol
FNDA:4,saveRecentSearch
FNDA:2,sendQcReview
FNDA:3,(anonymous_16)
FNDA:0,handleDownload
FNDA:2,handleFollow
FNDA:2,(anonymous_19)
FNDA:2,fetchAssociateData
FNDA:1,(anonymous_21)
FNDA:2,watchDashboard
FNDA:2,dashboardSaga
DA:36,22
DA:37,22
DA:38,22
DA:42,5
DA:43,1
DA:45,4
DA:46,4
DA:47,4
DA:48,4
DA:50,4
DA:54,4
DA:55,4
DA:57,4
DA:58,2
DA:59,2
DA:60,2
DA:61,3
DA:62,3
DA:63,3
DA:64,3
DA:65,3
DA:66,3
DA:67,3
DA:68,3
DA:69,1
DA:71,3
DA:72,1
DA:74,3
DA:77,2
DA:78,2
DA:79,2
DA:81,2
DA:82,2
DA:85,1
DA:86,1
DA:92,2
DA:93,1
DA:98,3
DA:99,3
DA:100,3
DA:104,3
DA:105,3
DA:106,3
DA:107,1
DA:109,2
DA:112,1
DA:117,2
DA:118,2
DA:119,2
DA:123,2
DA:124,2
DA:125,2
DA:126,1
DA:128,1
DA:131,1
DA:136,3
DA:137,3
DA:139,3
DA:140,3
DA:144,3
DA:145,1
DA:146,1
DA:147,1
DA:148,1
DA:150,1
DA:151,1
DA:153,2
DA:154,1
DA:155,1
DA:158,1
DA:159,1
DA:160,1
DA:164,3
DA:165,3
DA:166,3
DA:167,3
DA:171,3
DA:172,2
DA:173,2
DA:174,2
DA:175,2
DA:177,1
DA:179,1
DA:180,1
DA:182,2
DA:184,1
DA:185,1
DA:186,1
DA:190,6
DA:191,6
DA:192,6
DA:193,6
DA:194,6
DA:195,6
DA:196,6
DA:197,6
DA:198,6
DA:202,6
DA:203,3
DA:210,3
DA:211,1
DA:213,2
DA:214,2
DA:217,3
DA:218,3
DA:227,5
DA:228,5
DA:230,1
DA:231,1
DA:232,1
DA:237,1
DA:240,1
DA:244,4
DA:245,3
DA:246,3
DA:247,3
DA:257,3
DA:258,3
DA:260,1
DA:265,2
DA:266,2
DA:267,2
DA:271,2
DA:272,2
DA:277,2
DA:278,2
DA:279,2
DA:280,2
DA:281,2
DA:282,2
DA:283,3
DA:284,1
DA:286,1
DA:288,2
DA:291,1
DA:292,1
DA:293,1
DA:295,1
DA:296,1
DA:299,1
DA:300,1
DA:305,0
DA:306,0
DA:313,0
DA:315,0
DA:316,0
DA:317,0
DA:318,0
DA:322,0
DA:323,0
DA:328,2
DA:329,2
DA:330,2
DA:331,2
DA:332,2
DA:333,2
DA:334,2
DA:335,2
DA:337,1
DA:347,1
DA:348,1
DA:349,1
DA:350,1
DA:351,1
DA:353,1
DA:356,1
DA:357,1
DA:362,2
DA:363,2
DA:364,2
DA:365,2
DA:366,2
DA:367,2
DA:371,2
DA:372,2
DA:373,2
DA:374,1
DA:376,2
DA:377,1
DA:378,1
DA:379,2
DA:380,1
DA:381,1
DA:384,1
DA:386,1
DA:387,1
DA:388,2
DA:389,1
DA:392,1
DA:393,1
DA:398,0
DA:403,2
DA:404,2
DA:405,2
DA:406,2
DA:407,2
DA:408,2
DA:409,2
DA:410,2
DA:411,2
DA:412,2
DA:413,2
DA:414,2
DA:415,2
DA:419,2
LF:205
LH:195
BRDA:42,0,0,1
BRDA:42,0,1,4
BRDA:42,1,0,5
BRDA:42,1,1,5
BRDA:57,2,0,2
BRDA:57,2,1,2
BRDA:61,3,0,1
BRDA:61,3,1,2
BRDA:62,4,0,1
BRDA:62,4,1,2
BRDA:63,5,0,1
BRDA:63,5,1,2
BRDA:64,6,0,1
BRDA:64,6,1,2
BRDA:65,7,0,1
BRDA:65,7,1,2
BRDA:68,8,0,1
BRDA:68,8,1,2
BRDA:68,9,0,3
BRDA:68,9,1,2
BRDA:71,10,0,1
BRDA:71,10,1,2
BRDA:106,11,0,1
BRDA:106,11,1,2
BRDA:125,12,0,1
BRDA:125,12,1,1
BRDA:144,13,0,1
BRDA:144,13,1,2
BRDA:171,14,0,2
BRDA:171,14,1,1
BRDA:202,15,0,3
BRDA:202,15,1,3
BRDA:202,16,0,6
BRDA:202,16,1,6
BRDA:210,17,0,1
BRDA:210,17,1,2
BRDA:220,18,0,1
BRDA:220,18,1,1
BRDA:220,19,0,3
BRDA:220,19,1,3
BRDA:244,20,0,3
BRDA:244,20,1,1
BRDA:283,21,0,1
BRDA:283,21,1,1
BRDA:283,22,0,3
BRDA:283,22,1,2
BRDA:292,23,0,1
BRDA:292,23,1,0
BRDA:295,24,0,1
BRDA:295,24,1,0
BRDA:348,25,0,1
BRDA:348,25,1,0
BRDA:348,26,0,1
BRDA:348,26,1,1
BRDA:376,27,0,1
BRDA:376,27,1,1
BRDA:379,28,0,1
BRDA:379,28,1,1
BRDA:388,29,0,1
BRDA:388,29,1,1
BRF:60
BRH:57
end_of_record
TN:
SF:src\features\Container\Dashboard\AddProtocol\AddProtocol.js
FN:30,(anonymous_0)
FN:49,(anonymous_1)
FN:60,(anonymous_2)
FN:63,(anonymous_3)
FN:68,(anonymous_4)
FN:75,(anonymous_5)
FN:164,(anonymous_6)
FN:235,(anonymous_7)
FN:361,(anonymous_8)
FN:364,(anonymous_9)
FN:376,(anonymous_10)
FN:386,(anonymous_11)
FN:411,(anonymous_12)
FN:414,(anonymous_13)
FN:430,(anonymous_14)
FN:431,(anonymous_15)
FN:440,(anonymous_16)
FN:458,(anonymous_17)
FN:459,(anonymous_18)
FN:490,(anonymous_19)
FN:493,(anonymous_20)
FN:555,(anonymous_21)
FN:558,(anonymous_22)
FN:567,(anonymous_23)
FN:617,(anonymous_24)
FN:620,(anonymous_25)
FNF:26
FNH:25
FNDA:45,(anonymous_0)
FNDA:2,(anonymous_1)
FNDA:1,(anonymous_2)
FNDA:1,(anonymous_3)
FNDA:2,(anonymous_4)
FNDA:10,(anonymous_5)
FNDA:8,(anonymous_6)
FNDA:4,(anonymous_7)
FNDA:43,(anonymous_8)
FNDA:258,(anonymous_9)
FNDA:2,(anonymous_10)
FNDA:1,(anonymous_11)
FNDA:2,(anonymous_12)
FNDA:1,(anonymous_13)
FNDA:2,(anonymous_14)
FNDA:3,(anonymous_15)
FNDA:3,(anonymous_16)
FNDA:1,(anonymous_17)
FNDA:1,(anonymous_18)
FNDA:3,(anonymous_19)
FNDA:2,(anonymous_20)
FNDA:1,(anonymous_21)
FNDA:0,(anonymous_22)
FNDA:1,(anonymous_23)
FNDA:1,(anonymous_24)
FNDA:1,(anonymous_25)
DA:28,3
DA:29,3
DA:30,3
DA:31,45
DA:32,45
DA:33,43
DA:34,43
DA:35,43
DA:36,43
DA:37,43
DA:41,43
DA:45,43
DA:49,43
DA:50,2
DA:54,1
DA:55,1
DA:57,2
DA:60,43
DA:61,1
DA:63,43
DA:64,1
DA:65,1
DA:66,1
DA:68,43
DA:69,2
DA:70,2
DA:71,2
DA:72,2
DA:73,2
DA:75,43
DA:76,10
DA:77,10
DA:79,10
DA:80,7
DA:84,1
DA:85,1
DA:87,6
DA:88,6
DA:90,7
DA:91,2
DA:94,2
DA:95,2
DA:96,2
DA:97,2
DA:98,2
DA:100,0
DA:101,0
DA:102,0
DA:105,5
DA:107,7
DA:111,3
DA:112,3
DA:113,3
DA:114,3
DA:116,7
DA:117,7
DA:136,10
DA:137,3
DA:138,1
DA:140,1
DA:141,1
DA:142,1
DA:144,1
DA:145,1
DA:146,1
DA:148,1
DA:150,1
DA:152,2
DA:156,2
DA:160,3
DA:164,43
DA:165,8
DA:166,8
DA:167,8
DA:168,5
DA:172,1
DA:173,1
DA:175,4
DA:176,4
DA:177,4
DA:180,5
DA:185,1
DA:188,1
DA:189,1
DA:190,1
DA:191,1
DA:193,0
DA:196,0
DA:199,5
DA:201,8
DA:203,3
DA:204,3
DA:205,2
DA:206,2
DA:208,3
DA:209,3
DA:211,3
DA:212,1
DA:213,1
DA:220,3
DA:221,3
DA:223,8
DA:224,0
DA:225,0
DA:226,0
DA:228,0
DA:229,0
DA:231,0
DA:232,0
DA:235,43
DA:237,4
DA:238,4
DA:239,4
DA:240,4
DA:361,43
DA:362,43
DA:365,258
DA:370,43
DA:376,2
DA:386,1
DA:412,2
DA:414,1
DA:430,2
DA:432,3
DA:441,3
DA:458,1
DA:459,1
DA:491,3
DA:493,2
DA:556,1
DA:559,0
DA:568,1
DA:618,1
DA:620,1
LF:134
LH:121
BRDA:50,0,0,1
BRDA:50,0,1,1
BRDA:51,1,0,2
BRDA:51,1,1,1
BRDA:79,2,0,7
BRDA:79,2,1,3
BRDA:80,3,0,1
BRDA:80,3,1,6
BRDA:81,4,0,7
BRDA:81,4,1,4
BRDA:90,5,0,2
BRDA:90,5,1,5
BRDA:90,6,0,7
BRDA:90,6,1,3
BRDA:95,7,0,2
BRDA:95,7,1,0
BRDA:95,8,0,2
BRDA:95,8,1,2
BRDA:107,9,0,3
BRDA:107,9,1,4
BRDA:108,10,0,7
BRDA:108,10,1,3
BRDA:136,11,0,3
BRDA:136,11,1,7
BRDA:137,12,0,1
BRDA:137,12,1,2
BRDA:139,13,0,1
BRDA:139,13,1,1
BRDA:139,13,2,1
BRDA:146,14,0,1
BRDA:146,14,1,0
BRDA:152,15,0,2
BRDA:152,15,1,0
BRDA:167,16,0,5
BRDA:167,16,1,3
BRDA:168,17,0,1
BRDA:168,17,1,4
BRDA:169,18,0,5
BRDA:169,18,1,1
BRDA:175,19,0,4
BRDA:175,19,1,0
BRDA:180,20,0,1
BRDA:180,20,1,4
BRDA:181,21,0,5
BRDA:181,21,1,2
BRDA:181,21,2,1
BRDA:189,22,0,1
BRDA:189,22,1,0
BRDA:189,23,0,1
BRDA:189,23,1,1
BRDA:201,24,0,3
BRDA:201,24,1,5
BRDA:203,25,0,3
BRDA:203,26,0,3
BRDA:203,26,1,3
BRDA:204,27,0,2
BRDA:204,27,1,1
BRDA:211,28,0,1
BRDA:211,28,1,2
BRDA:211,29,0,3
BRDA:211,29,1,1
BRDA:223,30,0,0
BRDA:223,30,1,8
BRDA:224,31,0,0
BRDA:224,31,1,0
BRDA:224,32,0,0
BRDA:224,32,1,0
BRDA:385,33,0,43
BRDA:385,33,1,43
BRDA:389,34,0,43
BRDA:389,34,1,43
BRDA:389,34,2,0
BRDA:400,35,0,43
BRDA:400,35,1,0
BRDA:514,36,0,0
BRDA:514,36,1,43
BRDA:522,37,0,43
BRDA:522,37,1,43
BRDA:522,37,2,36
BRDA:530,38,0,43
BRDA:530,38,1,0
BRDA:577,39,0,0
BRDA:577,39,1,43
BRDA:585,40,0,43
BRDA:585,40,1,43
BRDA:585,40,2,36
BRDA:593,41,0,43
BRDA:593,41,1,0
BRDA:637,42,0,0
BRDA:637,42,1,43
BRDA:637,43,0,43
BRDA:637,43,1,43
BRDA:646,44,0,43
BRDA:646,44,1,43
BRDA:646,44,2,43
BRDA:646,44,3,1
BRF:96
BRH:79
end_of_record
TN:
SF:src\features\Container\Dashboard\AddProtocol\CustomFileUpload.js
FN:13,(anonymous_0)
FN:20,(anonymous_1)
FN:28,(anonymous_2)
FN:64,(anonymous_3)
FN:67,(anonymous_4)
FN:69,(anonymous_5)
FN:74,(anonymous_6)
FNF:7
FNH:6
FNDA:15,(anonymous_0)
FNDA:5,(anonymous_1)
FNDA:5,(anonymous_2)
FNDA:1,(anonymous_3)
FNDA:0,(anonymous_4)
FNDA:1,(anonymous_5)
FNDA:41,(anonymous_6)
DA:4,4
DA:14,15
DA:15,14
DA:20,14
DA:21,5
DA:22,5
DA:24,5
DA:29,5
DA:30,5
DA:64,14
DA:65,1
DA:66,1
DA:67,1
DA:69,1
DA:70,1
DA:75,41
DA:76,41
DA:77,41
LF:18
LH:18
BRDA:81,0,0,5
BRDA:81,0,1,36
BRDA:81,1,0,41
BRDA:81,1,1,41
BRF:4
BRH:4
end_of_record
TN:
SF:src\features\Container\Dashboard\AddProtocol\constants.js
FNF:0
FNH:0
DA:1,3
DA:2,3
DA:20,3
DA:84,3
DA:95,3
DA:105,3
LF:6
LH:6
BRF:0
BRH:0
end_of_record
TN:
SF:src\features\Container\Navbar\Alerts.js
FN:18,createFullMarkup
FN:34,Alerts
FN:43,(anonymous_2)
FN:51,(anonymous_3)
FN:63,(anonymous_4)
FN:65,(anonymous_5)
FN:77,(anonymous_6)
FN:86,(anonymous_7)
FN:111,(anonymous_8)
FN:142,(anonymous_9)
FNF:10
FNH:8
FNDA:148,createFullMarkup
FNDA:21,Alerts
FNDA:0,(anonymous_2)
FNDA:1,(anonymous_3)
FNDA:74,(anonymous_4)
FNDA:47,(anonymous_5)
FNDA:3,(anonymous_6)
FNDA:0,(anonymous_7)
FNDA:74,(anonymous_8)
FNDA:1,(anonymous_9)
DA:16,2
DA:19,148
DA:20,60
DA:28,88
DA:35,21
DA:36,20
DA:37,20
DA:38,20
DA:39,3
DA:43,0
DA:51,17
DA:52,1
DA:62,17
DA:63,74
DA:65,17
DA:66,47
DA:72,17
DA:77,3
DA:86,0
DA:112,74
DA:113,74
DA:120,47
DA:122,74
DA:142,1
LF:24
LH:22
BRDA:19,0,0,60
BRDA:19,0,1,88
BRDA:38,1,0,3
BRDA:38,1,1,17
BRDA:42,2,0,3
BRDA:42,2,1,0
BRDA:66,3,0,7
BRDA:66,3,1,40
BRDA:68,4,0,0
BRDA:68,4,1,40
BRDA:76,5,0,17
BRDA:76,5,1,4
BRDA:113,6,0,47
BRDA:113,6,1,27
BRDA:114,7,0,74
BRDA:114,7,1,57
BRDA:124,8,0,74
BRDA:124,8,1,47
BRDA:138,9,0,10
BRDA:138,9,1,64
BRDA:145,10,0,20
BRDA:145,10,1,54
BRDA:145,11,0,74
BRDA:145,11,1,50
BRF:24
BRH:22
end_of_record
TN:
SF:src\features\Container\Navbar\Navbar.js
FN:14,(anonymous_0)
FN:29,(anonymous_1)
FN:33,Navbar
FN:39,(anonymous_3)
FN:41,(anonymous_4)
FN:47,(anonymous_5)
FN:51,(anonymous_6)
FN:57,(anonymous_7)
FN:64,(anonymous_8)
FN:67,(anonymous_9)
FN:75,(anonymous_10)
FN:85,(anonymous_11)
FN:95,(anonymous_12)
FN:102,(anonymous_13)
FN:103,(anonymous_14)
FNF:15
FNH:14
FNDA:21,(anonymous_0)
FNDA:1,(anonymous_1)
FNDA:35,Navbar
FNDA:34,(anonymous_3)
FNDA:26,(anonymous_4)
FNDA:13,(anonymous_5)
FNDA:17,(anonymous_6)
FNDA:3,(anonymous_7)
FNDA:71,(anonymous_8)
FNDA:0,(anonymous_9)
FNDA:1,(anonymous_10)
FNDA:17,(anonymous_11)
FNDA:2,(anonymous_12)
FNDA:3,(anonymous_13)
FNDA:71,(anonymous_14)
DA:14,2
DA:15,21
DA:17,9
DA:19,1
DA:21,9
DA:23,1
DA:25,1
DA:29,2
DA:30,1
DA:34,35
DA:35,34
DA:36,34
DA:38,34
DA:39,34
DA:40,34
DA:41,34
DA:42,26
DA:43,13
DA:44,13
DA:47,34
DA:48,13
DA:51,34
DA:52,17
DA:53,17
DA:57,34
DA:58,3
DA:59,2
DA:60,2
DA:64,34
DA:65,71
DA:67,0
DA:70,34
DA:75,1
DA:80,34
DA:86,17
DA:95,2
DA:102,3
DA:103,71
LF:38
LH:37
BRDA:15,0,0,9
BRDA:15,0,1,1
BRDA:15,0,2,9
BRDA:15,0,3,1
BRDA:15,0,4,1
BRDA:42,1,0,13
BRDA:42,1,1,13
BRDA:52,2,0,17
BRDA:52,2,1,0
BRDA:52,3,0,17
BRDA:52,3,1,17
BRDA:58,4,0,2
BRDA:58,4,1,1
BRDA:65,5,0,54
BRDA:65,5,1,17
BRDA:81,6,0,34
BRDA:81,6,1,21
BRDA:81,6,2,21
BRF:18
BRH:17
end_of_record
TN:
SF:src\features\Container\Navbar\navbarSlice.js
FN:11,(anonymous_0)
FN:14,(anonymous_1)
FN:17,(anonymous_2)
FN:28,(anonymous_3)
FN:29,(anonymous_4)
FN:30,(anonymous_5)
FN:31,(anonymous_6)
FNF:7
FNH:7
FNDA:1,(anonymous_0)
FNDA:1,(anonymous_1)
FNDA:1,(anonymous_2)
FNDA:1,(anonymous_3)
FNDA:14,(anonymous_4)
FNDA:1,(anonymous_5)
FNDA:1,(anonymous_6)
DA:3,43
DA:12,1
DA:15,1
DA:18,1
DA:23,43
DA:28,43
DA:29,43
DA:30,43
DA:31,43
LF:9
LH:9
BRF:0
BRH:0
end_of_record
TN:
SF:src\features\Container\Navbar\saga.js
FN:6,navbarNotificationData
FN:16,(anonymous_1)
FN:24,(anonymous_2)
FN:37,readNotification
FN:80,watchNavbar
FN:85,qcSaga
FNF:6
FNH:6
FNDA:2,navbarNotificationData
FNDA:2,(anonymous_1)
FNDA:1,(anonymous_2)
FNDA:2,readNotification
FNDA:2,watchNavbar
FNDA:2,qcSaga
DA:7,2
DA:8,2
DA:12,2
DA:13,2
DA:15,2
DA:16,1
DA:17,2
DA:18,2
DA:19,2
DA:20,2
DA:21,2
DA:22,2
DA:24,1
DA:25,1
DA:28,1
DA:30,1
DA:33,1
DA:38,2
DA:39,2
DA:49,2
DA:50,2
DA:51,2
DA:52,1
DA:81,2
DA:82,2
DA:86,2
LF:26
LH:26
BRDA:15,0,0,1
BRDA:15,0,1,1
BRDA:51,1,0,1
BRDA:51,1,1,1
BRF:4
BRH:4
end_of_record
TN:
SF:src\features\Container\Navbar\__test__\data.js
FNF:0
FNH:0
DA:1,1
LF:1
LH:1
BRF:0
BRH:0
end_of_record
TN:
SF:src\features\Container\PageNotFound\PageNotFound.js
FN:4,(anonymous_0)
FNF:1
FNH:1
FNDA:2,(anonymous_0)
DA:4,2
DA:5,2
LF:2
LH:2
BRF:0
BRH:0
end_of_record
TN:
SF:src\features\Container\Protocols\AmendmentCompare.js
FN:18,(anonymous_0)
FN:28,(anonymous_1)
FN:32,(anonymous_2)
FN:44,(anonymous_3)
FN:102,(anonymous_4)
FN:111,(anonymous_5)
FN:131,(anonymous_6)
FN:140,(anonymous_7)
FN:159,(anonymous_8)
FNF:9
FNH:7
FNDA:17,(anonymous_0)
FNDA:9,(anonymous_1)
FNDA:9,(anonymous_2)
FNDA:5,(anonymous_3)
FNDA:0,(anonymous_4)
FNDA:30,(anonymous_5)
FNDA:0,(anonymous_6)
FNDA:30,(anonymous_7)
FNDA:5,(anonymous_8)
DA:18,1
DA:19,17
DA:20,17
DA:21,17
DA:22,17
DA:24,17
DA:27,17
DA:28,17
DA:29,9
DA:30,9
DA:32,17
DA:33,9
DA:34,9
DA:35,9
DA:39,9
DA:40,3
DA:44,17
DA:45,5
DA:46,3
DA:47,1
DA:49,2
DA:54,2
DA:57,2
DA:84,17
DA:85,17
DA:103,0
DA:112,30
DA:132,0
DA:141,30
DA:159,5
LF:30
LH:28
BRDA:39,0,0,3
BRDA:39,0,1,6
BRDA:39,1,0,9
BRDA:39,1,1,4
BRDA:45,2,0,3
BRDA:45,2,1,2
BRDA:45,3,0,5
BRDA:45,3,1,4
BRDA:46,4,0,1
BRDA:46,4,1,2
BRDA:84,5,0,11
BRDA:84,5,1,6
BRDA:87,6,0,17
BRDA:87,6,1,11
BRDA:95,7,0,15
BRDA:95,7,1,2
BRDA:95,8,0,17
BRDA:95,8,1,17
BRDA:109,9,0,15
BRDA:109,9,1,15
BRDA:109,9,2,15
BRDA:138,10,0,15
BRDA:138,10,1,15
BRDA:138,10,2,15
BRDA:189,11,0,17
BRDA:189,11,1,2
BRDA:194,12,0,17
BRDA:194,12,1,11
BRDA:194,12,2,11
BRDA:194,12,3,11
BRDA:214,13,0,17
BRDA:214,13,1,4
BRDA:214,13,2,2
BRF:33
BRH:33
end_of_record
TN:
SF:src\features\Container\Protocols\Documents.js
FN:27,(anonymous_0)
FN:48,(anonymous_1)
FN:62,(anonymous_2)
FN:67,(anonymous_3)
FN:78,(anonymous_4)
FN:82,handleClickOutside
FN:95,(anonymous_6)
FN:101,(anonymous_7)
FN:181,(anonymous_8)
FN:187,(anonymous_9)
FN:191,(anonymous_10)
FN:232,(anonymous_11)
FN:241,(anonymous_12)
FN:256,(anonymous_13)
FN:265,(anonymous_14)
FN:268,(anonymous_15)
FN:282,(anonymous_16)
FNF:17
FNH:12
FNDA:36,(anonymous_0)
FNDA:6,(anonymous_1)
FNDA:9,(anonymous_2)
FNDA:8,(anonymous_3)
FNDA:8,(anonymous_4)
FNDA:0,handleClickOutside
FNDA:7,(anonymous_6)
FNDA:24,(anonymous_7)
FNDA:36,(anonymous_8)
FNDA:72,(anonymous_9)
FNDA:108,(anonymous_10)
FNDA:0,(anonymous_11)
FNDA:2,(anonymous_12)
FNDA:0,(anonymous_13)
FNDA:0,(anonymous_14)
FNDA:34,(anonymous_15)
FNDA:0,(anonymous_16)
DA:25,2
DA:26,2
DA:27,2
DA:28,36
DA:29,36
DA:30,36
DA:31,36
DA:37,36
DA:38,36
DA:39,36
DA:40,36
DA:41,36
DA:42,36
DA:45,36
DA:46,36
DA:48,36
DA:49,6
DA:53,6
DA:54,2
DA:55,2
DA:56,1
DA:57,1
DA:59,1
DA:62,36
DA:63,9
DA:64,9
DA:65,9
DA:67,36
DA:68,8
DA:69,8
DA:70,2
DA:71,2
DA:72,2
DA:74,6
DA:78,36
DA:83,0
DA:89,0
DA:94,8
DA:95,8
DA:97,7
DA:101,36
DA:102,24
DA:103,14
DA:104,2
DA:110,2
DA:111,2
DA:112,12
DA:113,2
DA:119,2
DA:120,2
DA:122,10
DA:128,10
DA:129,10
DA:132,10
DA:138,10
DA:139,10
DA:181,36
DA:182,36
DA:183,36
DA:188,72
DA:192,108
DA:218,36
DA:232,0
DA:241,2
DA:256,0
DA:265,0
DA:268,36
DA:269,34
DA:277,36
DA:282,0
LF:70
LH:64
BRDA:55,0,0,1
BRDA:55,0,1,1
BRDA:68,1,0,8
BRDA:68,1,1,0
BRDA:68,2,0,8
BRDA:68,2,1,8
BRDA:69,3,0,2
BRDA:69,3,1,6
BRDA:83,4,0,0
BRDA:83,4,1,0
BRDA:84,5,0,0
BRDA:84,5,1,0
BRDA:84,5,2,0
BRDA:84,5,3,0
BRDA:102,6,0,14
BRDA:102,6,1,10
BRDA:103,7,0,2
BRDA:103,7,1,12
BRDA:112,8,0,2
BRDA:112,8,1,10
BRDA:279,9,0,36
BRDA:279,9,1,4
BRDA:297,10,0,36
BRDA:297,10,1,28
BRDA:297,10,2,5
BRDA:302,11,0,36
BRDA:302,11,1,36
BRDA:302,11,2,34
BRDA:305,12,0,34
BRDA:305,12,1,17
BRDA:305,12,2,6
BRDA:311,13,0,34
BRDA:311,13,1,17
BRDA:311,13,2,11
BRDA:330,14,0,11
BRDA:330,14,1,23
BRDA:330,15,0,34
BRDA:330,15,1,17
BRDA:347,16,0,34
BRDA:347,16,1,2
BRDA:347,17,0,36
BRDA:347,17,1,36
BRF:42
BRH:35
end_of_record
TN:
SF:src\features\Container\Protocols\ProtocolOverview.js
FN:9,(anonymous_0)
FN:10,(anonymous_1)
FNF:2
FNH:2
FNDA:4,(anonymous_0)
FNDA:36,(anonymous_1)
DA:9,2
DA:10,4
DA:11,36
DA:23,4
LF:4
LH:4
BRDA:13,0,0,3
BRDA:13,0,1,33
BRDA:13,1,0,36
BRDA:13,1,1,32
BRF:4
BRH:4
end_of_record
TN:
SF:src\features\Container\Protocols\ProtocolView.js
FN:7,ProtocolView
FN:11,(anonymous_1)
FNF:2
FNH:2
FNDA:1,ProtocolView
FNDA:1,(anonymous_1)
DA:8,1
DA:9,1
DA:10,1
DA:11,1
DA:12,1
DA:23,1
DA:25,1
DA:29,1
DA:31,1
DA:32,1
DA:39,1
DA:40,1
DA:47,1
DA:48,1
DA:50,1
LF:15
LH:15
BRDA:31,0,0,1
BRDA:31,1,0,1
BRDA:31,1,1,1
BRDA:39,2,0,1
BRDA:39,3,0,1
BRDA:39,3,1,1
BRDA:47,4,0,1
BRDA:51,5,0,1
BRDA:51,5,1,1
BRF:9
BRH:9
end_of_record
TN:
SF:src\features\Container\Protocols\ProtocolViewClass.js
FN:10,(anonymous_0)
FN:24,(anonymous_1)
FN:45,(anonymous_2)
FN:80,(anonymous_3)
FN:97,(anonymous_4)
FN:154,(anonymous_5)
FN:172,(anonymous_6)
FN:184,(anonymous_7)
FN:189,(anonymous_8)
FN:192,(anonymous_9)
FN:197,(anonymous_10)
FN:201,(anonymous_11)
FN:218,(anonymous_12)
FN:262,(anonymous_13)
FN:271,(anonymous_14)
FN:276,(anonymous_15)
FN:307,(anonymous_16)
FN:314,(anonymous_17)
FN:341,(anonymous_18)
FN:344,(anonymous_19)
FN:355,(anonymous_20)
FNF:21
FNH:20
FNDA:19,(anonymous_0)
FNDA:132,(anonymous_1)
FNDA:33,(anonymous_2)
FNDA:33,(anonymous_3)
FNDA:66,(anonymous_4)
FNDA:3,(anonymous_5)
FNDA:5,(anonymous_6)
FNDA:3,(anonymous_7)
FNDA:24,(anonymous_8)
FNDA:3,(anonymous_9)
FNDA:69,(anonymous_10)
FNDA:0,(anonymous_11)
FNDA:1,(anonymous_12)
FNDA:44,(anonymous_13)
FNDA:63,(anonymous_14)
FNDA:3,(anonymous_15)
FNDA:3,(anonymous_16)
FNDA:1,(anonymous_17)
FNDA:66,(anonymous_18)
FNDA:11,(anonymous_19)
FNDA:22,(anonymous_20)
DA:7,6
DA:11,19
DA:13,17
DA:14,17
DA:16,17
DA:25,132
DA:26,132
DA:27,0
DA:35,132
DA:40,0
DA:46,33
DA:47,33
DA:48,165
DA:49,165
DA:50,33
DA:54,33
DA:81,33
DA:97,17
DA:99,66
DA:100,66
DA:101,66
DA:107,66
DA:108,66
DA:109,11
DA:112,55
DA:113,22
DA:114,11
DA:116,11
DA:119,33
DA:121,11
DA:130,22
DA:131,11
DA:140,11
DA:155,3
DA:156,3
DA:158,3
DA:159,3
DA:161,2
DA:162,2
DA:164,1
DA:165,1
DA:167,0
DA:169,3
DA:174,5
DA:175,3
DA:177,2
DA:178,2
DA:180,0
DA:184,17
DA:185,3
DA:186,3
DA:190,24
DA:192,24
DA:193,3
DA:194,3
DA:197,24
DA:198,69
DA:199,69
DA:201,24
DA:202,0
DA:207,0
DA:217,24
DA:218,24
DA:219,1
DA:224,1
DA:228,1
DA:231,24
DA:232,1
DA:245,23
DA:246,1
DA:258,22
DA:263,44
DA:272,63
DA:277,3
DA:308,3
DA:314,1
DA:342,66
DA:344,11
DA:356,22
LF:79
LH:73
BRDA:25,0,0,132
BRDA:25,0,1,0
BRDA:25,1,0,132
BRDA:25,1,1,22
BRDA:26,2,0,0
BRDA:26,2,1,132
BRDA:45,3,0,22
BRDA:49,4,0,33
BRDA:49,4,1,132
BRDA:57,5,0,22
BRDA:57,5,1,11
BRDA:82,6,0,33
BRDA:82,6,1,33
BRDA:108,7,0,11
BRDA:108,7,1,55
BRDA:112,8,0,22
BRDA:112,8,1,33
BRDA:113,9,0,11
BRDA:113,9,1,11
BRDA:119,10,0,11
BRDA:119,10,1,22
BRDA:130,11,0,11
BRDA:130,11,1,11
BRDA:159,12,0,2
BRDA:159,12,1,1
BRDA:159,12,2,0
BRDA:174,13,0,3
BRDA:174,13,1,2
BRDA:174,14,0,5
BRDA:174,14,1,5
BRDA:174,14,2,4
BRDA:177,15,0,2
BRDA:177,15,1,0
BRDA:202,16,0,0
BRDA:202,16,1,0
BRDA:219,17,0,1
BRDA:219,17,1,0
BRDA:231,18,0,1
BRDA:231,18,1,23
BRDA:245,19,0,1
BRDA:245,19,1,22
BRDA:274,20,0,1
BRDA:274,20,1,62
BRDA:277,21,0,3
BRDA:277,21,1,0
BRDA:289,22,0,63
BRDA:289,22,1,43
BRDA:301,23,0,22
BRDA:301,23,1,3
BRDA:311,24,0,0
BRDA:311,24,1,3
BRDA:340,25,0,22
BRDA:340,25,1,11
BRDA:345,26,0,22
BRDA:345,26,1,22
BRF:55
BRH:46
end_of_record
TN:
SF:src\features\Container\Protocols\Protocols.js
FN:24,(anonymous_0)
FN:30,(anonymous_1)
FN:49,(anonymous_2)
FNF:3
FNH:3
FNDA:6,(anonymous_0)
FNDA:3,(anonymous_1)
FNDA:3,(anonymous_2)
DA:24,1
DA:25,6
DA:26,6
DA:27,6
DA:28,6
DA:30,6
DA:31,3
DA:32,3
DA:34,3
DA:35,0
DA:37,3
DA:45,3
DA:49,6
DA:50,3
DA:51,3
DA:54,3
DA:55,3
DA:56,3
DA:59,3
DA:60,0
DA:72,6
DA:73,3
DA:74,3
DA:130,3
LF:24
LH:22
BRDA:34,0,0,0
BRDA:34,0,1,3
BRDA:54,1,0,3
BRDA:59,2,0,0
BRDA:59,3,0,3
BRDA:59,3,1,0
BRDA:72,4,0,3
BRDA:72,4,1,3
BRDA:76,5,0,1
BRDA:76,5,1,2
BRDA:76,6,0,3
BRDA:76,6,1,1
BRDA:114,7,0,1
BRDA:114,7,1,1
BRDA:115,8,0,1
BRDA:115,8,1,0
BRDA:116,9,0,1
BRDA:116,9,1,0
BRDA:124,10,0,2
BRDA:124,10,1,1
BRDA:126,11,0,3
BRDA:126,11,1,1
BRF:22
BRH:17
end_of_record
TN:
SF:src\features\Container\Protocols\Sidebar.js
FN:30,(anonymous_0)
FN:39,(anonymous_1)
FN:45,(anonymous_2)
FN:59,(anonymous_3)
FN:67,(anonymous_4)
FN:76,(anonymous_5)
FNF:6
FNH:5
FNDA:1,(anonymous_0)
FNDA:0,(anonymous_1)
FNDA:13,(anonymous_2)
FNDA:1,(anonymous_3)
FNDA:1,(anonymous_4)
FNDA:299,(anonymous_5)
DA:8,2
DA:11,8
DA:30,8
DA:32,1
DA:34,1
DA:40,0
DA:47,13
DA:48,13
DA:50,13
DA:59,1
DA:67,1
DA:77,299
DA:78,299
DA:80,299
DA:81,299
LF:15
LH:14
BRDA:32,0,0,1
BRDA:78,1,0,273
BRDA:78,1,1,26
BRDA:82,2,0,299
BRDA:82,2,1,65
BRF:5
BRH:5
end_of_record
TN:
SF:src\features\Container\Protocols\protocolSlice.js
FN:26,(anonymous_0)
FN:29,(anonymous_1)
FN:33,(anonymous_2)
FN:36,(anonymous_3)
FN:52,(anonymous_4)
FN:53,(anonymous_5)
FN:54,(anonymous_6)
FN:55,(anonymous_7)
FNF:8
FNH:8
FNDA:1,(anonymous_0)
FNDA:1,(anonymous_1)
FNDA:1,(anonymous_2)
FNDA:1,(anonymous_3)
FNDA:12,(anonymous_4)
FNDA:15,(anonymous_5)
FNDA:17,(anonymous_6)
FNDA:9,(anonymous_7)
DA:3,44
DA:27,1
DA:30,1
DA:31,1
DA:34,1
DA:37,1
DA:47,44
DA:52,44
DA:53,44
DA:54,44
DA:55,44
LF:11
LH:11
BRF:0
BRH:0
end_of_record
TN:
SF:src\features\Container\Protocols\saga.js
FN:18,getUserId
FN:29,getSummaryData
FN:61,parsedData
FN:65,captalize
FN:69,(anonymous_4)
FN:69,(anonymous_5)
FN:72,getTocSections
FN:75,(anonymous_7)
FN:113,getSoaSections
FN:116,(anonymous_9)
FN:129,getProtocolToc
FN:197,fetchAssociateProtocol
FN:213,getCompareResult
FN:256,watchProtocolAsync
FN:266,protocolSaga
FNF:15
FNH:15
FNDA:7,getUserId
FNDA:2,getSummaryData
FNDA:4,parsedData
FNDA:1157,captalize
FNDA:7644,(anonymous_4)
FNDA:7644,(anonymous_5)
FNDA:3,getTocSections
FNDA:1156,(anonymous_7)
FNDA:2,getSoaSections
FNDA:4,(anonymous_9)
FNDA:3,getProtocolToc
FNDA:2,fetchAssociateProtocol
FNDA:3,getCompareResult
FNDA:2,watchProtocolAsync
FNDA:2,protocolSaga
DA:19,7
DA:20,7
DA:21,7
DA:30,2
DA:35,2
DA:36,2
DA:37,2
DA:39,2
DA:40,2
DA:41,0
DA:46,0
DA:47,0
DA:52,2
DA:57,2
DA:62,4
DA:66,1157
DA:69,7644
DA:73,3
DA:74,3
DA:75,3
DA:76,1156
DA:77,1156
DA:79,1156
DA:80,0
DA:82,1156
DA:83,1156
DA:85,1156
DA:91,4
DA:95,4
DA:96,1152
DA:102,1
DA:106,1
DA:108,1156
DA:110,3
DA:115,2
DA:116,2
DA:117,4
DA:118,4
DA:119,4
DA:123,4
DA:126,2
DA:130,3
DA:139,3
DA:140,3
DA:143,3
DA:144,3
DA:145,0
DA:147,3
DA:150,3
DA:154,3
DA:155,3
DA:156,2
DA:157,1
DA:158,1
DA:159,1
DA:169,1
DA:171,1
DA:180,1
DA:183,1
DA:184,1
DA:193,1
DA:198,2
DA:199,2
DA:201,2
DA:205,2
DA:206,2
DA:207,1
DA:209,1
DA:214,3
DA:215,2
DA:225,2
DA:226,2
DA:228,2
DA:229,1
DA:230,1
DA:231,1
DA:232,1
DA:234,1
DA:241,1
DA:244,1
DA:258,2
DA:259,2
DA:260,2
DA:261,2
DA:267,2
LF:85
LH:80
BRDA:40,0,0,0
BRDA:40,0,1,2
BRDA:40,1,0,2
BRDA:40,1,1,1
BRDA:79,2,0,0
BRDA:79,2,1,1156
BRDA:79,3,0,1156
BRDA:79,3,1,1
BRDA:85,4,0,4
BRDA:85,4,1,1152
BRDA:86,5,0,1156
BRDA:86,5,1,915
BRDA:86,5,2,24
BRDA:86,5,3,24
BRDA:96,6,0,1
BRDA:96,6,1,1151
BRDA:97,7,0,1152
BRDA:97,7,1,13
BRDA:97,7,2,1
BRDA:97,7,3,1
BRDA:144,8,0,0
BRDA:144,8,1,3
BRDA:156,9,0,1
BRDA:156,9,1,1
BRDA:156,10,0,2
BRDA:156,10,1,1
BRDA:206,11,0,1
BRDA:206,11,1,1
BRDA:214,12,0,2
BRDA:214,12,1,1
BRDA:228,13,0,1
BRDA:228,13,1,1
BRF:32
BRH:29
end_of_record
TN:
SF:src\features\Container\QC\QC.js
FN:16,(anonymous_0)
FN:24,(anonymous_1)
FN:36,(anonymous_2)
FN:44,(anonymous_3)
FN:57,(anonymous_4)
FNF:5
FNH:5
FNDA:8,(anonymous_0)
FNDA:1,(anonymous_1)
FNDA:1,(anonymous_2)
FNDA:1,(anonymous_3)
FNDA:5,(anonymous_4)
DA:16,2
DA:17,8
DA:18,6
DA:19,6
DA:20,6
DA:21,6
DA:22,6
DA:24,6
DA:25,1
DA:36,6
DA:37,1
DA:38,1
DA:39,1
DA:40,1
DA:43,6
DA:44,1
DA:52,6
DA:53,1
DA:57,6
DA:59,5
DA:63,6
LF:21
LH:21
BRDA:52,0,0,1
BRDA:52,0,1,5
BRDA:89,1,0,6
BRDA:89,1,1,5
BRDA:93,2,0,6
BRDA:93,2,1,1
BRF:6
BRH:6
end_of_record
TN:
SF:src\features\Container\QC\qcSlice.js
FN:12,(anonymous_0)
FN:15,(anonymous_1)
FN:18,(anonymous_2)
FN:21,(anonymous_3)
FN:33,(anonymous_4)
FN:34,(anonymous_5)
FN:35,(anonymous_6)
FN:36,(anonymous_7)
FN:37,(anonymous_8)
FNF:9
FNH:9
FNDA:2,(anonymous_0)
FNDA:1,(anonymous_1)
FNDA:1,(anonymous_2)
FNDA:2,(anonymous_3)
FNDA:1,(anonymous_4)
FNDA:24,(anonymous_5)
FNDA:24,(anonymous_6)
FNDA:15,(anonymous_7)
FNDA:23,(anonymous_8)
DA:3,43
DA:13,2
DA:16,1
DA:19,1
DA:22,2
DA:28,43
DA:33,43
DA:34,43
DA:35,43
DA:36,43
DA:37,43
LF:11
LH:11
BRF:0
BRH:0
end_of_record
TN:
SF:src\features\Container\QC\saga.js
FN:9,getState
FN:16,qcProtocolsData
FN:28,(anonymous_2)
FN:50,wait
FN:57,qcApprove
FN:82,sendQc2Approval
FN:112,qc2Reject
FN:142,parsedData
FN:145,captalize
FN:149,(anonymous_9)
FN:149,(anonymous_10)
FN:151,getTocSections
FN:154,(anonymous_12)
FN:192,getSoaSections
FN:195,(anonymous_14)
FN:207,uploadQc
FN:257,watchqc
FN:265,qcSaga
FNF:18
FNH:18
FNDA:9,getState
FNDA:6,qcProtocolsData
FNDA:2,(anonymous_2)
FNDA:3,wait
FNDA:3,qcApprove
FNDA:3,sendQc2Approval
FNDA:3,qc2Reject
FNDA:3,parsedData
FNDA:1154,captalize
FNDA:7640,(anonymous_9)
FNDA:7640,(anonymous_10)
FNDA:1,getTocSections
FNDA:1154,(anonymous_12)
FNDA:1,getSoaSections
FNDA:3,(anonymous_14)
FNDA:2,uploadQc
FNDA:2,watchqc
FNDA:2,qcSaga
DA:10,9
DA:11,9
DA:12,9
DA:13,9
DA:17,6
DA:18,6
DA:19,6
DA:20,6
DA:24,6
DA:25,6
DA:27,3
DA:28,2
DA:29,2
DA:30,2
DA:31,2
DA:32,2
DA:33,2
DA:34,2
DA:35,2
DA:37,2
DA:38,2
DA:40,1
DA:41,1
DA:44,1
DA:45,1
DA:46,1
DA:58,3
DA:59,3
DA:60,3
DA:64,3
DA:65,3
DA:66,3
DA:67,2
DA:68,2
DA:69,1
DA:70,1
DA:72,1
DA:74,2
DA:76,1
DA:77,1
DA:78,1
DA:83,3
DA:84,3
DA:88,3
DA:93,3
DA:94,3
DA:95,3
DA:96,2
DA:97,1
DA:99,1
DA:101,1
DA:103,2
DA:104,2
DA:106,1
DA:107,1
DA:108,1
DA:113,3
DA:114,3
DA:118,3
DA:123,3
DA:124,3
DA:125,3
DA:126,2
DA:127,2
DA:128,1
DA:130,1
DA:132,1
DA:134,2
DA:136,1
DA:137,1
DA:138,1
DA:143,3
DA:146,1154
DA:149,7640
DA:152,1
DA:153,1
DA:154,1
DA:155,1154
DA:156,1154
DA:158,1154
DA:159,0
DA:161,1154
DA:162,1154
DA:164,1154
DA:170,4
DA:174,4
DA:175,1150
DA:181,1
DA:185,1
DA:187,1154
DA:189,1
DA:194,1
DA:195,1
DA:196,3
DA:197,3
DA:198,3
DA:202,3
DA:205,1
DA:208,2
DA:209,2
DA:210,2
DA:211,2
DA:212,2
DA:213,2
DA:220,2
DA:221,1
DA:223,1
DA:224,1
DA:225,1
DA:226,1
DA:236,1
DA:247,1
DA:249,2
DA:251,0
DA:252,0
DA:253,0
DA:258,2
DA:259,2
DA:260,2
DA:261,2
DA:262,2
DA:266,2
LF:122
LH:118
BRDA:27,0,0,2
BRDA:27,0,1,1
BRDA:29,1,0,1
BRDA:29,1,1,1
BRDA:30,2,0,1
BRDA:30,2,1,1
BRDA:31,3,0,1
BRDA:31,3,1,1
BRDA:32,4,0,1
BRDA:32,4,1,1
BRDA:33,5,0,1
BRDA:33,5,1,1
BRDA:68,6,0,1
BRDA:68,6,1,1
BRDA:96,7,0,1
BRDA:96,7,1,1
BRDA:127,8,0,1
BRDA:127,8,1,1
BRDA:158,9,0,0
BRDA:158,9,1,1154
BRDA:158,10,0,1154
BRDA:158,10,1,0
BRDA:164,11,0,4
BRDA:164,11,1,1150
BRDA:165,12,0,1154
BRDA:165,12,1,913
BRDA:165,12,2,24
BRDA:165,12,3,24
BRDA:175,13,0,1
BRDA:175,13,1,1149
BRDA:176,14,0,1150
BRDA:176,14,1,13
BRDA:176,14,2,1
BRDA:176,14,3,1
BRDA:220,15,0,1
BRDA:220,15,1,1
BRDA:223,16,0,1
BRDA:223,16,1,0
BRF:38
BRH:35
end_of_record
TN:
SF:src\features\Container\QC\QCProtocolView\QCProtocolView.js
FN:13,QCProtocolView
FN:18,(anonymous_1)
FN:57,(anonymous_2)
FN:64,(anonymous_3)
FN:81,(anonymous_4)
FN:90,(anonymous_5)
FN:101,(anonymous_6)
FN:110,(anonymous_7)
FN:117,downloadObjectAsJson
FN:227,(anonymous_9)
FN:262,(anonymous_10)
FN:272,(anonymous_11)
FN:283,(anonymous_12)
FNF:13
FNH:13
FNDA:16,QCProtocolView
FNDA:14,(anonymous_1)
FNDA:1,(anonymous_2)
FNDA:2,(anonymous_3)
FNDA:2,(anonymous_4)
FNDA:2,(anonymous_5)
FNDA:2,(anonymous_6)
FNDA:1,(anonymous_7)
FNDA:1,downloadObjectAsJson
FNDA:2,(anonymous_9)
FNDA:2,(anonymous_10)
FNDA:2,(anonymous_11)
FNDA:2,(anonymous_12)
DA:14,16
DA:15,16
DA:16,16
DA:17,16
DA:18,16
DA:19,14
DA:30,16
DA:32,16
DA:38,16
DA:39,13
DA:46,16
DA:47,13
DA:54,16
DA:55,16
DA:57,16
DA:61,1
DA:64,16
DA:65,2
DA:66,1
DA:71,1
DA:75,1
DA:81,16
DA:82,2
DA:83,2
DA:84,1
DA:90,16
DA:91,2
DA:94,2
DA:95,1
DA:101,16
DA:102,2
DA:103,2
DA:104,1
DA:110,16
DA:114,1
DA:119,1
DA:121,1
DA:122,1
DA:123,1
DA:124,1
DA:125,1
DA:126,1
DA:168,16
DA:170,16
DA:171,3
DA:192,13
DA:193,2
DA:214,11
DA:227,2
DA:262,2
DA:272,2
DA:283,2
LF:52
LH:52
BRDA:38,0,0,13
BRDA:38,1,0,16
BRDA:38,1,1,13
BRDA:46,2,0,13
BRDA:46,3,0,16
BRDA:46,3,1,13
BRDA:54,4,0,16
BRDA:65,5,0,1
BRDA:65,5,1,1
BRDA:83,6,0,1
BRDA:83,6,1,1
BRDA:94,7,0,1
BRDA:94,7,1,1
BRDA:103,8,0,1
BRDA:103,8,1,1
BRDA:170,9,0,3
BRDA:170,9,1,13
BRDA:170,10,0,16
BRDA:170,10,1,13
BRDA:192,11,0,2
BRDA:192,11,1,11
BRDA:267,12,0,9
BRDA:267,12,1,2
BRDA:278,13,0,2
BRDA:278,13,1,9
BRF:25
BRH:25
end_of_record
TN:
SF:src\features\Container\QC\QCTable\QCProtocolTable.js
FN:7,ProtocolTable
FNF:1
FNH:1
FNDA:8,ProtocolTable
DA:9,8
DA:10,8
DA:11,8
DA:13,8
LF:4
LH:4
BRDA:19,0,0,5
BRDA:19,0,1,3
BRDA:19,1,0,8
BRDA:19,1,1,8
BRDA:23,2,0,5
BRDA:23,2,1,3
BRDA:23,3,0,8
BRDA:23,3,1,8
BRF:8
BRH:8
end_of_record
TN:
SF:src\features\Container\Search\CustomFilterCards.js
FN:67,(anonymous_0)
FN:76,(anonymous_1)
FN:80,(anonymous_2)
FN:92,(anonymous_3)
FN:113,(anonymous_4)
FN:133,(anonymous_5)
FN:141,(anonymous_6)
FN:156,(anonymous_7)
FN:159,(anonymous_8)
FN:176,(anonymous_9)
FN:179,(anonymous_10)
FN:183,(anonymous_11)
FN:185,(anonymous_12)
FN:197,(anonymous_13)
FN:224,(anonymous_14)
FN:250,(anonymous_15)
FN:251,(anonymous_16)
FN:275,(anonymous_17)
FN:315,(anonymous_18)
FN:327,(anonymous_19)
FN:339,(anonymous_20)
FN:354,(anonymous_21)
FN:366,(anonymous_22)
FNF:23
FNH:17
FNDA:208,(anonymous_0)
FNDA:80,(anonymous_1)
FNDA:8,(anonymous_2)
FNDA:1365,(anonymous_3)
FNDA:52,(anonymous_4)
FNDA:9,(anonymous_5)
FNDA:12,(anonymous_6)
FNDA:0,(anonymous_7)
FNDA:0,(anonymous_8)
FNDA:9,(anonymous_9)
FNDA:12,(anonymous_10)
FNDA:9,(anonymous_11)
FNDA:24,(anonymous_12)
FNDA:0,(anonymous_13)
FNDA:104,(anonymous_14)
FNDA:0,(anonymous_15)
FNDA:208,(anonymous_16)
FNDA:0,(anonymous_17)
FNDA:18,(anonymous_18)
FNDA:86,(anonymous_19)
FNDA:0,(anonymous_20)
FNDA:86,(anonymous_21)
FNDA:596,(anonymous_22)
DA:19,5
DA:67,5
DA:74,208
DA:76,208
DA:77,80
DA:80,208
DA:81,8
DA:82,8
DA:85,208
DA:86,208
DA:93,1365
DA:113,5
DA:123,52
DA:124,52
DA:125,52
DA:130,52
DA:131,52
DA:133,52
DA:135,9
DA:137,9
DA:141,52
DA:143,12
DA:144,0
DA:146,12
DA:147,0
DA:149,12
DA:153,12
DA:156,52
DA:157,0
DA:158,0
DA:159,0
DA:161,0
DA:162,0
DA:163,0
DA:165,0
DA:166,0
DA:167,0
DA:171,0
DA:173,0
DA:176,52
DA:177,9
DA:179,52
DA:180,12
DA:183,52
DA:184,9
DA:185,24
DA:186,6
DA:187,6
DA:188,6
DA:189,6
DA:191,0
DA:197,52
DA:198,0
DA:199,0
DA:200,0
DA:203,52
DA:204,52
DA:225,104
DA:250,0
DA:252,208
DA:275,0
DA:308,5
DA:316,18
DA:317,18
DA:322,18
DA:328,86
DA:333,18
DA:337,68
DA:339,18
DA:340,0
DA:341,0
DA:343,0
DA:345,0
DA:346,0
DA:347,0
DA:349,0
DA:350,0
DA:355,86
DA:367,596
LF:79
LH:52
BRDA:135,0,0,9
BRDA:135,0,1,0
BRDA:143,1,0,0
BRDA:143,1,1,12
BRDA:143,2,0,12
BRDA:143,2,1,0
BRDA:146,3,0,0
BRDA:146,3,1,12
BRDA:146,4,0,12
BRDA:146,4,1,0
BRDA:150,5,0,12
BRDA:150,5,1,12
BRDA:151,6,0,12
BRDA:151,6,1,12
BRDA:162,7,0,0
BRDA:162,7,1,0
BRDA:184,8,0,6
BRDA:184,8,1,3
BRDA:186,9,0,6
BRDA:186,9,1,0
BRDA:188,10,0,6
BRDA:188,10,1,0
BRDA:222,11,0,52
BRDA:222,11,1,52
BRDA:222,11,2,52
BRDA:328,12,0,18
BRDA:328,12,1,68
BRDA:329,13,0,86
BRDA:329,13,1,18
BRDA:329,13,2,18
BRDA:345,14,0,0
BRDA:345,14,1,0
BRDA:355,15,0,86
BRDA:355,15,1,0
BRDA:379,16,0,596
BRDA:379,16,1,596
BRF:36
BRH:24
end_of_record
TN:
SF:src\features\Container\Search\FilterChips.js
FN:19,(anonymous_0)
FN:33,(anonymous_1)
FN:46,(anonymous_2)
FN:49,(anonymous_3)
FN:53,(anonymous_4)
FN:71,(anonymous_5)
FN:79,(anonymous_6)
FN:93,(anonymous_7)
FN:100,(anonymous_8)
FN:108,(anonymous_9)
FN:121,(anonymous_10)
FN:148,(anonymous_11)
FN:159,(anonymous_12)
FN:168,(anonymous_13)
FN:179,(anonymous_14)
FN:190,(anonymous_15)
FN:201,(anonymous_16)
FN:212,(anonymous_17)
FN:223,(anonymous_18)
FN:232,(anonymous_19)
FN:243,(anonymous_20)
FN:258,(anonymous_21)
FN:269,(anonymous_22)
FNF:23
FNH:20
FNDA:6,(anonymous_0)
FNDA:52,(anonymous_1)
FNDA:6,(anonymous_2)
FNDA:0,(anonymous_3)
FNDA:34,(anonymous_4)
FNDA:1,(anonymous_5)
FNDA:34,(anonymous_6)
FNDA:1,(anonymous_7)
FNDA:0,(anonymous_8)
FNDA:34,(anonymous_9)
FNDA:0,(anonymous_10)
FNDA:23,(anonymous_11)
FNDA:1,(anonymous_12)
FNDA:7,(anonymous_13)
FNDA:1,(anonymous_14)
FNDA:7,(anonymous_15)
FNDA:1,(anonymous_16)
FNDA:19,(anonymous_17)
FNDA:1,(anonymous_18)
FNDA:15,(anonymous_19)
FNDA:1,(anonymous_20)
FNDA:11,(anonymous_21)
FNDA:1,(anonymous_22)
DA:19,5
DA:20,6
DA:21,6
DA:22,6
DA:28,6
DA:31,6
DA:33,5
DA:34,52
DA:35,52
DA:36,52
DA:46,52
DA:47,6
DA:48,6
DA:49,6
DA:50,6
DA:51,6
DA:53,52
DA:54,34
DA:55,34
DA:56,21
DA:58,13
DA:71,1
DA:79,52
DA:80,34
DA:81,34
DA:82,21
DA:84,13
DA:93,1
DA:100,52
DA:101,0
DA:102,0
DA:106,0
DA:108,52
DA:109,34
DA:121,0
DA:130,52
DA:142,34
DA:149,23
DA:159,1
DA:169,7
DA:180,1
DA:191,7
DA:202,1
DA:213,19
DA:223,1
DA:233,15
DA:244,1
DA:259,11
DA:270,1
DA:285,18
LF:50
LH:46
BRDA:22,0,0,6
BRDA:22,0,1,0
BRDA:23,1,0,6
BRDA:23,1,1,6
BRDA:23,1,2,6
BRDA:23,1,3,6
BRDA:55,2,0,21
BRDA:55,2,1,13
BRDA:81,3,0,21
BRDA:81,3,1,13
BRDA:111,4,0,34
BRDA:111,4,1,15
BRDA:111,4,2,15
BRDA:130,5,0,34
BRDA:130,5,1,18
BRDA:131,6,0,52
BRDA:131,6,1,29
BRDA:131,6,2,29
BRDA:131,6,3,29
BRDA:131,6,4,29
BRDA:131,6,5,29
BRDA:131,6,6,29
BRDA:131,6,7,29
BRDA:131,6,8,23
BRDA:131,6,9,23
BRDA:131,6,10,23
BRDA:131,6,11,5
BRDA:145,7,0,34
BRDA:145,7,1,23
BRDA:165,8,0,34
BRDA:165,8,1,7
BRDA:187,9,0,34
BRDA:187,9,1,7
BRDA:209,10,0,34
BRDA:209,10,1,19
BRDA:229,11,0,34
BRDA:229,11,1,15
BRDA:255,12,0,34
BRDA:255,12,1,11
BRDA:277,13,0,34
BRDA:277,13,1,34
BRDA:278,14,0,34
BRDA:278,14,1,34
BRF:43
BRH:42
end_of_record
TN:
SF:src\features\Container\Search\Search.js
FN:41,(anonymous_0)
FN:90,(anonymous_1)
FN:95,(anonymous_2)
FN:99,(anonymous_3)
FN:118,(anonymous_4)
FN:131,(anonymous_5)
FN:135,(anonymous_6)
FN:148,(anonymous_7)
FN:152,(anonymous_8)
FN:157,(anonymous_9)
FN:161,(anonymous_10)
FN:165,(anonymous_11)
FN:169,(anonymous_12)
FN:195,(anonymous_13)
FN:199,(anonymous_14)
FN:204,(anonymous_15)
FN:208,(anonymous_16)
FN:237,(anonymous_17)
FN:249,(anonymous_18)
FN:256,(anonymous_19)
FN:260,(anonymous_20)
FN:264,(anonymous_21)
FN:268,(anonymous_22)
FN:271,(anonymous_23)
FN:275,(anonymous_24)
FN:285,(anonymous_25)
FN:296,(anonymous_26)
FN:478,(anonymous_27)
FN:833,(anonymous_28)
FN:869,(anonymous_29)
FN:1047,(anonymous_30)
FNF:31
FNH:27
FNDA:49,(anonymous_0)
FNDA:7,(anonymous_1)
FNDA:6,(anonymous_2)
FNDA:7,(anonymous_3)
FNDA:74,(anonymous_4)
FNDA:72,(anonymous_5)
FNDA:6,(anonymous_6)
FNDA:60,(anonymous_7)
FNDA:5,(anonymous_8)
FNDA:12,(anonymous_9)
FNDA:6,(anonymous_10)
FNDA:18,(anonymous_11)
FNDA:6,(anonymous_12)
FNDA:12,(anonymous_13)
FNDA:6,(anonymous_14)
FNDA:24,(anonymous_15)
FNDA:6,(anonymous_16)
FNDA:7,(anonymous_17)
FNDA:62,(anonymous_18)
FNDA:35,(anonymous_19)
FNDA:0,(anonymous_20)
FNDA:50,(anonymous_21)
FNDA:5,(anonymous_22)
FNDA:60,(anonymous_23)
FNDA:5,(anonymous_24)
FNDA:0,(anonymous_25)
FNDA:4,(anonymous_26)
FNDA:26,(anonymous_27)
FNDA:0,(anonymous_28)
FNDA:2,(anonymous_29)
FNDA:0,(anonymous_30)
DA:41,2
DA:42,49
DA:43,47
DA:44,47
DA:45,47
DA:46,47
DA:47,47
DA:48,47
DA:49,47
DA:50,47
DA:51,47
DA:52,47
DA:53,47
DA:54,47
DA:56,47
DA:57,47
DA:68,47
DA:79,47
DA:80,47
DA:82,47
DA:83,47
DA:84,47
DA:85,47
DA:86,47
DA:90,47
DA:92,7
DA:93,7
DA:94,7
DA:95,7
DA:96,6
DA:99,47
DA:100,7
DA:102,7
DA:103,7
DA:115,7
DA:116,7
DA:119,74
DA:122,7
DA:124,7
DA:125,7
DA:126,7
DA:127,7
DA:130,7
DA:131,6
DA:132,72
DA:134,6
DA:135,6
DA:136,6
DA:139,7
DA:140,6
DA:143,7
DA:144,6
DA:147,7
DA:148,6
DA:149,60
DA:151,6
DA:152,5
DA:153,6
DA:156,7
DA:157,6
DA:158,12
DA:160,6
DA:161,6
DA:162,6
DA:164,7
DA:165,6
DA:166,18
DA:168,6
DA:169,6
DA:171,6
DA:172,6
DA:173,6
DA:174,0
DA:175,0
DA:177,0
DA:178,0
DA:180,0
DA:183,6
DA:185,6
DA:188,7
DA:189,6
DA:190,6
DA:194,7
DA:195,6
DA:196,12
DA:198,6
DA:199,6
DA:200,6
DA:203,7
DA:204,6
DA:205,24
DA:207,6
DA:208,6
DA:209,6
DA:211,7
DA:212,7
DA:213,7
DA:237,47
DA:238,7
DA:239,7
DA:241,7
DA:247,6
DA:250,62
DA:253,6
DA:255,6
DA:256,5
DA:257,35
DA:259,5
DA:260,0
DA:263,6
DA:264,5
DA:265,50
DA:267,5
DA:268,5
DA:270,6
DA:271,5
DA:272,60
DA:274,5
DA:275,5
DA:277,6
DA:285,47
DA:296,47
DA:297,4
DA:298,3
DA:299,3
DA:300,3
DA:301,3
DA:302,3
DA:303,3
DA:304,3
DA:305,3
DA:306,3
DA:317,3
DA:321,3
DA:322,3
DA:323,3
DA:324,3
DA:326,3
DA:327,3
DA:328,0
DA:330,3
DA:331,0
DA:333,3
DA:334,3
DA:339,1
DA:478,47
DA:479,26
DA:480,15
DA:482,11
DA:833,47
DA:869,47
DA:870,2
DA:871,2
DA:872,2
DA:873,2
DA:874,2
DA:875,2
DA:1043,47
DA:1047,0
LF:159
LH:150
BRDA:115,0,0,7
BRDA:119,1,0,7
BRDA:119,1,1,67
BRDA:124,2,0,7
BRDA:130,3,0,6
BRDA:130,4,0,7
BRDA:130,4,1,6
BRDA:135,5,0,6
BRDA:135,5,1,6
BRDA:139,6,0,6
BRDA:143,7,0,6
BRDA:147,8,0,6
BRDA:152,9,0,6
BRDA:152,9,1,6
BRDA:156,10,0,6
BRDA:161,11,0,6
BRDA:161,11,1,6
BRDA:164,12,0,6
BRDA:164,12,1,1
BRDA:169,13,0,6
BRDA:169,13,1,6
BRDA:173,14,0,0
BRDA:173,14,1,6
BRDA:177,15,0,0
BRDA:177,15,1,0
BRDA:188,16,0,6
BRDA:188,17,0,7
BRDA:188,17,1,6
BRDA:194,18,0,6
BRDA:199,19,0,6
BRDA:199,19,1,6
BRDA:203,20,0,6
BRDA:208,21,0,6
BRDA:208,21,1,6
BRDA:241,22,0,6
BRDA:242,23,0,7
BRDA:242,23,1,7
BRDA:242,23,2,6
BRDA:242,23,3,6
BRDA:250,24,0,6
BRDA:250,24,1,56
BRDA:255,25,0,5
BRDA:255,26,0,6
BRDA:255,26,1,5
BRDA:260,27,0,5
BRDA:260,27,1,5
BRDA:263,28,0,5
BRDA:263,29,0,6
BRDA:263,29,1,5
BRDA:268,30,0,5
BRDA:268,30,1,5
BRDA:270,31,0,5
BRDA:270,31,1,1
BRDA:270,32,0,6
BRDA:270,32,1,5
BRDA:275,33,0,5
BRDA:275,33,1,5
BRDA:297,34,0,3
BRDA:297,34,1,1
BRDA:327,35,0,0
BRDA:327,35,1,3
BRDA:330,36,0,0
BRDA:330,36,1,3
BRDA:479,37,0,15
BRDA:479,37,1,11
BRDA:1059,38,0,44
BRDA:1059,38,1,3
BRDA:1059,39,0,47
BRDA:1059,39,1,44
BRDA:1105,40,0,3
BRDA:1105,40,1,3
BRF:71
BRH:66
end_of_record
TN:
SF:src\features\Container\Search\SearchResultSection.js
FN:25,(anonymous_0)
FN:36,(anonymous_1)
FN:51,(anonymous_2)
FN:84,(anonymous_3)
FN:85,(anonymous_4)
FN:89,(anonymous_5)
FN:97,(anonymous_6)
FN:103,(anonymous_7)
FN:105,(anonymous_8)
FN:109,(anonymous_9)
FN:118,(anonymous_10)
FN:140,(anonymous_11)
FN:145,(anonymous_12)
FN:162,(anonymous_13)
FN:166,(anonymous_14)
FN:171,(anonymous_15)
FN:206,(anonymous_16)
FN:258,(anonymous_17)
FN:388,(anonymous_18)
FN:390,(anonymous_19)
FN:403,(anonymous_20)
FN:419,(anonymous_21)
FN:430,(anonymous_22)
FN:495,(anonymous_23)
FN:500,(anonymous_24)
FN:502,(anonymous_25)
FN:507,(anonymous_26)
FN:509,(anonymous_27)
FNF:28
FNH:17
FNDA:13,(anonymous_0)
FNDA:49,(anonymous_1)
FNDA:0,(anonymous_2)
FNDA:9,(anonymous_3)
FNDA:2,(anonymous_4)
FNDA:2,(anonymous_5)
FNDA:0,(anonymous_6)
FNDA:5,(anonymous_7)
FNDA:15,(anonymous_8)
FNDA:0,(anonymous_9)
FNDA:0,(anonymous_10)
FNDA:8,(anonymous_11)
FNDA:0,(anonymous_12)
FNDA:0,(anonymous_13)
FNDA:2,(anonymous_14)
FNDA:4,(anonymous_15)
FNDA:49,(anonymous_16)
FNDA:2,(anonymous_17)
FNDA:5,(anonymous_18)
FNDA:30,(anonymous_19)
FNDA:0,(anonymous_20)
FNDA:0,(anonymous_21)
FNDA:20,(anonymous_22)
FNDA:9,(anonymous_23)
FNDA:9,(anonymous_24)
FNDA:0,(anonymous_25)
FNDA:0,(anonymous_26)
FNDA:0,(anonymous_27)
DA:26,13
DA:27,9
DA:37,49
DA:42,43
DA:44,43
DA:51,0
DA:52,0
DA:54,0
DA:55,0
DA:57,0
DA:61,43
DA:64,43
DA:65,43
DA:66,8
DA:67,8
DA:68,8
DA:74,8
DA:76,43
DA:82,6
DA:85,9
DA:86,2
DA:88,2
DA:89,2
DA:90,2
DA:91,2
DA:92,0
DA:94,2
DA:97,9
DA:98,0
DA:99,0
DA:100,0
DA:103,9
DA:104,5
DA:105,15
DA:106,5
DA:109,9
DA:110,0
DA:111,0
DA:112,0
DA:113,0
DA:114,0
DA:116,0
DA:118,0
DA:119,0
DA:120,0
DA:121,0
DA:122,0
DA:124,0
DA:128,0
DA:137,0
DA:140,9
DA:141,8
DA:143,8
DA:145,9
DA:148,0
DA:149,0
DA:152,0
DA:162,9
DA:163,0
DA:164,0
DA:166,9
DA:167,2
DA:168,2
DA:169,2
DA:170,2
DA:171,2
DA:172,4
DA:178,2
DA:180,2
DA:183,2
DA:193,2
DA:194,2
DA:195,0
DA:197,0
DA:198,0
DA:199,0
DA:202,0
DA:223,49
DA:224,49
DA:235,49
DA:258,2
DA:388,5
DA:391,30
DA:403,0
DA:419,0
DA:431,20
DA:495,4
DA:496,9
DA:500,4
DA:501,9
DA:503,0
DA:508,0
DA:510,0
LF:93
LH:55
BRDA:37,0,0,43
BRDA:37,0,1,6
BRDA:38,1,0,49
BRDA:38,1,1,6
BRDA:38,1,2,6
BRDA:44,2,0,0
BRDA:44,2,1,43
BRDA:45,3,0,43
BRDA:45,3,1,0
BRDA:45,3,2,0
BRDA:45,3,3,0
BRDA:45,3,4,0
BRDA:52,4,0,0
BRDA:52,4,1,0
BRDA:54,5,0,0
BRDA:54,5,1,0
BRDA:61,6,0,4
BRDA:61,6,1,39
BRDA:61,7,0,43
BRDA:61,7,1,43
BRDA:61,7,2,43
BRDA:67,8,0,0
BRDA:67,8,1,8
BRDA:91,9,0,0
BRDA:91,9,1,2
BRDA:106,10,0,5
BRDA:106,10,1,5
BRDA:113,11,0,0
BRDA:113,11,1,0
BRDA:121,12,0,0
BRDA:121,12,1,0
BRDA:148,13,0,0
BRDA:148,13,1,0
BRDA:172,14,0,2
BRDA:172,14,1,2
BRDA:173,15,0,4
BRDA:173,15,1,2
BRDA:195,16,0,0
BRDA:195,16,1,0
BRDA:359,17,0,10
BRDA:359,17,1,39
BRDA:362,18,0,5
BRDA:362,18,1,5
BRDA:366,19,0,10
BRDA:366,19,1,10
BRDA:366,19,2,10
BRDA:378,20,0,49
BRDA:378,20,1,10
BRDA:407,21,0,10
BRDA:407,21,1,0
BRDA:414,22,0,49
BRDA:414,22,1,43
BRDA:427,23,0,10
BRDA:427,23,1,39
BRDA:427,24,0,49
BRDA:427,24,1,49
BRDA:427,24,2,49
BRDA:449,25,0,39
BRDA:449,25,1,39
BRDA:451,26,0,39
BRDA:451,26,1,0
BRDA:468,27,0,49
BRDA:468,27,1,49
BRDA:468,27,2,49
BRDA:468,27,3,10
BRDA:475,28,0,10
BRDA:475,28,1,10
BRDA:475,28,2,10
BRF:68
BRH:47
end_of_record
TN:
SF:src\features\Container\Search\SearchSection.js
FN:10,(anonymous_0)
FN:21,(anonymous_1)
FN:26,(anonymous_2)
FN:30,(anonymous_3)
FN:49,(anonymous_4)
FNF:5
FNH:4
FNDA:7,(anonymous_0)
FNDA:3,(anonymous_1)
FNDA:0,(anonymous_2)
FNDA:4,(anonymous_3)
FNDA:49,(anonymous_4)
DA:11,7
DA:13,7
DA:21,7
DA:23,3
DA:26,7
DA:27,0
DA:30,7
DA:31,4
DA:33,4
DA:36,4
DA:69,49
LF:11
LH:10
BRF:0
BRH:0
end_of_record
TN:
SF:src\features\Container\Search\searchSlice.js
FN:32,(anonymous_0)
FN:35,(anonymous_1)
FN:38,(anonymous_2)
FN:41,(anonymous_3)
FN:44,(anonymous_4)
FN:47,(anonymous_5)
FN:50,(anonymous_6)
FN:53,(anonymous_7)
FN:73,(anonymous_8)
FN:74,(anonymous_9)
FN:75,(anonymous_10)
FN:76,(anonymous_11)
FN:77,(anonymous_12)
FN:78,(anonymous_13)
FN:79,(anonymous_14)
FN:80,(anonymous_15)
FNF:16
FNH:15
FNDA:1,(anonymous_0)
FNDA:1,(anonymous_1)
FNDA:1,(anonymous_2)
FNDA:1,(anonymous_3)
FNDA:1,(anonymous_4)
FNDA:1,(anonymous_5)
FNDA:1,(anonymous_6)
FNDA:0,(anonymous_7)
FNDA:8,(anonymous_8)
FNDA:8,(anonymous_9)
FNDA:8,(anonymous_10)
FNDA:8,(anonymous_11)
FNDA:8,(anonymous_12)
FNDA:7,(anonymous_13)
FNDA:8,(anonymous_14)
FNDA:20,(anonymous_15)
DA:2,43
DA:33,1
DA:36,1
DA:39,1
DA:42,1
DA:45,1
DA:48,1
DA:51,1
DA:54,0
DA:68,43
DA:73,43
DA:74,43
DA:75,43
DA:76,43
DA:77,43
DA:78,43
DA:79,43
DA:80,43
LF:18
LH:17
BRF:0
BRH:0
end_of_record
TN:
SF:src\features\Container\Search\Data\constants.js
FNF:0
FNH:0
DA:1,5
DA:58,5
DA:150,5
DA:178,5
DA:207,5
DA:225,5
LF:6
LH:6
BRF:0
BRH:0
end_of_record
TN:
SF:src\features\Container\Search\__test__\data.js
FNF:0
FNH:0
DA:1,5
DA:34,5
DA:40,5
DA:86,5
DA:120,5
DA:174,5
DA:280,5
DA:387,5
DA:392,5
DA:457,5
LF:10
LH:10
BRF:0
BRH:0
end_of_record
TN:
SF:src\store\rootReducer.js
FNF:0
FNH:0
DA:9,41
LF:1
LH:1
BRF:0
BRH:0
end_of_record
TN:
SF:src\store\rootSaga.js
FN:9,rootSaga
FNF:1
FNH:1
FNDA:2,rootSaga
DA:10,2
LF:1
LH:1
BRF:0
BRH:0
end_of_record
TN:
SF:src\store\store.js
FNF:0
FNH:0
DA:5,2
DA:12,2
LF:2
LH:2
BRF:0
BRH:0
end_of_record
TN:
SF:src\store\userDetails.js
FN:14,(anonymous_0)
FN:25,(anonymous_1)
FN:26,(anonymous_2)
FN:27,(anonymous_3)
FNF:4
FNH:4
FNDA:1,(anonymous_0)
FNDA:25,(anonymous_1)
FNDA:94,(anonymous_2)
FNDA:18,(anonymous_3)
DA:3,41
DA:15,1
DA:20,41
DA:25,41
DA:26,94
DA:27,41
LF:6
LH:6
BRF:0
BRH:0
end_of_record
